[0.057s] Invoking command in '/home/rosubuntu/eurobot_ws/build/mon_pkg_robot': CMAKE_PREFIX_PATH=/opt/ros/humble /usr/bin/cmake /home/rosubuntu/eurobot_ws/src/mon_pkg_robot -DCMAKE_INSTALL_PREFIX=/home/rosubuntu/eurobot_ws/install/mon_pkg_robot
[0.116s] -- The C compiler identification is GNU 11.4.0
[0.177s] -- The CXX compiler identification is GNU 11.4.0
[0.186s] -- Detecting C compiler ABI info
[0.263s] -- Detecting C compiler ABI info - done
[0.279s] -- Check for working C compiler: /usr/bin/cc - skipped
[0.279s] -- Detecting C compile features
[0.279s] -- Detecting C compile features - done
[0.282s] -- Detecting CXX compiler ABI info
[0.393s] -- Detecting CXX compiler ABI info - done
[0.407s] -- Check for working CXX compiler: /usr/bin/c++ - skipped
[0.407s] -- Detecting CXX compile features
[0.407s] -- Detecting CXX compile features - done
[0.410s] -- Found ament_cmake: 1.3.6 (/opt/ros/humble/share/ament_cmake/cmake)
[0.635s] -- Found Python3: /usr/bin/python3.10 (found version "3.10.12") found components: Interpreter 
[0.759s] -- Found ament_lint_auto: 0.12.9 (/opt/ros/humble/share/ament_lint_auto/cmake)
[0.866s] -- Added test 'copyright' to check source files copyright and LICENSE
[0.867s] -- Added test 'flake8' to check Python code syntax and style conventions
[0.868s] -- Added test 'lint_cmake' to check CMake code style
[0.869s] -- Added test 'pep257' to check Python code against some of the docstring style conventions in PEP 257
[0.871s] -- Added test 'xmllint' to check XML markup files
[0.872s] -- Configuring done
[0.876s] -- Generating done
[0.877s] -- Build files have been written to: /home/rosubuntu/eurobot_ws/build/mon_pkg_robot
[0.882s] Invoked command in '/home/rosubuntu/eurobot_ws/build/mon_pkg_robot' returned '0': CMAKE_PREFIX_PATH=/opt/ros/humble /usr/bin/cmake /home/rosubuntu/eurobot_ws/src/mon_pkg_robot -DCMAKE_INSTALL_PREFIX=/home/rosubuntu/eurobot_ws/install/mon_pkg_robot
[0.887s] Invoking command in '/home/rosubuntu/eurobot_ws/build/mon_pkg_robot': CMAKE_PREFIX_PATH=/opt/ros/humble /usr/bin/cmake --build /home/rosubuntu/eurobot_ws/build/mon_pkg_robot -- -j8 -l8
[0.930s] Invoked command in '/home/rosubuntu/eurobot_ws/build/mon_pkg_robot' returned '0': CMAKE_PREFIX_PATH=/opt/ros/humble /usr/bin/cmake --build /home/rosubuntu/eurobot_ws/build/mon_pkg_robot -- -j8 -l8
[0.969s] Invoking command in '/home/rosubuntu/eurobot_ws/build/mon_pkg_robot': CMAKE_PREFIX_PATH=/opt/ros/humble /usr/bin/cmake --install /home/rosubuntu/eurobot_ws/build/mon_pkg_robot
[0.984s] -- Install configuration: ""
[0.984s] -- Installing: /home/rosubuntu/eurobot_ws/install/mon_pkg_robot/share/mon_pkg_robot/description
[0.985s] -- Installing: /home/rosubuntu/eurobot_ws/install/mon_pkg_robot/share/mon_pkg_robot/description/gazebo_control.xacro
[0.985s] -- Installing: /home/rosubuntu/eurobot_ws/install/mon_pkg_robot/share/mon_pkg_robot/description/urdf
[0.985s] -- Installing: /home/rosubuntu/eurobot_ws/install/mon_pkg_robot/share/mon_pkg_robot/description/urdf/tiges.xacro
[0.985s] -- Installing: /home/rosubuntu/eurobot_ws/install/mon_pkg_robot/share/mon_pkg_robot/description/urdf/outils.xacro
[0.985s] -- Installing: /home/rosubuntu/eurobot_ws/install/mon_pkg_robot/share/mon_pkg_robot/description/urdf/materials.xacro
[0.986s] -- Installing: /home/rosubuntu/eurobot_ws/install/mon_pkg_robot/share/mon_pkg_robot/description/urdf/base_robot.xacro
[0.986s] -- Installing: /home/rosubuntu/eurobot_ws/install/mon_pkg_robot/share/mon_pkg_robot/description/urdf/mon_robot.urdf.xacro
[0.986s] -- Installing: /home/rosubuntu/eurobot_ws/install/mon_pkg_robot/share/mon_pkg_robot/description/urdf/LiDAR.xacro
[0.987s] -- Installing: /home/rosubuntu/eurobot_ws/install/mon_pkg_robot/share/mon_pkg_robot/description/urdf/camera.xacro
[0.987s] -- Installing: /home/rosubuntu/eurobot_ws/install/mon_pkg_robot/share/mon_pkg_robot/description/urdf/roue_mecanum.xacro
[0.987s] -- Installing: /home/rosubuntu/eurobot_ws/install/mon_pkg_robot/share/mon_pkg_robot/description/robot.urdf.xacro
[0.987s] -- Installing: /home/rosubuntu/eurobot_ws/install/mon_pkg_robot/share/mon_pkg_robot/description/ros2_control.xacro
[0.988s] -- Installing: /home/rosubuntu/eurobot_ws/install/mon_pkg_robot/share/mon_pkg_robot/description/rviz
[0.988s] -- Installing: /home/rosubuntu/eurobot_ws/install/mon_pkg_robot/share/mon_pkg_robot/launch
[0.988s] -- Installing: /home/rosubuntu/eurobot_ws/install/mon_pkg_robot/share/mon_pkg_robot/launch/sim.launch.py
[0.989s] -- Installing: /home/rosubuntu/eurobot_ws/install/mon_pkg_robot/share/mon_pkg_robot/launch/gpt.launch.py
[0.989s] -- Installing: /home/rosubuntu/eurobot_ws/install/mon_pkg_robot/share/mon_pkg_robot/launch/launch_sim.launch.py
[0.989s] -- Installing: /home/rosubuntu/eurobot_ws/install/mon_pkg_robot/share/mon_pkg_robot/config
[0.990s] -- Installing: /home/rosubuntu/eurobot_ws/install/mon_pkg_robot/share/mon_pkg_robot/config/my_controllers.yaml
[0.990s] -- Installing: /home/rosubuntu/eurobot_ws/install/mon_pkg_robot/share/mon_pkg_robot/config/controllers.yaml
[0.990s] -- Installing: /home/rosubuntu/eurobot_ws/install/mon_pkg_robot/share/mon_pkg_robot/config/hardware.yaml
[0.991s] -- Installing: /home/rosubuntu/eurobot_ws/install/mon_pkg_robot/share/ament_index/resource_index/package_run_dependencies/mon_pkg_robot
[0.991s] -- Installing: /home/rosubuntu/eurobot_ws/install/mon_pkg_robot/share/ament_index/resource_index/parent_prefix_path/mon_pkg_robot
[0.992s] -- Installing: /home/rosubuntu/eurobot_ws/install/mon_pkg_robot/share/mon_pkg_robot/environment/ament_prefix_path.sh
[0.992s] -- Installing: /home/rosubuntu/eurobot_ws/install/mon_pkg_robot/share/mon_pkg_robot/environment/ament_prefix_path.dsv
[0.993s] -- Installing: /home/rosubuntu/eurobot_ws/install/mon_pkg_robot/share/mon_pkg_robot/environment/path.sh
[0.993s] -- Installing: /home/rosubuntu/eurobot_ws/install/mon_pkg_robot/share/mon_pkg_robot/environment/path.dsv
[0.993s] -- Installing: /home/rosubuntu/eurobot_ws/install/mon_pkg_robot/share/mon_pkg_robot/local_setup.bash
[0.994s] -- Installing: /home/rosubuntu/eurobot_ws/install/mon_pkg_robot/share/mon_pkg_robot/local_setup.sh
[0.994s] -- Installing: /home/rosubuntu/eurobot_ws/install/mon_pkg_robot/share/mon_pkg_robot/local_setup.zsh
[0.994s] -- Installing: /home/rosubuntu/eurobot_ws/install/mon_pkg_robot/share/mon_pkg_robot/local_setup.dsv
[0.995s] -- Installing: /home/rosubuntu/eurobot_ws/install/mon_pkg_robot/share/mon_pkg_robot/package.dsv
[0.995s] -- Installing: /home/rosubuntu/eurobot_ws/install/mon_pkg_robot/share/ament_index/resource_index/packages/mon_pkg_robot
[0.996s] -- Installing: /home/rosubuntu/eurobot_ws/install/mon_pkg_robot/share/mon_pkg_robot/cmake/mon_pkg_robotConfig.cmake
[0.996s] -- Installing: /home/rosubuntu/eurobot_ws/install/mon_pkg_robot/share/mon_pkg_robot/cmake/mon_pkg_robotConfig-version.cmake
[0.996s] -- Installing: /home/rosubuntu/eurobot_ws/install/mon_pkg_robot/share/mon_pkg_robot/package.xml
[1.006s] Invoked command in '/home/rosubuntu/eurobot_ws/build/mon_pkg_robot' returned '0': CMAKE_PREFIX_PATH=/opt/ros/humble /usr/bin/cmake --install /home/rosubuntu/eurobot_ws/build/mon_pkg_robot
