[0.990s] DEBUG:colcon:Command line arguments: ['/usr/bin/colcon', 'build']
[0.990s] DEBUG:colcon:Parsed command line arguments: Namespace(log_base=None, log_level=None, verb_name='build', build_base='build', install_base='install', merge_install=False, symlink_install=False, test_result_base=None, continue_on_error=False, executor='parallel', parallel_workers=8, event_handlers=None, ignore_user_meta=False, metas=['./colcon.meta'], base_paths=['.'], packages_ignore=None, packages_ignore_regex=None, paths=None, packages_up_to=None, packages_up_to_regex=None, packages_above=None, packages_above_and_dependencies=None, packages_above_depth=None, packages_select_by_dep=None, packages_skip_by_dep=None, packages_skip_up_to=None, packages_select_build_failed=False, packages_skip_build_finished=False, packages_select_test_failures=False, packages_skip_test_passed=False, packages_select=None, packages_skip=None, packages_select_regex=None, packages_skip_regex=None, packages_start=None, packages_end=None, allow_overriding=[], cmake_args=None, cmake_target=None, cmake_target_skip_unavailable=False, cmake_clean_cache=False, cmake_clean_first=False, cmake_force_configure=False, ament_cmake_args=None, catkin_cmake_args=None, catkin_skip_building_tests=False, verb_parser=<colcon_defaults.argument_parser.defaults.DefaultArgumentsDecorator object at 0x7f4a7ce25d20>, verb_extension=<colcon_core.verb.build.BuildVerb object at 0x7f4a7ce25180>, main=<bound method BuildVerb.main of <colcon_core.verb.build.BuildVerb object at 0x7f4a7ce25180>>)
[1.032s] Level 1:colcon.colcon_core.package_discovery:discover_packages(colcon_meta) check parameters
[1.032s] Level 1:colcon.colcon_core.package_discovery:discover_packages(recursive) check parameters
[1.032s] Level 1:colcon.colcon_core.package_discovery:discover_packages(ignore) check parameters
[1.032s] Level 1:colcon.colcon_core.package_discovery:discover_packages(path) check parameters
[1.032s] Level 1:colcon.colcon_core.package_discovery:discover_packages(colcon_meta) discover
[1.032s] Level 1:colcon.colcon_core.package_discovery:discover_packages(recursive) discover
[1.032s] INFO:colcon.colcon_core.package_discovery:Crawling recursively for packages in '/home/rosubuntu/eurobot_ws'
[1.032s] Level 1:colcon.colcon_core.package_identification:_identify(.) by extensions ['ignore', 'ignore_ament_install']
[1.032s] Level 1:colcon.colcon_core.package_identification:_identify(.) by extension 'ignore'
[1.032s] Level 1:colcon.colcon_core.package_identification:_identify(.) by extension 'ignore_ament_install'
[1.032s] Level 1:colcon.colcon_core.package_identification:_identify(.) by extensions ['colcon_pkg']
[1.032s] Level 1:colcon.colcon_core.package_identification:_identify(.) by extension 'colcon_pkg'
[1.032s] Level 1:colcon.colcon_core.package_identification:_identify(.) by extensions ['colcon_meta']
[1.032s] Level 1:colcon.colcon_core.package_identification:_identify(.) by extension 'colcon_meta'
[1.032s] Level 1:colcon.colcon_core.package_identification:_identify(.) by extensions ['ros']
[1.032s] Level 1:colcon.colcon_core.package_identification:_identify(.) by extension 'ros'
[1.041s] Level 1:colcon.colcon_core.package_identification:_identify(.) by extensions ['cmake', 'python']
[1.041s] Level 1:colcon.colcon_core.package_identification:_identify(.) by extension 'cmake'
[1.041s] Level 1:colcon.colcon_core.package_identification:_identify(.) by extension 'python'
[1.041s] Level 1:colcon.colcon_core.package_identification:_identify(.) by extensions ['python_setup_py']
[1.041s] Level 1:colcon.colcon_core.package_identification:_identify(.) by extension 'python_setup_py'
[1.041s] Level 1:colcon.colcon_core.package_identification:_identify(build) by extensions ['ignore', 'ignore_ament_install']
[1.041s] Level 1:colcon.colcon_core.package_identification:_identify(build) by extension 'ignore'
[1.041s] Level 1:colcon.colcon_core.package_identification:_identify(build) ignored
[1.041s] Level 1:colcon.colcon_core.package_identification:_identify(install) by extensions ['ignore', 'ignore_ament_install']
[1.041s] Level 1:colcon.colcon_core.package_identification:_identify(install) by extension 'ignore'
[1.041s] Level 1:colcon.colcon_core.package_identification:_identify(install) ignored
[1.041s] Level 1:colcon.colcon_core.package_identification:_identify(log) by extensions ['ignore', 'ignore_ament_install']
[1.041s] Level 1:colcon.colcon_core.package_identification:_identify(log) by extension 'ignore'
[1.041s] Level 1:colcon.colcon_core.package_identification:_identify(log) ignored
[1.041s] Level 1:colcon.colcon_core.package_identification:_identify(src) by extensions ['ignore', 'ignore_ament_install']
[1.042s] Level 1:colcon.colcon_core.package_identification:_identify(src) by extension 'ignore'
[1.042s] Level 1:colcon.colcon_core.package_identification:_identify(src) by extension 'ignore_ament_install'
[1.042s] Level 1:colcon.colcon_core.package_identification:_identify(src) by extensions ['colcon_pkg']
[1.042s] Level 1:colcon.colcon_core.package_identification:_identify(src) by extension 'colcon_pkg'
[1.042s] Level 1:colcon.colcon_core.package_identification:_identify(src) by extensions ['colcon_meta']
[1.042s] Level 1:colcon.colcon_core.package_identification:_identify(src) by extension 'colcon_meta'
[1.042s] Level 1:colcon.colcon_core.package_identification:_identify(src) by extensions ['ros']
[1.042s] Level 1:colcon.colcon_core.package_identification:_identify(src) by extension 'ros'
[1.042s] Level 1:colcon.colcon_core.package_identification:_identify(src) by extensions ['cmake', 'python']
[1.042s] Level 1:colcon.colcon_core.package_identification:_identify(src) by extension 'cmake'
[1.042s] Level 1:colcon.colcon_core.package_identification:_identify(src) by extension 'python'
[1.042s] Level 1:colcon.colcon_core.package_identification:_identify(src) by extensions ['python_setup_py']
[1.042s] Level 1:colcon.colcon_core.package_identification:_identify(src) by extension 'python_setup_py'
[1.042s] Level 1:colcon.colcon_core.package_identification:_identify(src/eurobot_control) by extensions ['ignore', 'ignore_ament_install']
[1.042s] Level 1:colcon.colcon_core.package_identification:_identify(src/eurobot_control) by extension 'ignore'
[1.042s] Level 1:colcon.colcon_core.package_identification:_identify(src/eurobot_control) by extension 'ignore_ament_install'
[1.042s] Level 1:colcon.colcon_core.package_identification:_identify(src/eurobot_control) by extensions ['colcon_pkg']
[1.042s] Level 1:colcon.colcon_core.package_identification:_identify(src/eurobot_control) by extension 'colcon_pkg'
[1.042s] Level 1:colcon.colcon_core.package_identification:_identify(src/eurobot_control) by extensions ['colcon_meta']
[1.042s] Level 1:colcon.colcon_core.package_identification:_identify(src/eurobot_control) by extension 'colcon_meta'
[1.042s] Level 1:colcon.colcon_core.package_identification:_identify(src/eurobot_control) by extensions ['ros']
[1.042s] Level 1:colcon.colcon_core.package_identification:_identify(src/eurobot_control) by extension 'ros'
[1.044s] DEBUG:colcon.colcon_core.package_identification:Package 'src/eurobot_control' with type 'ros.ament_cmake' and name 'eurobot_control'
[1.045s] Level 1:colcon.colcon_core.package_identification:_identify(src/eurobot_controller) by extensions ['ignore', 'ignore_ament_install']
[1.045s] Level 1:colcon.colcon_core.package_identification:_identify(src/eurobot_controller) by extension 'ignore'
[1.045s] Level 1:colcon.colcon_core.package_identification:_identify(src/eurobot_controller) by extension 'ignore_ament_install'
[1.045s] Level 1:colcon.colcon_core.package_identification:_identify(src/eurobot_controller) by extensions ['colcon_pkg']
[1.045s] Level 1:colcon.colcon_core.package_identification:_identify(src/eurobot_controller) by extension 'colcon_pkg'
[1.045s] Level 1:colcon.colcon_core.package_identification:_identify(src/eurobot_controller) by extensions ['colcon_meta']
[1.045s] Level 1:colcon.colcon_core.package_identification:_identify(src/eurobot_controller) by extension 'colcon_meta'
[1.045s] Level 1:colcon.colcon_core.package_identification:_identify(src/eurobot_controller) by extensions ['ros']
[1.045s] Level 1:colcon.colcon_core.package_identification:_identify(src/eurobot_controller) by extension 'ros'
[1.046s] DEBUG:colcon.colcon_core.package_identification:Package 'src/eurobot_controller' with type 'ros.ament_cmake' and name 'eurobot_controller'
[1.046s] Level 1:colcon.colcon_core.package_identification:_identify(src/eurobot_description) by extensions ['ignore', 'ignore_ament_install']
[1.046s] Level 1:colcon.colcon_core.package_identification:_identify(src/eurobot_description) by extension 'ignore'
[1.046s] Level 1:colcon.colcon_core.package_identification:_identify(src/eurobot_description) by extension 'ignore_ament_install'
[1.046s] Level 1:colcon.colcon_core.package_identification:_identify(src/eurobot_description) by extensions ['colcon_pkg']
[1.046s] Level 1:colcon.colcon_core.package_identification:_identify(src/eurobot_description) by extension 'colcon_pkg'
[1.046s] Level 1:colcon.colcon_core.package_identification:_identify(src/eurobot_description) by extensions ['colcon_meta']
[1.046s] Level 1:colcon.colcon_core.package_identification:_identify(src/eurobot_description) by extension 'colcon_meta'
[1.046s] Level 1:colcon.colcon_core.package_identification:_identify(src/eurobot_description) by extensions ['ros']
[1.046s] Level 1:colcon.colcon_core.package_identification:_identify(src/eurobot_description) by extension 'ros'
[1.046s] DEBUG:colcon.colcon_core.package_identification:Package 'src/eurobot_description' with type 'ros.ament_cmake' and name 'eurobot_description'
[1.046s] Level 1:colcon.colcon_core.package_identification:_identify(src/eurobot_hardware) by extensions ['ignore', 'ignore_ament_install']
[1.047s] Level 1:colcon.colcon_core.package_identification:_identify(src/eurobot_hardware) by extension 'ignore'
[1.047s] Level 1:colcon.colcon_core.package_identification:_identify(src/eurobot_hardware) by extension 'ignore_ament_install'
[1.047s] Level 1:colcon.colcon_core.package_identification:_identify(src/eurobot_hardware) by extensions ['colcon_pkg']
[1.047s] Level 1:colcon.colcon_core.package_identification:_identify(src/eurobot_hardware) by extension 'colcon_pkg'
[1.047s] Level 1:colcon.colcon_core.package_identification:_identify(src/eurobot_hardware) by extensions ['colcon_meta']
[1.047s] Level 1:colcon.colcon_core.package_identification:_identify(src/eurobot_hardware) by extension 'colcon_meta'
[1.047s] Level 1:colcon.colcon_core.package_identification:_identify(src/eurobot_hardware) by extensions ['ros']
[1.047s] Level 1:colcon.colcon_core.package_identification:_identify(src/eurobot_hardware) by extension 'ros'
[1.047s] DEBUG:colcon.colcon_core.package_identification:Package 'src/eurobot_hardware' with type 'ros.ament_cmake' and name 'eurobot_hardware'
[1.047s] Level 1:colcon.colcon_core.package_identification:_identify(src/eurobot_launch) by extensions ['ignore', 'ignore_ament_install']
[1.047s] Level 1:colcon.colcon_core.package_identification:_identify(src/eurobot_launch) by extension 'ignore'
[1.047s] Level 1:colcon.colcon_core.package_identification:_identify(src/eurobot_launch) by extension 'ignore_ament_install'
[1.047s] Level 1:colcon.colcon_core.package_identification:_identify(src/eurobot_launch) by extensions ['colcon_pkg']
[1.047s] Level 1:colcon.colcon_core.package_identification:_identify(src/eurobot_launch) by extension 'colcon_pkg'
[1.048s] Level 1:colcon.colcon_core.package_identification:_identify(src/eurobot_launch) by extensions ['colcon_meta']
[1.048s] Level 1:colcon.colcon_core.package_identification:_identify(src/eurobot_launch) by extension 'colcon_meta'
[1.048s] Level 1:colcon.colcon_core.package_identification:_identify(src/eurobot_launch) by extensions ['ros']
[1.048s] Level 1:colcon.colcon_core.package_identification:_identify(src/eurobot_launch) by extension 'ros'
[1.048s] DEBUG:colcon.colcon_core.package_identification:Package 'src/eurobot_launch' with type 'ros.ament_cmake' and name 'eurobot_launch'
[1.048s] Level 1:colcon.colcon_core.package_identification:_identify(src/eurobot_teleop) by extensions ['ignore', 'ignore_ament_install']
[1.048s] Level 1:colcon.colcon_core.package_identification:_identify(src/eurobot_teleop) by extension 'ignore'
[1.048s] Level 1:colcon.colcon_core.package_identification:_identify(src/eurobot_teleop) by extension 'ignore_ament_install'
[1.048s] Level 1:colcon.colcon_core.package_identification:_identify(src/eurobot_teleop) by extensions ['colcon_pkg']
[1.048s] Level 1:colcon.colcon_core.package_identification:_identify(src/eurobot_teleop) by extension 'colcon_pkg'
[1.048s] Level 1:colcon.colcon_core.package_identification:_identify(src/eurobot_teleop) by extensions ['colcon_meta']
[1.048s] Level 1:colcon.colcon_core.package_identification:_identify(src/eurobot_teleop) by extension 'colcon_meta'
[1.048s] Level 1:colcon.colcon_core.package_identification:_identify(src/eurobot_teleop) by extensions ['ros']
[1.048s] Level 1:colcon.colcon_core.package_identification:_identify(src/eurobot_teleop) by extension 'ros'
[1.049s] DEBUG:colcon.colcon_core.package_identification:Package 'src/eurobot_teleop' with type 'ros.ament_cmake' and name 'eurobot_teleop'
[1.049s] Level 1:colcon.colcon_core.package_identification:_identify(src/eurobot_world) by extensions ['ignore', 'ignore_ament_install']
[1.049s] Level 1:colcon.colcon_core.package_identification:_identify(src/eurobot_world) by extension 'ignore'
[1.049s] Level 1:colcon.colcon_core.package_identification:_identify(src/eurobot_world) by extension 'ignore_ament_install'
[1.049s] Level 1:colcon.colcon_core.package_identification:_identify(src/eurobot_world) by extensions ['colcon_pkg']
[1.049s] Level 1:colcon.colcon_core.package_identification:_identify(src/eurobot_world) by extension 'colcon_pkg'
[1.049s] Level 1:colcon.colcon_core.package_identification:_identify(src/eurobot_world) by extensions ['colcon_meta']
[1.049s] Level 1:colcon.colcon_core.package_identification:_identify(src/eurobot_world) by extension 'colcon_meta'
[1.049s] Level 1:colcon.colcon_core.package_identification:_identify(src/eurobot_world) by extensions ['ros']
[1.049s] Level 1:colcon.colcon_core.package_identification:_identify(src/eurobot_world) by extension 'ros'
[1.049s] Level 1:colcon.colcon_core.package_identification:_identify(src/eurobot_world) by extensions ['cmake', 'python']
[1.049s] Level 1:colcon.colcon_core.package_identification:_identify(src/eurobot_world) by extension 'cmake'
[1.049s] Level 1:colcon.colcon_core.package_identification:_identify(src/eurobot_world) by extension 'python'
[1.049s] Level 1:colcon.colcon_core.package_identification:_identify(src/eurobot_world) by extensions ['python_setup_py']
[1.050s] Level 1:colcon.colcon_core.package_identification:_identify(src/eurobot_world) by extension 'python_setup_py'
[1.050s] Level 1:colcon.colcon_core.package_identification:_identify(src/mon_pkg_robot) by extensions ['ignore', 'ignore_ament_install']
[1.050s] Level 1:colcon.colcon_core.package_identification:_identify(src/mon_pkg_robot) by extension 'ignore'
[1.050s] Level 1:colcon.colcon_core.package_identification:_identify(src/mon_pkg_robot) by extension 'ignore_ament_install'
[1.050s] Level 1:colcon.colcon_core.package_identification:_identify(src/mon_pkg_robot) by extensions ['colcon_pkg']
[1.050s] Level 1:colcon.colcon_core.package_identification:_identify(src/mon_pkg_robot) by extension 'colcon_pkg'
[1.050s] Level 1:colcon.colcon_core.package_identification:_identify(src/mon_pkg_robot) by extensions ['colcon_meta']
[1.050s] Level 1:colcon.colcon_core.package_identification:_identify(src/mon_pkg_robot) by extension 'colcon_meta'
[1.050s] Level 1:colcon.colcon_core.package_identification:_identify(src/mon_pkg_robot) by extensions ['ros']
[1.050s] Level 1:colcon.colcon_core.package_identification:_identify(src/mon_pkg_robot) by extension 'ros'
[1.050s] DEBUG:colcon.colcon_core.package_identification:Package 'src/mon_pkg_robot' with type 'ros.ament_cmake' and name 'mon_pkg_robot'
[1.050s] Level 1:colcon.colcon_core.package_discovery:discover_packages(recursive) using defaults
[1.050s] Level 1:colcon.colcon_core.package_discovery:discover_packages(ignore) discover
[1.050s] Level 1:colcon.colcon_core.package_discovery:discover_packages(ignore) using defaults
[1.050s] Level 1:colcon.colcon_core.package_discovery:discover_packages(path) discover
[1.050s] Level 1:colcon.colcon_core.package_discovery:discover_packages(path) using defaults
[1.134s] Level 1:colcon.colcon_core.package_discovery:discover_packages(prefix_path) check parameters
[1.134s] Level 1:colcon.colcon_core.package_discovery:discover_packages(prefix_path) discover
[1.163s] DEBUG:colcon.colcon_installed_package_information.package_discovery:Found 7 installed packages in /home/rosubuntu/eurobot_ws/install
[1.187s] DEBUG:colcon.colcon_installed_package_information.package_discovery:Found 394 installed packages in /opt/ros/humble
[1.189s] Level 1:colcon.colcon_core.package_discovery:discover_packages(prefix_path) using defaults
[1.289s] Level 5:colcon.colcon_core.verb:set package 'eurobot_control' build argument 'cmake_args' from command line to 'None'
[1.289s] Level 5:colcon.colcon_core.verb:set package 'eurobot_control' build argument 'cmake_target' from command line to 'None'
[1.289s] Level 5:colcon.colcon_core.verb:set package 'eurobot_control' build argument 'cmake_target_skip_unavailable' from command line to 'False'
[1.289s] Level 5:colcon.colcon_core.verb:set package 'eurobot_control' build argument 'cmake_clean_cache' from command line to 'False'
[1.289s] Level 5:colcon.colcon_core.verb:set package 'eurobot_control' build argument 'cmake_clean_first' from command line to 'False'
[1.289s] Level 5:colcon.colcon_core.verb:set package 'eurobot_control' build argument 'cmake_force_configure' from command line to 'False'
[1.289s] Level 5:colcon.colcon_core.verb:set package 'eurobot_control' build argument 'ament_cmake_args' from command line to 'None'
[1.289s] Level 5:colcon.colcon_core.verb:set package 'eurobot_control' build argument 'catkin_cmake_args' from command line to 'None'
[1.289s] Level 5:colcon.colcon_core.verb:set package 'eurobot_control' build argument 'catkin_skip_building_tests' from command line to 'False'
[1.289s] DEBUG:colcon.colcon_core.verb:Building package 'eurobot_control' with the following arguments: {'ament_cmake_args': None, 'build_base': '/home/rosubuntu/eurobot_ws/build/eurobot_control', 'catkin_cmake_args': None, 'catkin_skip_building_tests': False, 'cmake_args': None, 'cmake_clean_cache': False, 'cmake_clean_first': False, 'cmake_force_configure': False, 'cmake_target': None, 'cmake_target_skip_unavailable': False, 'install_base': '/home/rosubuntu/eurobot_ws/install/eurobot_control', 'merge_install': False, 'path': '/home/rosubuntu/eurobot_ws/src/eurobot_control', 'symlink_install': False, 'test_result_base': None}
[1.303s] Level 5:colcon.colcon_core.verb:set package 'eurobot_controller' build argument 'cmake_args' from command line to 'None'
[1.303s] Level 5:colcon.colcon_core.verb:set package 'eurobot_controller' build argument 'cmake_target' from command line to 'None'
[1.303s] Level 5:colcon.colcon_core.verb:set package 'eurobot_controller' build argument 'cmake_target_skip_unavailable' from command line to 'False'
[1.303s] Level 5:colcon.colcon_core.verb:set package 'eurobot_controller' build argument 'cmake_clean_cache' from command line to 'False'
[1.303s] Level 5:colcon.colcon_core.verb:set package 'eurobot_controller' build argument 'cmake_clean_first' from command line to 'False'
[1.303s] Level 5:colcon.colcon_core.verb:set package 'eurobot_controller' build argument 'cmake_force_configure' from command line to 'False'
[1.303s] Level 5:colcon.colcon_core.verb:set package 'eurobot_controller' build argument 'ament_cmake_args' from command line to 'None'
[1.303s] Level 5:colcon.colcon_core.verb:set package 'eurobot_controller' build argument 'catkin_cmake_args' from command line to 'None'
[1.303s] Level 5:colcon.colcon_core.verb:set package 'eurobot_controller' build argument 'catkin_skip_building_tests' from command line to 'False'
[1.303s] DEBUG:colcon.colcon_core.verb:Building package 'eurobot_controller' with the following arguments: {'ament_cmake_args': None, 'build_base': '/home/rosubuntu/eurobot_ws/build/eurobot_controller', 'catkin_cmake_args': None, 'catkin_skip_building_tests': False, 'cmake_args': None, 'cmake_clean_cache': False, 'cmake_clean_first': False, 'cmake_force_configure': False, 'cmake_target': None, 'cmake_target_skip_unavailable': False, 'install_base': '/home/rosubuntu/eurobot_ws/install/eurobot_controller', 'merge_install': False, 'path': '/home/rosubuntu/eurobot_ws/src/eurobot_controller', 'symlink_install': False, 'test_result_base': None}
[1.317s] Level 5:colcon.colcon_core.verb:set package 'eurobot_description' build argument 'cmake_args' from command line to 'None'
[1.317s] Level 5:colcon.colcon_core.verb:set package 'eurobot_description' build argument 'cmake_target' from command line to 'None'
[1.317s] Level 5:colcon.colcon_core.verb:set package 'eurobot_description' build argument 'cmake_target_skip_unavailable' from command line to 'False'
[1.317s] Level 5:colcon.colcon_core.verb:set package 'eurobot_description' build argument 'cmake_clean_cache' from command line to 'False'
[1.317s] Level 5:colcon.colcon_core.verb:set package 'eurobot_description' build argument 'cmake_clean_first' from command line to 'False'
[1.317s] Level 5:colcon.colcon_core.verb:set package 'eurobot_description' build argument 'cmake_force_configure' from command line to 'False'
[1.317s] Level 5:colcon.colcon_core.verb:set package 'eurobot_description' build argument 'ament_cmake_args' from command line to 'None'
[1.317s] Level 5:colcon.colcon_core.verb:set package 'eurobot_description' build argument 'catkin_cmake_args' from command line to 'None'
[1.317s] Level 5:colcon.colcon_core.verb:set package 'eurobot_description' build argument 'catkin_skip_building_tests' from command line to 'False'
[1.317s] DEBUG:colcon.colcon_core.verb:Building package 'eurobot_description' with the following arguments: {'ament_cmake_args': None, 'build_base': '/home/rosubuntu/eurobot_ws/build/eurobot_description', 'catkin_cmake_args': None, 'catkin_skip_building_tests': False, 'cmake_args': None, 'cmake_clean_cache': False, 'cmake_clean_first': False, 'cmake_force_configure': False, 'cmake_target': None, 'cmake_target_skip_unavailable': False, 'install_base': '/home/rosubuntu/eurobot_ws/install/eurobot_description', 'merge_install': False, 'path': '/home/rosubuntu/eurobot_ws/src/eurobot_description', 'symlink_install': False, 'test_result_base': None}
[1.332s] Level 5:colcon.colcon_core.verb:set package 'eurobot_hardware' build argument 'cmake_args' from command line to 'None'
[1.332s] Level 5:colcon.colcon_core.verb:set package 'eurobot_hardware' build argument 'cmake_target' from command line to 'None'
[1.332s] Level 5:colcon.colcon_core.verb:set package 'eurobot_hardware' build argument 'cmake_target_skip_unavailable' from command line to 'False'
[1.332s] Level 5:colcon.colcon_core.verb:set package 'eurobot_hardware' build argument 'cmake_clean_cache' from command line to 'False'
[1.332s] Level 5:colcon.colcon_core.verb:set package 'eurobot_hardware' build argument 'cmake_clean_first' from command line to 'False'
[1.332s] Level 5:colcon.colcon_core.verb:set package 'eurobot_hardware' build argument 'cmake_force_configure' from command line to 'False'
[1.332s] Level 5:colcon.colcon_core.verb:set package 'eurobot_hardware' build argument 'ament_cmake_args' from command line to 'None'
[1.332s] Level 5:colcon.colcon_core.verb:set package 'eurobot_hardware' build argument 'catkin_cmake_args' from command line to 'None'
[1.332s] Level 5:colcon.colcon_core.verb:set package 'eurobot_hardware' build argument 'catkin_skip_building_tests' from command line to 'False'
[1.332s] DEBUG:colcon.colcon_core.verb:Building package 'eurobot_hardware' with the following arguments: {'ament_cmake_args': None, 'build_base': '/home/rosubuntu/eurobot_ws/build/eurobot_hardware', 'catkin_cmake_args': None, 'catkin_skip_building_tests': False, 'cmake_args': None, 'cmake_clean_cache': False, 'cmake_clean_first': False, 'cmake_force_configure': False, 'cmake_target': None, 'cmake_target_skip_unavailable': False, 'install_base': '/home/rosubuntu/eurobot_ws/install/eurobot_hardware', 'merge_install': False, 'path': '/home/rosubuntu/eurobot_ws/src/eurobot_hardware', 'symlink_install': False, 'test_result_base': None}
[1.347s] Level 5:colcon.colcon_core.verb:set package 'eurobot_teleop' build argument 'cmake_args' from command line to 'None'
[1.347s] Level 5:colcon.colcon_core.verb:set package 'eurobot_teleop' build argument 'cmake_target' from command line to 'None'
[1.347s] Level 5:colcon.colcon_core.verb:set package 'eurobot_teleop' build argument 'cmake_target_skip_unavailable' from command line to 'False'
[1.347s] Level 5:colcon.colcon_core.verb:set package 'eurobot_teleop' build argument 'cmake_clean_cache' from command line to 'False'
[1.347s] Level 5:colcon.colcon_core.verb:set package 'eurobot_teleop' build argument 'cmake_clean_first' from command line to 'False'
[1.347s] Level 5:colcon.colcon_core.verb:set package 'eurobot_teleop' build argument 'cmake_force_configure' from command line to 'False'
[1.347s] Level 5:colcon.colcon_core.verb:set package 'eurobot_teleop' build argument 'ament_cmake_args' from command line to 'None'
[1.347s] Level 5:colcon.colcon_core.verb:set package 'eurobot_teleop' build argument 'catkin_cmake_args' from command line to 'None'
[1.347s] Level 5:colcon.colcon_core.verb:set package 'eurobot_teleop' build argument 'catkin_skip_building_tests' from command line to 'False'
[1.347s] DEBUG:colcon.colcon_core.verb:Building package 'eurobot_teleop' with the following arguments: {'ament_cmake_args': None, 'build_base': '/home/rosubuntu/eurobot_ws/build/eurobot_teleop', 'catkin_cmake_args': None, 'catkin_skip_building_tests': False, 'cmake_args': None, 'cmake_clean_cache': False, 'cmake_clean_first': False, 'cmake_force_configure': False, 'cmake_target': None, 'cmake_target_skip_unavailable': False, 'install_base': '/home/rosubuntu/eurobot_ws/install/eurobot_teleop', 'merge_install': False, 'path': '/home/rosubuntu/eurobot_ws/src/eurobot_teleop', 'symlink_install': False, 'test_result_base': None}
[1.361s] Level 5:colcon.colcon_core.verb:set package 'mon_pkg_robot' build argument 'cmake_args' from command line to 'None'
[1.361s] Level 5:colcon.colcon_core.verb:set package 'mon_pkg_robot' build argument 'cmake_target' from command line to 'None'
[1.361s] Level 5:colcon.colcon_core.verb:set package 'mon_pkg_robot' build argument 'cmake_target_skip_unavailable' from command line to 'False'
[1.361s] Level 5:colcon.colcon_core.verb:set package 'mon_pkg_robot' build argument 'cmake_clean_cache' from command line to 'False'
[1.361s] Level 5:colcon.colcon_core.verb:set package 'mon_pkg_robot' build argument 'cmake_clean_first' from command line to 'False'
[1.361s] Level 5:colcon.colcon_core.verb:set package 'mon_pkg_robot' build argument 'cmake_force_configure' from command line to 'False'
[1.361s] Level 5:colcon.colcon_core.verb:set package 'mon_pkg_robot' build argument 'ament_cmake_args' from command line to 'None'
[1.361s] Level 5:colcon.colcon_core.verb:set package 'mon_pkg_robot' build argument 'catkin_cmake_args' from command line to 'None'
[1.361s] Level 5:colcon.colcon_core.verb:set package 'mon_pkg_robot' build argument 'catkin_skip_building_tests' from command line to 'False'
[1.361s] DEBUG:colcon.colcon_core.verb:Building package 'mon_pkg_robot' with the following arguments: {'ament_cmake_args': None, 'build_base': '/home/rosubuntu/eurobot_ws/build/mon_pkg_robot', 'catkin_cmake_args': None, 'catkin_skip_building_tests': False, 'cmake_args': None, 'cmake_clean_cache': False, 'cmake_clean_first': False, 'cmake_force_configure': False, 'cmake_target': None, 'cmake_target_skip_unavailable': False, 'install_base': '/home/rosubuntu/eurobot_ws/install/mon_pkg_robot', 'merge_install': False, 'path': '/home/rosubuntu/eurobot_ws/src/mon_pkg_robot', 'symlink_install': False, 'test_result_base': None}
[1.375s] Level 5:colcon.colcon_core.verb:set package 'eurobot_launch' build argument 'cmake_args' from command line to 'None'
[1.375s] Level 5:colcon.colcon_core.verb:set package 'eurobot_launch' build argument 'cmake_target' from command line to 'None'
[1.375s] Level 5:colcon.colcon_core.verb:set package 'eurobot_launch' build argument 'cmake_target_skip_unavailable' from command line to 'False'
[1.375s] Level 5:colcon.colcon_core.verb:set package 'eurobot_launch' build argument 'cmake_clean_cache' from command line to 'False'
[1.375s] Level 5:colcon.colcon_core.verb:set package 'eurobot_launch' build argument 'cmake_clean_first' from command line to 'False'
[1.375s] Level 5:colcon.colcon_core.verb:set package 'eurobot_launch' build argument 'cmake_force_configure' from command line to 'False'
[1.375s] Level 5:colcon.colcon_core.verb:set package 'eurobot_launch' build argument 'ament_cmake_args' from command line to 'None'
[1.375s] Level 5:colcon.colcon_core.verb:set package 'eurobot_launch' build argument 'catkin_cmake_args' from command line to 'None'
[1.375s] Level 5:colcon.colcon_core.verb:set package 'eurobot_launch' build argument 'catkin_skip_building_tests' from command line to 'False'
[1.375s] DEBUG:colcon.colcon_core.verb:Building package 'eurobot_launch' with the following arguments: {'ament_cmake_args': None, 'build_base': '/home/rosubuntu/eurobot_ws/build/eurobot_launch', 'catkin_cmake_args': None, 'catkin_skip_building_tests': False, 'cmake_args': None, 'cmake_clean_cache': False, 'cmake_clean_first': False, 'cmake_force_configure': False, 'cmake_target': None, 'cmake_target_skip_unavailable': False, 'install_base': '/home/rosubuntu/eurobot_ws/install/eurobot_launch', 'merge_install': False, 'path': '/home/rosubuntu/eurobot_ws/src/eurobot_launch', 'symlink_install': False, 'test_result_base': None}
[1.389s] INFO:colcon.colcon_core.executor:Executing jobs using 'parallel' executor
[1.403s] DEBUG:colcon.colcon_parallel_executor.executor.parallel:run_until_complete
[1.403s] INFO:colcon.colcon_ros.task.ament_cmake.build:Building ROS package in '/home/rosubuntu/eurobot_ws/src/eurobot_description' with build type 'ament_cmake'
[1.403s] INFO:colcon.colcon_cmake.task.cmake.build:Building CMake package in '/home/rosubuntu/eurobot_ws/src/eurobot_description'
[1.418s] INFO:colcon.colcon_core.plugin_system:Skipping extension 'colcon_core.shell.bat': Not used on non-Windows systems
[1.419s] INFO:colcon.colcon_core.shell:Skip shell extension 'powershell' for command environment: Not usable outside of PowerShell
[1.419s] DEBUG:colcon.colcon_core.shell:Skip shell extension 'dsv' for command environment
[1.472s] INFO:colcon.colcon_ros.task.ament_cmake.build:Building ROS package in '/home/rosubuntu/eurobot_ws/src/eurobot_control' with build type 'ament_cmake'
[1.472s] INFO:colcon.colcon_cmake.task.cmake.build:Building CMake package in '/home/rosubuntu/eurobot_ws/src/eurobot_control'
[1.486s] INFO:colcon.colcon_core.shell:Skip shell extension 'powershell' for command environment: Not usable outside of PowerShell
[1.486s] DEBUG:colcon.colcon_core.shell:Skip shell extension 'dsv' for command environment
[1.531s] INFO:colcon.colcon_ros.task.ament_cmake.build:Building ROS package in '/home/rosubuntu/eurobot_ws/src/eurobot_controller' with build type 'ament_cmake'
[1.531s] INFO:colcon.colcon_cmake.task.cmake.build:Building CMake package in '/home/rosubuntu/eurobot_ws/src/eurobot_controller'
[1.545s] INFO:colcon.colcon_core.shell:Skip shell extension 'powershell' for command environment: Not usable outside of PowerShell
[1.545s] DEBUG:colcon.colcon_core.shell:Skip shell extension 'dsv' for command environment
[1.596s] INFO:colcon.colcon_ros.task.ament_cmake.build:Building ROS package in '/home/rosubuntu/eurobot_ws/src/eurobot_hardware' with build type 'ament_cmake'
[1.597s] INFO:colcon.colcon_cmake.task.cmake.build:Building CMake package in '/home/rosubuntu/eurobot_ws/src/eurobot_hardware'
[1.611s] INFO:colcon.colcon_core.shell:Skip shell extension 'powershell' for command environment: Not usable outside of PowerShell
[1.611s] DEBUG:colcon.colcon_core.shell:Skip shell extension 'dsv' for command environment
[1.655s] INFO:colcon.colcon_ros.task.ament_cmake.build:Building ROS package in '/home/rosubuntu/eurobot_ws/src/eurobot_teleop' with build type 'ament_cmake'
[1.656s] INFO:colcon.colcon_cmake.task.cmake.build:Building CMake package in '/home/rosubuntu/eurobot_ws/src/eurobot_teleop'
[1.670s] INFO:colcon.colcon_core.shell:Skip shell extension 'powershell' for command environment: Not usable outside of PowerShell
[1.670s] DEBUG:colcon.colcon_core.shell:Skip shell extension 'dsv' for command environment
[1.714s] INFO:colcon.colcon_ros.task.ament_cmake.build:Building ROS package in '/home/rosubuntu/eurobot_ws/src/mon_pkg_robot' with build type 'ament_cmake'
[1.714s] INFO:colcon.colcon_cmake.task.cmake.build:Building CMake package in '/home/rosubuntu/eurobot_ws/src/mon_pkg_robot'
[1.729s] INFO:colcon.colcon_core.shell:Skip shell extension 'powershell' for command environment: Not usable outside of PowerShell
[1.729s] DEBUG:colcon.colcon_core.shell:Skip shell extension 'dsv' for command environment
[1.777s] DEBUG:colcon.colcon_core.event_handler.log_command:Invoking command in '/home/rosubuntu/eurobot_ws/build/eurobot_description': CMAKE_PREFIX_PATH=${CMAKE_PREFIX_PATH}:/opt/ros/humble /usr/bin/cmake --build /home/rosubuntu/eurobot_ws/build/eurobot_description -- -j8 -l8
[1.779s] DEBUG:colcon.colcon_core.event_handler.log_command:Invoking command in '/home/rosubuntu/eurobot_ws/build/eurobot_control': CMAKE_PREFIX_PATH=${CMAKE_PREFIX_PATH}:/opt/ros/humble /usr/bin/cmake --build /home/rosubuntu/eurobot_ws/build/eurobot_control -- -j8 -l8
[1.781s] DEBUG:colcon.colcon_core.event_handler.log_command:Invoking command in '/home/rosubuntu/eurobot_ws/build/eurobot_controller': CMAKE_PREFIX_PATH=${CMAKE_PREFIX_PATH}:/opt/ros/humble /usr/bin/cmake --build /home/rosubuntu/eurobot_ws/build/eurobot_controller -- -j8 -l8
[1.784s] DEBUG:colcon.colcon_core.event_handler.log_command:Invoking command in '/home/rosubuntu/eurobot_ws/build/eurobot_hardware': CMAKE_PREFIX_PATH=${CMAKE_PREFIX_PATH}:/opt/ros/humble /usr/bin/cmake --build /home/rosubuntu/eurobot_ws/build/eurobot_hardware -- -j8 -l8
[1.786s] DEBUG:colcon.colcon_core.event_handler.log_command:Invoking command in '/home/rosubuntu/eurobot_ws/build/eurobot_teleop': CMAKE_PREFIX_PATH=${CMAKE_PREFIX_PATH}:/opt/ros/humble /usr/bin/cmake --build /home/rosubuntu/eurobot_ws/build/eurobot_teleop -- -j8 -l8
[1.793s] DEBUG:colcon.colcon_core.event_handler.log_command:Invoking command in '/home/rosubuntu/eurobot_ws/build/mon_pkg_robot': CMAKE_PREFIX_PATH=${CMAKE_PREFIX_PATH}:/opt/ros/humble /usr/bin/cmake --build /home/rosubuntu/eurobot_ws/build/mon_pkg_robot -- -j8 -l8
[1.828s] DEBUG:colcon.colcon_core.event_handler.log_command:Invoked command in '/home/rosubuntu/eurobot_ws/build/mon_pkg_robot' returned '0': CMAKE_PREFIX_PATH=${CMAKE_PREFIX_PATH}:/opt/ros/humble /usr/bin/cmake --build /home/rosubuntu/eurobot_ws/build/mon_pkg_robot -- -j8 -l8
[1.841s] DEBUG:colcon.colcon_core.event_handler.log_command:Invoked command in '/home/rosubuntu/eurobot_ws/build/eurobot_description' returned '0': CMAKE_PREFIX_PATH=${CMAKE_PREFIX_PATH}:/opt/ros/humble /usr/bin/cmake --build /home/rosubuntu/eurobot_ws/build/eurobot_description -- -j8 -l8
[1.858s] DEBUG:colcon.colcon_core.event_handler.log_command:Invoking command in '/home/rosubuntu/eurobot_ws/build/mon_pkg_robot': CMAKE_PREFIX_PATH=${CMAKE_PREFIX_PATH}:/opt/ros/humble /usr/bin/cmake --install /home/rosubuntu/eurobot_ws/build/mon_pkg_robot
[1.860s] DEBUG:colcon.colcon_core.event_handler.log_command:Invoked command in '/home/rosubuntu/eurobot_ws/build/eurobot_hardware' returned '0': CMAKE_PREFIX_PATH=${CMAKE_PREFIX_PATH}:/opt/ros/humble /usr/bin/cmake --build /home/rosubuntu/eurobot_ws/build/eurobot_hardware -- -j8 -l8
[1.862s] DEBUG:colcon.colcon_core.event_handler.log_command:Invoked command in '/home/rosubuntu/eurobot_ws/build/eurobot_control' returned '0': CMAKE_PREFIX_PATH=${CMAKE_PREFIX_PATH}:/opt/ros/humble /usr/bin/cmake --build /home/rosubuntu/eurobot_ws/build/eurobot_control -- -j8 -l8
[1.863s] DEBUG:colcon.colcon_core.event_handler.log_command:Invoked command in '/home/rosubuntu/eurobot_ws/build/eurobot_controller' returned '0': CMAKE_PREFIX_PATH=${CMAKE_PREFIX_PATH}:/opt/ros/humble /usr/bin/cmake --build /home/rosubuntu/eurobot_ws/build/eurobot_controller -- -j8 -l8
[1.864s] DEBUG:colcon.colcon_core.event_handler.log_command:Invoked command in '/home/rosubuntu/eurobot_ws/build/eurobot_teleop' returned '0': CMAKE_PREFIX_PATH=${CMAKE_PREFIX_PATH}:/opt/ros/humble /usr/bin/cmake --build /home/rosubuntu/eurobot_ws/build/eurobot_teleop -- -j8 -l8
[1.867s] DEBUG:colcon.colcon_core.event_handler.log_command:Invoking command in '/home/rosubuntu/eurobot_ws/build/eurobot_description': CMAKE_PREFIX_PATH=${CMAKE_PREFIX_PATH}:/opt/ros/humble /usr/bin/cmake --install /home/rosubuntu/eurobot_ws/build/eurobot_description
[1.872s] Level 1:colcon.colcon_core.environment:create_environment_scripts_only(mon_pkg_robot)
[1.875s] DEBUG:colcon.colcon_core.event_handler.log_command:Invoked command in '/home/rosubuntu/eurobot_ws/build/mon_pkg_robot' returned '0': CMAKE_PREFIX_PATH=${CMAKE_PREFIX_PATH}:/opt/ros/humble /usr/bin/cmake --install /home/rosubuntu/eurobot_ws/build/mon_pkg_robot
[1.900s] Level 1:colcon.colcon_core.environment:checking '/home/rosubuntu/eurobot_ws/install/mon_pkg_robot' for CMake module files
[1.901s] Level 1:colcon.colcon_core.environment:checking '/home/rosubuntu/eurobot_ws/install/mon_pkg_robot' for CMake config files
[1.901s] Level 1:colcon.colcon_core.shell:create_environment_hook('mon_pkg_robot', 'cmake_prefix_path')
[1.918s] INFO:colcon.colcon_core.shell:Creating environment hook '/home/rosubuntu/eurobot_ws/install/mon_pkg_robot/share/mon_pkg_robot/hook/cmake_prefix_path.ps1'
[1.919s] INFO:colcon.colcon_core.shell:Creating environment descriptor '/home/rosubuntu/eurobot_ws/install/mon_pkg_robot/share/mon_pkg_robot/hook/cmake_prefix_path.dsv'
[1.919s] INFO:colcon.colcon_core.shell:Creating environment hook '/home/rosubuntu/eurobot_ws/install/mon_pkg_robot/share/mon_pkg_robot/hook/cmake_prefix_path.sh'
[1.920s] Level 1:colcon.colcon_core.environment:checking '/home/rosubuntu/eurobot_ws/install/mon_pkg_robot/bin'
[1.920s] Level 1:colcon.colcon_core.environment:checking '/home/rosubuntu/eurobot_ws/install/mon_pkg_robot/lib/pkgconfig/mon_pkg_robot.pc'
[1.920s] Level 1:colcon.colcon_core.environment:checking '/home/rosubuntu/eurobot_ws/install/mon_pkg_robot/lib/python3.10/site-packages'
[1.920s] Level 1:colcon.colcon_core.environment:checking '/home/rosubuntu/eurobot_ws/install/mon_pkg_robot/bin'
[1.938s] INFO:colcon.colcon_core.shell:Creating package script '/home/rosubuntu/eurobot_ws/install/mon_pkg_robot/share/mon_pkg_robot/package.ps1'
[1.938s] INFO:colcon.colcon_core.shell:Creating package descriptor '/home/rosubuntu/eurobot_ws/install/mon_pkg_robot/share/mon_pkg_robot/package.dsv'
[1.939s] INFO:colcon.colcon_core.shell:Creating package script '/home/rosubuntu/eurobot_ws/install/mon_pkg_robot/share/mon_pkg_robot/package.sh'
[1.939s] INFO:colcon.colcon_core.shell:Creating package script '/home/rosubuntu/eurobot_ws/install/mon_pkg_robot/share/mon_pkg_robot/package.bash'
[1.940s] INFO:colcon.colcon_core.shell:Creating package script '/home/rosubuntu/eurobot_ws/install/mon_pkg_robot/share/mon_pkg_robot/package.zsh'
[1.941s] Level 1:colcon.colcon_core.environment:create_file_with_runtime_dependencies(/home/rosubuntu/eurobot_ws/install/mon_pkg_robot/share/colcon-core/packages/mon_pkg_robot)
[1.943s] DEBUG:colcon.colcon_core.event_handler.log_command:Invoking command in '/home/rosubuntu/eurobot_ws/build/eurobot_hardware': CMAKE_PREFIX_PATH=${CMAKE_PREFIX_PATH}:/opt/ros/humble /usr/bin/cmake --install /home/rosubuntu/eurobot_ws/build/eurobot_hardware
[1.944s] DEBUG:colcon.colcon_core.event_handler.log_command:Invoking command in '/home/rosubuntu/eurobot_ws/build/eurobot_control': CMAKE_PREFIX_PATH=${CMAKE_PREFIX_PATH}:/opt/ros/humble /usr/bin/cmake --install /home/rosubuntu/eurobot_ws/build/eurobot_control
[1.946s] DEBUG:colcon.colcon_core.event_handler.log_command:Invoking command in '/home/rosubuntu/eurobot_ws/build/eurobot_controller': CMAKE_PREFIX_PATH=${CMAKE_PREFIX_PATH}:/opt/ros/humble /usr/bin/cmake --install /home/rosubuntu/eurobot_ws/build/eurobot_controller
[1.947s] DEBUG:colcon.colcon_core.event_handler.log_command:Invoking command in '/home/rosubuntu/eurobot_ws/build/eurobot_teleop': CMAKE_PREFIX_PATH=${CMAKE_PREFIX_PATH}:/opt/ros/humble /usr/bin/cmake --install /home/rosubuntu/eurobot_ws/build/eurobot_teleop
[1.948s] Level 1:colcon.colcon_core.environment:create_environment_scripts_only(eurobot_description)
[1.949s] DEBUG:colcon.colcon_core.event_handler.log_command:Invoked command in '/home/rosubuntu/eurobot_ws/build/eurobot_description' returned '0': CMAKE_PREFIX_PATH=${CMAKE_PREFIX_PATH}:/opt/ros/humble /usr/bin/cmake --install /home/rosubuntu/eurobot_ws/build/eurobot_description
[1.978s] Level 1:colcon.colcon_core.environment:checking '/home/rosubuntu/eurobot_ws/install/eurobot_description' for CMake module files
[1.978s] Level 1:colcon.colcon_core.environment:checking '/home/rosubuntu/eurobot_ws/install/eurobot_description' for CMake config files
[1.978s] Level 1:colcon.colcon_core.shell:create_environment_hook('eurobot_description', 'cmake_prefix_path')
[1.994s] INFO:colcon.colcon_core.shell:Creating environment hook '/home/rosubuntu/eurobot_ws/install/eurobot_description/share/eurobot_description/hook/cmake_prefix_path.ps1'
[1.995s] INFO:colcon.colcon_core.shell:Creating environment descriptor '/home/rosubuntu/eurobot_ws/install/eurobot_description/share/eurobot_description/hook/cmake_prefix_path.dsv'
[1.995s] INFO:colcon.colcon_core.shell:Creating environment hook '/home/rosubuntu/eurobot_ws/install/eurobot_description/share/eurobot_description/hook/cmake_prefix_path.sh'
[1.995s] Level 1:colcon.colcon_core.environment:checking '/home/rosubuntu/eurobot_ws/install/eurobot_description/bin'
[1.995s] Level 1:colcon.colcon_core.environment:checking '/home/rosubuntu/eurobot_ws/install/eurobot_description/lib/pkgconfig/eurobot_description.pc'
[1.995s] Level 1:colcon.colcon_core.environment:checking '/home/rosubuntu/eurobot_ws/install/eurobot_description/lib/python3.10/site-packages'
[1.996s] Level 1:colcon.colcon_core.environment:checking '/home/rosubuntu/eurobot_ws/install/eurobot_description/bin'
[2.012s] INFO:colcon.colcon_core.shell:Creating package script '/home/rosubuntu/eurobot_ws/install/eurobot_description/share/eurobot_description/package.ps1'
[2.012s] INFO:colcon.colcon_core.shell:Creating package descriptor '/home/rosubuntu/eurobot_ws/install/eurobot_description/share/eurobot_description/package.dsv'
[2.012s] INFO:colcon.colcon_core.shell:Creating package script '/home/rosubuntu/eurobot_ws/install/eurobot_description/share/eurobot_description/package.sh'
[2.012s] INFO:colcon.colcon_core.shell:Creating package script '/home/rosubuntu/eurobot_ws/install/eurobot_description/share/eurobot_description/package.bash'
[2.013s] INFO:colcon.colcon_core.shell:Creating package script '/home/rosubuntu/eurobot_ws/install/eurobot_description/share/eurobot_description/package.zsh'
[2.013s] Level 1:colcon.colcon_core.environment:create_file_with_runtime_dependencies(/home/rosubuntu/eurobot_ws/install/eurobot_description/share/colcon-core/packages/eurobot_description)
[2.031s] Level 1:colcon.colcon_core.environment:create_environment_scripts_only(mon_pkg_robot)
[2.048s] Level 1:colcon.colcon_core.environment:checking '/home/rosubuntu/eurobot_ws/install/mon_pkg_robot' for CMake module files
[2.048s] Level 1:colcon.colcon_core.environment:checking '/home/rosubuntu/eurobot_ws/install/mon_pkg_robot' for CMake config files
[2.048s] Level 1:colcon.colcon_core.shell:create_environment_hook('mon_pkg_robot', 'cmake_prefix_path')
[2.064s] INFO:colcon.colcon_core.shell:Creating environment hook '/home/rosubuntu/eurobot_ws/install/mon_pkg_robot/share/mon_pkg_robot/hook/cmake_prefix_path.ps1'
[2.064s] INFO:colcon.colcon_core.shell:Creating environment descriptor '/home/rosubuntu/eurobot_ws/install/mon_pkg_robot/share/mon_pkg_robot/hook/cmake_prefix_path.dsv'
[2.065s] INFO:colcon.colcon_core.shell:Creating environment hook '/home/rosubuntu/eurobot_ws/install/mon_pkg_robot/share/mon_pkg_robot/hook/cmake_prefix_path.sh'
[2.065s] Level 1:colcon.colcon_core.environment:checking '/home/rosubuntu/eurobot_ws/install/mon_pkg_robot/bin'
[2.065s] Level 1:colcon.colcon_core.environment:checking '/home/rosubuntu/eurobot_ws/install/mon_pkg_robot/lib/pkgconfig/mon_pkg_robot.pc'
[2.065s] Level 1:colcon.colcon_core.environment:checking '/home/rosubuntu/eurobot_ws/install/mon_pkg_robot/lib/python3.10/site-packages'
[2.065s] Level 1:colcon.colcon_core.environment:checking '/home/rosubuntu/eurobot_ws/install/mon_pkg_robot/bin'
[2.081s] INFO:colcon.colcon_core.shell:Creating package script '/home/rosubuntu/eurobot_ws/install/mon_pkg_robot/share/mon_pkg_robot/package.ps1'
[2.081s] INFO:colcon.colcon_core.shell:Creating package descriptor '/home/rosubuntu/eurobot_ws/install/mon_pkg_robot/share/mon_pkg_robot/package.dsv'
[2.081s] INFO:colcon.colcon_core.shell:Creating package script '/home/rosubuntu/eurobot_ws/install/mon_pkg_robot/share/mon_pkg_robot/package.sh'
[2.082s] INFO:colcon.colcon_core.shell:Creating package script '/home/rosubuntu/eurobot_ws/install/mon_pkg_robot/share/mon_pkg_robot/package.bash'
[2.082s] INFO:colcon.colcon_core.shell:Creating package script '/home/rosubuntu/eurobot_ws/install/mon_pkg_robot/share/mon_pkg_robot/package.zsh'
[2.082s] Level 1:colcon.colcon_core.environment:create_file_with_runtime_dependencies(/home/rosubuntu/eurobot_ws/install/mon_pkg_robot/share/colcon-core/packages/mon_pkg_robot)
[2.083s] Level 1:colcon.colcon_core.environment:create_environment_scripts_only(eurobot_hardware)
[2.084s] DEBUG:colcon.colcon_core.event_handler.log_command:Invoked command in '/home/rosubuntu/eurobot_ws/build/eurobot_hardware' returned '0': CMAKE_PREFIX_PATH=${CMAKE_PREFIX_PATH}:/opt/ros/humble /usr/bin/cmake --install /home/rosubuntu/eurobot_ws/build/eurobot_hardware
[2.098s] Level 1:colcon.colcon_core.environment:checking '/home/rosubuntu/eurobot_ws/install/eurobot_hardware' for CMake module files
[2.098s] Level 1:colcon.colcon_core.environment:checking '/home/rosubuntu/eurobot_ws/install/eurobot_hardware' for CMake config files
[2.098s] Level 1:colcon.colcon_core.shell:create_environment_hook('eurobot_hardware', 'cmake_prefix_path')
[2.113s] INFO:colcon.colcon_core.shell:Creating environment hook '/home/rosubuntu/eurobot_ws/install/eurobot_hardware/share/eurobot_hardware/hook/cmake_prefix_path.ps1'
[2.113s] INFO:colcon.colcon_core.shell:Creating environment descriptor '/home/rosubuntu/eurobot_ws/install/eurobot_hardware/share/eurobot_hardware/hook/cmake_prefix_path.dsv'
[2.113s] INFO:colcon.colcon_core.shell:Creating environment hook '/home/rosubuntu/eurobot_ws/install/eurobot_hardware/share/eurobot_hardware/hook/cmake_prefix_path.sh'
[2.114s] Level 1:colcon.colcon_core.environment:checking '/home/rosubuntu/eurobot_ws/install/eurobot_hardware/lib'
[2.114s] Level 1:colcon.colcon_core.shell:create_environment_hook('eurobot_hardware', 'ld_library_path_lib')
[2.128s] INFO:colcon.colcon_core.shell:Creating environment hook '/home/rosubuntu/eurobot_ws/install/eurobot_hardware/share/eurobot_hardware/hook/ld_library_path_lib.ps1'
[2.128s] INFO:colcon.colcon_core.shell:Creating environment descriptor '/home/rosubuntu/eurobot_ws/install/eurobot_hardware/share/eurobot_hardware/hook/ld_library_path_lib.dsv'
[2.128s] INFO:colcon.colcon_core.shell:Creating environment hook '/home/rosubuntu/eurobot_ws/install/eurobot_hardware/share/eurobot_hardware/hook/ld_library_path_lib.sh'
[2.129s] Level 1:colcon.colcon_core.environment:checking '/home/rosubuntu/eurobot_ws/install/eurobot_hardware/bin'
[2.129s] Level 1:colcon.colcon_core.environment:checking '/home/rosubuntu/eurobot_ws/install/eurobot_hardware/lib/pkgconfig/eurobot_hardware.pc'
[2.129s] Level 1:colcon.colcon_core.environment:checking '/home/rosubuntu/eurobot_ws/install/eurobot_hardware/lib/python3.10/site-packages'
[2.129s] Level 1:colcon.colcon_core.environment:checking '/home/rosubuntu/eurobot_ws/install/eurobot_hardware/bin'
[2.143s] INFO:colcon.colcon_core.shell:Creating package script '/home/rosubuntu/eurobot_ws/install/eurobot_hardware/share/eurobot_hardware/package.ps1'
[2.143s] INFO:colcon.colcon_core.shell:Creating package descriptor '/home/rosubuntu/eurobot_ws/install/eurobot_hardware/share/eurobot_hardware/package.dsv'
[2.144s] INFO:colcon.colcon_core.shell:Creating package script '/home/rosubuntu/eurobot_ws/install/eurobot_hardware/share/eurobot_hardware/package.sh'
[2.144s] INFO:colcon.colcon_core.shell:Creating package script '/home/rosubuntu/eurobot_ws/install/eurobot_hardware/share/eurobot_hardware/package.bash'
[2.144s] INFO:colcon.colcon_core.shell:Creating package script '/home/rosubuntu/eurobot_ws/install/eurobot_hardware/share/eurobot_hardware/package.zsh'
[2.144s] Level 1:colcon.colcon_core.environment:create_file_with_runtime_dependencies(/home/rosubuntu/eurobot_ws/install/eurobot_hardware/share/colcon-core/packages/eurobot_hardware)
[2.145s] Level 1:colcon.colcon_core.environment:create_environment_scripts_only(eurobot_control)
[2.145s] DEBUG:colcon.colcon_core.event_handler.log_command:Invoked command in '/home/rosubuntu/eurobot_ws/build/eurobot_control' returned '0': CMAKE_PREFIX_PATH=${CMAKE_PREFIX_PATH}:/opt/ros/humble /usr/bin/cmake --install /home/rosubuntu/eurobot_ws/build/eurobot_control
[2.170s] Level 1:colcon.colcon_core.environment:checking '/home/rosubuntu/eurobot_ws/install/eurobot_control' for CMake module files
[2.170s] Level 1:colcon.colcon_core.environment:checking '/home/rosubuntu/eurobot_ws/install/eurobot_control' for CMake config files
[2.170s] Level 1:colcon.colcon_core.shell:create_environment_hook('eurobot_control', 'cmake_prefix_path')
[2.188s] INFO:colcon.colcon_core.shell:Creating environment hook '/home/rosubuntu/eurobot_ws/install/eurobot_control/share/eurobot_control/hook/cmake_prefix_path.ps1'
[2.189s] INFO:colcon.colcon_core.shell:Creating environment descriptor '/home/rosubuntu/eurobot_ws/install/eurobot_control/share/eurobot_control/hook/cmake_prefix_path.dsv'
[2.189s] INFO:colcon.colcon_core.shell:Creating environment hook '/home/rosubuntu/eurobot_ws/install/eurobot_control/share/eurobot_control/hook/cmake_prefix_path.sh'
[2.189s] Level 1:colcon.colcon_core.environment:checking '/home/rosubuntu/eurobot_ws/install/eurobot_control/lib'
[2.189s] Level 1:colcon.colcon_core.environment:checking '/home/rosubuntu/eurobot_ws/install/eurobot_control/bin'
[2.190s] Level 1:colcon.colcon_core.environment:checking '/home/rosubuntu/eurobot_ws/install/eurobot_control/lib/pkgconfig/eurobot_control.pc'
[2.190s] Level 1:colcon.colcon_core.environment:checking '/home/rosubuntu/eurobot_ws/install/eurobot_control/lib/python3.10/site-packages'
[2.190s] Level 1:colcon.colcon_core.environment:checking '/home/rosubuntu/eurobot_ws/install/eurobot_control/bin'
[2.207s] INFO:colcon.colcon_core.shell:Creating package script '/home/rosubuntu/eurobot_ws/install/eurobot_control/share/eurobot_control/package.ps1'
[2.207s] INFO:colcon.colcon_core.shell:Creating package descriptor '/home/rosubuntu/eurobot_ws/install/eurobot_control/share/eurobot_control/package.dsv'
[2.208s] INFO:colcon.colcon_core.shell:Creating package script '/home/rosubuntu/eurobot_ws/install/eurobot_control/share/eurobot_control/package.sh'
[2.208s] INFO:colcon.colcon_core.shell:Creating package script '/home/rosubuntu/eurobot_ws/install/eurobot_control/share/eurobot_control/package.bash'
[2.208s] INFO:colcon.colcon_core.shell:Creating package script '/home/rosubuntu/eurobot_ws/install/eurobot_control/share/eurobot_control/package.zsh'
[2.209s] Level 1:colcon.colcon_core.environment:create_file_with_runtime_dependencies(/home/rosubuntu/eurobot_ws/install/eurobot_control/share/colcon-core/packages/eurobot_control)
[2.209s] Level 1:colcon.colcon_core.environment:create_environment_scripts_only(eurobot_controller)
[2.210s] DEBUG:colcon.colcon_core.event_handler.log_command:Invoked command in '/home/rosubuntu/eurobot_ws/build/eurobot_controller' returned '0': CMAKE_PREFIX_PATH=${CMAKE_PREFIX_PATH}:/opt/ros/humble /usr/bin/cmake --install /home/rosubuntu/eurobot_ws/build/eurobot_controller
[2.226s] Level 1:colcon.colcon_core.environment:checking '/home/rosubuntu/eurobot_ws/install/eurobot_controller' for CMake module files
[2.227s] Level 1:colcon.colcon_core.environment:checking '/home/rosubuntu/eurobot_ws/install/eurobot_controller' for CMake config files
[2.227s] Level 1:colcon.colcon_core.shell:create_environment_hook('eurobot_controller', 'cmake_prefix_path')
[2.243s] INFO:colcon.colcon_core.shell:Creating environment hook '/home/rosubuntu/eurobot_ws/install/eurobot_controller/share/eurobot_controller/hook/cmake_prefix_path.ps1'
[2.244s] INFO:colcon.colcon_core.shell:Creating environment descriptor '/home/rosubuntu/eurobot_ws/install/eurobot_controller/share/eurobot_controller/hook/cmake_prefix_path.dsv'
[2.244s] INFO:colcon.colcon_core.shell:Creating environment hook '/home/rosubuntu/eurobot_ws/install/eurobot_controller/share/eurobot_controller/hook/cmake_prefix_path.sh'
[2.244s] Level 1:colcon.colcon_core.environment:checking '/home/rosubuntu/eurobot_ws/install/eurobot_controller/lib'
[2.245s] Level 1:colcon.colcon_core.shell:create_environment_hook('eurobot_controller', 'ld_library_path_lib')
[2.261s] INFO:colcon.colcon_core.shell:Creating environment hook '/home/rosubuntu/eurobot_ws/install/eurobot_controller/share/eurobot_controller/hook/ld_library_path_lib.ps1'
[2.261s] INFO:colcon.colcon_core.shell:Creating environment descriptor '/home/rosubuntu/eurobot_ws/install/eurobot_controller/share/eurobot_controller/hook/ld_library_path_lib.dsv'
[2.261s] INFO:colcon.colcon_core.shell:Creating environment hook '/home/rosubuntu/eurobot_ws/install/eurobot_controller/share/eurobot_controller/hook/ld_library_path_lib.sh'
[2.262s] Level 1:colcon.colcon_core.environment:checking '/home/rosubuntu/eurobot_ws/install/eurobot_controller/bin'
[2.262s] Level 1:colcon.colcon_core.environment:checking '/home/rosubuntu/eurobot_ws/install/eurobot_controller/lib/pkgconfig/eurobot_controller.pc'
[2.262s] Level 1:colcon.colcon_core.environment:checking '/home/rosubuntu/eurobot_ws/install/eurobot_controller/lib/python3.10/site-packages'
[2.262s] Level 1:colcon.colcon_core.environment:checking '/home/rosubuntu/eurobot_ws/install/eurobot_controller/bin'
[2.278s] INFO:colcon.colcon_core.shell:Creating package script '/home/rosubuntu/eurobot_ws/install/eurobot_controller/share/eurobot_controller/package.ps1'
[2.279s] INFO:colcon.colcon_core.shell:Creating package descriptor '/home/rosubuntu/eurobot_ws/install/eurobot_controller/share/eurobot_controller/package.dsv'
[2.279s] INFO:colcon.colcon_core.shell:Creating package script '/home/rosubuntu/eurobot_ws/install/eurobot_controller/share/eurobot_controller/package.sh'
[2.280s] INFO:colcon.colcon_core.shell:Creating package script '/home/rosubuntu/eurobot_ws/install/eurobot_controller/share/eurobot_controller/package.bash'
[2.280s] INFO:colcon.colcon_core.shell:Creating package script '/home/rosubuntu/eurobot_ws/install/eurobot_controller/share/eurobot_controller/package.zsh'
[2.280s] Level 1:colcon.colcon_core.environment:create_file_with_runtime_dependencies(/home/rosubuntu/eurobot_ws/install/eurobot_controller/share/colcon-core/packages/eurobot_controller)
[2.281s] Level 1:colcon.colcon_core.environment:create_environment_scripts_only(eurobot_teleop)
[2.281s] DEBUG:colcon.colcon_core.event_handler.log_command:Invoked command in '/home/rosubuntu/eurobot_ws/build/eurobot_teleop' returned '0': CMAKE_PREFIX_PATH=${CMAKE_PREFIX_PATH}:/opt/ros/humble /usr/bin/cmake --install /home/rosubuntu/eurobot_ws/build/eurobot_teleop
[2.298s] Level 1:colcon.colcon_core.environment:checking '/home/rosubuntu/eurobot_ws/install/eurobot_teleop' for CMake module files
[2.298s] Level 1:colcon.colcon_core.environment:checking '/home/rosubuntu/eurobot_ws/install/eurobot_teleop' for CMake config files
[2.298s] Level 1:colcon.colcon_core.shell:create_environment_hook('eurobot_teleop', 'cmake_prefix_path')
[2.315s] INFO:colcon.colcon_core.shell:Creating environment hook '/home/rosubuntu/eurobot_ws/install/eurobot_teleop/share/eurobot_teleop/hook/cmake_prefix_path.ps1'
[2.315s] INFO:colcon.colcon_core.shell:Creating environment descriptor '/home/rosubuntu/eurobot_ws/install/eurobot_teleop/share/eurobot_teleop/hook/cmake_prefix_path.dsv'
[2.316s] INFO:colcon.colcon_core.shell:Creating environment hook '/home/rosubuntu/eurobot_ws/install/eurobot_teleop/share/eurobot_teleop/hook/cmake_prefix_path.sh'
[2.316s] Level 1:colcon.colcon_core.environment:checking '/home/rosubuntu/eurobot_ws/install/eurobot_teleop/lib'
[2.316s] Level 1:colcon.colcon_core.environment:checking '/home/rosubuntu/eurobot_ws/install/eurobot_teleop/bin'
[2.316s] Level 1:colcon.colcon_core.environment:checking '/home/rosubuntu/eurobot_ws/install/eurobot_teleop/lib/pkgconfig/eurobot_teleop.pc'
[2.316s] Level 1:colcon.colcon_core.environment:checking '/home/rosubuntu/eurobot_ws/install/eurobot_teleop/lib/python3.10/site-packages'
[2.316s] Level 1:colcon.colcon_core.environment:checking '/home/rosubuntu/eurobot_ws/install/eurobot_teleop/bin'
[2.332s] INFO:colcon.colcon_core.shell:Creating package script '/home/rosubuntu/eurobot_ws/install/eurobot_teleop/share/eurobot_teleop/package.ps1'
[2.333s] INFO:colcon.colcon_core.shell:Creating package descriptor '/home/rosubuntu/eurobot_ws/install/eurobot_teleop/share/eurobot_teleop/package.dsv'
[2.333s] INFO:colcon.colcon_core.shell:Creating package script '/home/rosubuntu/eurobot_ws/install/eurobot_teleop/share/eurobot_teleop/package.sh'
[2.333s] INFO:colcon.colcon_core.shell:Creating package script '/home/rosubuntu/eurobot_ws/install/eurobot_teleop/share/eurobot_teleop/package.bash'
[2.334s] INFO:colcon.colcon_core.shell:Creating package script '/home/rosubuntu/eurobot_ws/install/eurobot_teleop/share/eurobot_teleop/package.zsh'
[2.334s] Level 1:colcon.colcon_core.environment:create_file_with_runtime_dependencies(/home/rosubuntu/eurobot_ws/install/eurobot_teleop/share/colcon-core/packages/eurobot_teleop)
[2.352s] Level 1:colcon.colcon_core.environment:create_environment_scripts_only(eurobot_description)
[2.368s] Level 1:colcon.colcon_core.environment:checking '/home/rosubuntu/eurobot_ws/install/eurobot_description' for CMake module files
[2.369s] Level 1:colcon.colcon_core.environment:checking '/home/rosubuntu/eurobot_ws/install/eurobot_description' for CMake config files
[2.369s] Level 1:colcon.colcon_core.shell:create_environment_hook('eurobot_description', 'cmake_prefix_path')
[2.385s] INFO:colcon.colcon_core.shell:Creating environment hook '/home/rosubuntu/eurobot_ws/install/eurobot_description/share/eurobot_description/hook/cmake_prefix_path.ps1'
[2.386s] INFO:colcon.colcon_core.shell:Creating environment descriptor '/home/rosubuntu/eurobot_ws/install/eurobot_description/share/eurobot_description/hook/cmake_prefix_path.dsv'
[2.386s] INFO:colcon.colcon_core.shell:Creating environment hook '/home/rosubuntu/eurobot_ws/install/eurobot_description/share/eurobot_description/hook/cmake_prefix_path.sh'
[2.386s] Level 1:colcon.colcon_core.environment:checking '/home/rosubuntu/eurobot_ws/install/eurobot_description/bin'
[2.386s] Level 1:colcon.colcon_core.environment:checking '/home/rosubuntu/eurobot_ws/install/eurobot_description/lib/pkgconfig/eurobot_description.pc'
[2.387s] Level 1:colcon.colcon_core.environment:checking '/home/rosubuntu/eurobot_ws/install/eurobot_description/lib/python3.10/site-packages'
[2.387s] Level 1:colcon.colcon_core.environment:checking '/home/rosubuntu/eurobot_ws/install/eurobot_description/bin'
[2.402s] INFO:colcon.colcon_core.shell:Creating package script '/home/rosubuntu/eurobot_ws/install/eurobot_description/share/eurobot_description/package.ps1'
[2.403s] INFO:colcon.colcon_core.shell:Creating package descriptor '/home/rosubuntu/eurobot_ws/install/eurobot_description/share/eurobot_description/package.dsv'
[2.403s] INFO:colcon.colcon_core.shell:Creating package script '/home/rosubuntu/eurobot_ws/install/eurobot_description/share/eurobot_description/package.sh'
[2.403s] INFO:colcon.colcon_core.shell:Creating package script '/home/rosubuntu/eurobot_ws/install/eurobot_description/share/eurobot_description/package.bash'
[2.404s] INFO:colcon.colcon_core.shell:Creating package script '/home/rosubuntu/eurobot_ws/install/eurobot_description/share/eurobot_description/package.zsh'
[2.404s] Level 1:colcon.colcon_core.environment:create_file_with_runtime_dependencies(/home/rosubuntu/eurobot_ws/install/eurobot_description/share/colcon-core/packages/eurobot_description)
[2.405s] INFO:colcon.colcon_ros.task.ament_cmake.build:Building ROS package in '/home/rosubuntu/eurobot_ws/src/eurobot_launch' with build type 'ament_cmake'
[2.405s] INFO:colcon.colcon_cmake.task.cmake.build:Building CMake package in '/home/rosubuntu/eurobot_ws/src/eurobot_launch'
[2.421s] INFO:colcon.colcon_core.shell:Skip shell extension 'powershell' for command environment: Not usable outside of PowerShell
[2.421s] DEBUG:colcon.colcon_core.shell:Skip shell extension 'dsv' for command environment
[2.492s] Level 1:colcon.colcon_core.environment:create_environment_scripts_only(eurobot_hardware)
[2.509s] Level 1:colcon.colcon_core.environment:checking '/home/rosubuntu/eurobot_ws/install/eurobot_hardware' for CMake module files
[2.509s] Level 1:colcon.colcon_core.environment:checking '/home/rosubuntu/eurobot_ws/install/eurobot_hardware' for CMake config files
[2.509s] Level 1:colcon.colcon_core.shell:create_environment_hook('eurobot_hardware', 'cmake_prefix_path')
[2.531s] INFO:colcon.colcon_core.shell:Creating environment hook '/home/rosubuntu/eurobot_ws/install/eurobot_hardware/share/eurobot_hardware/hook/cmake_prefix_path.ps1'
[2.532s] INFO:colcon.colcon_core.shell:Creating environment descriptor '/home/rosubuntu/eurobot_ws/install/eurobot_hardware/share/eurobot_hardware/hook/cmake_prefix_path.dsv'
[2.532s] INFO:colcon.colcon_core.shell:Creating environment hook '/home/rosubuntu/eurobot_ws/install/eurobot_hardware/share/eurobot_hardware/hook/cmake_prefix_path.sh'
[2.533s] Level 1:colcon.colcon_core.environment:checking '/home/rosubuntu/eurobot_ws/install/eurobot_hardware/lib'
[2.533s] Level 1:colcon.colcon_core.shell:create_environment_hook('eurobot_hardware', 'ld_library_path_lib')
[2.551s] INFO:colcon.colcon_core.shell:Creating environment hook '/home/rosubuntu/eurobot_ws/install/eurobot_hardware/share/eurobot_hardware/hook/ld_library_path_lib.ps1'
[2.551s] INFO:colcon.colcon_core.shell:Creating environment descriptor '/home/rosubuntu/eurobot_ws/install/eurobot_hardware/share/eurobot_hardware/hook/ld_library_path_lib.dsv'
[2.552s] INFO:colcon.colcon_core.shell:Creating environment hook '/home/rosubuntu/eurobot_ws/install/eurobot_hardware/share/eurobot_hardware/hook/ld_library_path_lib.sh'
[2.552s] Level 1:colcon.colcon_core.environment:checking '/home/rosubuntu/eurobot_ws/install/eurobot_hardware/bin'
[2.552s] Level 1:colcon.colcon_core.environment:checking '/home/rosubuntu/eurobot_ws/install/eurobot_hardware/lib/pkgconfig/eurobot_hardware.pc'
[2.552s] Level 1:colcon.colcon_core.environment:checking '/home/rosubuntu/eurobot_ws/install/eurobot_hardware/lib/python3.10/site-packages'
[2.552s] Level 1:colcon.colcon_core.environment:checking '/home/rosubuntu/eurobot_ws/install/eurobot_hardware/bin'
[2.569s] INFO:colcon.colcon_core.shell:Creating package script '/home/rosubuntu/eurobot_ws/install/eurobot_hardware/share/eurobot_hardware/package.ps1'
[2.570s] INFO:colcon.colcon_core.shell:Creating package descriptor '/home/rosubuntu/eurobot_ws/install/eurobot_hardware/share/eurobot_hardware/package.dsv'
[2.571s] INFO:colcon.colcon_core.shell:Creating package script '/home/rosubuntu/eurobot_ws/install/eurobot_hardware/share/eurobot_hardware/package.sh'
[2.571s] INFO:colcon.colcon_core.shell:Creating package script '/home/rosubuntu/eurobot_ws/install/eurobot_hardware/share/eurobot_hardware/package.bash'
[2.571s] INFO:colcon.colcon_core.shell:Creating package script '/home/rosubuntu/eurobot_ws/install/eurobot_hardware/share/eurobot_hardware/package.zsh'
[2.572s] Level 1:colcon.colcon_core.environment:create_file_with_runtime_dependencies(/home/rosubuntu/eurobot_ws/install/eurobot_hardware/share/colcon-core/packages/eurobot_hardware)
[2.589s] Level 1:colcon.colcon_core.environment:create_environment_scripts_only(eurobot_control)
[2.606s] Level 1:colcon.colcon_core.environment:checking '/home/rosubuntu/eurobot_ws/install/eurobot_control' for CMake module files
[2.607s] Level 1:colcon.colcon_core.environment:checking '/home/rosubuntu/eurobot_ws/install/eurobot_control' for CMake config files
[2.607s] Level 1:colcon.colcon_core.shell:create_environment_hook('eurobot_control', 'cmake_prefix_path')
[2.624s] INFO:colcon.colcon_core.shell:Creating environment hook '/home/rosubuntu/eurobot_ws/install/eurobot_control/share/eurobot_control/hook/cmake_prefix_path.ps1'
[2.625s] INFO:colcon.colcon_core.shell:Creating environment descriptor '/home/rosubuntu/eurobot_ws/install/eurobot_control/share/eurobot_control/hook/cmake_prefix_path.dsv'
[2.625s] INFO:colcon.colcon_core.shell:Creating environment hook '/home/rosubuntu/eurobot_ws/install/eurobot_control/share/eurobot_control/hook/cmake_prefix_path.sh'
[2.626s] Level 1:colcon.colcon_core.environment:checking '/home/rosubuntu/eurobot_ws/install/eurobot_control/lib'
[2.626s] Level 1:colcon.colcon_core.environment:checking '/home/rosubuntu/eurobot_ws/install/eurobot_control/bin'
[2.626s] Level 1:colcon.colcon_core.environment:checking '/home/rosubuntu/eurobot_ws/install/eurobot_control/lib/pkgconfig/eurobot_control.pc'
[2.626s] Level 1:colcon.colcon_core.environment:checking '/home/rosubuntu/eurobot_ws/install/eurobot_control/lib/python3.10/site-packages'
[2.626s] Level 1:colcon.colcon_core.environment:checking '/home/rosubuntu/eurobot_ws/install/eurobot_control/bin'
[2.644s] INFO:colcon.colcon_core.shell:Creating package script '/home/rosubuntu/eurobot_ws/install/eurobot_control/share/eurobot_control/package.ps1'
[2.644s] INFO:colcon.colcon_core.shell:Creating package descriptor '/home/rosubuntu/eurobot_ws/install/eurobot_control/share/eurobot_control/package.dsv'
[2.645s] INFO:colcon.colcon_core.shell:Creating package script '/home/rosubuntu/eurobot_ws/install/eurobot_control/share/eurobot_control/package.sh'
[2.645s] INFO:colcon.colcon_core.shell:Creating package script '/home/rosubuntu/eurobot_ws/install/eurobot_control/share/eurobot_control/package.bash'
[2.645s] INFO:colcon.colcon_core.shell:Creating package script '/home/rosubuntu/eurobot_ws/install/eurobot_control/share/eurobot_control/package.zsh'
[2.646s] Level 1:colcon.colcon_core.environment:create_file_with_runtime_dependencies(/home/rosubuntu/eurobot_ws/install/eurobot_control/share/colcon-core/packages/eurobot_control)
[2.672s] Level 1:colcon.colcon_core.environment:create_environment_scripts_only(eurobot_controller)
[2.697s] Level 1:colcon.colcon_core.environment:checking '/home/rosubuntu/eurobot_ws/install/eurobot_controller' for CMake module files
[2.698s] Level 1:colcon.colcon_core.environment:checking '/home/rosubuntu/eurobot_ws/install/eurobot_controller' for CMake config files
[2.698s] Level 1:colcon.colcon_core.shell:create_environment_hook('eurobot_controller', 'cmake_prefix_path')
[2.716s] INFO:colcon.colcon_core.shell:Creating environment hook '/home/rosubuntu/eurobot_ws/install/eurobot_controller/share/eurobot_controller/hook/cmake_prefix_path.ps1'
[2.717s] INFO:colcon.colcon_core.shell:Creating environment descriptor '/home/rosubuntu/eurobot_ws/install/eurobot_controller/share/eurobot_controller/hook/cmake_prefix_path.dsv'
[2.717s] INFO:colcon.colcon_core.shell:Creating environment hook '/home/rosubuntu/eurobot_ws/install/eurobot_controller/share/eurobot_controller/hook/cmake_prefix_path.sh'
[2.717s] Level 1:colcon.colcon_core.environment:checking '/home/rosubuntu/eurobot_ws/install/eurobot_controller/lib'
[2.717s] Level 1:colcon.colcon_core.shell:create_environment_hook('eurobot_controller', 'ld_library_path_lib')
[2.738s] INFO:colcon.colcon_core.shell:Creating environment hook '/home/rosubuntu/eurobot_ws/install/eurobot_controller/share/eurobot_controller/hook/ld_library_path_lib.ps1'
[2.739s] INFO:colcon.colcon_core.shell:Creating environment descriptor '/home/rosubuntu/eurobot_ws/install/eurobot_controller/share/eurobot_controller/hook/ld_library_path_lib.dsv'
[2.739s] INFO:colcon.colcon_core.shell:Creating environment hook '/home/rosubuntu/eurobot_ws/install/eurobot_controller/share/eurobot_controller/hook/ld_library_path_lib.sh'
[2.739s] Level 1:colcon.colcon_core.environment:checking '/home/rosubuntu/eurobot_ws/install/eurobot_controller/bin'
[2.740s] Level 1:colcon.colcon_core.environment:checking '/home/rosubuntu/eurobot_ws/install/eurobot_controller/lib/pkgconfig/eurobot_controller.pc'
[2.740s] Level 1:colcon.colcon_core.environment:checking '/home/rosubuntu/eurobot_ws/install/eurobot_controller/lib/python3.10/site-packages'
[2.740s] Level 1:colcon.colcon_core.environment:checking '/home/rosubuntu/eurobot_ws/install/eurobot_controller/bin'
[2.766s] INFO:colcon.colcon_core.shell:Creating package script '/home/rosubuntu/eurobot_ws/install/eurobot_controller/share/eurobot_controller/package.ps1'
[2.767s] INFO:colcon.colcon_core.shell:Creating package descriptor '/home/rosubuntu/eurobot_ws/install/eurobot_controller/share/eurobot_controller/package.dsv'
[2.768s] INFO:colcon.colcon_core.shell:Creating package script '/home/rosubuntu/eurobot_ws/install/eurobot_controller/share/eurobot_controller/package.sh'
[2.768s] INFO:colcon.colcon_core.shell:Creating package script '/home/rosubuntu/eurobot_ws/install/eurobot_controller/share/eurobot_controller/package.bash'
[2.769s] INFO:colcon.colcon_core.shell:Creating package script '/home/rosubuntu/eurobot_ws/install/eurobot_controller/share/eurobot_controller/package.zsh'
[2.769s] Level 1:colcon.colcon_core.environment:create_file_with_runtime_dependencies(/home/rosubuntu/eurobot_ws/install/eurobot_controller/share/colcon-core/packages/eurobot_controller)
[2.796s] Level 1:colcon.colcon_core.environment:create_environment_scripts_only(eurobot_teleop)
[2.820s] Level 1:colcon.colcon_core.environment:checking '/home/rosubuntu/eurobot_ws/install/eurobot_teleop' for CMake module files
[2.821s] Level 1:colcon.colcon_core.environment:checking '/home/rosubuntu/eurobot_ws/install/eurobot_teleop' for CMake config files
[2.821s] Level 1:colcon.colcon_core.shell:create_environment_hook('eurobot_teleop', 'cmake_prefix_path')
[2.846s] INFO:colcon.colcon_core.shell:Creating environment hook '/home/rosubuntu/eurobot_ws/install/eurobot_teleop/share/eurobot_teleop/hook/cmake_prefix_path.ps1'
[2.847s] INFO:colcon.colcon_core.shell:Creating environment descriptor '/home/rosubuntu/eurobot_ws/install/eurobot_teleop/share/eurobot_teleop/hook/cmake_prefix_path.dsv'
[2.847s] INFO:colcon.colcon_core.shell:Creating environment hook '/home/rosubuntu/eurobot_ws/install/eurobot_teleop/share/eurobot_teleop/hook/cmake_prefix_path.sh'
[2.848s] Level 1:colcon.colcon_core.environment:checking '/home/rosubuntu/eurobot_ws/install/eurobot_teleop/lib'
[2.848s] Level 1:colcon.colcon_core.environment:checking '/home/rosubuntu/eurobot_ws/install/eurobot_teleop/bin'
[2.848s] Level 1:colcon.colcon_core.environment:checking '/home/rosubuntu/eurobot_ws/install/eurobot_teleop/lib/pkgconfig/eurobot_teleop.pc'
[2.848s] Level 1:colcon.colcon_core.environment:checking '/home/rosubuntu/eurobot_ws/install/eurobot_teleop/lib/python3.10/site-packages'
[2.849s] Level 1:colcon.colcon_core.environment:checking '/home/rosubuntu/eurobot_ws/install/eurobot_teleop/bin'
[2.875s] INFO:colcon.colcon_core.shell:Creating package script '/home/rosubuntu/eurobot_ws/install/eurobot_teleop/share/eurobot_teleop/package.ps1'
[2.875s] INFO:colcon.colcon_core.shell:Creating package descriptor '/home/rosubuntu/eurobot_ws/install/eurobot_teleop/share/eurobot_teleop/package.dsv'
[2.876s] INFO:colcon.colcon_core.shell:Creating package script '/home/rosubuntu/eurobot_ws/install/eurobot_teleop/share/eurobot_teleop/package.sh'
[2.876s] INFO:colcon.colcon_core.shell:Creating package script '/home/rosubuntu/eurobot_ws/install/eurobot_teleop/share/eurobot_teleop/package.bash'
[2.877s] INFO:colcon.colcon_core.shell:Creating package script '/home/rosubuntu/eurobot_ws/install/eurobot_teleop/share/eurobot_teleop/package.zsh'
[2.877s] Level 1:colcon.colcon_core.environment:create_file_with_runtime_dependencies(/home/rosubuntu/eurobot_ws/install/eurobot_teleop/share/colcon-core/packages/eurobot_teleop)
[2.881s] DEBUG:colcon.colcon_core.event_handler.log_command:Invoking command in '/home/rosubuntu/eurobot_ws/build/eurobot_launch': CMAKE_PREFIX_PATH=/home/rosubuntu/eurobot_ws/install/eurobot_description:/home/rosubuntu/eurobot_ws/install/mon_pkg_robot:/home/rosubuntu/eurobot_ws/install/eurobot_teleop:/home/rosubuntu/eurobot_ws/install/eurobot_launch:/home/rosubuntu/eurobot_ws/install/eurobot_hardware:/home/rosubuntu/eurobot_ws/install/eurobot_controller:/home/rosubuntu/eurobot_ws/install/eurobot_control:/opt/ros/humble /usr/bin/cmake --build /home/rosubuntu/eurobot_ws/build/eurobot_launch -- -j8 -l8
[2.923s] DEBUG:colcon.colcon_core.event_handler.log_command:Invoked command in '/home/rosubuntu/eurobot_ws/build/eurobot_launch' returned '0': CMAKE_PREFIX_PATH=/home/rosubuntu/eurobot_ws/install/eurobot_description:/home/rosubuntu/eurobot_ws/install/mon_pkg_robot:/home/rosubuntu/eurobot_ws/install/eurobot_teleop:/home/rosubuntu/eurobot_ws/install/eurobot_launch:/home/rosubuntu/eurobot_ws/install/eurobot_hardware:/home/rosubuntu/eurobot_ws/install/eurobot_controller:/home/rosubuntu/eurobot_ws/install/eurobot_control:/opt/ros/humble /usr/bin/cmake --build /home/rosubuntu/eurobot_ws/build/eurobot_launch -- -j8 -l8
[2.944s] DEBUG:colcon.colcon_core.event_handler.log_command:Invoking command in '/home/rosubuntu/eurobot_ws/build/eurobot_launch': CMAKE_PREFIX_PATH=/home/rosubuntu/eurobot_ws/install/eurobot_description:/home/rosubuntu/eurobot_ws/install/mon_pkg_robot:/home/rosubuntu/eurobot_ws/install/eurobot_teleop:/home/rosubuntu/eurobot_ws/install/eurobot_launch:/home/rosubuntu/eurobot_ws/install/eurobot_hardware:/home/rosubuntu/eurobot_ws/install/eurobot_controller:/home/rosubuntu/eurobot_ws/install/eurobot_control:/opt/ros/humble /usr/bin/cmake --install /home/rosubuntu/eurobot_ws/build/eurobot_launch
[2.954s] Level 1:colcon.colcon_core.environment:create_environment_scripts_only(eurobot_launch)
[2.954s] DEBUG:colcon.colcon_core.event_handler.log_command:Invoked command in '/home/rosubuntu/eurobot_ws/build/eurobot_launch' returned '0': CMAKE_PREFIX_PATH=/home/rosubuntu/eurobot_ws/install/eurobot_description:/home/rosubuntu/eurobot_ws/install/mon_pkg_robot:/home/rosubuntu/eurobot_ws/install/eurobot_teleop:/home/rosubuntu/eurobot_ws/install/eurobot_launch:/home/rosubuntu/eurobot_ws/install/eurobot_hardware:/home/rosubuntu/eurobot_ws/install/eurobot_controller:/home/rosubuntu/eurobot_ws/install/eurobot_control:/opt/ros/humble /usr/bin/cmake --install /home/rosubuntu/eurobot_ws/build/eurobot_launch
[2.983s] Level 1:colcon.colcon_core.environment:checking '/home/rosubuntu/eurobot_ws/install/eurobot_launch' for CMake module files
[2.984s] Level 1:colcon.colcon_core.environment:checking '/home/rosubuntu/eurobot_ws/install/eurobot_launch' for CMake config files
[2.984s] Level 1:colcon.colcon_core.shell:create_environment_hook('eurobot_launch', 'cmake_prefix_path')
[3.012s] INFO:colcon.colcon_core.shell:Creating environment hook '/home/rosubuntu/eurobot_ws/install/eurobot_launch/share/eurobot_launch/hook/cmake_prefix_path.ps1'
[3.013s] INFO:colcon.colcon_core.shell:Creating environment descriptor '/home/rosubuntu/eurobot_ws/install/eurobot_launch/share/eurobot_launch/hook/cmake_prefix_path.dsv'
[3.013s] INFO:colcon.colcon_core.shell:Creating environment hook '/home/rosubuntu/eurobot_ws/install/eurobot_launch/share/eurobot_launch/hook/cmake_prefix_path.sh'
[3.014s] Level 1:colcon.colcon_core.environment:checking '/home/rosubuntu/eurobot_ws/install/eurobot_launch/bin'
[3.014s] Level 1:colcon.colcon_core.environment:checking '/home/rosubuntu/eurobot_ws/install/eurobot_launch/lib/pkgconfig/eurobot_launch.pc'
[3.014s] Level 1:colcon.colcon_core.environment:checking '/home/rosubuntu/eurobot_ws/install/eurobot_launch/lib/python3.10/site-packages'
[3.014s] Level 1:colcon.colcon_core.environment:checking '/home/rosubuntu/eurobot_ws/install/eurobot_launch/bin'
[3.042s] INFO:colcon.colcon_core.shell:Creating package script '/home/rosubuntu/eurobot_ws/install/eurobot_launch/share/eurobot_launch/package.ps1'
[3.043s] INFO:colcon.colcon_core.shell:Creating package descriptor '/home/rosubuntu/eurobot_ws/install/eurobot_launch/share/eurobot_launch/package.dsv'
[3.043s] INFO:colcon.colcon_core.shell:Creating package script '/home/rosubuntu/eurobot_ws/install/eurobot_launch/share/eurobot_launch/package.sh'
[3.044s] INFO:colcon.colcon_core.shell:Creating package script '/home/rosubuntu/eurobot_ws/install/eurobot_launch/share/eurobot_launch/package.bash'
[3.044s] INFO:colcon.colcon_core.shell:Creating package script '/home/rosubuntu/eurobot_ws/install/eurobot_launch/share/eurobot_launch/package.zsh'
[3.045s] Level 1:colcon.colcon_core.environment:create_file_with_runtime_dependencies(/home/rosubuntu/eurobot_ws/install/eurobot_launch/share/colcon-core/packages/eurobot_launch)
[3.085s] Level 1:colcon.colcon_core.environment:create_environment_scripts_only(eurobot_launch)
[3.103s] Level 1:colcon.colcon_core.environment:checking '/home/rosubuntu/eurobot_ws/install/eurobot_launch' for CMake module files
[3.103s] Level 1:colcon.colcon_core.environment:checking '/home/rosubuntu/eurobot_ws/install/eurobot_launch' for CMake config files
[3.103s] Level 1:colcon.colcon_core.shell:create_environment_hook('eurobot_launch', 'cmake_prefix_path')
[3.120s] INFO:colcon.colcon_core.shell:Creating environment hook '/home/rosubuntu/eurobot_ws/install/eurobot_launch/share/eurobot_launch/hook/cmake_prefix_path.ps1'
[3.121s] INFO:colcon.colcon_core.shell:Creating environment descriptor '/home/rosubuntu/eurobot_ws/install/eurobot_launch/share/eurobot_launch/hook/cmake_prefix_path.dsv'
[3.121s] INFO:colcon.colcon_core.shell:Creating environment hook '/home/rosubuntu/eurobot_ws/install/eurobot_launch/share/eurobot_launch/hook/cmake_prefix_path.sh'
[3.122s] Level 1:colcon.colcon_core.environment:checking '/home/rosubuntu/eurobot_ws/install/eurobot_launch/bin'
[3.122s] Level 1:colcon.colcon_core.environment:checking '/home/rosubuntu/eurobot_ws/install/eurobot_launch/lib/pkgconfig/eurobot_launch.pc'
[3.122s] Level 1:colcon.colcon_core.environment:checking '/home/rosubuntu/eurobot_ws/install/eurobot_launch/lib/python3.10/site-packages'
[3.122s] Level 1:colcon.colcon_core.environment:checking '/home/rosubuntu/eurobot_ws/install/eurobot_launch/bin'
[3.141s] INFO:colcon.colcon_core.shell:Creating package script '/home/rosubuntu/eurobot_ws/install/eurobot_launch/share/eurobot_launch/package.ps1'
[3.142s] INFO:colcon.colcon_core.shell:Creating package descriptor '/home/rosubuntu/eurobot_ws/install/eurobot_launch/share/eurobot_launch/package.dsv'
[3.142s] INFO:colcon.colcon_core.shell:Creating package script '/home/rosubuntu/eurobot_ws/install/eurobot_launch/share/eurobot_launch/package.sh'
[3.143s] INFO:colcon.colcon_core.shell:Creating package script '/home/rosubuntu/eurobot_ws/install/eurobot_launch/share/eurobot_launch/package.bash'
[3.143s] INFO:colcon.colcon_core.shell:Creating package script '/home/rosubuntu/eurobot_ws/install/eurobot_launch/share/eurobot_launch/package.zsh'
[3.143s] Level 1:colcon.colcon_core.environment:create_file_with_runtime_dependencies(/home/rosubuntu/eurobot_ws/install/eurobot_launch/share/colcon-core/packages/eurobot_launch)
[3.144s] DEBUG:colcon.colcon_parallel_executor.executor.parallel:closing loop
[3.144s] DEBUG:colcon.colcon_parallel_executor.executor.parallel:loop closed
[3.144s] DEBUG:colcon.colcon_parallel_executor.executor.parallel:run_until_complete finished with '0'
[3.144s] DEBUG:colcon.colcon_core.event_reactor:joining thread
[3.166s] INFO:colcon.colcon_core.plugin_system:Skipping extension 'colcon_notification.desktop_notification.terminal_notifier': Not used on non-Darwin systems
[3.166s] INFO:colcon.colcon_core.plugin_system:Skipping extension 'colcon_notification.desktop_notification.win32': Not used on non-Windows systems
[3.166s] INFO:colcon.colcon_notification.desktop_notification:Sending desktop notification using 'notify2'
[3.178s] DEBUG:colcon.colcon_core.event_reactor:joined thread
[3.198s] INFO:colcon.colcon_core.shell:Creating prefix script '/home/rosubuntu/eurobot_ws/install/local_setup.ps1'
[3.199s] INFO:colcon.colcon_core.shell:Creating prefix util module '/home/rosubuntu/eurobot_ws/install/_local_setup_util_ps1.py'
[3.200s] INFO:colcon.colcon_core.shell:Creating prefix chain script '/home/rosubuntu/eurobot_ws/install/setup.ps1'
[3.218s] INFO:colcon.colcon_core.shell:Creating prefix script '/home/rosubuntu/eurobot_ws/install/local_setup.sh'
[3.219s] INFO:colcon.colcon_core.shell:Creating prefix util module '/home/rosubuntu/eurobot_ws/install/_local_setup_util_sh.py'
[3.219s] INFO:colcon.colcon_core.shell:Creating prefix chain script '/home/rosubuntu/eurobot_ws/install/setup.sh'
[3.236s] INFO:colcon.colcon_core.shell:Creating prefix script '/home/rosubuntu/eurobot_ws/install/local_setup.bash'
[3.237s] INFO:colcon.colcon_core.shell:Creating prefix chain script '/home/rosubuntu/eurobot_ws/install/setup.bash'
[3.254s] INFO:colcon.colcon_core.shell:Creating prefix script '/home/rosubuntu/eurobot_ws/install/local_setup.zsh'
[3.254s] INFO:colcon.colcon_core.shell:Creating prefix chain script '/home/rosubuntu/eurobot_ws/install/setup.zsh'
