-- The C compiler identification is GNU 11.4.0
-- The CXX compiler identification is GNU 11.4.0
-- Detecting C compiler ABI info
-- Detecting C compiler ABI info - done
-- Check for working C compiler: /usr/bin/cc - skipped
-- Detecting C compile features
-- Detecting C compile features - done
-- Detecting CXX compiler ABI info
-- Detecting CXX compiler ABI info - done
-- Check for working CXX compiler: /usr/bin/c++ - skipped
-- Detecting CXX compile features
-- Detecting CXX compile features - done
-- Found ament_cmake: 1.3.6 (/opt/ros/humble/share/ament_cmake/cmake)
-- Found Python3: /usr/bin/python3.10 (found version "3.10.12") found components: Interpreter 
-- Found controller_interface: 2.35.0 (/opt/ros/humble/share/controller_interface/cmake)
-- Found rosidl_generator_c: 3.1.5 (/opt/ros/humble/share/rosidl_generator_c/cmake)
-- Found rosidl_adapter: 3.1.5 (/opt/ros/humble/share/rosidl_adapter/cmake)
-- Found rosidl_generator_cpp: 3.1.5 (/opt/ros/humble/share/rosidl_generator_cpp/cmake)
-- Using all available rosidl_typesupport_c: rosidl_typesupport_fastrtps_c;rosidl_typesupport_introspection_c
-- Using all available rosidl_typesupport_cpp: rosidl_typesupport_fastrtps_cpp;rosidl_typesupport_introspection_cpp
-- Found rmw_implementation_cmake: 6.1.1 (/opt/ros/humble/share/rmw_implementation_cmake/cmake)
-- Found rmw_fastrtps_cpp: 6.2.5 (/opt/ros/humble/share/rmw_fastrtps_cpp/cmake)
-- Found TinyXML2 via Config file: TinyXML2_DIR-NOTFOUND
-- Found OpenSSL: /usr/lib/x86_64-linux-gnu/libcrypto.so (found version "3.0.2")  
-- Found TinyXML2 via Config file: TinyXML2_DIR-NOTFOUND
-- Found FastRTPS: /opt/ros/humble/include  
-- Found TinyXML2 via Config file: TinyXML2_DIR-NOTFOUND
-- Found TinyXML2 via Config file: TinyXML2_DIR-NOTFOUND
-- Using RMW implementation 'rmw_fastrtps_cpp' as default
-- Looking for pthread.h
-- Looking for pthread.h - found
-- Performing Test CMAKE_HAVE_LIBC_PTHREAD
-- Performing Test CMAKE_HAVE_LIBC_PTHREAD - Success
-- Found Threads: TRUE  
-- Found realtime_tools: 2.5.0 (/opt/ros/humble/share/realtime_tools/cmake)
-- Configuring done
-- Generating done
-- Build files have been written to: /home/rosubuntu/eurobot_ws/build/eurobot_controller
[ 66%] [32mBuilding CXX object CMakeFiles/eurobot_controller.dir/src/eurobot_drive_controller.cpp.o[0m
[ 66%] [32mBuilding CXX object CMakeFiles/eurobot_controller.dir/src/eurobot_wheel.cpp.o[0m
[100%] [32m[1mLinking CXX shared library libeurobot_controller.so[0m
[100%] Built target eurobot_controller
-- Install configuration: ""
-- Installing: /home/rosubuntu/eurobot_ws/install/eurobot_controller/share/eurobot_controller/eurobot_controller.xml
-- Installing: /home/rosubuntu/eurobot_ws/install/eurobot_controller/lib/libeurobot_controller.so
-- Set runtime path of "/home/rosubuntu/eurobot_ws/install/eurobot_controller/lib/libeurobot_controller.so" to ""
-- Installing: /home/rosubuntu/eurobot_ws/install/eurobot_controller/include/include
-- Installing: /home/rosubuntu/eurobot_ws/install/eurobot_controller/include/include/eurobot_controller
-- Installing: /home/rosubuntu/eurobot_ws/install/eurobot_controller/include/include/eurobot_controller/eurobot_controller_compiler.h
-- Installing: /home/rosubuntu/eurobot_ws/install/eurobot_controller/include/include/eurobot_controller/eurobot_drive_controller.hpp
-- Installing: /home/rosubuntu/eurobot_ws/install/eurobot_controller/include/include/eurobot_controller/eurobot_wheel.hpp
-- Installing: /home/rosubuntu/eurobot_ws/install/eurobot_controller/share/eurobot_controller/environment/library_path.sh
-- Installing: /home/rosubuntu/eurobot_ws/install/eurobot_controller/share/eurobot_controller/environment/library_path.dsv
-- Installing: /home/rosubuntu/eurobot_ws/install/eurobot_controller/share/ament_index/resource_index/package_run_dependencies/eurobot_controller
-- Installing: /home/rosubuntu/eurobot_ws/install/eurobot_controller/share/ament_index/resource_index/parent_prefix_path/eurobot_controller
-- Installing: /home/rosubuntu/eurobot_ws/install/eurobot_controller/share/eurobot_controller/environment/ament_prefix_path.sh
-- Installing: /home/rosubuntu/eurobot_ws/install/eurobot_controller/share/eurobot_controller/environment/ament_prefix_path.dsv
-- Installing: /home/rosubuntu/eurobot_ws/install/eurobot_controller/share/eurobot_controller/environment/path.sh
-- Installing: /home/rosubuntu/eurobot_ws/install/eurobot_controller/share/eurobot_controller/environment/path.dsv
-- Installing: /home/rosubuntu/eurobot_ws/install/eurobot_controller/share/eurobot_controller/local_setup.bash
-- Installing: /home/rosubuntu/eurobot_ws/install/eurobot_controller/share/eurobot_controller/local_setup.sh
-- Installing: /home/rosubuntu/eurobot_ws/install/eurobot_controller/share/eurobot_controller/local_setup.zsh
-- Installing: /home/rosubuntu/eurobot_ws/install/eurobot_controller/share/eurobot_controller/local_setup.dsv
-- Installing: /home/rosubuntu/eurobot_ws/install/eurobot_controller/share/eurobot_controller/package.dsv
-- Installing: /home/rosubuntu/eurobot_ws/install/eurobot_controller/share/ament_index/resource_index/packages/eurobot_controller
-- Installing: /home/rosubuntu/eurobot_ws/install/eurobot_controller/share/ament_index/resource_index/controller_interface__pluginlib__plugin/eurobot_controller
-- Installing: /home/rosubuntu/eurobot_ws/install/eurobot_controller/share/eurobot_controller/cmake/ament_cmake_export_include_directories-extras.cmake
-- Installing: /home/rosubuntu/eurobot_ws/install/eurobot_controller/share/eurobot_controller/cmake/ament_cmake_export_libraries-extras.cmake
-- Installing: /home/rosubuntu/eurobot_ws/install/eurobot_controller/share/eurobot_controller/cmake/ament_cmake_export_dependencies-extras.cmake
-- Installing: /home/rosubuntu/eurobot_ws/install/eurobot_controller/share/eurobot_controller/cmake/eurobot_controllerConfig.cmake
-- Installing: /home/rosubuntu/eurobot_ws/install/eurobot_controller/share/eurobot_controller/cmake/eurobot_controllerConfig-version.cmake
-- Installing: /home/rosubuntu/eurobot_ws/install/eurobot_controller/share/eurobot_controller/package.xml
