[0.187s] Invoking command in '/home/rosubuntu/eurobot_ws/build/eurobot_controller': CMAKE_PREFIX_PATH=/opt/ros/humble /usr/bin/cmake /home/rosubuntu/eurobot_ws/src/eurobot_controller -DCMAKE_INSTALL_PREFIX=/home/rosubuntu/eurobot_ws/install/eurobot_controller
[0.237s] -- The C compiler identification is GNU 11.4.0
[0.314s] -- The CXX compiler identification is GNU 11.4.0
[0.324s] -- Detecting C compiler ABI info
[0.400s] -- Detecting C compiler ABI info - done
[0.412s] -- Check for working C compiler: /usr/bin/cc - skipped
[0.414s] -- Detecting C compile features
[0.414s] -- Detecting C compile features - done
[0.417s] -- Detecting CXX compiler ABI info
[0.526s] -- Detecting CXX compiler ABI info - done
[0.540s] -- Check for working CXX compiler: /usr/bin/c++ - skipped
[0.541s] -- Detecting CXX compile features
[0.542s] -- Detecting CXX compile features - done
[0.544s] -- Found ament_cmake: 1.3.6 (/opt/ros/humble/share/ament_cmake/cmake)
[0.749s] -- Found Python3: /usr/bin/python3.10 (found version "3.10.12") found components: Interpreter 
[0.871s] -- Found controller_interface: 2.35.0 (/opt/ros/humble/share/controller_interface/cmake)
[0.925s] -- Found rosidl_generator_c: 3.1.5 (/opt/ros/humble/share/rosidl_generator_c/cmake)
[0.933s] -- Found rosidl_adapter: 3.1.5 (/opt/ros/humble/share/rosidl_adapter/cmake)
[0.945s] -- Found rosidl_generator_cpp: 3.1.5 (/opt/ros/humble/share/rosidl_generator_cpp/cmake)
[0.967s] -- Using all available rosidl_typesupport_c: rosidl_typesupport_fastrtps_c;rosidl_typesupport_introspection_c
[0.989s] -- Using all available rosidl_typesupport_cpp: rosidl_typesupport_fastrtps_cpp;rosidl_typesupport_introspection_cpp
[1.794s] -- Found rmw_implementation_cmake: 6.1.1 (/opt/ros/humble/share/rmw_implementation_cmake/cmake)
[1.798s] -- Found rmw_fastrtps_cpp: 6.2.5 (/opt/ros/humble/share/rmw_fastrtps_cpp/cmake)
[1.859s] -- Found TinyXML2 via Config file: TinyXML2_DIR-NOTFOUND
[1.916s] -- Found OpenSSL: /usr/lib/x86_64-linux-gnu/libcrypto.so (found version "3.0.2")  
[1.919s] -- Found TinyXML2 via Config file: TinyXML2_DIR-NOTFOUND
[1.933s] -- Found FastRTPS: /opt/ros/humble/include  
[1.948s] -- Found TinyXML2 via Config file: TinyXML2_DIR-NOTFOUND
[1.959s] -- Found TinyXML2 via Config file: TinyXML2_DIR-NOTFOUND
[1.974s] -- Using RMW implementation 'rmw_fastrtps_cpp' as default
[1.989s] -- Looking for pthread.h
[2.097s] -- Looking for pthread.h - found
[2.098s] -- Performing Test CMAKE_HAVE_LIBC_PTHREAD
[2.186s] -- Performing Test CMAKE_HAVE_LIBC_PTHREAD - Success
[2.188s] -- Found Threads: TRUE  
[2.649s] -- Found realtime_tools: 2.5.0 (/opt/ros/humble/share/realtime_tools/cmake)
[3.029s] -- Configuring done
[3.055s] -- Generating done
[3.058s] -- Build files have been written to: /home/rosubuntu/eurobot_ws/build/eurobot_controller
[3.070s] Invoked command in '/home/rosubuntu/eurobot_ws/build/eurobot_controller' returned '0': CMAKE_PREFIX_PATH=/opt/ros/humble /usr/bin/cmake /home/rosubuntu/eurobot_ws/src/eurobot_controller -DCMAKE_INSTALL_PREFIX=/home/rosubuntu/eurobot_ws/install/eurobot_controller
[3.071s] Invoking command in '/home/rosubuntu/eurobot_ws/build/eurobot_controller': CMAKE_PREFIX_PATH=/opt/ros/humble /usr/bin/cmake --build /home/rosubuntu/eurobot_ws/build/eurobot_controller -- -j8 -l8
[3.117s] [ 66%] [32mBuilding CXX object CMakeFiles/eurobot_controller.dir/src/eurobot_drive_controller.cpp.o[0m
[3.117s] [ 66%] [32mBuilding CXX object CMakeFiles/eurobot_controller.dir/src/eurobot_wheel.cpp.o[0m
[13.534s] [100%] [32m[1mLinking CXX shared library libeurobot_controller.so[0m
[13.964s] [100%] Built target eurobot_controller
[13.973s] Invoked command in '/home/rosubuntu/eurobot_ws/build/eurobot_controller' returned '0': CMAKE_PREFIX_PATH=/opt/ros/humble /usr/bin/cmake --build /home/rosubuntu/eurobot_ws/build/eurobot_controller -- -j8 -l8
[13.993s] Invoking command in '/home/rosubuntu/eurobot_ws/build/eurobot_controller': CMAKE_PREFIX_PATH=/opt/ros/humble /usr/bin/cmake --install /home/rosubuntu/eurobot_ws/build/eurobot_controller
[14.000s] -- Install configuration: ""
[14.000s] -- Installing: /home/rosubuntu/eurobot_ws/install/eurobot_controller/share/eurobot_controller/eurobot_controller.xml
[14.000s] -- Installing: /home/rosubuntu/eurobot_ws/install/eurobot_controller/lib/libeurobot_controller.so
[14.006s] -- Set runtime path of "/home/rosubuntu/eurobot_ws/install/eurobot_controller/lib/libeurobot_controller.so" to ""
[14.006s] -- Installing: /home/rosubuntu/eurobot_ws/install/eurobot_controller/include/include
[14.007s] -- Installing: /home/rosubuntu/eurobot_ws/install/eurobot_controller/include/include/eurobot_controller
[14.007s] -- Installing: /home/rosubuntu/eurobot_ws/install/eurobot_controller/include/include/eurobot_controller/eurobot_controller_compiler.h
[14.007s] -- Installing: /home/rosubuntu/eurobot_ws/install/eurobot_controller/include/include/eurobot_controller/eurobot_drive_controller.hpp
[14.007s] -- Installing: /home/rosubuntu/eurobot_ws/install/eurobot_controller/include/include/eurobot_controller/eurobot_wheel.hpp
[14.007s] -- Installing: /home/rosubuntu/eurobot_ws/install/eurobot_controller/share/eurobot_controller/environment/library_path.sh
[14.007s] -- Installing: /home/rosubuntu/eurobot_ws/install/eurobot_controller/share/eurobot_controller/environment/library_path.dsv
[14.007s] -- Installing: /home/rosubuntu/eurobot_ws/install/eurobot_controller/share/ament_index/resource_index/package_run_dependencies/eurobot_controller
[14.007s] -- Installing: /home/rosubuntu/eurobot_ws/install/eurobot_controller/share/ament_index/resource_index/parent_prefix_path/eurobot_controller
[14.007s] -- Installing: /home/rosubuntu/eurobot_ws/install/eurobot_controller/share/eurobot_controller/environment/ament_prefix_path.sh
[14.007s] -- Installing: /home/rosubuntu/eurobot_ws/install/eurobot_controller/share/eurobot_controller/environment/ament_prefix_path.dsv
[14.007s] -- Installing: /home/rosubuntu/eurobot_ws/install/eurobot_controller/share/eurobot_controller/environment/path.sh
[14.007s] -- Installing: /home/rosubuntu/eurobot_ws/install/eurobot_controller/share/eurobot_controller/environment/path.dsv
[14.007s] -- Installing: /home/rosubuntu/eurobot_ws/install/eurobot_controller/share/eurobot_controller/local_setup.bash
[14.008s] -- Installing: /home/rosubuntu/eurobot_ws/install/eurobot_controller/share/eurobot_controller/local_setup.sh
[14.008s] -- Installing: /home/rosubuntu/eurobot_ws/install/eurobot_controller/share/eurobot_controller/local_setup.zsh
[14.008s] -- Installing: /home/rosubuntu/eurobot_ws/install/eurobot_controller/share/eurobot_controller/local_setup.dsv
[14.008s] -- Installing: /home/rosubuntu/eurobot_ws/install/eurobot_controller/share/eurobot_controller/package.dsv
[14.008s] -- Installing: /home/rosubuntu/eurobot_ws/install/eurobot_controller/share/ament_index/resource_index/packages/eurobot_controller
[14.008s] -- Installing: /home/rosubuntu/eurobot_ws/install/eurobot_controller/share/ament_index/resource_index/controller_interface__pluginlib__plugin/eurobot_controller
[14.008s] -- Installing: /home/rosubuntu/eurobot_ws/install/eurobot_controller/share/eurobot_controller/cmake/ament_cmake_export_include_directories-extras.cmake
[14.008s] -- Installing: /home/rosubuntu/eurobot_ws/install/eurobot_controller/share/eurobot_controller/cmake/ament_cmake_export_libraries-extras.cmake
[14.008s] -- Installing: /home/rosubuntu/eurobot_ws/install/eurobot_controller/share/eurobot_controller/cmake/ament_cmake_export_dependencies-extras.cmake
[14.008s] -- Installing: /home/rosubuntu/eurobot_ws/install/eurobot_controller/share/eurobot_controller/cmake/eurobot_controllerConfig.cmake
[14.008s] -- Installing: /home/rosubuntu/eurobot_ws/install/eurobot_controller/share/eurobot_controller/cmake/eurobot_controllerConfig-version.cmake
[14.009s] -- Installing: /home/rosubuntu/eurobot_ws/install/eurobot_controller/share/eurobot_controller/package.xml
[14.010s] Invoked command in '/home/rosubuntu/eurobot_ws/build/eurobot_controller' returned '0': CMAKE_PREFIX_PATH=/opt/ros/humble /usr/bin/cmake --install /home/rosubuntu/eurobot_ws/build/eurobot_controller
