[0.271s] Invoking command in '/home/rosubuntu/eurobot_ws/build/eurobot_description': CMAKE_PREFIX_PATH=/opt/ros/humble /usr/bin/cmake /home/rosubuntu/eurobot_ws/src/eurobot_description -DCMAKE_INSTALL_PREFIX=/home/rosubuntu/eurobot_ws/install/eurobot_description
[0.335s] -- The C compiler identification is GNU 11.4.0
[0.390s] -- The CXX compiler identification is GNU 11.4.0
[0.399s] -- Detecting C compiler ABI info
[0.480s] -- Detecting C compiler ABI info - done
[0.494s] -- Check for working C compiler: /usr/bin/cc - skipped
[0.494s] -- Detecting C compile features
[0.495s] -- Detecting C compile features - done
[0.499s] -- Detecting CXX compiler ABI info
[0.616s] -- Detecting CXX compiler ABI info - done
[0.630s] -- Check for working CXX compiler: /usr/bin/c++ - skipped
[0.631s] -- Detecting CXX compile features
[0.631s] -- Detecting CXX compile features - done
[0.634s] -- Found ament_cmake: 1.3.6 (/opt/ros/humble/share/ament_cmake/cmake)
[0.865s] -- Found Python3: /usr/bin/python3.10 (found version "3.10.12") found components: Interpreter 
[0.980s] -- Found urdf: 2.6.0 (/opt/ros/humble/share/urdf/cmake)
[1.052s] -- Found xacro: 2.0.8 (/opt/ros/humble/share/xacro/cmake)
[1.122s] -- Configuring done
[1.126s] -- Generating done
[1.127s] -- Build files have been written to: /home/rosubuntu/eurobot_ws/build/eurobot_description
[1.137s] Invoked command in '/home/rosubuntu/eurobot_ws/build/eurobot_description' returned '0': CMAKE_PREFIX_PATH=/opt/ros/humble /usr/bin/cmake /home/rosubuntu/eurobot_ws/src/eurobot_description -DCMAKE_INSTALL_PREFIX=/home/rosubuntu/eurobot_ws/install/eurobot_description
[1.137s] Invoking command in '/home/rosubuntu/eurobot_ws/build/eurobot_description': CMAKE_PREFIX_PATH=/opt/ros/humble /usr/bin/cmake --build /home/rosubuntu/eurobot_ws/build/eurobot_description -- -j8 -l8
[1.173s] Invoked command in '/home/rosubuntu/eurobot_ws/build/eurobot_description' returned '0': CMAKE_PREFIX_PATH=/opt/ros/humble /usr/bin/cmake --build /home/rosubuntu/eurobot_ws/build/eurobot_description -- -j8 -l8
[1.315s] Invoking command in '/home/rosubuntu/eurobot_ws/build/eurobot_description': CMAKE_PREFIX_PATH=/opt/ros/humble /usr/bin/cmake --install /home/rosubuntu/eurobot_ws/build/eurobot_description
[1.324s] -- Install configuration: ""
[1.324s] -- Installing: /home/rosubuntu/eurobot_ws/install/eurobot_description/share/eurobot_description/urdf
[1.324s] -- Installing: /home/rosubuntu/eurobot_ws/install/eurobot_description/share/eurobot_description/urdf/tiges.xacro
[1.324s] -- Installing: /home/rosubuntu/eurobot_ws/install/eurobot_description/share/eurobot_description/urdf/outils.xacro
[1.325s] -- Installing: /home/rosubuntu/eurobot_ws/install/eurobot_description/share/eurobot_description/urdf/materials.xacro
[1.325s] -- Installing: /home/rosubuntu/eurobot_ws/install/eurobot_description/share/eurobot_description/urdf/base_robot.xacro
[1.325s] -- Installing: /home/rosubuntu/eurobot_ws/install/eurobot_description/share/eurobot_description/urdf/mon_robot.urdf.xacro
[1.325s] -- Installing: /home/rosubuntu/eurobot_ws/install/eurobot_description/share/eurobot_description/urdf/LiDAR.xacro
[1.325s] -- Installing: /home/rosubuntu/eurobot_ws/install/eurobot_description/share/eurobot_description/urdf/camera.xacro
[1.325s] -- Installing: /home/rosubuntu/eurobot_ws/install/eurobot_description/share/eurobot_description/urdf/roue_mecanum.xacro
[1.325s] -- Installing: /home/rosubuntu/eurobot_ws/install/eurobot_description/share/eurobot_description/rviz
[1.326s] -- Installing: /home/rosubuntu/eurobot_ws/install/eurobot_description/share/eurobot_description/rviz/model.rviz
[1.326s] -- Installing: /home/rosubuntu/eurobot_ws/install/eurobot_description/share/eurobot_description/config
[1.326s] -- Installing: /home/rosubuntu/eurobot_ws/install/eurobot_description/share/eurobot_description/config/controller_config.yaml
[1.326s] -- Installing: /home/rosubuntu/eurobot_ws/install/eurobot_description/share/eurobot_description/gazebo
[1.326s] -- Installing: /home/rosubuntu/eurobot_ws/install/eurobot_description/share/eurobot_description/gazebo/gazebo_control.xacro
[1.326s] -- Installing: /home/rosubuntu/eurobot_ws/install/eurobot_description/share/eurobot_description/gazebo/robot.urdf.xacro
[1.327s] -- Installing: /home/rosubuntu/eurobot_ws/install/eurobot_description/share/ament_index/resource_index/package_run_dependencies/eurobot_description
[1.327s] -- Installing: /home/rosubuntu/eurobot_ws/install/eurobot_description/share/ament_index/resource_index/parent_prefix_path/eurobot_description
[1.327s] -- Installing: /home/rosubuntu/eurobot_ws/install/eurobot_description/share/eurobot_description/environment/ament_prefix_path.sh
[1.327s] -- Installing: /home/rosubuntu/eurobot_ws/install/eurobot_description/share/eurobot_description/environment/ament_prefix_path.dsv
[1.327s] -- Installing: /home/rosubuntu/eurobot_ws/install/eurobot_description/share/eurobot_description/environment/path.sh
[1.327s] -- Installing: /home/rosubuntu/eurobot_ws/install/eurobot_description/share/eurobot_description/environment/path.dsv
[1.327s] -- Installing: /home/rosubuntu/eurobot_ws/install/eurobot_description/share/eurobot_description/local_setup.bash
[1.327s] -- Installing: /home/rosubuntu/eurobot_ws/install/eurobot_description/share/eurobot_description/local_setup.sh
[1.327s] -- Installing: /home/rosubuntu/eurobot_ws/install/eurobot_description/share/eurobot_description/local_setup.zsh
[1.328s] -- Installing: /home/rosubuntu/eurobot_ws/install/eurobot_description/share/eurobot_description/local_setup.dsv
[1.328s] -- Installing: /home/rosubuntu/eurobot_ws/install/eurobot_description/share/eurobot_description/package.dsv
[1.328s] -- Installing: /home/rosubuntu/eurobot_ws/install/eurobot_description/share/ament_index/resource_index/packages/eurobot_description
[1.328s] -- Installing: /home/rosubuntu/eurobot_ws/install/eurobot_description/share/eurobot_description/cmake/eurobot_descriptionConfig.cmake
[1.328s] -- Installing: /home/rosubuntu/eurobot_ws/install/eurobot_description/share/eurobot_description/cmake/eurobot_descriptionConfig-version.cmake
[1.328s] -- Installing: /home/rosubuntu/eurobot_ws/install/eurobot_description/share/eurobot_description/package.xml
[1.330s] Invoked command in '/home/rosubuntu/eurobot_ws/build/eurobot_description' returned '0': CMAKE_PREFIX_PATH=/opt/ros/humble /usr/bin/cmake --install /home/rosubuntu/eurobot_ws/build/eurobot_description
