[ 33%] [32mBuilding CXX object CMakeFiles/eurobot_hardware.dir/src/eurobot_hardware.cpp.o[0m
[ 66%] [32mBuilding CXX object CMakeFiles/eurobot_hardware.dir/src/eurobot_serial_port.cpp.o[0m
[100%] [32m[1mLinking CXX shared library libeurobot_hardware.so[0m
[100%] Built target eurobot_hardware
-- Install configuration: ""
-- Up-to-date: /home/rosubuntu/eurobot_ws/install/eurobot_hardware/share/eurobot_hardware/eurobot_hardware.xml
-- Installing: /home/rosubuntu/eurobot_ws/install/eurobot_hardware/lib/libeurobot_hardware.so
-- Set runtime path of "/home/rosubuntu/eurobot_ws/install/eurobot_hardware/lib/libeurobot_hardware.so" to ""
-- Up-to-date: /home/rosubuntu/eurobot_ws/install/eurobot_hardware/include/include
-- Up-to-date: /home/rosubuntu/eurobot_ws/install/eurobot_hardware/include/include/eurobot_hardware
-- Up-to-date: /home/rosubuntu/eurobot_ws/install/eurobot_hardware/include/include/eurobot_hardware/eurobot_serial_port.hpp
-- Up-to-date: /home/rosubuntu/eurobot_ws/install/eurobot_hardware/include/include/eurobot_hardware/eurobot_hardware_compiler.h
-- Up-to-date: /home/rosubuntu/eurobot_ws/install/eurobot_hardware/include/include/eurobot_hardware/eurobot_hardware.hpp
-- Up-to-date: /home/rosubuntu/eurobot_ws/install/eurobot_hardware/share/eurobot_hardware/environment/library_path.sh
-- Up-to-date: /home/rosubuntu/eurobot_ws/install/eurobot_hardware/share/eurobot_hardware/environment/library_path.dsv
-- Up-to-date: /home/rosubuntu/eurobot_ws/install/eurobot_hardware/share/ament_index/resource_index/package_run_dependencies/eurobot_hardware
-- Up-to-date: /home/rosubuntu/eurobot_ws/install/eurobot_hardware/share/ament_index/resource_index/parent_prefix_path/eurobot_hardware
-- Up-to-date: /home/rosubuntu/eurobot_ws/install/eurobot_hardware/share/eurobot_hardware/environment/ament_prefix_path.sh
-- Up-to-date: /home/rosubuntu/eurobot_ws/install/eurobot_hardware/share/eurobot_hardware/environment/ament_prefix_path.dsv
-- Up-to-date: /home/rosubuntu/eurobot_ws/install/eurobot_hardware/share/eurobot_hardware/environment/path.sh
-- Up-to-date: /home/rosubuntu/eurobot_ws/install/eurobot_hardware/share/eurobot_hardware/environment/path.dsv
-- Up-to-date: /home/rosubuntu/eurobot_ws/install/eurobot_hardware/share/eurobot_hardware/local_setup.bash
-- Up-to-date: /home/rosubuntu/eurobot_ws/install/eurobot_hardware/share/eurobot_hardware/local_setup.sh
-- Up-to-date: /home/rosubuntu/eurobot_ws/install/eurobot_hardware/share/eurobot_hardware/local_setup.zsh
-- Up-to-date: /home/rosubuntu/eurobot_ws/install/eurobot_hardware/share/eurobot_hardware/local_setup.dsv
-- Installing: /home/rosubuntu/eurobot_ws/install/eurobot_hardware/share/eurobot_hardware/package.dsv
-- Up-to-date: /home/rosubuntu/eurobot_ws/install/eurobot_hardware/share/ament_index/resource_index/packages/eurobot_hardware
-- Up-to-date: /home/rosubuntu/eurobot_ws/install/eurobot_hardware/share/ament_index/resource_index/hardware_interface__pluginlib__plugin/eurobot_hardware
-- Up-to-date: /home/rosubuntu/eurobot_ws/install/eurobot_hardware/share/eurobot_hardware/cmake/ament_cmake_export_include_directories-extras.cmake
-- Up-to-date: /home/rosubuntu/eurobot_ws/install/eurobot_hardware/share/eurobot_hardware/cmake/ament_cmake_export_libraries-extras.cmake
-- Up-to-date: /home/rosubuntu/eurobot_ws/install/eurobot_hardware/share/eurobot_hardware/cmake/ament_cmake_export_dependencies-extras.cmake
-- Up-to-date: /home/rosubuntu/eurobot_ws/install/eurobot_hardware/share/eurobot_hardware/cmake/eurobot_hardwareConfig.cmake
-- Up-to-date: /home/rosubuntu/eurobot_ws/install/eurobot_hardware/share/eurobot_hardware/cmake/eurobot_hardwareConfig-version.cmake
-- Up-to-date: /home/rosubuntu/eurobot_ws/install/eurobot_hardware/share/eurobot_hardware/package.xml
