-- Install configuration: ""
-- Up-to-date: /home/rosubuntu/eurobot_ws/install/mon_pkg_robot/share/mon_pkg_robot/description
-- Up-to-date: /home/rosubuntu/eurobot_ws/install/mon_pkg_robot/share/mon_pkg_robot/description/gazebo_control.xacro
-- Up-to-date: /home/rosubuntu/eurobot_ws/install/mon_pkg_robot/share/mon_pkg_robot/description/urdf
-- Up-to-date: /home/rosubuntu/eurobot_ws/install/mon_pkg_robot/share/mon_pkg_robot/description/urdf/tiges.xacro
-- Up-to-date: /home/rosubuntu/eurobot_ws/install/mon_pkg_robot/share/mon_pkg_robot/description/urdf/outils.xacro
-- Up-to-date: /home/rosubuntu/eurobot_ws/install/mon_pkg_robot/share/mon_pkg_robot/description/urdf/materials.xacro
-- Up-to-date: /home/rosubuntu/eurobot_ws/install/mon_pkg_robot/share/mon_pkg_robot/description/urdf/base_robot.xacro
-- Up-to-date: /home/rosubuntu/eurobot_ws/install/mon_pkg_robot/share/mon_pkg_robot/description/urdf/mon_robot.urdf.xacro
-- Up-to-date: /home/rosubuntu/eurobot_ws/install/mon_pkg_robot/share/mon_pkg_robot/description/urdf/LiDAR.xacro
-- Up-to-date: /home/rosubuntu/eurobot_ws/install/mon_pkg_robot/share/mon_pkg_robot/description/urdf/camera.xacro
-- Up-to-date: /home/rosubuntu/eurobot_ws/install/mon_pkg_robot/share/mon_pkg_robot/description/urdf/roue_mecanum.xacro
-- Up-to-date: /home/rosubuntu/eurobot_ws/install/mon_pkg_robot/share/mon_pkg_robot/description/robot.urdf.xacro
-- Up-to-date: /home/rosubuntu/eurobot_ws/install/mon_pkg_robot/share/mon_pkg_robot/description/ros2_control.xacro
-- Up-to-date: /home/rosubuntu/eurobot_ws/install/mon_pkg_robot/share/mon_pkg_robot/description/rviz
-- Up-to-date: /home/rosubuntu/eurobot_ws/install/mon_pkg_robot/share/mon_pkg_robot/launch
-- Up-to-date: /home/rosubuntu/eurobot_ws/install/mon_pkg_robot/share/mon_pkg_robot/launch/sim.launch.py
-- Up-to-date: /home/rosubuntu/eurobot_ws/install/mon_pkg_robot/share/mon_pkg_robot/launch/gpt.launch.py
-- Up-to-date: /home/rosubuntu/eurobot_ws/install/mon_pkg_robot/share/mon_pkg_robot/launch/launch_sim.launch.py
-- Up-to-date: /home/rosubuntu/eurobot_ws/install/mon_pkg_robot/share/mon_pkg_robot/config
-- Up-to-date: /home/rosubuntu/eurobot_ws/install/mon_pkg_robot/share/mon_pkg_robot/config/my_controllers.yaml
-- Up-to-date: /home/rosubuntu/eurobot_ws/install/mon_pkg_robot/share/mon_pkg_robot/config/controllers.yaml
-- Up-to-date: /home/rosubuntu/eurobot_ws/install/mon_pkg_robot/share/mon_pkg_robot/config/hardware.yaml
-- Up-to-date: /home/rosubuntu/eurobot_ws/install/mon_pkg_robot/share/ament_index/resource_index/package_run_dependencies/mon_pkg_robot
-- Up-to-date: /home/rosubuntu/eurobot_ws/install/mon_pkg_robot/share/ament_index/resource_index/parent_prefix_path/mon_pkg_robot
-- Up-to-date: /home/rosubuntu/eurobot_ws/install/mon_pkg_robot/share/mon_pkg_robot/environment/ament_prefix_path.sh
-- Up-to-date: /home/rosubuntu/eurobot_ws/install/mon_pkg_robot/share/mon_pkg_robot/environment/ament_prefix_path.dsv
-- Up-to-date: /home/rosubuntu/eurobot_ws/install/mon_pkg_robot/share/mon_pkg_robot/environment/path.sh
-- Up-to-date: /home/rosubuntu/eurobot_ws/install/mon_pkg_robot/share/mon_pkg_robot/environment/path.dsv
-- Up-to-date: /home/rosubuntu/eurobot_ws/install/mon_pkg_robot/share/mon_pkg_robot/local_setup.bash
-- Up-to-date: /home/rosubuntu/eurobot_ws/install/mon_pkg_robot/share/mon_pkg_robot/local_setup.sh
-- Up-to-date: /home/rosubuntu/eurobot_ws/install/mon_pkg_robot/share/mon_pkg_robot/local_setup.zsh
-- Up-to-date: /home/rosubuntu/eurobot_ws/install/mon_pkg_robot/share/mon_pkg_robot/local_setup.dsv
-- Up-to-date: /home/rosubuntu/eurobot_ws/install/mon_pkg_robot/share/mon_pkg_robot/package.dsv
-- Up-to-date: /home/rosubuntu/eurobot_ws/install/mon_pkg_robot/share/ament_index/resource_index/packages/mon_pkg_robot
-- Up-to-date: /home/rosubuntu/eurobot_ws/install/mon_pkg_robot/share/mon_pkg_robot/cmake/mon_pkg_robotConfig.cmake
-- Up-to-date: /home/rosubuntu/eurobot_ws/install/mon_pkg_robot/share/mon_pkg_robot/cmake/mon_pkg_robotConfig-version.cmake
-- Up-to-date: /home/rosubuntu/eurobot_ws/install/mon_pkg_robot/share/mon_pkg_robot/package.xml
