[0.076s] Invoking command in '/home/rosubuntu/eurobot_ws/build/mon_pkg_robot': CMAKE_PREFIX_PATH=${CMAKE_PREFIX_PATH}:/opt/ros/humble /usr/bin/cmake --build /home/rosubuntu/eurobot_ws/build/mon_pkg_robot -- -j8 -l8
[0.116s] Invoked command in '/home/rosubuntu/eurobot_ws/build/mon_pkg_robot' returned '0': CMAKE_PREFIX_PATH=${CMAKE_PREFIX_PATH}:/opt/ros/humble /usr/bin/cmake --build /home/rosubuntu/eurobot_ws/build/mon_pkg_robot -- -j8 -l8
[0.138s] Invoking command in '/home/rosubuntu/eurobot_ws/build/mon_pkg_robot': CMAKE_PREFIX_PATH=${CMAKE_PREFIX_PATH}:/opt/ros/humble /usr/bin/cmake --install /home/rosubuntu/eurobot_ws/build/mon_pkg_robot
[0.145s] -- Install configuration: ""
[0.145s] -- Up-to-date: /home/rosubuntu/eurobot_ws/install/mon_pkg_robot/share/mon_pkg_robot/description
[0.145s] -- Up-to-date: /home/rosubuntu/eurobot_ws/install/mon_pkg_robot/share/mon_pkg_robot/description/gazebo_control.xacro
[0.146s] -- Up-to-date: /home/rosubuntu/eurobot_ws/install/mon_pkg_robot/share/mon_pkg_robot/description/urdf
[0.146s] -- Up-to-date: /home/rosubuntu/eurobot_ws/install/mon_pkg_robot/share/mon_pkg_robot/description/urdf/tiges.xacro
[0.147s] -- Up-to-date: /home/rosubuntu/eurobot_ws/install/mon_pkg_robot/share/mon_pkg_robot/description/urdf/outils.xacro
[0.147s] -- Up-to-date: /home/rosubuntu/eurobot_ws/install/mon_pkg_robot/share/mon_pkg_robot/description/urdf/materials.xacro
[0.147s] -- Up-to-date: /home/rosubuntu/eurobot_ws/install/mon_pkg_robot/share/mon_pkg_robot/description/urdf/base_robot.xacro
[0.147s] -- Up-to-date: /home/rosubuntu/eurobot_ws/install/mon_pkg_robot/share/mon_pkg_robot/description/urdf/mon_robot.urdf.xacro
[0.147s] -- Up-to-date: /home/rosubuntu/eurobot_ws/install/mon_pkg_robot/share/mon_pkg_robot/description/urdf/LiDAR.xacro
[0.147s] -- Up-to-date: /home/rosubuntu/eurobot_ws/install/mon_pkg_robot/share/mon_pkg_robot/description/urdf/camera.xacro
[0.147s] -- Up-to-date: /home/rosubuntu/eurobot_ws/install/mon_pkg_robot/share/mon_pkg_robot/description/urdf/roue_mecanum.xacro
[0.147s] -- Up-to-date: /home/rosubuntu/eurobot_ws/install/mon_pkg_robot/share/mon_pkg_robot/description/robot.urdf.xacro
[0.148s] -- Up-to-date: /home/rosubuntu/eurobot_ws/install/mon_pkg_robot/share/mon_pkg_robot/description/ros2_control.xacro
[0.148s] -- Up-to-date: /home/rosubuntu/eurobot_ws/install/mon_pkg_robot/share/mon_pkg_robot/description/rviz
[0.148s] -- Up-to-date: /home/rosubuntu/eurobot_ws/install/mon_pkg_robot/share/mon_pkg_robot/launch
[0.149s] -- Up-to-date: /home/rosubuntu/eurobot_ws/install/mon_pkg_robot/share/mon_pkg_robot/launch/sim.launch.py
[0.149s] -- Up-to-date: /home/rosubuntu/eurobot_ws/install/mon_pkg_robot/share/mon_pkg_robot/launch/gpt.launch.py
[0.149s] -- Up-to-date: /home/rosubuntu/eurobot_ws/install/mon_pkg_robot/share/mon_pkg_robot/launch/launch_sim.launch.py
[0.149s] -- Up-to-date: /home/rosubuntu/eurobot_ws/install/mon_pkg_robot/share/mon_pkg_robot/config
[0.149s] -- Up-to-date: /home/rosubuntu/eurobot_ws/install/mon_pkg_robot/share/mon_pkg_robot/config/my_controllers.yaml
[0.149s] -- Up-to-date: /home/rosubuntu/eurobot_ws/install/mon_pkg_robot/share/mon_pkg_robot/config/controllers.yaml
[0.149s] -- Up-to-date: /home/rosubuntu/eurobot_ws/install/mon_pkg_robot/share/mon_pkg_robot/config/hardware.yaml
[0.150s] -- Up-to-date: /home/rosubuntu/eurobot_ws/install/mon_pkg_robot/share/ament_index/resource_index/package_run_dependencies/mon_pkg_robot
[0.150s] -- Up-to-date: /home/rosubuntu/eurobot_ws/install/mon_pkg_robot/share/ament_index/resource_index/parent_prefix_path/mon_pkg_robot
[0.150s] -- Up-to-date: /home/rosubuntu/eurobot_ws/install/mon_pkg_robot/share/mon_pkg_robot/environment/ament_prefix_path.sh
[0.150s] -- Up-to-date: /home/rosubuntu/eurobot_ws/install/mon_pkg_robot/share/mon_pkg_robot/environment/ament_prefix_path.dsv
[0.150s] -- Up-to-date: /home/rosubuntu/eurobot_ws/install/mon_pkg_robot/share/mon_pkg_robot/environment/path.sh
[0.150s] -- Up-to-date: /home/rosubuntu/eurobot_ws/install/mon_pkg_robot/share/mon_pkg_robot/environment/path.dsv
[0.150s] -- Up-to-date: /home/rosubuntu/eurobot_ws/install/mon_pkg_robot/share/mon_pkg_robot/local_setup.bash
[0.150s] -- Up-to-date: /home/rosubuntu/eurobot_ws/install/mon_pkg_robot/share/mon_pkg_robot/local_setup.sh
[0.151s] -- Up-to-date: /home/rosubuntu/eurobot_ws/install/mon_pkg_robot/share/mon_pkg_robot/local_setup.zsh
[0.151s] -- Up-to-date: /home/rosubuntu/eurobot_ws/install/mon_pkg_robot/share/mon_pkg_robot/local_setup.dsv
[0.151s] -- Up-to-date: /home/rosubuntu/eurobot_ws/install/mon_pkg_robot/share/mon_pkg_robot/package.dsv
[0.152s] -- Up-to-date: /home/rosubuntu/eurobot_ws/install/mon_pkg_robot/share/ament_index/resource_index/packages/mon_pkg_robot
[0.153s] -- Up-to-date: /home/rosubuntu/eurobot_ws/install/mon_pkg_robot/share/mon_pkg_robot/cmake/mon_pkg_robotConfig.cmake
[0.153s] -- Up-to-date: /home/rosubuntu/eurobot_ws/install/mon_pkg_robot/share/mon_pkg_robot/cmake/mon_pkg_robotConfig-version.cmake
[0.153s] -- Up-to-date: /home/rosubuntu/eurobot_ws/install/mon_pkg_robot/share/mon_pkg_robot/package.xml
[0.216s] Invoked command in '/home/rosubuntu/eurobot_ws/build/mon_pkg_robot' returned '0': CMAKE_PREFIX_PATH=${CMAKE_PREFIX_PATH}:/opt/ros/humble /usr/bin/cmake --install /home/rosubuntu/eurobot_ws/build/mon_pkg_robot
