[0.317s] Invoking command in '/home/rosubuntu/eurobot_ws/build/eurobot_controller': CMAKE_PREFIX_PATH=${CMAKE_PREFIX_PATH}:/opt/ros/humble /usr/bin/cmake --build /home/rosubuntu/eurobot_ws/build/eurobot_controller -- -j8 -l8
[0.373s] [100%] Built target eurobot_controller
[0.395s] Invoked command in '/home/rosubuntu/eurobot_ws/build/eurobot_controller' returned '0': CMAKE_PREFIX_PATH=${CMAKE_PREFIX_PATH}:/opt/ros/humble /usr/bin/cmake --build /home/rosubuntu/eurobot_ws/build/eurobot_controller -- -j8 -l8
[0.550s] Invoking command in '/home/rosubuntu/eurobot_ws/build/eurobot_controller': CMAKE_PREFIX_PATH=${CMAKE_PREFIX_PATH}:/opt/ros/humble /usr/bin/cmake --install /home/rosubuntu/eurobot_ws/build/eurobot_controller
[0.558s] -- Install configuration: ""
[0.559s] -- Up-to-date: /home/rosubuntu/eurobot_ws/install/eurobot_controller/share/eurobot_controller/eurobot_controller.xml
[0.559s] -- Up-to-date: /home/rosubuntu/eurobot_ws/install/eurobot_controller/lib/libeurobot_controller.so
[0.559s] -- Up-to-date: /home/rosubuntu/eurobot_ws/install/eurobot_controller/include/include
[0.559s] -- Up-to-date: /home/rosubuntu/eurobot_ws/install/eurobot_controller/include/include/eurobot_controller
[0.559s] -- Up-to-date: /home/rosubuntu/eurobot_ws/install/eurobot_controller/include/include/eurobot_controller/eurobot_controller_compiler.h
[0.559s] -- Up-to-date: /home/rosubuntu/eurobot_ws/install/eurobot_controller/include/include/eurobot_controller/eurobot_drive_controller.hpp
[0.559s] -- Up-to-date: /home/rosubuntu/eurobot_ws/install/eurobot_controller/include/include/eurobot_controller/eurobot_wheel.hpp
[0.559s] -- Up-to-date: /home/rosubuntu/eurobot_ws/install/eurobot_controller/share/eurobot_controller/environment/library_path.sh
[0.559s] -- Up-to-date: /home/rosubuntu/eurobot_ws/install/eurobot_controller/share/eurobot_controller/environment/library_path.dsv
[0.559s] -- Up-to-date: /home/rosubuntu/eurobot_ws/install/eurobot_controller/share/ament_index/resource_index/package_run_dependencies/eurobot_controller
[0.561s] -- Up-to-date: /home/rosubuntu/eurobot_ws/install/eurobot_controller/share/ament_index/resource_index/parent_prefix_path/eurobot_controller
[0.564s] -- Up-to-date: /home/rosubuntu/eurobot_ws/install/eurobot_controller/share/eurobot_controller/environment/ament_prefix_path.sh
[0.564s] -- Up-to-date: /home/rosubuntu/eurobot_ws/install/eurobot_controller/share/eurobot_controller/environment/ament_prefix_path.dsv
[0.564s] -- Up-to-date: /home/rosubuntu/eurobot_ws/install/eurobot_controller/share/eurobot_controller/environment/path.sh
[0.564s] -- Up-to-date: /home/rosubuntu/eurobot_ws/install/eurobot_controller/share/eurobot_controller/environment/path.dsv
[0.565s] -- Up-to-date: /home/rosubuntu/eurobot_ws/install/eurobot_controller/share/eurobot_controller/local_setup.bash
[0.565s] -- Up-to-date: /home/rosubuntu/eurobot_ws/install/eurobot_controller/share/eurobot_controller/local_setup.sh
[0.565s] -- Up-to-date: /home/rosubuntu/eurobot_ws/install/eurobot_controller/share/eurobot_controller/local_setup.zsh
[0.565s] -- Up-to-date: /home/rosubuntu/eurobot_ws/install/eurobot_controller/share/eurobot_controller/local_setup.dsv
[0.565s] -- Installing: /home/rosubuntu/eurobot_ws/install/eurobot_controller/share/eurobot_controller/package.dsv
[0.565s] -- Up-to-date: /home/rosubuntu/eurobot_ws/install/eurobot_controller/share/ament_index/resource_index/packages/eurobot_controller
[0.565s] -- Up-to-date: /home/rosubuntu/eurobot_ws/install/eurobot_controller/share/ament_index/resource_index/controller_interface__pluginlib__plugin/eurobot_controller
[0.565s] -- Up-to-date: /home/rosubuntu/eurobot_ws/install/eurobot_controller/share/eurobot_controller/cmake/ament_cmake_export_include_directories-extras.cmake
[0.566s] -- Up-to-date: /home/rosubuntu/eurobot_ws/install/eurobot_controller/share/eurobot_controller/cmake/ament_cmake_export_libraries-extras.cmake
[0.566s] -- Up-to-date: /home/rosubuntu/eurobot_ws/install/eurobot_controller/share/eurobot_controller/cmake/ament_cmake_export_dependencies-extras.cmake
[0.566s] -- Up-to-date: /home/rosubuntu/eurobot_ws/install/eurobot_controller/share/eurobot_controller/cmake/eurobot_controllerConfig.cmake
[0.566s] -- Up-to-date: /home/rosubuntu/eurobot_ws/install/eurobot_controller/share/eurobot_controller/cmake/eurobot_controllerConfig-version.cmake
[0.566s] -- Up-to-date: /home/rosubuntu/eurobot_ws/install/eurobot_controller/share/eurobot_controller/package.xml
[1.004s] Invoked command in '/home/rosubuntu/eurobot_ws/build/eurobot_controller' returned '0': CMAKE_PREFIX_PATH=${CMAKE_PREFIX_PATH}:/opt/ros/humble /usr/bin/cmake --install /home/rosubuntu/eurobot_ws/build/eurobot_controller
