[1.207s] Invoking command in '/home/rosubuntu/eurobot_ws/build/eurobot_control': CMAKE_PREFIX_PATH=${CMAKE_PREFIX_PATH}:/opt/ros/humble /usr/bin/cmake --build /home/rosubuntu/eurobot_ws/build/eurobot_control -- -j8 -l8
[1.355s] [35m[1mConsolidate compiler generated dependencies of target eurobot_control_node[0m
[1.468s] [100%] Built target eurobot_control_node
[1.563s] Invoked command in '/home/rosubuntu/eurobot_ws/build/eurobot_control' returned '0': CMAKE_PREFIX_PATH=${CMAKE_PREFIX_PATH}:/opt/ros/humble /usr/bin/cmake --build /home/rosubuntu/eurobot_ws/build/eurobot_control -- -j8 -l8
[1.725s] Invoking command in '/home/rosubuntu/eurobot_ws/build/eurobot_control': CMAKE_PREFIX_PATH=${CMAKE_PREFIX_PATH}:/opt/ros/humble /usr/bin/cmake --install /home/rosubuntu/eurobot_ws/build/eurobot_control
[1.731s] -- Install configuration: ""
[1.731s] -- Up-to-date: /home/rosubuntu/eurobot_ws/install/eurobot_control/lib/eurobot_control/eurobot_control_node
[1.731s] -- Up-to-date: /home/rosubuntu/eurobot_ws/install/eurobot_control/share/ament_index/resource_index/package_run_dependencies/eurobot_control
[1.731s] -- Up-to-date: /home/rosubuntu/eurobot_ws/install/eurobot_control/share/ament_index/resource_index/parent_prefix_path/eurobot_control
[1.731s] -- Up-to-date: /home/rosubuntu/eurobot_ws/install/eurobot_control/share/eurobot_control/environment/ament_prefix_path.sh
[1.731s] -- Up-to-date: /home/rosubuntu/eurobot_ws/install/eurobot_control/share/eurobot_control/environment/ament_prefix_path.dsv
[1.732s] -- Up-to-date: /home/rosubuntu/eurobot_ws/install/eurobot_control/share/eurobot_control/environment/path.sh
[1.732s] -- Up-to-date: /home/rosubuntu/eurobot_ws/install/eurobot_control/share/eurobot_control/environment/path.dsv
[1.732s] -- Up-to-date: /home/rosubuntu/eurobot_ws/install/eurobot_control/share/eurobot_control/local_setup.bash
[1.732s] -- Up-to-date: /home/rosubuntu/eurobot_ws/install/eurobot_control/share/eurobot_control/local_setup.sh
[1.732s] -- Up-to-date: /home/rosubuntu/eurobot_ws/install/eurobot_control/share/eurobot_control/local_setup.zsh
[1.732s] -- Up-to-date: /home/rosubuntu/eurobot_ws/install/eurobot_control/share/eurobot_control/local_setup.dsv
[1.732s] -- Installing: /home/rosubuntu/eurobot_ws/install/eurobot_control/share/eurobot_control/package.dsv
[1.732s] -- Up-to-date: /home/rosubuntu/eurobot_ws/install/eurobot_control/share/ament_index/resource_index/packages/eurobot_control
[1.732s] -- Up-to-date: /home/rosubuntu/eurobot_ws/install/eurobot_control/share/eurobot_control/cmake/eurobot_controlConfig.cmake
[1.733s] -- Up-to-date: /home/rosubuntu/eurobot_ws/install/eurobot_control/share/eurobot_control/cmake/eurobot_controlConfig-version.cmake
[1.733s] -- Up-to-date: /home/rosubuntu/eurobot_ws/install/eurobot_control/share/eurobot_control/package.xml
[2.841s] Invoked command in '/home/rosubuntu/eurobot_ws/build/eurobot_control' returned '0': CMAKE_PREFIX_PATH=${CMAKE_PREFIX_PATH}:/opt/ros/humble /usr/bin/cmake --install /home/rosubuntu/eurobot_ws/build/eurobot_control
