[1.093s] DEBUG:colcon:Command line arguments: ['/usr/bin/colcon', 'build']
[1.093s] DEBUG:colcon:Parsed command line arguments: Namespace(log_base=None, log_level=None, verb_name='build', build_base='build', install_base='install', merge_install=False, symlink_install=False, test_result_base=None, continue_on_error=False, executor='parallel', parallel_workers=8, event_handlers=None, ignore_user_meta=False, metas=['./colcon.meta'], base_paths=['.'], packages_ignore=None, packages_ignore_regex=None, paths=None, packages_up_to=None, packages_up_to_regex=None, packages_above=None, packages_above_and_dependencies=None, packages_above_depth=None, packages_select_by_dep=None, packages_skip_by_dep=None, packages_skip_up_to=None, packages_select_build_failed=False, packages_skip_build_finished=False, packages_select_test_failures=False, packages_skip_test_passed=False, packages_select=None, packages_skip=None, packages_select_regex=None, packages_skip_regex=None, packages_start=None, packages_end=None, allow_overriding=[], cmake_args=None, cmake_target=None, cmake_target_skip_unavailable=False, cmake_clean_cache=False, cmake_clean_first=False, cmake_force_configure=False, ament_cmake_args=None, catkin_cmake_args=None, catkin_skip_building_tests=False, verb_parser=<colcon_defaults.argument_parser.defaults.DefaultArgumentsDecorator object at 0x7fc9f806c340>, verb_extension=<colcon_core.verb.build.BuildVerb object at 0x7fc9f806d4b0>, main=<bound method BuildVerb.main of <colcon_core.verb.build.BuildVerb object at 0x7fc9f806d4b0>>)
[1.137s] Level 1:colcon.colcon_core.package_discovery:discover_packages(colcon_meta) check parameters
[1.138s] Level 1:colcon.colcon_core.package_discovery:discover_packages(recursive) check parameters
[1.138s] Level 1:colcon.colcon_core.package_discovery:discover_packages(ignore) check parameters
[1.138s] Level 1:colcon.colcon_core.package_discovery:discover_packages(path) check parameters
[1.138s] Level 1:colcon.colcon_core.package_discovery:discover_packages(colcon_meta) discover
[1.138s] Level 1:colcon.colcon_core.package_discovery:discover_packages(recursive) discover
[1.138s] INFO:colcon.colcon_core.package_discovery:Crawling recursively for packages in '/home/rosubuntu/eurobot_ws'
[1.138s] Level 1:colcon.colcon_core.package_identification:_identify(.) by extensions ['ignore', 'ignore_ament_install']
[1.138s] Level 1:colcon.colcon_core.package_identification:_identify(.) by extension 'ignore'
[1.138s] Level 1:colcon.colcon_core.package_identification:_identify(.) by extension 'ignore_ament_install'
[1.138s] Level 1:colcon.colcon_core.package_identification:_identify(.) by extensions ['colcon_pkg']
[1.138s] Level 1:colcon.colcon_core.package_identification:_identify(.) by extension 'colcon_pkg'
[1.138s] Level 1:colcon.colcon_core.package_identification:_identify(.) by extensions ['colcon_meta']
[1.138s] Level 1:colcon.colcon_core.package_identification:_identify(.) by extension 'colcon_meta'
[1.138s] Level 1:colcon.colcon_core.package_identification:_identify(.) by extensions ['ros']
[1.138s] Level 1:colcon.colcon_core.package_identification:_identify(.) by extension 'ros'
[1.147s] Level 1:colcon.colcon_core.package_identification:_identify(.) by extensions ['cmake', 'python']
[1.147s] Level 1:colcon.colcon_core.package_identification:_identify(.) by extension 'cmake'
[1.147s] Level 1:colcon.colcon_core.package_identification:_identify(.) by extension 'python'
[1.147s] Level 1:colcon.colcon_core.package_identification:_identify(.) by extensions ['python_setup_py']
[1.147s] Level 1:colcon.colcon_core.package_identification:_identify(.) by extension 'python_setup_py'
[1.147s] Level 1:colcon.colcon_core.package_identification:_identify(build) by extensions ['ignore', 'ignore_ament_install']
[1.147s] Level 1:colcon.colcon_core.package_identification:_identify(build) by extension 'ignore'
[1.147s] Level 1:colcon.colcon_core.package_identification:_identify(build) ignored
[1.147s] Level 1:colcon.colcon_core.package_identification:_identify(install) by extensions ['ignore', 'ignore_ament_install']
[1.147s] Level 1:colcon.colcon_core.package_identification:_identify(install) by extension 'ignore'
[1.147s] Level 1:colcon.colcon_core.package_identification:_identify(install) ignored
[1.147s] Level 1:colcon.colcon_core.package_identification:_identify(log) by extensions ['ignore', 'ignore_ament_install']
[1.147s] Level 1:colcon.colcon_core.package_identification:_identify(log) by extension 'ignore'
[1.147s] Level 1:colcon.colcon_core.package_identification:_identify(log) ignored
[1.147s] Level 1:colcon.colcon_core.package_identification:_identify(src) by extensions ['ignore', 'ignore_ament_install']
[1.147s] Level 1:colcon.colcon_core.package_identification:_identify(src) by extension 'ignore'
[1.148s] Level 1:colcon.colcon_core.package_identification:_identify(src) by extension 'ignore_ament_install'
[1.148s] Level 1:colcon.colcon_core.package_identification:_identify(src) by extensions ['colcon_pkg']
[1.148s] Level 1:colcon.colcon_core.package_identification:_identify(src) by extension 'colcon_pkg'
[1.148s] Level 1:colcon.colcon_core.package_identification:_identify(src) by extensions ['colcon_meta']
[1.148s] Level 1:colcon.colcon_core.package_identification:_identify(src) by extension 'colcon_meta'
[1.148s] Level 1:colcon.colcon_core.package_identification:_identify(src) by extensions ['ros']
[1.148s] Level 1:colcon.colcon_core.package_identification:_identify(src) by extension 'ros'
[1.148s] Level 1:colcon.colcon_core.package_identification:_identify(src) by extensions ['cmake', 'python']
[1.148s] Level 1:colcon.colcon_core.package_identification:_identify(src) by extension 'cmake'
[1.148s] Level 1:colcon.colcon_core.package_identification:_identify(src) by extension 'python'
[1.148s] Level 1:colcon.colcon_core.package_identification:_identify(src) by extensions ['python_setup_py']
[1.148s] Level 1:colcon.colcon_core.package_identification:_identify(src) by extension 'python_setup_py'
[1.148s] Level 1:colcon.colcon_core.package_identification:_identify(src/eurobot_control) by extensions ['ignore', 'ignore_ament_install']
[1.148s] Level 1:colcon.colcon_core.package_identification:_identify(src/eurobot_control) by extension 'ignore'
[1.148s] Level 1:colcon.colcon_core.package_identification:_identify(src/eurobot_control) by extension 'ignore_ament_install'
[1.148s] Level 1:colcon.colcon_core.package_identification:_identify(src/eurobot_control) by extensions ['colcon_pkg']
[1.148s] Level 1:colcon.colcon_core.package_identification:_identify(src/eurobot_control) by extension 'colcon_pkg'
[1.148s] Level 1:colcon.colcon_core.package_identification:_identify(src/eurobot_control) by extensions ['colcon_meta']
[1.148s] Level 1:colcon.colcon_core.package_identification:_identify(src/eurobot_control) by extension 'colcon_meta'
[1.148s] Level 1:colcon.colcon_core.package_identification:_identify(src/eurobot_control) by extensions ['ros']
[1.148s] Level 1:colcon.colcon_core.package_identification:_identify(src/eurobot_control) by extension 'ros'
[1.150s] DEBUG:colcon.colcon_core.package_identification:Package 'src/eurobot_control' with type 'ros.ament_cmake' and name 'eurobot_control'
[1.150s] Level 1:colcon.colcon_core.package_identification:_identify(src/eurobot_controller) by extensions ['ignore', 'ignore_ament_install']
[1.150s] Level 1:colcon.colcon_core.package_identification:_identify(src/eurobot_controller) by extension 'ignore'
[1.150s] Level 1:colcon.colcon_core.package_identification:_identify(src/eurobot_controller) by extension 'ignore_ament_install'
[1.150s] Level 1:colcon.colcon_core.package_identification:_identify(src/eurobot_controller) by extensions ['colcon_pkg']
[1.150s] Level 1:colcon.colcon_core.package_identification:_identify(src/eurobot_controller) by extension 'colcon_pkg'
[1.150s] Level 1:colcon.colcon_core.package_identification:_identify(src/eurobot_controller) by extensions ['colcon_meta']
[1.151s] Level 1:colcon.colcon_core.package_identification:_identify(src/eurobot_controller) by extension 'colcon_meta'
[1.151s] Level 1:colcon.colcon_core.package_identification:_identify(src/eurobot_controller) by extensions ['ros']
[1.151s] Level 1:colcon.colcon_core.package_identification:_identify(src/eurobot_controller) by extension 'ros'
[1.151s] DEBUG:colcon.colcon_core.package_identification:Package 'src/eurobot_controller' with type 'ros.ament_cmake' and name 'eurobot_controller'
[1.151s] Level 1:colcon.colcon_core.package_identification:_identify(src/eurobot_description) by extensions ['ignore', 'ignore_ament_install']
[1.151s] Level 1:colcon.colcon_core.package_identification:_identify(src/eurobot_description) by extension 'ignore'
[1.151s] Level 1:colcon.colcon_core.package_identification:_identify(src/eurobot_description) by extension 'ignore_ament_install'
[1.151s] Level 1:colcon.colcon_core.package_identification:_identify(src/eurobot_description) by extensions ['colcon_pkg']
[1.151s] Level 1:colcon.colcon_core.package_identification:_identify(src/eurobot_description) by extension 'colcon_pkg'
[1.152s] Level 1:colcon.colcon_core.package_identification:_identify(src/eurobot_description) by extensions ['colcon_meta']
[1.152s] Level 1:colcon.colcon_core.package_identification:_identify(src/eurobot_description) by extension 'colcon_meta'
[1.152s] Level 1:colcon.colcon_core.package_identification:_identify(src/eurobot_description) by extensions ['ros']
[1.152s] Level 1:colcon.colcon_core.package_identification:_identify(src/eurobot_description) by extension 'ros'
[1.152s] DEBUG:colcon.colcon_core.package_identification:Package 'src/eurobot_description' with type 'ros.ament_cmake' and name 'eurobot_description'
[1.152s] Level 1:colcon.colcon_core.package_identification:_identify(src/eurobot_hardware) by extensions ['ignore', 'ignore_ament_install']
[1.152s] Level 1:colcon.colcon_core.package_identification:_identify(src/eurobot_hardware) by extension 'ignore'
[1.152s] Level 1:colcon.colcon_core.package_identification:_identify(src/eurobot_hardware) by extension 'ignore_ament_install'
[1.152s] Level 1:colcon.colcon_core.package_identification:_identify(src/eurobot_hardware) by extensions ['colcon_pkg']
[1.152s] Level 1:colcon.colcon_core.package_identification:_identify(src/eurobot_hardware) by extension 'colcon_pkg'
[1.152s] Level 1:colcon.colcon_core.package_identification:_identify(src/eurobot_hardware) by extensions ['colcon_meta']
[1.152s] Level 1:colcon.colcon_core.package_identification:_identify(src/eurobot_hardware) by extension 'colcon_meta'
[1.152s] Level 1:colcon.colcon_core.package_identification:_identify(src/eurobot_hardware) by extensions ['ros']
[1.152s] Level 1:colcon.colcon_core.package_identification:_identify(src/eurobot_hardware) by extension 'ros'
[1.153s] DEBUG:colcon.colcon_core.package_identification:Package 'src/eurobot_hardware' with type 'ros.ament_cmake' and name 'eurobot_hardware'
[1.153s] Level 1:colcon.colcon_core.package_identification:_identify(src/eurobot_launch) by extensions ['ignore', 'ignore_ament_install']
[1.153s] Level 1:colcon.colcon_core.package_identification:_identify(src/eurobot_launch) by extension 'ignore'
[1.153s] Level 1:colcon.colcon_core.package_identification:_identify(src/eurobot_launch) by extension 'ignore_ament_install'
[1.153s] Level 1:colcon.colcon_core.package_identification:_identify(src/eurobot_launch) by extensions ['colcon_pkg']
[1.153s] Level 1:colcon.colcon_core.package_identification:_identify(src/eurobot_launch) by extension 'colcon_pkg'
[1.153s] Level 1:colcon.colcon_core.package_identification:_identify(src/eurobot_launch) by extensions ['colcon_meta']
[1.153s] Level 1:colcon.colcon_core.package_identification:_identify(src/eurobot_launch) by extension 'colcon_meta'
[1.153s] Level 1:colcon.colcon_core.package_identification:_identify(src/eurobot_launch) by extensions ['ros']
[1.153s] Level 1:colcon.colcon_core.package_identification:_identify(src/eurobot_launch) by extension 'ros'
[1.154s] DEBUG:colcon.colcon_core.package_identification:Package 'src/eurobot_launch' with type 'ros.ament_cmake' and name 'eurobot_launch'
[1.154s] Level 1:colcon.colcon_core.package_identification:_identify(src/eurobot_teleop) by extensions ['ignore', 'ignore_ament_install']
[1.154s] Level 1:colcon.colcon_core.package_identification:_identify(src/eurobot_teleop) by extension 'ignore'
[1.154s] Level 1:colcon.colcon_core.package_identification:_identify(src/eurobot_teleop) by extension 'ignore_ament_install'
[1.154s] Level 1:colcon.colcon_core.package_identification:_identify(src/eurobot_teleop) by extensions ['colcon_pkg']
[1.154s] Level 1:colcon.colcon_core.package_identification:_identify(src/eurobot_teleop) by extension 'colcon_pkg'
[1.154s] Level 1:colcon.colcon_core.package_identification:_identify(src/eurobot_teleop) by extensions ['colcon_meta']
[1.154s] Level 1:colcon.colcon_core.package_identification:_identify(src/eurobot_teleop) by extension 'colcon_meta'
[1.154s] Level 1:colcon.colcon_core.package_identification:_identify(src/eurobot_teleop) by extensions ['ros']
[1.154s] Level 1:colcon.colcon_core.package_identification:_identify(src/eurobot_teleop) by extension 'ros'
[1.155s] DEBUG:colcon.colcon_core.package_identification:Package 'src/eurobot_teleop' with type 'ros.ament_cmake' and name 'eurobot_teleop'
[1.155s] Level 1:colcon.colcon_core.package_identification:_identify(src/eurobot_world) by extensions ['ignore', 'ignore_ament_install']
[1.155s] Level 1:colcon.colcon_core.package_identification:_identify(src/eurobot_world) by extension 'ignore'
[1.155s] Level 1:colcon.colcon_core.package_identification:_identify(src/eurobot_world) by extension 'ignore_ament_install'
[1.155s] Level 1:colcon.colcon_core.package_identification:_identify(src/eurobot_world) by extensions ['colcon_pkg']
[1.155s] Level 1:colcon.colcon_core.package_identification:_identify(src/eurobot_world) by extension 'colcon_pkg'
[1.155s] Level 1:colcon.colcon_core.package_identification:_identify(src/eurobot_world) by extensions ['colcon_meta']
[1.155s] Level 1:colcon.colcon_core.package_identification:_identify(src/eurobot_world) by extension 'colcon_meta'
[1.155s] Level 1:colcon.colcon_core.package_identification:_identify(src/eurobot_world) by extensions ['ros']
[1.155s] Level 1:colcon.colcon_core.package_identification:_identify(src/eurobot_world) by extension 'ros'
[1.155s] Level 1:colcon.colcon_core.package_identification:_identify(src/eurobot_world) by extensions ['cmake', 'python']
[1.155s] Level 1:colcon.colcon_core.package_identification:_identify(src/eurobot_world) by extension 'cmake'
[1.155s] Level 1:colcon.colcon_core.package_identification:_identify(src/eurobot_world) by extension 'python'
[1.156s] Level 1:colcon.colcon_core.package_identification:_identify(src/eurobot_world) by extensions ['python_setup_py']
[1.156s] Level 1:colcon.colcon_core.package_identification:_identify(src/eurobot_world) by extension 'python_setup_py'
[1.156s] Level 1:colcon.colcon_core.package_identification:_identify(src/mon_pkg_robot) by extensions ['ignore', 'ignore_ament_install']
[1.156s] Level 1:colcon.colcon_core.package_identification:_identify(src/mon_pkg_robot) by extension 'ignore'
[1.156s] Level 1:colcon.colcon_core.package_identification:_identify(src/mon_pkg_robot) by extension 'ignore_ament_install'
[1.156s] Level 1:colcon.colcon_core.package_identification:_identify(src/mon_pkg_robot) by extensions ['colcon_pkg']
[1.156s] Level 1:colcon.colcon_core.package_identification:_identify(src/mon_pkg_robot) by extension 'colcon_pkg'
[1.156s] Level 1:colcon.colcon_core.package_identification:_identify(src/mon_pkg_robot) by extensions ['colcon_meta']
[1.156s] Level 1:colcon.colcon_core.package_identification:_identify(src/mon_pkg_robot) by extension 'colcon_meta'
[1.156s] Level 1:colcon.colcon_core.package_identification:_identify(src/mon_pkg_robot) by extensions ['ros']
[1.156s] Level 1:colcon.colcon_core.package_identification:_identify(src/mon_pkg_robot) by extension 'ros'
[1.156s] DEBUG:colcon.colcon_core.package_identification:Package 'src/mon_pkg_robot' with type 'ros.ament_cmake' and name 'mon_pkg_robot'
[1.156s] Level 1:colcon.colcon_core.package_discovery:discover_packages(recursive) using defaults
[1.156s] Level 1:colcon.colcon_core.package_discovery:discover_packages(ignore) discover
[1.156s] Level 1:colcon.colcon_core.package_discovery:discover_packages(ignore) using defaults
[1.156s] Level 1:colcon.colcon_core.package_discovery:discover_packages(path) discover
[1.156s] Level 1:colcon.colcon_core.package_discovery:discover_packages(path) using defaults
[1.246s] Level 1:colcon.colcon_core.package_discovery:discover_packages(prefix_path) check parameters
[1.246s] Level 1:colcon.colcon_core.package_discovery:discover_packages(prefix_path) discover
[1.278s] DEBUG:colcon.colcon_installed_package_information.package_discovery:Found 7 installed packages in /home/rosubuntu/eurobot_ws/install
[1.294s] DEBUG:colcon.colcon_installed_package_information.package_discovery:Found 394 installed packages in /opt/ros/humble
[1.303s] Level 1:colcon.colcon_core.package_discovery:discover_packages(prefix_path) using defaults
[1.407s] Level 5:colcon.colcon_core.verb:set package 'eurobot_control' build argument 'cmake_args' from command line to 'None'
[1.408s] Level 5:colcon.colcon_core.verb:set package 'eurobot_control' build argument 'cmake_target' from command line to 'None'
[1.408s] Level 5:colcon.colcon_core.verb:set package 'eurobot_control' build argument 'cmake_target_skip_unavailable' from command line to 'False'
[1.408s] Level 5:colcon.colcon_core.verb:set package 'eurobot_control' build argument 'cmake_clean_cache' from command line to 'False'
[1.408s] Level 5:colcon.colcon_core.verb:set package 'eurobot_control' build argument 'cmake_clean_first' from command line to 'False'
[1.408s] Level 5:colcon.colcon_core.verb:set package 'eurobot_control' build argument 'cmake_force_configure' from command line to 'False'
[1.408s] Level 5:colcon.colcon_core.verb:set package 'eurobot_control' build argument 'ament_cmake_args' from command line to 'None'
[1.408s] Level 5:colcon.colcon_core.verb:set package 'eurobot_control' build argument 'catkin_cmake_args' from command line to 'None'
[1.408s] Level 5:colcon.colcon_core.verb:set package 'eurobot_control' build argument 'catkin_skip_building_tests' from command line to 'False'
[1.408s] DEBUG:colcon.colcon_core.verb:Building package 'eurobot_control' with the following arguments: {'ament_cmake_args': None, 'build_base': '/home/rosubuntu/eurobot_ws/build/eurobot_control', 'catkin_cmake_args': None, 'catkin_skip_building_tests': False, 'cmake_args': None, 'cmake_clean_cache': False, 'cmake_clean_first': False, 'cmake_force_configure': False, 'cmake_target': None, 'cmake_target_skip_unavailable': False, 'install_base': '/home/rosubuntu/eurobot_ws/install/eurobot_control', 'merge_install': False, 'path': '/home/rosubuntu/eurobot_ws/src/eurobot_control', 'symlink_install': False, 'test_result_base': None}
[1.424s] Level 5:colcon.colcon_core.verb:set package 'eurobot_controller' build argument 'cmake_args' from command line to 'None'
[1.425s] Level 5:colcon.colcon_core.verb:set package 'eurobot_controller' build argument 'cmake_target' from command line to 'None'
[1.425s] Level 5:colcon.colcon_core.verb:set package 'eurobot_controller' build argument 'cmake_target_skip_unavailable' from command line to 'False'
[1.425s] Level 5:colcon.colcon_core.verb:set package 'eurobot_controller' build argument 'cmake_clean_cache' from command line to 'False'
[1.425s] Level 5:colcon.colcon_core.verb:set package 'eurobot_controller' build argument 'cmake_clean_first' from command line to 'False'
[1.425s] Level 5:colcon.colcon_core.verb:set package 'eurobot_controller' build argument 'cmake_force_configure' from command line to 'False'
[1.425s] Level 5:colcon.colcon_core.verb:set package 'eurobot_controller' build argument 'ament_cmake_args' from command line to 'None'
[1.425s] Level 5:colcon.colcon_core.verb:set package 'eurobot_controller' build argument 'catkin_cmake_args' from command line to 'None'
[1.425s] Level 5:colcon.colcon_core.verb:set package 'eurobot_controller' build argument 'catkin_skip_building_tests' from command line to 'False'
[1.425s] DEBUG:colcon.colcon_core.verb:Building package 'eurobot_controller' with the following arguments: {'ament_cmake_args': None, 'build_base': '/home/rosubuntu/eurobot_ws/build/eurobot_controller', 'catkin_cmake_args': None, 'catkin_skip_building_tests': False, 'cmake_args': None, 'cmake_clean_cache': False, 'cmake_clean_first': False, 'cmake_force_configure': False, 'cmake_target': None, 'cmake_target_skip_unavailable': False, 'install_base': '/home/rosubuntu/eurobot_ws/install/eurobot_controller', 'merge_install': False, 'path': '/home/rosubuntu/eurobot_ws/src/eurobot_controller', 'symlink_install': False, 'test_result_base': None}
[1.442s] Level 5:colcon.colcon_core.verb:set package 'eurobot_description' build argument 'cmake_args' from command line to 'None'
[1.442s] Level 5:colcon.colcon_core.verb:set package 'eurobot_description' build argument 'cmake_target' from command line to 'None'
[1.442s] Level 5:colcon.colcon_core.verb:set package 'eurobot_description' build argument 'cmake_target_skip_unavailable' from command line to 'False'
[1.442s] Level 5:colcon.colcon_core.verb:set package 'eurobot_description' build argument 'cmake_clean_cache' from command line to 'False'
[1.442s] Level 5:colcon.colcon_core.verb:set package 'eurobot_description' build argument 'cmake_clean_first' from command line to 'False'
[1.442s] Level 5:colcon.colcon_core.verb:set package 'eurobot_description' build argument 'cmake_force_configure' from command line to 'False'
[1.442s] Level 5:colcon.colcon_core.verb:set package 'eurobot_description' build argument 'ament_cmake_args' from command line to 'None'
[1.442s] Level 5:colcon.colcon_core.verb:set package 'eurobot_description' build argument 'catkin_cmake_args' from command line to 'None'
[1.442s] Level 5:colcon.colcon_core.verb:set package 'eurobot_description' build argument 'catkin_skip_building_tests' from command line to 'False'
[1.442s] DEBUG:colcon.colcon_core.verb:Building package 'eurobot_description' with the following arguments: {'ament_cmake_args': None, 'build_base': '/home/rosubuntu/eurobot_ws/build/eurobot_description', 'catkin_cmake_args': None, 'catkin_skip_building_tests': False, 'cmake_args': None, 'cmake_clean_cache': False, 'cmake_clean_first': False, 'cmake_force_configure': False, 'cmake_target': None, 'cmake_target_skip_unavailable': False, 'install_base': '/home/rosubuntu/eurobot_ws/install/eurobot_description', 'merge_install': False, 'path': '/home/rosubuntu/eurobot_ws/src/eurobot_description', 'symlink_install': False, 'test_result_base': None}
[1.459s] Level 5:colcon.colcon_core.verb:set package 'eurobot_hardware' build argument 'cmake_args' from command line to 'None'
[1.459s] Level 5:colcon.colcon_core.verb:set package 'eurobot_hardware' build argument 'cmake_target' from command line to 'None'
[1.459s] Level 5:colcon.colcon_core.verb:set package 'eurobot_hardware' build argument 'cmake_target_skip_unavailable' from command line to 'False'
[1.459s] Level 5:colcon.colcon_core.verb:set package 'eurobot_hardware' build argument 'cmake_clean_cache' from command line to 'False'
[1.459s] Level 5:colcon.colcon_core.verb:set package 'eurobot_hardware' build argument 'cmake_clean_first' from command line to 'False'
[1.460s] Level 5:colcon.colcon_core.verb:set package 'eurobot_hardware' build argument 'cmake_force_configure' from command line to 'False'
[1.460s] Level 5:colcon.colcon_core.verb:set package 'eurobot_hardware' build argument 'ament_cmake_args' from command line to 'None'
[1.460s] Level 5:colcon.colcon_core.verb:set package 'eurobot_hardware' build argument 'catkin_cmake_args' from command line to 'None'
[1.460s] Level 5:colcon.colcon_core.verb:set package 'eurobot_hardware' build argument 'catkin_skip_building_tests' from command line to 'False'
[1.460s] DEBUG:colcon.colcon_core.verb:Building package 'eurobot_hardware' with the following arguments: {'ament_cmake_args': None, 'build_base': '/home/rosubuntu/eurobot_ws/build/eurobot_hardware', 'catkin_cmake_args': None, 'catkin_skip_building_tests': False, 'cmake_args': None, 'cmake_clean_cache': False, 'cmake_clean_first': False, 'cmake_force_configure': False, 'cmake_target': None, 'cmake_target_skip_unavailable': False, 'install_base': '/home/rosubuntu/eurobot_ws/install/eurobot_hardware', 'merge_install': False, 'path': '/home/rosubuntu/eurobot_ws/src/eurobot_hardware', 'symlink_install': False, 'test_result_base': None}
[1.476s] Level 5:colcon.colcon_core.verb:set package 'eurobot_teleop' build argument 'cmake_args' from command line to 'None'
[1.476s] Level 5:colcon.colcon_core.verb:set package 'eurobot_teleop' build argument 'cmake_target' from command line to 'None'
[1.476s] Level 5:colcon.colcon_core.verb:set package 'eurobot_teleop' build argument 'cmake_target_skip_unavailable' from command line to 'False'
[1.476s] Level 5:colcon.colcon_core.verb:set package 'eurobot_teleop' build argument 'cmake_clean_cache' from command line to 'False'
[1.476s] Level 5:colcon.colcon_core.verb:set package 'eurobot_teleop' build argument 'cmake_clean_first' from command line to 'False'
[1.476s] Level 5:colcon.colcon_core.verb:set package 'eurobot_teleop' build argument 'cmake_force_configure' from command line to 'False'
[1.476s] Level 5:colcon.colcon_core.verb:set package 'eurobot_teleop' build argument 'ament_cmake_args' from command line to 'None'
[1.477s] Level 5:colcon.colcon_core.verb:set package 'eurobot_teleop' build argument 'catkin_cmake_args' from command line to 'None'
[1.477s] Level 5:colcon.colcon_core.verb:set package 'eurobot_teleop' build argument 'catkin_skip_building_tests' from command line to 'False'
[1.477s] DEBUG:colcon.colcon_core.verb:Building package 'eurobot_teleop' with the following arguments: {'ament_cmake_args': None, 'build_base': '/home/rosubuntu/eurobot_ws/build/eurobot_teleop', 'catkin_cmake_args': None, 'catkin_skip_building_tests': False, 'cmake_args': None, 'cmake_clean_cache': False, 'cmake_clean_first': False, 'cmake_force_configure': False, 'cmake_target': None, 'cmake_target_skip_unavailable': False, 'install_base': '/home/rosubuntu/eurobot_ws/install/eurobot_teleop', 'merge_install': False, 'path': '/home/rosubuntu/eurobot_ws/src/eurobot_teleop', 'symlink_install': False, 'test_result_base': None}
[1.492s] Level 5:colcon.colcon_core.verb:set package 'mon_pkg_robot' build argument 'cmake_args' from command line to 'None'
[1.493s] Level 5:colcon.colcon_core.verb:set package 'mon_pkg_robot' build argument 'cmake_target' from command line to 'None'
[1.493s] Level 5:colcon.colcon_core.verb:set package 'mon_pkg_robot' build argument 'cmake_target_skip_unavailable' from command line to 'False'
[1.493s] Level 5:colcon.colcon_core.verb:set package 'mon_pkg_robot' build argument 'cmake_clean_cache' from command line to 'False'
[1.493s] Level 5:colcon.colcon_core.verb:set package 'mon_pkg_robot' build argument 'cmake_clean_first' from command line to 'False'
[1.493s] Level 5:colcon.colcon_core.verb:set package 'mon_pkg_robot' build argument 'cmake_force_configure' from command line to 'False'
[1.493s] Level 5:colcon.colcon_core.verb:set package 'mon_pkg_robot' build argument 'ament_cmake_args' from command line to 'None'
[1.493s] Level 5:colcon.colcon_core.verb:set package 'mon_pkg_robot' build argument 'catkin_cmake_args' from command line to 'None'
[1.493s] Level 5:colcon.colcon_core.verb:set package 'mon_pkg_robot' build argument 'catkin_skip_building_tests' from command line to 'False'
[1.493s] DEBUG:colcon.colcon_core.verb:Building package 'mon_pkg_robot' with the following arguments: {'ament_cmake_args': None, 'build_base': '/home/rosubuntu/eurobot_ws/build/mon_pkg_robot', 'catkin_cmake_args': None, 'catkin_skip_building_tests': False, 'cmake_args': None, 'cmake_clean_cache': False, 'cmake_clean_first': False, 'cmake_force_configure': False, 'cmake_target': None, 'cmake_target_skip_unavailable': False, 'install_base': '/home/rosubuntu/eurobot_ws/install/mon_pkg_robot', 'merge_install': False, 'path': '/home/rosubuntu/eurobot_ws/src/mon_pkg_robot', 'symlink_install': False, 'test_result_base': None}
[1.508s] Level 5:colcon.colcon_core.verb:set package 'eurobot_launch' build argument 'cmake_args' from command line to 'None'
[1.508s] Level 5:colcon.colcon_core.verb:set package 'eurobot_launch' build argument 'cmake_target' from command line to 'None'
[1.508s] Level 5:colcon.colcon_core.verb:set package 'eurobot_launch' build argument 'cmake_target_skip_unavailable' from command line to 'False'
[1.508s] Level 5:colcon.colcon_core.verb:set package 'eurobot_launch' build argument 'cmake_clean_cache' from command line to 'False'
[1.508s] Level 5:colcon.colcon_core.verb:set package 'eurobot_launch' build argument 'cmake_clean_first' from command line to 'False'
[1.508s] Level 5:colcon.colcon_core.verb:set package 'eurobot_launch' build argument 'cmake_force_configure' from command line to 'False'
[1.508s] Level 5:colcon.colcon_core.verb:set package 'eurobot_launch' build argument 'ament_cmake_args' from command line to 'None'
[1.508s] Level 5:colcon.colcon_core.verb:set package 'eurobot_launch' build argument 'catkin_cmake_args' from command line to 'None'
[1.508s] Level 5:colcon.colcon_core.verb:set package 'eurobot_launch' build argument 'catkin_skip_building_tests' from command line to 'False'
[1.508s] DEBUG:colcon.colcon_core.verb:Building package 'eurobot_launch' with the following arguments: {'ament_cmake_args': None, 'build_base': '/home/rosubuntu/eurobot_ws/build/eurobot_launch', 'catkin_cmake_args': None, 'catkin_skip_building_tests': False, 'cmake_args': None, 'cmake_clean_cache': False, 'cmake_clean_first': False, 'cmake_force_configure': False, 'cmake_target': None, 'cmake_target_skip_unavailable': False, 'install_base': '/home/rosubuntu/eurobot_ws/install/eurobot_launch', 'merge_install': False, 'path': '/home/rosubuntu/eurobot_ws/src/eurobot_launch', 'symlink_install': False, 'test_result_base': None}
[1.523s] INFO:colcon.colcon_core.executor:Executing jobs using 'parallel' executor
[1.538s] DEBUG:colcon.colcon_parallel_executor.executor.parallel:run_until_complete
[1.539s] INFO:colcon.colcon_ros.task.ament_cmake.build:Building ROS package in '/home/rosubuntu/eurobot_ws/src/eurobot_description' with build type 'ament_cmake'
[1.539s] INFO:colcon.colcon_cmake.task.cmake.build:Building CMake package in '/home/rosubuntu/eurobot_ws/src/eurobot_description'
[1.559s] INFO:colcon.colcon_core.plugin_system:Skipping extension 'colcon_core.shell.bat': Not used on non-Windows systems
[1.559s] INFO:colcon.colcon_core.shell:Skip shell extension 'powershell' for command environment: Not usable outside of PowerShell
[1.559s] DEBUG:colcon.colcon_core.shell:Skip shell extension 'dsv' for command environment
[1.616s] INFO:colcon.colcon_ros.task.ament_cmake.build:Building ROS package in '/home/rosubuntu/eurobot_ws/src/eurobot_control' with build type 'ament_cmake'
[1.616s] INFO:colcon.colcon_cmake.task.cmake.build:Building CMake package in '/home/rosubuntu/eurobot_ws/src/eurobot_control'
[1.635s] INFO:colcon.colcon_core.shell:Skip shell extension 'powershell' for command environment: Not usable outside of PowerShell
[1.636s] DEBUG:colcon.colcon_core.shell:Skip shell extension 'dsv' for command environment
[1.696s] INFO:colcon.colcon_ros.task.ament_cmake.build:Building ROS package in '/home/rosubuntu/eurobot_ws/src/eurobot_controller' with build type 'ament_cmake'
[1.697s] INFO:colcon.colcon_cmake.task.cmake.build:Building CMake package in '/home/rosubuntu/eurobot_ws/src/eurobot_controller'
[1.718s] INFO:colcon.colcon_core.shell:Skip shell extension 'powershell' for command environment: Not usable outside of PowerShell
[1.718s] DEBUG:colcon.colcon_core.shell:Skip shell extension 'dsv' for command environment
[1.782s] INFO:colcon.colcon_ros.task.ament_cmake.build:Building ROS package in '/home/rosubuntu/eurobot_ws/src/eurobot_hardware' with build type 'ament_cmake'
[1.782s] INFO:colcon.colcon_cmake.task.cmake.build:Building CMake package in '/home/rosubuntu/eurobot_ws/src/eurobot_hardware'
[1.805s] INFO:colcon.colcon_core.shell:Skip shell extension 'powershell' for command environment: Not usable outside of PowerShell
[1.805s] DEBUG:colcon.colcon_core.shell:Skip shell extension 'dsv' for command environment
[1.889s] INFO:colcon.colcon_ros.task.ament_cmake.build:Building ROS package in '/home/rosubuntu/eurobot_ws/src/eurobot_teleop' with build type 'ament_cmake'
[1.890s] INFO:colcon.colcon_cmake.task.cmake.build:Building CMake package in '/home/rosubuntu/eurobot_ws/src/eurobot_teleop'
[1.911s] INFO:colcon.colcon_core.shell:Skip shell extension 'powershell' for command environment: Not usable outside of PowerShell
[1.911s] DEBUG:colcon.colcon_core.shell:Skip shell extension 'dsv' for command environment
[1.973s] INFO:colcon.colcon_ros.task.ament_cmake.build:Building ROS package in '/home/rosubuntu/eurobot_ws/src/mon_pkg_robot' with build type 'ament_cmake'
[1.973s] INFO:colcon.colcon_cmake.task.cmake.build:Building CMake package in '/home/rosubuntu/eurobot_ws/src/mon_pkg_robot'
[1.993s] INFO:colcon.colcon_core.shell:Skip shell extension 'powershell' for command environment: Not usable outside of PowerShell
[1.994s] DEBUG:colcon.colcon_core.shell:Skip shell extension 'dsv' for command environment
[2.060s] DEBUG:colcon.colcon_core.event_handler.log_command:Invoking command in '/home/rosubuntu/eurobot_ws/build/eurobot_description': CMAKE_PREFIX_PATH=${CMAKE_PREFIX_PATH}:/opt/ros/humble /usr/bin/cmake --build /home/rosubuntu/eurobot_ws/build/eurobot_description -- -j8 -l8
[2.063s] DEBUG:colcon.colcon_core.event_handler.log_command:Invoking command in '/home/rosubuntu/eurobot_ws/build/eurobot_control': CMAKE_PREFIX_PATH=${CMAKE_PREFIX_PATH}:/opt/ros/humble /usr/bin/cmake --build /home/rosubuntu/eurobot_ws/build/eurobot_control -- -j8 -l8
[2.067s] DEBUG:colcon.colcon_core.event_handler.log_command:Invoking command in '/home/rosubuntu/eurobot_ws/build/eurobot_controller': CMAKE_PREFIX_PATH=${CMAKE_PREFIX_PATH}:/opt/ros/humble /usr/bin/cmake --build /home/rosubuntu/eurobot_ws/build/eurobot_controller -- -j8 -l8
[2.069s] DEBUG:colcon.colcon_core.event_handler.log_command:Invoking command in '/home/rosubuntu/eurobot_ws/build/eurobot_hardware': CMAKE_PREFIX_PATH=${CMAKE_PREFIX_PATH}:/opt/ros/humble /usr/bin/cmake --build /home/rosubuntu/eurobot_ws/build/eurobot_hardware -- -j8 -l8
[2.073s] DEBUG:colcon.colcon_core.event_handler.log_command:Invoking command in '/home/rosubuntu/eurobot_ws/build/eurobot_teleop': CMAKE_PREFIX_PATH=${CMAKE_PREFIX_PATH}:/opt/ros/humble /usr/bin/cmake --build /home/rosubuntu/eurobot_ws/build/eurobot_teleop -- -j8 -l8
[2.081s] DEBUG:colcon.colcon_core.event_handler.log_command:Invoking command in '/home/rosubuntu/eurobot_ws/build/mon_pkg_robot': CMAKE_PREFIX_PATH=${CMAKE_PREFIX_PATH}:/opt/ros/humble /usr/bin/cmake --build /home/rosubuntu/eurobot_ws/build/mon_pkg_robot -- -j8 -l8
[2.116s] DEBUG:colcon.colcon_core.event_handler.log_command:Invoked command in '/home/rosubuntu/eurobot_ws/build/mon_pkg_robot' returned '0': CMAKE_PREFIX_PATH=${CMAKE_PREFIX_PATH}:/opt/ros/humble /usr/bin/cmake --build /home/rosubuntu/eurobot_ws/build/mon_pkg_robot -- -j8 -l8
[2.123s] DEBUG:colcon.colcon_core.event_handler.log_command:Invoked command in '/home/rosubuntu/eurobot_ws/build/eurobot_description' returned '0': CMAKE_PREFIX_PATH=${CMAKE_PREFIX_PATH}:/opt/ros/humble /usr/bin/cmake --build /home/rosubuntu/eurobot_ws/build/eurobot_description -- -j8 -l8
[2.136s] DEBUG:colcon.colcon_core.event_handler.log_command:Invoked command in '/home/rosubuntu/eurobot_ws/build/eurobot_control' returned '0': CMAKE_PREFIX_PATH=${CMAKE_PREFIX_PATH}:/opt/ros/humble /usr/bin/cmake --build /home/rosubuntu/eurobot_ws/build/eurobot_control -- -j8 -l8
[2.147s] DEBUG:colcon.colcon_core.event_handler.log_command:Invoking command in '/home/rosubuntu/eurobot_ws/build/mon_pkg_robot': CMAKE_PREFIX_PATH=${CMAKE_PREFIX_PATH}:/opt/ros/humble /usr/bin/cmake --install /home/rosubuntu/eurobot_ws/build/mon_pkg_robot
[2.151s] DEBUG:colcon.colcon_core.event_handler.log_command:Invoked command in '/home/rosubuntu/eurobot_ws/build/eurobot_hardware' returned '0': CMAKE_PREFIX_PATH=${CMAKE_PREFIX_PATH}:/opt/ros/humble /usr/bin/cmake --build /home/rosubuntu/eurobot_ws/build/eurobot_hardware -- -j8 -l8
[2.152s] DEBUG:colcon.colcon_core.event_handler.log_command:Invoked command in '/home/rosubuntu/eurobot_ws/build/eurobot_controller' returned '0': CMAKE_PREFIX_PATH=${CMAKE_PREFIX_PATH}:/opt/ros/humble /usr/bin/cmake --build /home/rosubuntu/eurobot_ws/build/eurobot_controller -- -j8 -l8
[2.154s] DEBUG:colcon.colcon_core.event_handler.log_command:Invoking command in '/home/rosubuntu/eurobot_ws/build/eurobot_description': CMAKE_PREFIX_PATH=${CMAKE_PREFIX_PATH}:/opt/ros/humble /usr/bin/cmake --install /home/rosubuntu/eurobot_ws/build/eurobot_description
[2.157s] DEBUG:colcon.colcon_core.event_handler.log_command:Invoked command in '/home/rosubuntu/eurobot_ws/build/eurobot_teleop' returned '0': CMAKE_PREFIX_PATH=${CMAKE_PREFIX_PATH}:/opt/ros/humble /usr/bin/cmake --build /home/rosubuntu/eurobot_ws/build/eurobot_teleop -- -j8 -l8
[2.164s] Level 1:colcon.colcon_core.environment:create_environment_scripts_only(mon_pkg_robot)
[2.171s] DEBUG:colcon.colcon_core.event_handler.log_command:Invoked command in '/home/rosubuntu/eurobot_ws/build/mon_pkg_robot' returned '0': CMAKE_PREFIX_PATH=${CMAKE_PREFIX_PATH}:/opt/ros/humble /usr/bin/cmake --install /home/rosubuntu/eurobot_ws/build/mon_pkg_robot
[2.199s] Level 1:colcon.colcon_core.environment:checking '/home/rosubuntu/eurobot_ws/install/mon_pkg_robot' for CMake module files
[2.199s] Level 1:colcon.colcon_core.environment:checking '/home/rosubuntu/eurobot_ws/install/mon_pkg_robot' for CMake config files
[2.200s] Level 1:colcon.colcon_core.shell:create_environment_hook('mon_pkg_robot', 'cmake_prefix_path')
[2.218s] INFO:colcon.colcon_core.shell:Creating environment hook '/home/rosubuntu/eurobot_ws/install/mon_pkg_robot/share/mon_pkg_robot/hook/cmake_prefix_path.ps1'
[2.218s] INFO:colcon.colcon_core.shell:Creating environment descriptor '/home/rosubuntu/eurobot_ws/install/mon_pkg_robot/share/mon_pkg_robot/hook/cmake_prefix_path.dsv'
[2.218s] INFO:colcon.colcon_core.shell:Creating environment hook '/home/rosubuntu/eurobot_ws/install/mon_pkg_robot/share/mon_pkg_robot/hook/cmake_prefix_path.sh'
[2.219s] Level 1:colcon.colcon_core.environment:checking '/home/rosubuntu/eurobot_ws/install/mon_pkg_robot/bin'
[2.219s] Level 1:colcon.colcon_core.environment:checking '/home/rosubuntu/eurobot_ws/install/mon_pkg_robot/lib/pkgconfig/mon_pkg_robot.pc'
[2.219s] Level 1:colcon.colcon_core.environment:checking '/home/rosubuntu/eurobot_ws/install/mon_pkg_robot/lib/python3.10/site-packages'
[2.220s] Level 1:colcon.colcon_core.environment:checking '/home/rosubuntu/eurobot_ws/install/mon_pkg_robot/bin'
[2.237s] INFO:colcon.colcon_core.shell:Creating package script '/home/rosubuntu/eurobot_ws/install/mon_pkg_robot/share/mon_pkg_robot/package.ps1'
[2.238s] INFO:colcon.colcon_core.shell:Creating package descriptor '/home/rosubuntu/eurobot_ws/install/mon_pkg_robot/share/mon_pkg_robot/package.dsv'
[2.239s] INFO:colcon.colcon_core.shell:Creating package script '/home/rosubuntu/eurobot_ws/install/mon_pkg_robot/share/mon_pkg_robot/package.sh'
[2.239s] INFO:colcon.colcon_core.shell:Creating package script '/home/rosubuntu/eurobot_ws/install/mon_pkg_robot/share/mon_pkg_robot/package.bash'
[2.240s] INFO:colcon.colcon_core.shell:Creating package script '/home/rosubuntu/eurobot_ws/install/mon_pkg_robot/share/mon_pkg_robot/package.zsh'
[2.240s] Level 1:colcon.colcon_core.environment:create_file_with_runtime_dependencies(/home/rosubuntu/eurobot_ws/install/mon_pkg_robot/share/colcon-core/packages/mon_pkg_robot)
[2.243s] DEBUG:colcon.colcon_core.event_handler.log_command:Invoking command in '/home/rosubuntu/eurobot_ws/build/eurobot_control': CMAKE_PREFIX_PATH=${CMAKE_PREFIX_PATH}:/opt/ros/humble /usr/bin/cmake --install /home/rosubuntu/eurobot_ws/build/eurobot_control
[2.244s] DEBUG:colcon.colcon_core.event_handler.log_command:Invoking command in '/home/rosubuntu/eurobot_ws/build/eurobot_hardware': CMAKE_PREFIX_PATH=${CMAKE_PREFIX_PATH}:/opt/ros/humble /usr/bin/cmake --install /home/rosubuntu/eurobot_ws/build/eurobot_hardware
[2.246s] DEBUG:colcon.colcon_core.event_handler.log_command:Invoking command in '/home/rosubuntu/eurobot_ws/build/eurobot_controller': CMAKE_PREFIX_PATH=${CMAKE_PREFIX_PATH}:/opt/ros/humble /usr/bin/cmake --install /home/rosubuntu/eurobot_ws/build/eurobot_controller
[2.248s] DEBUG:colcon.colcon_core.event_handler.log_command:Invoking command in '/home/rosubuntu/eurobot_ws/build/eurobot_teleop': CMAKE_PREFIX_PATH=${CMAKE_PREFIX_PATH}:/opt/ros/humble /usr/bin/cmake --install /home/rosubuntu/eurobot_ws/build/eurobot_teleop
[2.249s] Level 1:colcon.colcon_core.environment:create_environment_scripts_only(eurobot_description)
[2.251s] DEBUG:colcon.colcon_core.event_handler.log_command:Invoked command in '/home/rosubuntu/eurobot_ws/build/eurobot_description' returned '0': CMAKE_PREFIX_PATH=${CMAKE_PREFIX_PATH}:/opt/ros/humble /usr/bin/cmake --install /home/rosubuntu/eurobot_ws/build/eurobot_description
[2.284s] Level 1:colcon.colcon_core.environment:checking '/home/rosubuntu/eurobot_ws/install/eurobot_description' for CMake module files
[2.284s] Level 1:colcon.colcon_core.environment:checking '/home/rosubuntu/eurobot_ws/install/eurobot_description' for CMake config files
[2.285s] Level 1:colcon.colcon_core.shell:create_environment_hook('eurobot_description', 'cmake_prefix_path')
[2.303s] INFO:colcon.colcon_core.shell:Creating environment hook '/home/rosubuntu/eurobot_ws/install/eurobot_description/share/eurobot_description/hook/cmake_prefix_path.ps1'
[2.303s] INFO:colcon.colcon_core.shell:Creating environment descriptor '/home/rosubuntu/eurobot_ws/install/eurobot_description/share/eurobot_description/hook/cmake_prefix_path.dsv'
[2.303s] INFO:colcon.colcon_core.shell:Creating environment hook '/home/rosubuntu/eurobot_ws/install/eurobot_description/share/eurobot_description/hook/cmake_prefix_path.sh'
[2.304s] Level 1:colcon.colcon_core.environment:checking '/home/rosubuntu/eurobot_ws/install/eurobot_description/bin'
[2.304s] Level 1:colcon.colcon_core.environment:checking '/home/rosubuntu/eurobot_ws/install/eurobot_description/lib/pkgconfig/eurobot_description.pc'
[2.304s] Level 1:colcon.colcon_core.environment:checking '/home/rosubuntu/eurobot_ws/install/eurobot_description/lib/python3.10/site-packages'
[2.304s] Level 1:colcon.colcon_core.environment:checking '/home/rosubuntu/eurobot_ws/install/eurobot_description/bin'
[2.322s] INFO:colcon.colcon_core.shell:Creating package script '/home/rosubuntu/eurobot_ws/install/eurobot_description/share/eurobot_description/package.ps1'
[2.323s] INFO:colcon.colcon_core.shell:Creating package descriptor '/home/rosubuntu/eurobot_ws/install/eurobot_description/share/eurobot_description/package.dsv'
[2.323s] INFO:colcon.colcon_core.shell:Creating package script '/home/rosubuntu/eurobot_ws/install/eurobot_description/share/eurobot_description/package.sh'
[2.323s] INFO:colcon.colcon_core.shell:Creating package script '/home/rosubuntu/eurobot_ws/install/eurobot_description/share/eurobot_description/package.bash'
[2.323s] INFO:colcon.colcon_core.shell:Creating package script '/home/rosubuntu/eurobot_ws/install/eurobot_description/share/eurobot_description/package.zsh'
[2.324s] Level 1:colcon.colcon_core.environment:create_file_with_runtime_dependencies(/home/rosubuntu/eurobot_ws/install/eurobot_description/share/colcon-core/packages/eurobot_description)
[2.325s] Level 1:colcon.colcon_core.environment:create_environment_scripts_only(eurobot_control)
[2.326s] DEBUG:colcon.colcon_core.event_handler.log_command:Invoked command in '/home/rosubuntu/eurobot_ws/build/eurobot_control' returned '0': CMAKE_PREFIX_PATH=${CMAKE_PREFIX_PATH}:/opt/ros/humble /usr/bin/cmake --install /home/rosubuntu/eurobot_ws/build/eurobot_control
[2.347s] Level 1:colcon.colcon_core.environment:checking '/home/rosubuntu/eurobot_ws/install/eurobot_control' for CMake module files
[2.348s] Level 1:colcon.colcon_core.environment:checking '/home/rosubuntu/eurobot_ws/install/eurobot_control' for CMake config files
[2.348s] Level 1:colcon.colcon_core.shell:create_environment_hook('eurobot_control', 'cmake_prefix_path')
[2.367s] INFO:colcon.colcon_core.shell:Creating environment hook '/home/rosubuntu/eurobot_ws/install/eurobot_control/share/eurobot_control/hook/cmake_prefix_path.ps1'
[2.367s] INFO:colcon.colcon_core.shell:Creating environment descriptor '/home/rosubuntu/eurobot_ws/install/eurobot_control/share/eurobot_control/hook/cmake_prefix_path.dsv'
[2.368s] INFO:colcon.colcon_core.shell:Creating environment hook '/home/rosubuntu/eurobot_ws/install/eurobot_control/share/eurobot_control/hook/cmake_prefix_path.sh'
[2.368s] Level 1:colcon.colcon_core.environment:checking '/home/rosubuntu/eurobot_ws/install/eurobot_control/lib'
[2.368s] Level 1:colcon.colcon_core.environment:checking '/home/rosubuntu/eurobot_ws/install/eurobot_control/bin'
[2.368s] Level 1:colcon.colcon_core.environment:checking '/home/rosubuntu/eurobot_ws/install/eurobot_control/lib/pkgconfig/eurobot_control.pc'
[2.369s] Level 1:colcon.colcon_core.environment:checking '/home/rosubuntu/eurobot_ws/install/eurobot_control/lib/python3.10/site-packages'
[2.369s] Level 1:colcon.colcon_core.environment:checking '/home/rosubuntu/eurobot_ws/install/eurobot_control/bin'
[2.386s] INFO:colcon.colcon_core.shell:Creating package script '/home/rosubuntu/eurobot_ws/install/eurobot_control/share/eurobot_control/package.ps1'
[2.387s] INFO:colcon.colcon_core.shell:Creating package descriptor '/home/rosubuntu/eurobot_ws/install/eurobot_control/share/eurobot_control/package.dsv'
[2.387s] INFO:colcon.colcon_core.shell:Creating package script '/home/rosubuntu/eurobot_ws/install/eurobot_control/share/eurobot_control/package.sh'
[2.387s] INFO:colcon.colcon_core.shell:Creating package script '/home/rosubuntu/eurobot_ws/install/eurobot_control/share/eurobot_control/package.bash'
[2.388s] INFO:colcon.colcon_core.shell:Creating package script '/home/rosubuntu/eurobot_ws/install/eurobot_control/share/eurobot_control/package.zsh'
[2.388s] Level 1:colcon.colcon_core.environment:create_file_with_runtime_dependencies(/home/rosubuntu/eurobot_ws/install/eurobot_control/share/colcon-core/packages/eurobot_control)
[2.407s] Level 1:colcon.colcon_core.environment:create_environment_scripts_only(mon_pkg_robot)
[2.424s] Level 1:colcon.colcon_core.environment:checking '/home/rosubuntu/eurobot_ws/install/mon_pkg_robot' for CMake module files
[2.425s] Level 1:colcon.colcon_core.environment:checking '/home/rosubuntu/eurobot_ws/install/mon_pkg_robot' for CMake config files
[2.425s] Level 1:colcon.colcon_core.shell:create_environment_hook('mon_pkg_robot', 'cmake_prefix_path')
[2.443s] INFO:colcon.colcon_core.shell:Creating environment hook '/home/rosubuntu/eurobot_ws/install/mon_pkg_robot/share/mon_pkg_robot/hook/cmake_prefix_path.ps1'
[2.443s] INFO:colcon.colcon_core.shell:Creating environment descriptor '/home/rosubuntu/eurobot_ws/install/mon_pkg_robot/share/mon_pkg_robot/hook/cmake_prefix_path.dsv'
[2.443s] INFO:colcon.colcon_core.shell:Creating environment hook '/home/rosubuntu/eurobot_ws/install/mon_pkg_robot/share/mon_pkg_robot/hook/cmake_prefix_path.sh'
[2.444s] Level 1:colcon.colcon_core.environment:checking '/home/rosubuntu/eurobot_ws/install/mon_pkg_robot/bin'
[2.444s] Level 1:colcon.colcon_core.environment:checking '/home/rosubuntu/eurobot_ws/install/mon_pkg_robot/lib/pkgconfig/mon_pkg_robot.pc'
[2.444s] Level 1:colcon.colcon_core.environment:checking '/home/rosubuntu/eurobot_ws/install/mon_pkg_robot/lib/python3.10/site-packages'
[2.444s] Level 1:colcon.colcon_core.environment:checking '/home/rosubuntu/eurobot_ws/install/mon_pkg_robot/bin'
[2.463s] INFO:colcon.colcon_core.shell:Creating package script '/home/rosubuntu/eurobot_ws/install/mon_pkg_robot/share/mon_pkg_robot/package.ps1'
[2.464s] INFO:colcon.colcon_core.shell:Creating package descriptor '/home/rosubuntu/eurobot_ws/install/mon_pkg_robot/share/mon_pkg_robot/package.dsv'
[2.464s] INFO:colcon.colcon_core.shell:Creating package script '/home/rosubuntu/eurobot_ws/install/mon_pkg_robot/share/mon_pkg_robot/package.sh'
[2.464s] INFO:colcon.colcon_core.shell:Creating package script '/home/rosubuntu/eurobot_ws/install/mon_pkg_robot/share/mon_pkg_robot/package.bash'
[2.465s] INFO:colcon.colcon_core.shell:Creating package script '/home/rosubuntu/eurobot_ws/install/mon_pkg_robot/share/mon_pkg_robot/package.zsh'
[2.465s] Level 1:colcon.colcon_core.environment:create_file_with_runtime_dependencies(/home/rosubuntu/eurobot_ws/install/mon_pkg_robot/share/colcon-core/packages/mon_pkg_robot)
[2.466s] Level 1:colcon.colcon_core.environment:create_environment_scripts_only(eurobot_hardware)
[2.466s] DEBUG:colcon.colcon_core.event_handler.log_command:Invoked command in '/home/rosubuntu/eurobot_ws/build/eurobot_hardware' returned '0': CMAKE_PREFIX_PATH=${CMAKE_PREFIX_PATH}:/opt/ros/humble /usr/bin/cmake --install /home/rosubuntu/eurobot_ws/build/eurobot_hardware
[2.502s] Level 1:colcon.colcon_core.environment:checking '/home/rosubuntu/eurobot_ws/install/eurobot_hardware' for CMake module files
[2.503s] Level 1:colcon.colcon_core.environment:checking '/home/rosubuntu/eurobot_ws/install/eurobot_hardware' for CMake config files
[2.503s] Level 1:colcon.colcon_core.shell:create_environment_hook('eurobot_hardware', 'cmake_prefix_path')
[2.523s] INFO:colcon.colcon_core.shell:Creating environment hook '/home/rosubuntu/eurobot_ws/install/eurobot_hardware/share/eurobot_hardware/hook/cmake_prefix_path.ps1'
[2.523s] INFO:colcon.colcon_core.shell:Creating environment descriptor '/home/rosubuntu/eurobot_ws/install/eurobot_hardware/share/eurobot_hardware/hook/cmake_prefix_path.dsv'
[2.523s] INFO:colcon.colcon_core.shell:Creating environment hook '/home/rosubuntu/eurobot_ws/install/eurobot_hardware/share/eurobot_hardware/hook/cmake_prefix_path.sh'
[2.524s] Level 1:colcon.colcon_core.environment:checking '/home/rosubuntu/eurobot_ws/install/eurobot_hardware/lib'
[2.524s] Level 1:colcon.colcon_core.shell:create_environment_hook('eurobot_hardware', 'ld_library_path_lib')
[2.542s] INFO:colcon.colcon_core.shell:Creating environment hook '/home/rosubuntu/eurobot_ws/install/eurobot_hardware/share/eurobot_hardware/hook/ld_library_path_lib.ps1'
[2.542s] INFO:colcon.colcon_core.shell:Creating environment descriptor '/home/rosubuntu/eurobot_ws/install/eurobot_hardware/share/eurobot_hardware/hook/ld_library_path_lib.dsv'
[2.543s] INFO:colcon.colcon_core.shell:Creating environment hook '/home/rosubuntu/eurobot_ws/install/eurobot_hardware/share/eurobot_hardware/hook/ld_library_path_lib.sh'
[2.543s] Level 1:colcon.colcon_core.environment:checking '/home/rosubuntu/eurobot_ws/install/eurobot_hardware/bin'
[2.543s] Level 1:colcon.colcon_core.environment:checking '/home/rosubuntu/eurobot_ws/install/eurobot_hardware/lib/pkgconfig/eurobot_hardware.pc'
[2.543s] Level 1:colcon.colcon_core.environment:checking '/home/rosubuntu/eurobot_ws/install/eurobot_hardware/lib/python3.10/site-packages'
[2.543s] Level 1:colcon.colcon_core.environment:checking '/home/rosubuntu/eurobot_ws/install/eurobot_hardware/bin'
[2.563s] INFO:colcon.colcon_core.shell:Creating package script '/home/rosubuntu/eurobot_ws/install/eurobot_hardware/share/eurobot_hardware/package.ps1'
[2.563s] INFO:colcon.colcon_core.shell:Creating package descriptor '/home/rosubuntu/eurobot_ws/install/eurobot_hardware/share/eurobot_hardware/package.dsv'
[2.563s] INFO:colcon.colcon_core.shell:Creating package script '/home/rosubuntu/eurobot_ws/install/eurobot_hardware/share/eurobot_hardware/package.sh'
[2.564s] INFO:colcon.colcon_core.shell:Creating package script '/home/rosubuntu/eurobot_ws/install/eurobot_hardware/share/eurobot_hardware/package.bash'
[2.564s] INFO:colcon.colcon_core.shell:Creating package script '/home/rosubuntu/eurobot_ws/install/eurobot_hardware/share/eurobot_hardware/package.zsh'
[2.564s] Level 1:colcon.colcon_core.environment:create_file_with_runtime_dependencies(/home/rosubuntu/eurobot_ws/install/eurobot_hardware/share/colcon-core/packages/eurobot_hardware)
[2.565s] Level 1:colcon.colcon_core.environment:create_environment_scripts_only(eurobot_teleop)
[2.566s] DEBUG:colcon.colcon_core.event_handler.log_command:Invoked command in '/home/rosubuntu/eurobot_ws/build/eurobot_teleop' returned '0': CMAKE_PREFIX_PATH=${CMAKE_PREFIX_PATH}:/opt/ros/humble /usr/bin/cmake --install /home/rosubuntu/eurobot_ws/build/eurobot_teleop
[2.584s] Level 1:colcon.colcon_core.environment:checking '/home/rosubuntu/eurobot_ws/install/eurobot_teleop' for CMake module files
[2.584s] Level 1:colcon.colcon_core.environment:checking '/home/rosubuntu/eurobot_ws/install/eurobot_teleop' for CMake config files
[2.585s] Level 1:colcon.colcon_core.shell:create_environment_hook('eurobot_teleop', 'cmake_prefix_path')
[2.604s] INFO:colcon.colcon_core.shell:Creating environment hook '/home/rosubuntu/eurobot_ws/install/eurobot_teleop/share/eurobot_teleop/hook/cmake_prefix_path.ps1'
[2.604s] INFO:colcon.colcon_core.shell:Creating environment descriptor '/home/rosubuntu/eurobot_ws/install/eurobot_teleop/share/eurobot_teleop/hook/cmake_prefix_path.dsv'
[2.605s] INFO:colcon.colcon_core.shell:Creating environment hook '/home/rosubuntu/eurobot_ws/install/eurobot_teleop/share/eurobot_teleop/hook/cmake_prefix_path.sh'
[2.605s] Level 1:colcon.colcon_core.environment:checking '/home/rosubuntu/eurobot_ws/install/eurobot_teleop/lib'
[2.606s] Level 1:colcon.colcon_core.environment:checking '/home/rosubuntu/eurobot_ws/install/eurobot_teleop/bin'
[2.606s] Level 1:colcon.colcon_core.environment:checking '/home/rosubuntu/eurobot_ws/install/eurobot_teleop/lib/pkgconfig/eurobot_teleop.pc'
[2.606s] Level 1:colcon.colcon_core.environment:checking '/home/rosubuntu/eurobot_ws/install/eurobot_teleop/lib/python3.10/site-packages'
[2.606s] Level 1:colcon.colcon_core.environment:checking '/home/rosubuntu/eurobot_ws/install/eurobot_teleop/bin'
[2.625s] INFO:colcon.colcon_core.shell:Creating package script '/home/rosubuntu/eurobot_ws/install/eurobot_teleop/share/eurobot_teleop/package.ps1'
[2.626s] INFO:colcon.colcon_core.shell:Creating package descriptor '/home/rosubuntu/eurobot_ws/install/eurobot_teleop/share/eurobot_teleop/package.dsv'
[2.626s] INFO:colcon.colcon_core.shell:Creating package script '/home/rosubuntu/eurobot_ws/install/eurobot_teleop/share/eurobot_teleop/package.sh'
[2.626s] INFO:colcon.colcon_core.shell:Creating package script '/home/rosubuntu/eurobot_ws/install/eurobot_teleop/share/eurobot_teleop/package.bash'
[2.627s] INFO:colcon.colcon_core.shell:Creating package script '/home/rosubuntu/eurobot_ws/install/eurobot_teleop/share/eurobot_teleop/package.zsh'
[2.627s] Level 1:colcon.colcon_core.environment:create_file_with_runtime_dependencies(/home/rosubuntu/eurobot_ws/install/eurobot_teleop/share/colcon-core/packages/eurobot_teleop)
[2.628s] Level 1:colcon.colcon_core.environment:create_environment_scripts_only(eurobot_controller)
[2.628s] DEBUG:colcon.colcon_core.event_handler.log_command:Invoked command in '/home/rosubuntu/eurobot_ws/build/eurobot_controller' returned '0': CMAKE_PREFIX_PATH=${CMAKE_PREFIX_PATH}:/opt/ros/humble /usr/bin/cmake --install /home/rosubuntu/eurobot_ws/build/eurobot_controller
[2.648s] Level 1:colcon.colcon_core.environment:checking '/home/rosubuntu/eurobot_ws/install/eurobot_controller' for CMake module files
[2.648s] Level 1:colcon.colcon_core.environment:checking '/home/rosubuntu/eurobot_ws/install/eurobot_controller' for CMake config files
[2.649s] Level 1:colcon.colcon_core.shell:create_environment_hook('eurobot_controller', 'cmake_prefix_path')
[2.669s] INFO:colcon.colcon_core.shell:Creating environment hook '/home/rosubuntu/eurobot_ws/install/eurobot_controller/share/eurobot_controller/hook/cmake_prefix_path.ps1'
[2.669s] INFO:colcon.colcon_core.shell:Creating environment descriptor '/home/rosubuntu/eurobot_ws/install/eurobot_controller/share/eurobot_controller/hook/cmake_prefix_path.dsv'
[2.669s] INFO:colcon.colcon_core.shell:Creating environment hook '/home/rosubuntu/eurobot_ws/install/eurobot_controller/share/eurobot_controller/hook/cmake_prefix_path.sh'
[2.670s] Level 1:colcon.colcon_core.environment:checking '/home/rosubuntu/eurobot_ws/install/eurobot_controller/lib'
[2.670s] Level 1:colcon.colcon_core.shell:create_environment_hook('eurobot_controller', 'ld_library_path_lib')
[2.688s] INFO:colcon.colcon_core.shell:Creating environment hook '/home/rosubuntu/eurobot_ws/install/eurobot_controller/share/eurobot_controller/hook/ld_library_path_lib.ps1'
[2.689s] INFO:colcon.colcon_core.shell:Creating environment descriptor '/home/rosubuntu/eurobot_ws/install/eurobot_controller/share/eurobot_controller/hook/ld_library_path_lib.dsv'
[2.689s] INFO:colcon.colcon_core.shell:Creating environment hook '/home/rosubuntu/eurobot_ws/install/eurobot_controller/share/eurobot_controller/hook/ld_library_path_lib.sh'
[2.689s] Level 1:colcon.colcon_core.environment:checking '/home/rosubuntu/eurobot_ws/install/eurobot_controller/bin'
[2.690s] Level 1:colcon.colcon_core.environment:checking '/home/rosubuntu/eurobot_ws/install/eurobot_controller/lib/pkgconfig/eurobot_controller.pc'
[2.690s] Level 1:colcon.colcon_core.environment:checking '/home/rosubuntu/eurobot_ws/install/eurobot_controller/lib/python3.10/site-packages'
[2.690s] Level 1:colcon.colcon_core.environment:checking '/home/rosubuntu/eurobot_ws/install/eurobot_controller/bin'
[2.708s] INFO:colcon.colcon_core.shell:Creating package script '/home/rosubuntu/eurobot_ws/install/eurobot_controller/share/eurobot_controller/package.ps1'
[2.709s] INFO:colcon.colcon_core.shell:Creating package descriptor '/home/rosubuntu/eurobot_ws/install/eurobot_controller/share/eurobot_controller/package.dsv'
[2.709s] INFO:colcon.colcon_core.shell:Creating package script '/home/rosubuntu/eurobot_ws/install/eurobot_controller/share/eurobot_controller/package.sh'
[2.710s] INFO:colcon.colcon_core.shell:Creating package script '/home/rosubuntu/eurobot_ws/install/eurobot_controller/share/eurobot_controller/package.bash'
[2.710s] INFO:colcon.colcon_core.shell:Creating package script '/home/rosubuntu/eurobot_ws/install/eurobot_controller/share/eurobot_controller/package.zsh'
[2.710s] Level 1:colcon.colcon_core.environment:create_file_with_runtime_dependencies(/home/rosubuntu/eurobot_ws/install/eurobot_controller/share/colcon-core/packages/eurobot_controller)
[2.731s] Level 1:colcon.colcon_core.environment:create_environment_scripts_only(eurobot_description)
[2.758s] Level 1:colcon.colcon_core.environment:checking '/home/rosubuntu/eurobot_ws/install/eurobot_description' for CMake module files
[2.759s] Level 1:colcon.colcon_core.environment:checking '/home/rosubuntu/eurobot_ws/install/eurobot_description' for CMake config files
[2.759s] Level 1:colcon.colcon_core.shell:create_environment_hook('eurobot_description', 'cmake_prefix_path')
[2.786s] INFO:colcon.colcon_core.shell:Creating environment hook '/home/rosubuntu/eurobot_ws/install/eurobot_description/share/eurobot_description/hook/cmake_prefix_path.ps1'
[2.786s] INFO:colcon.colcon_core.shell:Creating environment descriptor '/home/rosubuntu/eurobot_ws/install/eurobot_description/share/eurobot_description/hook/cmake_prefix_path.dsv'
[2.786s] INFO:colcon.colcon_core.shell:Creating environment hook '/home/rosubuntu/eurobot_ws/install/eurobot_description/share/eurobot_description/hook/cmake_prefix_path.sh'
[2.787s] Level 1:colcon.colcon_core.environment:checking '/home/rosubuntu/eurobot_ws/install/eurobot_description/bin'
[2.787s] Level 1:colcon.colcon_core.environment:checking '/home/rosubuntu/eurobot_ws/install/eurobot_description/lib/pkgconfig/eurobot_description.pc'
[2.787s] Level 1:colcon.colcon_core.environment:checking '/home/rosubuntu/eurobot_ws/install/eurobot_description/lib/python3.10/site-packages'
[2.787s] Level 1:colcon.colcon_core.environment:checking '/home/rosubuntu/eurobot_ws/install/eurobot_description/bin'
[2.814s] INFO:colcon.colcon_core.shell:Creating package script '/home/rosubuntu/eurobot_ws/install/eurobot_description/share/eurobot_description/package.ps1'
[2.815s] INFO:colcon.colcon_core.shell:Creating package descriptor '/home/rosubuntu/eurobot_ws/install/eurobot_description/share/eurobot_description/package.dsv'
[2.815s] INFO:colcon.colcon_core.shell:Creating package script '/home/rosubuntu/eurobot_ws/install/eurobot_description/share/eurobot_description/package.sh'
[2.816s] INFO:colcon.colcon_core.shell:Creating package script '/home/rosubuntu/eurobot_ws/install/eurobot_description/share/eurobot_description/package.bash'
[2.816s] INFO:colcon.colcon_core.shell:Creating package script '/home/rosubuntu/eurobot_ws/install/eurobot_description/share/eurobot_description/package.zsh'
[2.816s] Level 1:colcon.colcon_core.environment:create_file_with_runtime_dependencies(/home/rosubuntu/eurobot_ws/install/eurobot_description/share/colcon-core/packages/eurobot_description)
[2.842s] Level 1:colcon.colcon_core.environment:create_environment_scripts_only(eurobot_control)
[2.863s] Level 1:colcon.colcon_core.environment:checking '/home/rosubuntu/eurobot_ws/install/eurobot_control' for CMake module files
[2.864s] Level 1:colcon.colcon_core.environment:checking '/home/rosubuntu/eurobot_ws/install/eurobot_control' for CMake config files
[2.864s] Level 1:colcon.colcon_core.shell:create_environment_hook('eurobot_control', 'cmake_prefix_path')
[2.884s] INFO:colcon.colcon_core.shell:Creating environment hook '/home/rosubuntu/eurobot_ws/install/eurobot_control/share/eurobot_control/hook/cmake_prefix_path.ps1'
[2.884s] INFO:colcon.colcon_core.shell:Creating environment descriptor '/home/rosubuntu/eurobot_ws/install/eurobot_control/share/eurobot_control/hook/cmake_prefix_path.dsv'
[2.884s] INFO:colcon.colcon_core.shell:Creating environment hook '/home/rosubuntu/eurobot_ws/install/eurobot_control/share/eurobot_control/hook/cmake_prefix_path.sh'
[2.885s] Level 1:colcon.colcon_core.environment:checking '/home/rosubuntu/eurobot_ws/install/eurobot_control/lib'
[2.885s] Level 1:colcon.colcon_core.environment:checking '/home/rosubuntu/eurobot_ws/install/eurobot_control/bin'
[2.885s] Level 1:colcon.colcon_core.environment:checking '/home/rosubuntu/eurobot_ws/install/eurobot_control/lib/pkgconfig/eurobot_control.pc'
[2.885s] Level 1:colcon.colcon_core.environment:checking '/home/rosubuntu/eurobot_ws/install/eurobot_control/lib/python3.10/site-packages'
[2.885s] Level 1:colcon.colcon_core.environment:checking '/home/rosubuntu/eurobot_ws/install/eurobot_control/bin'
[2.904s] INFO:colcon.colcon_core.shell:Creating package script '/home/rosubuntu/eurobot_ws/install/eurobot_control/share/eurobot_control/package.ps1'
[2.904s] INFO:colcon.colcon_core.shell:Creating package descriptor '/home/rosubuntu/eurobot_ws/install/eurobot_control/share/eurobot_control/package.dsv'
[2.905s] INFO:colcon.colcon_core.shell:Creating package script '/home/rosubuntu/eurobot_ws/install/eurobot_control/share/eurobot_control/package.sh'
[2.905s] INFO:colcon.colcon_core.shell:Creating package script '/home/rosubuntu/eurobot_ws/install/eurobot_control/share/eurobot_control/package.bash'
[2.905s] INFO:colcon.colcon_core.shell:Creating package script '/home/rosubuntu/eurobot_ws/install/eurobot_control/share/eurobot_control/package.zsh'
[2.906s] Level 1:colcon.colcon_core.environment:create_file_with_runtime_dependencies(/home/rosubuntu/eurobot_ws/install/eurobot_control/share/colcon-core/packages/eurobot_control)
[2.906s] INFO:colcon.colcon_ros.task.ament_cmake.build:Building ROS package in '/home/rosubuntu/eurobot_ws/src/eurobot_launch' with build type 'ament_cmake'
[2.906s] INFO:colcon.colcon_cmake.task.cmake.build:Building CMake package in '/home/rosubuntu/eurobot_ws/src/eurobot_launch'
[2.936s] INFO:colcon.colcon_core.shell:Skip shell extension 'powershell' for command environment: Not usable outside of PowerShell
[2.937s] DEBUG:colcon.colcon_core.shell:Skip shell extension 'dsv' for command environment
[3.066s] Level 1:colcon.colcon_core.environment:create_environment_scripts_only(eurobot_hardware)
[3.087s] Level 1:colcon.colcon_core.environment:checking '/home/rosubuntu/eurobot_ws/install/eurobot_hardware' for CMake module files
[3.088s] Level 1:colcon.colcon_core.environment:checking '/home/rosubuntu/eurobot_ws/install/eurobot_hardware' for CMake config files
[3.088s] Level 1:colcon.colcon_core.shell:create_environment_hook('eurobot_hardware', 'cmake_prefix_path')
[3.112s] INFO:colcon.colcon_core.shell:Creating environment hook '/home/rosubuntu/eurobot_ws/install/eurobot_hardware/share/eurobot_hardware/hook/cmake_prefix_path.ps1'
[3.113s] INFO:colcon.colcon_core.shell:Creating environment descriptor '/home/rosubuntu/eurobot_ws/install/eurobot_hardware/share/eurobot_hardware/hook/cmake_prefix_path.dsv'
[3.114s] INFO:colcon.colcon_core.shell:Creating environment hook '/home/rosubuntu/eurobot_ws/install/eurobot_hardware/share/eurobot_hardware/hook/cmake_prefix_path.sh'
[3.115s] Level 1:colcon.colcon_core.environment:checking '/home/rosubuntu/eurobot_ws/install/eurobot_hardware/lib'
[3.115s] Level 1:colcon.colcon_core.shell:create_environment_hook('eurobot_hardware', 'ld_library_path_lib')
[3.141s] INFO:colcon.colcon_core.shell:Creating environment hook '/home/rosubuntu/eurobot_ws/install/eurobot_hardware/share/eurobot_hardware/hook/ld_library_path_lib.ps1'
[3.141s] INFO:colcon.colcon_core.shell:Creating environment descriptor '/home/rosubuntu/eurobot_ws/install/eurobot_hardware/share/eurobot_hardware/hook/ld_library_path_lib.dsv'
[3.142s] INFO:colcon.colcon_core.shell:Creating environment hook '/home/rosubuntu/eurobot_ws/install/eurobot_hardware/share/eurobot_hardware/hook/ld_library_path_lib.sh'
[3.142s] Level 1:colcon.colcon_core.environment:checking '/home/rosubuntu/eurobot_ws/install/eurobot_hardware/bin'
[3.142s] Level 1:colcon.colcon_core.environment:checking '/home/rosubuntu/eurobot_ws/install/eurobot_hardware/lib/pkgconfig/eurobot_hardware.pc'
[3.142s] Level 1:colcon.colcon_core.environment:checking '/home/rosubuntu/eurobot_ws/install/eurobot_hardware/lib/python3.10/site-packages'
[3.142s] Level 1:colcon.colcon_core.environment:checking '/home/rosubuntu/eurobot_ws/install/eurobot_hardware/bin'
[3.162s] INFO:colcon.colcon_core.shell:Creating package script '/home/rosubuntu/eurobot_ws/install/eurobot_hardware/share/eurobot_hardware/package.ps1'
[3.163s] INFO:colcon.colcon_core.shell:Creating package descriptor '/home/rosubuntu/eurobot_ws/install/eurobot_hardware/share/eurobot_hardware/package.dsv'
[3.163s] INFO:colcon.colcon_core.shell:Creating package script '/home/rosubuntu/eurobot_ws/install/eurobot_hardware/share/eurobot_hardware/package.sh'
[3.164s] INFO:colcon.colcon_core.shell:Creating package script '/home/rosubuntu/eurobot_ws/install/eurobot_hardware/share/eurobot_hardware/package.bash'
[3.164s] INFO:colcon.colcon_core.shell:Creating package script '/home/rosubuntu/eurobot_ws/install/eurobot_hardware/share/eurobot_hardware/package.zsh'
[3.164s] Level 1:colcon.colcon_core.environment:create_file_with_runtime_dependencies(/home/rosubuntu/eurobot_ws/install/eurobot_hardware/share/colcon-core/packages/eurobot_hardware)
[3.188s] Level 1:colcon.colcon_core.environment:create_environment_scripts_only(eurobot_teleop)
[3.207s] Level 1:colcon.colcon_core.environment:checking '/home/rosubuntu/eurobot_ws/install/eurobot_teleop' for CMake module files
[3.208s] Level 1:colcon.colcon_core.environment:checking '/home/rosubuntu/eurobot_ws/install/eurobot_teleop' for CMake config files
[3.208s] Level 1:colcon.colcon_core.shell:create_environment_hook('eurobot_teleop', 'cmake_prefix_path')
[3.226s] INFO:colcon.colcon_core.shell:Creating environment hook '/home/rosubuntu/eurobot_ws/install/eurobot_teleop/share/eurobot_teleop/hook/cmake_prefix_path.ps1'
[3.226s] INFO:colcon.colcon_core.shell:Creating environment descriptor '/home/rosubuntu/eurobot_ws/install/eurobot_teleop/share/eurobot_teleop/hook/cmake_prefix_path.dsv'
[3.226s] INFO:colcon.colcon_core.shell:Creating environment hook '/home/rosubuntu/eurobot_ws/install/eurobot_teleop/share/eurobot_teleop/hook/cmake_prefix_path.sh'
[3.227s] Level 1:colcon.colcon_core.environment:checking '/home/rosubuntu/eurobot_ws/install/eurobot_teleop/lib'
[3.227s] Level 1:colcon.colcon_core.environment:checking '/home/rosubuntu/eurobot_ws/install/eurobot_teleop/bin'
[3.227s] Level 1:colcon.colcon_core.environment:checking '/home/rosubuntu/eurobot_ws/install/eurobot_teleop/lib/pkgconfig/eurobot_teleop.pc'
[3.227s] Level 1:colcon.colcon_core.environment:checking '/home/rosubuntu/eurobot_ws/install/eurobot_teleop/lib/python3.10/site-packages'
[3.227s] Level 1:colcon.colcon_core.environment:checking '/home/rosubuntu/eurobot_ws/install/eurobot_teleop/bin'
[3.245s] INFO:colcon.colcon_core.shell:Creating package script '/home/rosubuntu/eurobot_ws/install/eurobot_teleop/share/eurobot_teleop/package.ps1'
[3.245s] INFO:colcon.colcon_core.shell:Creating package descriptor '/home/rosubuntu/eurobot_ws/install/eurobot_teleop/share/eurobot_teleop/package.dsv'
[3.246s] INFO:colcon.colcon_core.shell:Creating package script '/home/rosubuntu/eurobot_ws/install/eurobot_teleop/share/eurobot_teleop/package.sh'
[3.246s] INFO:colcon.colcon_core.shell:Creating package script '/home/rosubuntu/eurobot_ws/install/eurobot_teleop/share/eurobot_teleop/package.bash'
[3.246s] INFO:colcon.colcon_core.shell:Creating package script '/home/rosubuntu/eurobot_ws/install/eurobot_teleop/share/eurobot_teleop/package.zsh'
[3.247s] Level 1:colcon.colcon_core.environment:create_file_with_runtime_dependencies(/home/rosubuntu/eurobot_ws/install/eurobot_teleop/share/colcon-core/packages/eurobot_teleop)
[3.270s] Level 1:colcon.colcon_core.environment:create_environment_scripts_only(eurobot_controller)
[3.288s] Level 1:colcon.colcon_core.environment:checking '/home/rosubuntu/eurobot_ws/install/eurobot_controller' for CMake module files
[3.289s] Level 1:colcon.colcon_core.environment:checking '/home/rosubuntu/eurobot_ws/install/eurobot_controller' for CMake config files
[3.289s] Level 1:colcon.colcon_core.shell:create_environment_hook('eurobot_controller', 'cmake_prefix_path')
[3.306s] INFO:colcon.colcon_core.shell:Creating environment hook '/home/rosubuntu/eurobot_ws/install/eurobot_controller/share/eurobot_controller/hook/cmake_prefix_path.ps1'
[3.307s] INFO:colcon.colcon_core.shell:Creating environment descriptor '/home/rosubuntu/eurobot_ws/install/eurobot_controller/share/eurobot_controller/hook/cmake_prefix_path.dsv'
[3.307s] INFO:colcon.colcon_core.shell:Creating environment hook '/home/rosubuntu/eurobot_ws/install/eurobot_controller/share/eurobot_controller/hook/cmake_prefix_path.sh'
[3.307s] Level 1:colcon.colcon_core.environment:checking '/home/rosubuntu/eurobot_ws/install/eurobot_controller/lib'
[3.307s] Level 1:colcon.colcon_core.shell:create_environment_hook('eurobot_controller', 'ld_library_path_lib')
[3.325s] INFO:colcon.colcon_core.shell:Creating environment hook '/home/rosubuntu/eurobot_ws/install/eurobot_controller/share/eurobot_controller/hook/ld_library_path_lib.ps1'
[3.325s] INFO:colcon.colcon_core.shell:Creating environment descriptor '/home/rosubuntu/eurobot_ws/install/eurobot_controller/share/eurobot_controller/hook/ld_library_path_lib.dsv'
[3.325s] INFO:colcon.colcon_core.shell:Creating environment hook '/home/rosubuntu/eurobot_ws/install/eurobot_controller/share/eurobot_controller/hook/ld_library_path_lib.sh'
[3.326s] Level 1:colcon.colcon_core.environment:checking '/home/rosubuntu/eurobot_ws/install/eurobot_controller/bin'
[3.326s] Level 1:colcon.colcon_core.environment:checking '/home/rosubuntu/eurobot_ws/install/eurobot_controller/lib/pkgconfig/eurobot_controller.pc'
[3.326s] Level 1:colcon.colcon_core.environment:checking '/home/rosubuntu/eurobot_ws/install/eurobot_controller/lib/python3.10/site-packages'
[3.326s] Level 1:colcon.colcon_core.environment:checking '/home/rosubuntu/eurobot_ws/install/eurobot_controller/bin'
[3.343s] INFO:colcon.colcon_core.shell:Creating package script '/home/rosubuntu/eurobot_ws/install/eurobot_controller/share/eurobot_controller/package.ps1'
[3.343s] INFO:colcon.colcon_core.shell:Creating package descriptor '/home/rosubuntu/eurobot_ws/install/eurobot_controller/share/eurobot_controller/package.dsv'
[3.344s] INFO:colcon.colcon_core.shell:Creating package script '/home/rosubuntu/eurobot_ws/install/eurobot_controller/share/eurobot_controller/package.sh'
[3.344s] INFO:colcon.colcon_core.shell:Creating package script '/home/rosubuntu/eurobot_ws/install/eurobot_controller/share/eurobot_controller/package.bash'
[3.344s] INFO:colcon.colcon_core.shell:Creating package script '/home/rosubuntu/eurobot_ws/install/eurobot_controller/share/eurobot_controller/package.zsh'
[3.345s] Level 1:colcon.colcon_core.environment:create_file_with_runtime_dependencies(/home/rosubuntu/eurobot_ws/install/eurobot_controller/share/colcon-core/packages/eurobot_controller)
[3.348s] DEBUG:colcon.colcon_core.event_handler.log_command:Invoking command in '/home/rosubuntu/eurobot_ws/build/eurobot_launch': CMAKE_PREFIX_PATH=/home/rosubuntu/eurobot_ws/install/eurobot_description:/home/rosubuntu/eurobot_ws/install/mon_pkg_robot:/home/rosubuntu/eurobot_ws/install/eurobot_teleop:/home/rosubuntu/eurobot_ws/install/eurobot_launch:/home/rosubuntu/eurobot_ws/install/eurobot_hardware:/home/rosubuntu/eurobot_ws/install/eurobot_controller:/home/rosubuntu/eurobot_ws/install/eurobot_control:/opt/ros/humble /usr/bin/cmake --build /home/rosubuntu/eurobot_ws/build/eurobot_launch -- -j8 -l8
[3.383s] DEBUG:colcon.colcon_core.event_handler.log_command:Invoked command in '/home/rosubuntu/eurobot_ws/build/eurobot_launch' returned '0': CMAKE_PREFIX_PATH=/home/rosubuntu/eurobot_ws/install/eurobot_description:/home/rosubuntu/eurobot_ws/install/mon_pkg_robot:/home/rosubuntu/eurobot_ws/install/eurobot_teleop:/home/rosubuntu/eurobot_ws/install/eurobot_launch:/home/rosubuntu/eurobot_ws/install/eurobot_hardware:/home/rosubuntu/eurobot_ws/install/eurobot_controller:/home/rosubuntu/eurobot_ws/install/eurobot_control:/opt/ros/humble /usr/bin/cmake --build /home/rosubuntu/eurobot_ws/build/eurobot_launch -- -j8 -l8
[3.400s] DEBUG:colcon.colcon_core.event_handler.log_command:Invoking command in '/home/rosubuntu/eurobot_ws/build/eurobot_launch': CMAKE_PREFIX_PATH=/home/rosubuntu/eurobot_ws/install/eurobot_description:/home/rosubuntu/eurobot_ws/install/mon_pkg_robot:/home/rosubuntu/eurobot_ws/install/eurobot_teleop:/home/rosubuntu/eurobot_ws/install/eurobot_launch:/home/rosubuntu/eurobot_ws/install/eurobot_hardware:/home/rosubuntu/eurobot_ws/install/eurobot_controller:/home/rosubuntu/eurobot_ws/install/eurobot_control:/opt/ros/humble /usr/bin/cmake --install /home/rosubuntu/eurobot_ws/build/eurobot_launch
[3.409s] Level 1:colcon.colcon_core.environment:create_environment_scripts_only(eurobot_launch)
[3.409s] DEBUG:colcon.colcon_core.event_handler.log_command:Invoked command in '/home/rosubuntu/eurobot_ws/build/eurobot_launch' returned '0': CMAKE_PREFIX_PATH=/home/rosubuntu/eurobot_ws/install/eurobot_description:/home/rosubuntu/eurobot_ws/install/mon_pkg_robot:/home/rosubuntu/eurobot_ws/install/eurobot_teleop:/home/rosubuntu/eurobot_ws/install/eurobot_launch:/home/rosubuntu/eurobot_ws/install/eurobot_hardware:/home/rosubuntu/eurobot_ws/install/eurobot_controller:/home/rosubuntu/eurobot_ws/install/eurobot_control:/opt/ros/humble /usr/bin/cmake --install /home/rosubuntu/eurobot_ws/build/eurobot_launch
[3.427s] Level 1:colcon.colcon_core.environment:checking '/home/rosubuntu/eurobot_ws/install/eurobot_launch' for CMake module files
[3.427s] Level 1:colcon.colcon_core.environment:checking '/home/rosubuntu/eurobot_ws/install/eurobot_launch' for CMake config files
[3.427s] Level 1:colcon.colcon_core.shell:create_environment_hook('eurobot_launch', 'cmake_prefix_path')
[3.445s] INFO:colcon.colcon_core.shell:Creating environment hook '/home/rosubuntu/eurobot_ws/install/eurobot_launch/share/eurobot_launch/hook/cmake_prefix_path.ps1'
[3.445s] INFO:colcon.colcon_core.shell:Creating environment descriptor '/home/rosubuntu/eurobot_ws/install/eurobot_launch/share/eurobot_launch/hook/cmake_prefix_path.dsv'
[3.446s] INFO:colcon.colcon_core.shell:Creating environment hook '/home/rosubuntu/eurobot_ws/install/eurobot_launch/share/eurobot_launch/hook/cmake_prefix_path.sh'
[3.446s] Level 1:colcon.colcon_core.environment:checking '/home/rosubuntu/eurobot_ws/install/eurobot_launch/bin'
[3.446s] Level 1:colcon.colcon_core.environment:checking '/home/rosubuntu/eurobot_ws/install/eurobot_launch/lib/pkgconfig/eurobot_launch.pc'
[3.446s] Level 1:colcon.colcon_core.environment:checking '/home/rosubuntu/eurobot_ws/install/eurobot_launch/lib/python3.10/site-packages'
[3.446s] Level 1:colcon.colcon_core.environment:checking '/home/rosubuntu/eurobot_ws/install/eurobot_launch/bin'
[3.467s] INFO:colcon.colcon_core.shell:Creating package script '/home/rosubuntu/eurobot_ws/install/eurobot_launch/share/eurobot_launch/package.ps1'
[3.468s] INFO:colcon.colcon_core.shell:Creating package descriptor '/home/rosubuntu/eurobot_ws/install/eurobot_launch/share/eurobot_launch/package.dsv'
[3.468s] INFO:colcon.colcon_core.shell:Creating package script '/home/rosubuntu/eurobot_ws/install/eurobot_launch/share/eurobot_launch/package.sh'
[3.468s] INFO:colcon.colcon_core.shell:Creating package script '/home/rosubuntu/eurobot_ws/install/eurobot_launch/share/eurobot_launch/package.bash'
[3.469s] INFO:colcon.colcon_core.shell:Creating package script '/home/rosubuntu/eurobot_ws/install/eurobot_launch/share/eurobot_launch/package.zsh'
[3.469s] Level 1:colcon.colcon_core.environment:create_file_with_runtime_dependencies(/home/rosubuntu/eurobot_ws/install/eurobot_launch/share/colcon-core/packages/eurobot_launch)
[3.505s] Level 1:colcon.colcon_core.environment:create_environment_scripts_only(eurobot_launch)
[3.523s] Level 1:colcon.colcon_core.environment:checking '/home/rosubuntu/eurobot_ws/install/eurobot_launch' for CMake module files
[3.523s] Level 1:colcon.colcon_core.environment:checking '/home/rosubuntu/eurobot_ws/install/eurobot_launch' for CMake config files
[3.523s] Level 1:colcon.colcon_core.shell:create_environment_hook('eurobot_launch', 'cmake_prefix_path')
[3.540s] INFO:colcon.colcon_core.shell:Creating environment hook '/home/rosubuntu/eurobot_ws/install/eurobot_launch/share/eurobot_launch/hook/cmake_prefix_path.ps1'
[3.540s] INFO:colcon.colcon_core.shell:Creating environment descriptor '/home/rosubuntu/eurobot_ws/install/eurobot_launch/share/eurobot_launch/hook/cmake_prefix_path.dsv'
[3.541s] INFO:colcon.colcon_core.shell:Creating environment hook '/home/rosubuntu/eurobot_ws/install/eurobot_launch/share/eurobot_launch/hook/cmake_prefix_path.sh'
[3.541s] Level 1:colcon.colcon_core.environment:checking '/home/rosubuntu/eurobot_ws/install/eurobot_launch/bin'
[3.541s] Level 1:colcon.colcon_core.environment:checking '/home/rosubuntu/eurobot_ws/install/eurobot_launch/lib/pkgconfig/eurobot_launch.pc'
[3.541s] Level 1:colcon.colcon_core.environment:checking '/home/rosubuntu/eurobot_ws/install/eurobot_launch/lib/python3.10/site-packages'
[3.541s] Level 1:colcon.colcon_core.environment:checking '/home/rosubuntu/eurobot_ws/install/eurobot_launch/bin'
[3.560s] INFO:colcon.colcon_core.shell:Creating package script '/home/rosubuntu/eurobot_ws/install/eurobot_launch/share/eurobot_launch/package.ps1'
[3.561s] INFO:colcon.colcon_core.shell:Creating package descriptor '/home/rosubuntu/eurobot_ws/install/eurobot_launch/share/eurobot_launch/package.dsv'
[3.561s] INFO:colcon.colcon_core.shell:Creating package script '/home/rosubuntu/eurobot_ws/install/eurobot_launch/share/eurobot_launch/package.sh'
[3.561s] INFO:colcon.colcon_core.shell:Creating package script '/home/rosubuntu/eurobot_ws/install/eurobot_launch/share/eurobot_launch/package.bash'
[3.562s] INFO:colcon.colcon_core.shell:Creating package script '/home/rosubuntu/eurobot_ws/install/eurobot_launch/share/eurobot_launch/package.zsh'
[3.563s] Level 1:colcon.colcon_core.environment:create_file_with_runtime_dependencies(/home/rosubuntu/eurobot_ws/install/eurobot_launch/share/colcon-core/packages/eurobot_launch)
[3.563s] DEBUG:colcon.colcon_parallel_executor.executor.parallel:closing loop
[3.563s] DEBUG:colcon.colcon_parallel_executor.executor.parallel:loop closed
[3.564s] DEBUG:colcon.colcon_parallel_executor.executor.parallel:run_until_complete finished with '0'
[3.564s] DEBUG:colcon.colcon_core.event_reactor:joining thread
[3.593s] INFO:colcon.colcon_core.plugin_system:Skipping extension 'colcon_notification.desktop_notification.terminal_notifier': Not used on non-Darwin systems
[3.593s] INFO:colcon.colcon_core.plugin_system:Skipping extension 'colcon_notification.desktop_notification.win32': Not used on non-Windows systems
[3.593s] INFO:colcon.colcon_notification.desktop_notification:Sending desktop notification using 'notify2'
[3.603s] DEBUG:colcon.colcon_core.event_reactor:joined thread
[3.621s] INFO:colcon.colcon_core.shell:Creating prefix script '/home/rosubuntu/eurobot_ws/install/local_setup.ps1'
[3.622s] INFO:colcon.colcon_core.shell:Creating prefix util module '/home/rosubuntu/eurobot_ws/install/_local_setup_util_ps1.py'
[3.623s] INFO:colcon.colcon_core.shell:Creating prefix chain script '/home/rosubuntu/eurobot_ws/install/setup.ps1'
[3.642s] INFO:colcon.colcon_core.shell:Creating prefix script '/home/rosubuntu/eurobot_ws/install/local_setup.sh'
[3.643s] INFO:colcon.colcon_core.shell:Creating prefix util module '/home/rosubuntu/eurobot_ws/install/_local_setup_util_sh.py'
[3.643s] INFO:colcon.colcon_core.shell:Creating prefix chain script '/home/rosubuntu/eurobot_ws/install/setup.sh'
[3.661s] INFO:colcon.colcon_core.shell:Creating prefix script '/home/rosubuntu/eurobot_ws/install/local_setup.bash'
[3.662s] INFO:colcon.colcon_core.shell:Creating prefix chain script '/home/rosubuntu/eurobot_ws/install/setup.bash'
[3.681s] INFO:colcon.colcon_core.shell:Creating prefix script '/home/rosubuntu/eurobot_ws/install/local_setup.zsh'
[3.682s] INFO:colcon.colcon_core.shell:Creating prefix chain script '/home/rosubuntu/eurobot_ws/install/setup.zsh'
