[0.515s] Invoking command in '/home/rosubuntu/eurobot_ws/build/eurobot_teleop': CMAKE_PREFIX_PATH=${CMAKE_PREFIX_PATH}:/opt/ros/humble /usr/bin/cmake --build /home/rosubuntu/eurobot_ws/build/eurobot_teleop -- -j8 -l8
[0.709s] [100%] Built target eurobot_teleop
[0.754s] Invoked command in '/home/rosubuntu/eurobot_ws/build/eurobot_teleop' returned '0': CMAKE_PREFIX_PATH=${CMAKE_PREFIX_PATH}:/opt/ros/humble /usr/bin/cmake --build /home/rosubuntu/eurobot_ws/build/eurobot_teleop -- -j8 -l8
[1.163s] Invoking command in '/home/rosubuntu/eurobot_ws/build/eurobot_teleop': CMAKE_PREFIX_PATH=${CMAKE_PREFIX_PATH}:/opt/ros/humble /usr/bin/cmake --install /home/rosubuntu/eurobot_ws/build/eurobot_teleop
[1.217s] -- Install configuration: ""
[1.218s] -- Up-to-date: /home/rosubuntu/eurobot_ws/install/eurobot_teleop/share/eurobot_teleop/config
[1.218s] -- Up-to-date: /home/rosubuntu/eurobot_ws/install/eurobot_teleop/share/eurobot_teleop/config/teleop_config.yaml
[1.218s] -- Up-to-date: /home/rosubuntu/eurobot_ws/install/eurobot_teleop/lib/eurobot_teleop/eurobot_teleop
[1.218s] -- Up-to-date: /home/rosubuntu/eurobot_ws/install/eurobot_teleop/share/ament_index/resource_index/package_run_dependencies/eurobot_teleop
[1.218s] -- Up-to-date: /home/rosubuntu/eurobot_ws/install/eurobot_teleop/share/ament_index/resource_index/parent_prefix_path/eurobot_teleop
[1.219s] -- Up-to-date: /home/rosubuntu/eurobot_ws/install/eurobot_teleop/share/eurobot_teleop/environment/ament_prefix_path.sh
[1.219s] -- Up-to-date: /home/rosubuntu/eurobot_ws/install/eurobot_teleop/share/eurobot_teleop/environment/ament_prefix_path.dsv
[1.219s] -- Up-to-date: /home/rosubuntu/eurobot_ws/install/eurobot_teleop/share/eurobot_teleop/environment/path.sh
[1.219s] -- Up-to-date: /home/rosubuntu/eurobot_ws/install/eurobot_teleop/share/eurobot_teleop/environment/path.dsv
[1.219s] -- Up-to-date: /home/rosubuntu/eurobot_ws/install/eurobot_teleop/share/eurobot_teleop/local_setup.bash
[1.220s] -- Up-to-date: /home/rosubuntu/eurobot_ws/install/eurobot_teleop/share/eurobot_teleop/local_setup.sh
[1.220s] -- Up-to-date: /home/rosubuntu/eurobot_ws/install/eurobot_teleop/share/eurobot_teleop/local_setup.zsh
[1.220s] -- Up-to-date: /home/rosubuntu/eurobot_ws/install/eurobot_teleop/share/eurobot_teleop/local_setup.dsv
[1.221s] -- Installing: /home/rosubuntu/eurobot_ws/install/eurobot_teleop/share/eurobot_teleop/package.dsv
[1.230s] -- Up-to-date: /home/rosubuntu/eurobot_ws/install/eurobot_teleop/share/ament_index/resource_index/packages/eurobot_teleop
[1.230s] -- Up-to-date: /home/rosubuntu/eurobot_ws/install/eurobot_teleop/share/eurobot_teleop/cmake/eurobot_teleopConfig.cmake
[1.231s] -- Up-to-date: /home/rosubuntu/eurobot_ws/install/eurobot_teleop/share/eurobot_teleop/cmake/eurobot_teleopConfig-version.cmake
[1.231s] -- Up-to-date: /home/rosubuntu/eurobot_ws/install/eurobot_teleop/share/eurobot_teleop/package.xml
[1.615s] Invoked command in '/home/rosubuntu/eurobot_ws/build/eurobot_teleop' returned '0': CMAKE_PREFIX_PATH=${CMAKE_PREFIX_PATH}:/opt/ros/humble /usr/bin/cmake --install /home/rosubuntu/eurobot_ws/build/eurobot_teleop
