[0.580s] Invoking command in '/home/rosubuntu/eurobot_ws/build/eurobot_teleop': CMAKE_PREFIX_PATH=${CMAKE_PREFIX_PATH}:/opt/ros/humble /usr/bin/cmake --build /home/rosubuntu/eurobot_ws/build/eurobot_teleop -- -j8 -l8
[0.839s] [100%] Built target eurobot_teleop
[0.909s] Invoked command in '/home/rosubuntu/eurobot_ws/build/eurobot_teleop' returned '0': CMAKE_PREFIX_PATH=${CMAKE_PREFIX_PATH}:/opt/ros/humble /usr/bin/cmake --build /home/rosubuntu/eurobot_ws/build/eurobot_teleop -- -j8 -l8
[1.719s] Invoking command in '/home/rosubuntu/eurobot_ws/build/eurobot_teleop': CMAKE_PREFIX_PATH=${CMAKE_PREFIX_PATH}:/opt/ros/humble /usr/bin/cmake --install /home/rosubuntu/eurobot_ws/build/eurobot_teleop
[2.509s] -- Install configuration: ""
[2.509s] -- Up-to-date: /home/rosubuntu/eurobot_ws/install/eurobot_teleop/share/eurobot_teleop/config
[2.509s] -- Up-to-date: /home/rosubuntu/eurobot_ws/install/eurobot_teleop/share/eurobot_teleop/config/teleop_config.yaml
[2.510s] -- Up-to-date: /home/rosubuntu/eurobot_ws/install/eurobot_teleop/lib/eurobot_teleop/eurobot_teleop
[2.510s] -- Up-to-date: /home/rosubuntu/eurobot_ws/install/eurobot_teleop/share/ament_index/resource_index/package_run_dependencies/eurobot_teleop
[2.510s] -- Up-to-date: /home/rosubuntu/eurobot_ws/install/eurobot_teleop/share/ament_index/resource_index/parent_prefix_path/eurobot_teleop
[2.510s] -- Up-to-date: /home/rosubuntu/eurobot_ws/install/eurobot_teleop/share/eurobot_teleop/environment/ament_prefix_path.sh
[2.510s] -- Up-to-date: /home/rosubuntu/eurobot_ws/install/eurobot_teleop/share/eurobot_teleop/environment/ament_prefix_path.dsv
[2.510s] -- Up-to-date: /home/rosubuntu/eurobot_ws/install/eurobot_teleop/share/eurobot_teleop/environment/path.sh
[2.510s] -- Up-to-date: /home/rosubuntu/eurobot_ws/install/eurobot_teleop/share/eurobot_teleop/environment/path.dsv
[2.510s] -- Up-to-date: /home/rosubuntu/eurobot_ws/install/eurobot_teleop/share/eurobot_teleop/local_setup.bash
[2.511s] -- Up-to-date: /home/rosubuntu/eurobot_ws/install/eurobot_teleop/share/eurobot_teleop/local_setup.sh
[2.511s] -- Up-to-date: /home/rosubuntu/eurobot_ws/install/eurobot_teleop/share/eurobot_teleop/local_setup.zsh
[2.511s] -- Up-to-date: /home/rosubuntu/eurobot_ws/install/eurobot_teleop/share/eurobot_teleop/local_setup.dsv
[2.511s] -- Installing: /home/rosubuntu/eurobot_ws/install/eurobot_teleop/share/eurobot_teleop/package.dsv
[2.511s] -- Up-to-date: /home/rosubuntu/eurobot_ws/install/eurobot_teleop/share/ament_index/resource_index/packages/eurobot_teleop
[2.511s] -- Up-to-date: /home/rosubuntu/eurobot_ws/install/eurobot_teleop/share/eurobot_teleop/cmake/eurobot_teleopConfig.cmake
[2.511s] -- Up-to-date: /home/rosubuntu/eurobot_ws/install/eurobot_teleop/share/eurobot_teleop/cmake/eurobot_teleopConfig-version.cmake
[2.511s] -- Up-to-date: /home/rosubuntu/eurobot_ws/install/eurobot_teleop/share/eurobot_teleop/package.xml
[2.865s] Invoked command in '/home/rosubuntu/eurobot_ws/build/eurobot_teleop' returned '0': CMAKE_PREFIX_PATH=${CMAKE_PREFIX_PATH}:/opt/ros/humble /usr/bin/cmake --install /home/rosubuntu/eurobot_ws/build/eurobot_teleop
