[35m[1mConsolidate compiler generated dependencies of target hlds_laser_publisher[0m
[ 50%] [32mBuilding CXX object CMakeFiles/hlds_laser_publisher.dir/src/hlds_laser_publisher.cpp.o[0m
[100%] [32m[1mLinking CXX executable hlds_laser_publisher[0m
[100%] Built target hlds_laser_publisher
-- Install configuration: ""
-- Installing: /home/rosubuntu/eurobot_ws/install/rtf_lds_driver/share/rtf_lds_driver/launch
-- Installing: /home/rosubuntu/eurobot_ws/install/rtf_lds_driver/share/rtf_lds_driver/launch/hlds_laser.launch.py
-- Installing: /home/rosubuntu/eurobot_ws/install/rtf_lds_driver/share/rtf_lds_driver/launch/view_hlds_laser.launch.py
-- Installing: /home/rosubuntu/eurobot_ws/install/rtf_lds_driver/share/rtf_lds_driver/rviz
-- Installing: /home/rosubuntu/eurobot_ws/install/rtf_lds_driver/share/rtf_lds_driver/rviz/hlds_laser.rviz
-- Installing: /home/rosubuntu/eurobot_ws/install/rtf_lds_driver/lib/rtf_lds_driver/hlds_laser_publisher
-- Set runtime path of "/home/rosubuntu/eurobot_ws/install/rtf_lds_driver/lib/rtf_lds_driver/hlds_laser_publisher" to ""
-- Installing: /home/rosubuntu/eurobot_ws/install/rtf_lds_driver/share/ament_index/resource_index/package_run_dependencies/rtf_lds_driver
-- Installing: /home/rosubuntu/eurobot_ws/install/rtf_lds_driver/share/ament_index/resource_index/parent_prefix_path/rtf_lds_driver
-- Installing: /home/rosubuntu/eurobot_ws/install/rtf_lds_driver/share/rtf_lds_driver/environment/ament_prefix_path.sh
-- Installing: /home/rosubuntu/eurobot_ws/install/rtf_lds_driver/share/rtf_lds_driver/environment/ament_prefix_path.dsv
-- Installing: /home/rosubuntu/eurobot_ws/install/rtf_lds_driver/share/rtf_lds_driver/environment/path.sh
-- Installing: /home/rosubuntu/eurobot_ws/install/rtf_lds_driver/share/rtf_lds_driver/environment/path.dsv
-- Installing: /home/rosubuntu/eurobot_ws/install/rtf_lds_driver/share/rtf_lds_driver/local_setup.bash
-- Installing: /home/rosubuntu/eurobot_ws/install/rtf_lds_driver/share/rtf_lds_driver/local_setup.sh
-- Installing: /home/rosubuntu/eurobot_ws/install/rtf_lds_driver/share/rtf_lds_driver/local_setup.zsh
-- Installing: /home/rosubuntu/eurobot_ws/install/rtf_lds_driver/share/rtf_lds_driver/local_setup.dsv
-- Installing: /home/rosubuntu/eurobot_ws/install/rtf_lds_driver/share/rtf_lds_driver/package.dsv
-- Installing: /home/rosubuntu/eurobot_ws/install/rtf_lds_driver/share/ament_index/resource_index/packages/rtf_lds_driver
-- Installing: /home/rosubuntu/eurobot_ws/install/rtf_lds_driver/share/rtf_lds_driver/cmake/ament_cmake_export_dependencies-extras.cmake
-- Installing: /home/rosubuntu/eurobot_ws/install/rtf_lds_driver/share/rtf_lds_driver/cmake/ament_cmake_export_include_directories-extras.cmake
-- Installing: /home/rosubuntu/eurobot_ws/install/rtf_lds_driver/share/rtf_lds_driver/cmake/rtf_lds_driverConfig.cmake
-- Installing: /home/rosubuntu/eurobot_ws/install/rtf_lds_driver/share/rtf_lds_driver/cmake/rtf_lds_driverConfig-version.cmake
-- Installing: /home/rosubuntu/eurobot_ws/install/rtf_lds_driver/share/rtf_lds_driver/package.xml
