[0.829s] Invoking command in '/home/rosubuntu/eurobot_ws/build/eurobot_description': CMAKE_PREFIX_PATH=${CMAKE_PREFIX_PATH}:/opt/ros/humble /usr/bin/cmake --build /home/rosubuntu/eurobot_ws/build/eurobot_description -- -j8 -l8
[0.921s] [100%] Built target eurobot_description__xacro_auto_generate
[0.956s] Invoked command in '/home/rosubuntu/eurobot_ws/build/eurobot_description' returned '0': CMAKE_PREFIX_PATH=${CMAKE_PREFIX_PATH}:/opt/ros/humble /usr/bin/cmake --build /home/rosubuntu/eurobot_ws/build/eurobot_description -- -j8 -l8
[1.016s] Invoking command in '/home/rosubuntu/eurobot_ws/build/eurobot_description': CMAKE_PREFIX_PATH=${CMAKE_PREFIX_PATH}:/opt/ros/humble /usr/bin/cmake --install /home/rosubuntu/eurobot_ws/build/eurobot_description
[1.048s] -- Install configuration: ""
[1.049s] -- Up-to-date: /home/rosubuntu/eurobot_ws/install/eurobot_description/share/eurobot_description/urdf/mon_robot.urdf
[1.049s] -- Up-to-date: /home/rosubuntu/eurobot_ws/install/eurobot_description/share/eurobot_description/urdf
[1.051s] -- Up-to-date: /home/rosubuntu/eurobot_ws/install/eurobot_description/share/eurobot_description/urdf/tiges.xacro
[1.053s] -- Up-to-date: /home/rosubuntu/eurobot_ws/install/eurobot_description/share/eurobot_description/urdf/outils.xacro
[1.054s] -- Up-to-date: /home/rosubuntu/eurobot_ws/install/eurobot_description/share/eurobot_description/urdf/materials.xacro
[1.055s] -- Up-to-date: /home/rosubuntu/eurobot_ws/install/eurobot_description/share/eurobot_description/urdf/base_robot.xacro
[1.055s] -- Up-to-date: /home/rosubuntu/eurobot_ws/install/eurobot_description/share/eurobot_description/urdf/mon_robot.urdf.xacro
[1.055s] -- Up-to-date: /home/rosubuntu/eurobot_ws/install/eurobot_description/share/eurobot_description/urdf/LiDAR.xacro
[1.055s] -- Up-to-date: /home/rosubuntu/eurobot_ws/install/eurobot_description/share/eurobot_description/urdf/camera.xacro
[1.056s] -- Up-to-date: /home/rosubuntu/eurobot_ws/install/eurobot_description/share/eurobot_description/urdf/mon_robot.urdf
[1.056s] -- Up-to-date: /home/rosubuntu/eurobot_ws/install/eurobot_description/share/eurobot_description/urdf/roue_mecanum.xacro
[1.056s] -- Up-to-date: /home/rosubuntu/eurobot_ws/install/eurobot_description/share/eurobot_description/rviz
[1.056s] -- Up-to-date: /home/rosubuntu/eurobot_ws/install/eurobot_description/share/eurobot_description/rviz/model.rviz
[1.057s] -- Up-to-date: /home/rosubuntu/eurobot_ws/install/eurobot_description/share/eurobot_description/config
[1.057s] -- Up-to-date: /home/rosubuntu/eurobot_ws/install/eurobot_description/share/eurobot_description/config/controller_config.yaml
[1.057s] -- Up-to-date: /home/rosubuntu/eurobot_ws/install/eurobot_description/share/eurobot_description/gazebo
[1.058s] -- Up-to-date: /home/rosubuntu/eurobot_ws/install/eurobot_description/share/eurobot_description/gazebo/gazebo_control.xacro
[1.058s] -- Up-to-date: /home/rosubuntu/eurobot_ws/install/eurobot_description/share/eurobot_description/gazebo/robot.urdf.xacro
[1.058s] -- Up-to-date: /home/rosubuntu/eurobot_ws/install/eurobot_description/share/ament_index/resource_index/package_run_dependencies/eurobot_description
[1.059s] -- Up-to-date: /home/rosubuntu/eurobot_ws/install/eurobot_description/share/ament_index/resource_index/parent_prefix_path/eurobot_description
[1.059s] -- Up-to-date: /home/rosubuntu/eurobot_ws/install/eurobot_description/share/eurobot_description/environment/ament_prefix_path.sh
[1.059s] -- Up-to-date: /home/rosubuntu/eurobot_ws/install/eurobot_description/share/eurobot_description/environment/ament_prefix_path.dsv
[1.059s] -- Up-to-date: /home/rosubuntu/eurobot_ws/install/eurobot_description/share/eurobot_description/environment/path.sh
[1.060s] -- Up-to-date: /home/rosubuntu/eurobot_ws/install/eurobot_description/share/eurobot_description/environment/path.dsv
[1.060s] -- Up-to-date: /home/rosubuntu/eurobot_ws/install/eurobot_description/share/eurobot_description/local_setup.bash
[1.060s] -- Up-to-date: /home/rosubuntu/eurobot_ws/install/eurobot_description/share/eurobot_description/local_setup.sh
[1.060s] -- Up-to-date: /home/rosubuntu/eurobot_ws/install/eurobot_description/share/eurobot_description/local_setup.zsh
[1.060s] -- Up-to-date: /home/rosubuntu/eurobot_ws/install/eurobot_description/share/eurobot_description/local_setup.dsv
[1.061s] -- Installing: /home/rosubuntu/eurobot_ws/install/eurobot_description/share/eurobot_description/package.dsv
[1.061s] -- Up-to-date: /home/rosubuntu/eurobot_ws/install/eurobot_description/share/ament_index/resource_index/packages/eurobot_description
[1.061s] -- Up-to-date: /home/rosubuntu/eurobot_ws/install/eurobot_description/share/eurobot_description/cmake/eurobot_descriptionConfig.cmake
[1.061s] -- Up-to-date: /home/rosubuntu/eurobot_ws/install/eurobot_description/share/eurobot_description/cmake/eurobot_descriptionConfig-version.cmake
[1.061s] -- Up-to-date: /home/rosubuntu/eurobot_ws/install/eurobot_description/share/eurobot_description/package.xml
[1.176s] Invoked command in '/home/rosubuntu/eurobot_ws/build/eurobot_description' returned '0': CMAKE_PREFIX_PATH=${CMAKE_PREFIX_PATH}:/opt/ros/humble /usr/bin/cmake --install /home/rosubuntu/eurobot_ws/build/eurobot_description
