[0.474s] Invoking command in '/home/rosubuntu/eurobot_ws/build/eurobot_launch': CMAKE_PREFIX_PATH=/home/rosubuntu/eurobot_ws/install/eurobot_description:/home/rosubuntu/eurobot_ws/install/mon_pkg_robot:/home/rosubuntu/eurobot_ws/install/eurobot_teleop:/home/rosubuntu/eurobot_ws/install/eurobot_launch:/home/rosubuntu/eurobot_ws/install/eurobot_hardware:/home/rosubuntu/eurobot_ws/install/eurobot_controller:/home/rosubuntu/eurobot_ws/install/eurobot_control:/opt/ros/humble /usr/bin/cmake --build /home/rosubuntu/eurobot_ws/build/eurobot_launch -- -j8 -l8
[0.518s] Invoked command in '/home/rosubuntu/eurobot_ws/build/eurobot_launch' returned '0': CMAKE_PREFIX_PATH=/home/rosubuntu/eurobot_ws/install/eurobot_description:/home/rosubuntu/eurobot_ws/install/mon_pkg_robot:/home/rosubuntu/eurobot_ws/install/eurobot_teleop:/home/rosubuntu/eurobot_ws/install/eurobot_launch:/home/rosubuntu/eurobot_ws/install/eurobot_hardware:/home/rosubuntu/eurobot_ws/install/eurobot_controller:/home/rosubuntu/eurobot_ws/install/eurobot_control:/opt/ros/humble /usr/bin/cmake --build /home/rosubuntu/eurobot_ws/build/eurobot_launch -- -j8 -l8
[0.551s] Invoking command in '/home/rosubuntu/eurobot_ws/build/eurobot_launch': CMAKE_PREFIX_PATH=/home/rosubuntu/eurobot_ws/install/eurobot_description:/home/rosubuntu/eurobot_ws/install/mon_pkg_robot:/home/rosubuntu/eurobot_ws/install/eurobot_teleop:/home/rosubuntu/eurobot_ws/install/eurobot_launch:/home/rosubuntu/eurobot_ws/install/eurobot_hardware:/home/rosubuntu/eurobot_ws/install/eurobot_controller:/home/rosubuntu/eurobot_ws/install/eurobot_control:/opt/ros/humble /usr/bin/cmake --install /home/rosubuntu/eurobot_ws/build/eurobot_launch
[0.559s] -- Install configuration: ""
[0.559s] -- Up-to-date: /home/rosubuntu/eurobot_ws/install/eurobot_launch/share/eurobot_launch/launch
[0.560s] -- Up-to-date: /home/rosubuntu/eurobot_ws/install/eurobot_launch/share/eurobot_launch/launch/eurobot_teleop.py
[0.560s] -- Up-to-date: /home/rosubuntu/eurobot_ws/install/eurobot_launch/share/eurobot_launch/launch/rviz2.py
[0.560s] -- Up-to-date: /home/rosubuntu/eurobot_ws/install/eurobot_launch/share/eurobot_launch/launch/sim.launch.py
[0.560s] -- Up-to-date: /home/rosubuntu/eurobot_ws/install/eurobot_launch/share/eurobot_launch/launch/eurobot_state_publisher.py
[0.560s] -- Up-to-date: /home/rosubuntu/eurobot_ws/install/eurobot_launch/share/eurobot_launch/launch/launch_sim.launch.py
[0.560s] -- Installing: /home/rosubuntu/eurobot_ws/install/eurobot_launch/share/eurobot_launch/launch/eurobot_hardware.py
[0.560s] -- Up-to-date: /home/rosubuntu/eurobot_ws/install/eurobot_launch/share/ament_index/resource_index/package_run_dependencies/eurobot_launch
[0.561s] -- Up-to-date: /home/rosubuntu/eurobot_ws/install/eurobot_launch/share/ament_index/resource_index/parent_prefix_path/eurobot_launch
[0.561s] -- Up-to-date: /home/rosubuntu/eurobot_ws/install/eurobot_launch/share/eurobot_launch/environment/ament_prefix_path.sh
[0.561s] -- Up-to-date: /home/rosubuntu/eurobot_ws/install/eurobot_launch/share/eurobot_launch/environment/ament_prefix_path.dsv
[0.561s] -- Up-to-date: /home/rosubuntu/eurobot_ws/install/eurobot_launch/share/eurobot_launch/environment/path.sh
[0.561s] -- Up-to-date: /home/rosubuntu/eurobot_ws/install/eurobot_launch/share/eurobot_launch/environment/path.dsv
[0.561s] -- Up-to-date: /home/rosubuntu/eurobot_ws/install/eurobot_launch/share/eurobot_launch/local_setup.bash
[0.561s] -- Up-to-date: /home/rosubuntu/eurobot_ws/install/eurobot_launch/share/eurobot_launch/local_setup.sh
[0.561s] -- Up-to-date: /home/rosubuntu/eurobot_ws/install/eurobot_launch/share/eurobot_launch/local_setup.zsh
[0.561s] -- Up-to-date: /home/rosubuntu/eurobot_ws/install/eurobot_launch/share/eurobot_launch/local_setup.dsv
[0.561s] -- Installing: /home/rosubuntu/eurobot_ws/install/eurobot_launch/share/eurobot_launch/package.dsv
[0.561s] -- Up-to-date: /home/rosubuntu/eurobot_ws/install/eurobot_launch/share/ament_index/resource_index/packages/eurobot_launch
[0.561s] -- Up-to-date: /home/rosubuntu/eurobot_ws/install/eurobot_launch/share/eurobot_launch/cmake/eurobot_launchConfig.cmake
[0.562s] -- Up-to-date: /home/rosubuntu/eurobot_ws/install/eurobot_launch/share/eurobot_launch/cmake/eurobot_launchConfig-version.cmake
[0.562s] -- Up-to-date: /home/rosubuntu/eurobot_ws/install/eurobot_launch/share/eurobot_launch/package.xml
[0.563s] Invoked command in '/home/rosubuntu/eurobot_ws/build/eurobot_launch' returned '0': CMAKE_PREFIX_PATH=/home/rosubuntu/eurobot_ws/install/eurobot_description:/home/rosubuntu/eurobot_ws/install/mon_pkg_robot:/home/rosubuntu/eurobot_ws/install/eurobot_teleop:/home/rosubuntu/eurobot_ws/install/eurobot_launch:/home/rosubuntu/eurobot_ws/install/eurobot_hardware:/home/rosubuntu/eurobot_ws/install/eurobot_controller:/home/rosubuntu/eurobot_ws/install/eurobot_control:/opt/ros/humble /usr/bin/cmake --install /home/rosubuntu/eurobot_ws/build/eurobot_launch
