[0.667s] Invoking command in '/home/rosubuntu/eurobot_ws/build/eurobot_hardware': CMAKE_PREFIX_PATH=${CMAKE_PREFIX_PATH}:/opt/ros/humble /usr/bin/cmake --build /home/rosubuntu/eurobot_ws/build/eurobot_hardware -- -j8 -l8
[0.864s] [100%] Built target eurobot_hardware
[0.903s] Invoked command in '/home/rosubuntu/eurobot_ws/build/eurobot_hardware' returned '0': CMAKE_PREFIX_PATH=${CMAKE_PREFIX_PATH}:/opt/ros/humble /usr/bin/cmake --build /home/rosubuntu/eurobot_ws/build/eurobot_hardware -- -j8 -l8
[1.310s] Invoking command in '/home/rosubuntu/eurobot_ws/build/eurobot_hardware': CMAKE_PREFIX_PATH=${CMAKE_PREFIX_PATH}:/opt/ros/humble /usr/bin/cmake --install /home/rosubuntu/eurobot_ws/build/eurobot_hardware
[1.341s] -- Install configuration: ""
[1.342s] -- Up-to-date: /home/rosubuntu/eurobot_ws/install/eurobot_hardware/share/eurobot_hardware/eurobot_hardware.xml
[1.347s] -- Up-to-date: /home/rosubuntu/eurobot_ws/install/eurobot_hardware/lib/libeurobot_hardware.so
[1.347s] -- Up-to-date: /home/rosubuntu/eurobot_ws/install/eurobot_hardware/include/include
[1.359s] -- Up-to-date: /home/rosubuntu/eurobot_ws/install/eurobot_hardware/include/include/eurobot_hardware
[1.360s] -- Up-to-date: /home/rosubuntu/eurobot_ws/install/eurobot_hardware/include/include/eurobot_hardware/eurobot_serial_port.hpp
[1.360s] -- Up-to-date: /home/rosubuntu/eurobot_ws/install/eurobot_hardware/include/include/eurobot_hardware/eurobot_hardware_compiler.h
[1.360s] -- Up-to-date: /home/rosubuntu/eurobot_ws/install/eurobot_hardware/include/include/eurobot_hardware/eurobot_hardware.hpp
[1.360s] -- Up-to-date: /home/rosubuntu/eurobot_ws/install/eurobot_hardware/share/eurobot_hardware/environment/library_path.sh
[1.360s] -- Up-to-date: /home/rosubuntu/eurobot_ws/install/eurobot_hardware/share/eurobot_hardware/environment/library_path.dsv
[1.361s] -- Up-to-date: /home/rosubuntu/eurobot_ws/install/eurobot_hardware/share/ament_index/resource_index/package_run_dependencies/eurobot_hardware
[1.361s] -- Up-to-date: /home/rosubuntu/eurobot_ws/install/eurobot_hardware/share/ament_index/resource_index/parent_prefix_path/eurobot_hardware
[1.361s] -- Up-to-date: /home/rosubuntu/eurobot_ws/install/eurobot_hardware/share/eurobot_hardware/environment/ament_prefix_path.sh
[1.361s] -- Up-to-date: /home/rosubuntu/eurobot_ws/install/eurobot_hardware/share/eurobot_hardware/environment/ament_prefix_path.dsv
[1.361s] -- Up-to-date: /home/rosubuntu/eurobot_ws/install/eurobot_hardware/share/eurobot_hardware/environment/path.sh
[1.362s] -- Up-to-date: /home/rosubuntu/eurobot_ws/install/eurobot_hardware/share/eurobot_hardware/environment/path.dsv
[1.362s] -- Up-to-date: /home/rosubuntu/eurobot_ws/install/eurobot_hardware/share/eurobot_hardware/local_setup.bash
[1.363s] -- Up-to-date: /home/rosubuntu/eurobot_ws/install/eurobot_hardware/share/eurobot_hardware/local_setup.sh
[1.364s] -- Up-to-date: /home/rosubuntu/eurobot_ws/install/eurobot_hardware/share/eurobot_hardware/local_setup.zsh
[1.364s] -- Up-to-date: /home/rosubuntu/eurobot_ws/install/eurobot_hardware/share/eurobot_hardware/local_setup.dsv
[1.364s] -- Installing: /home/rosubuntu/eurobot_ws/install/eurobot_hardware/share/eurobot_hardware/package.dsv
[1.364s] -- Up-to-date: /home/rosubuntu/eurobot_ws/install/eurobot_hardware/share/ament_index/resource_index/packages/eurobot_hardware
[1.364s] -- Up-to-date: /home/rosubuntu/eurobot_ws/install/eurobot_hardware/share/ament_index/resource_index/hardware_interface__pluginlib__plugin/eurobot_hardware
[1.365s] -- Up-to-date: /home/rosubuntu/eurobot_ws/install/eurobot_hardware/share/eurobot_hardware/cmake/ament_cmake_export_include_directories-extras.cmake
[1.376s] -- Up-to-date: /home/rosubuntu/eurobot_ws/install/eurobot_hardware/share/eurobot_hardware/cmake/ament_cmake_export_libraries-extras.cmake
[1.376s] -- Up-to-date: /home/rosubuntu/eurobot_ws/install/eurobot_hardware/share/eurobot_hardware/cmake/ament_cmake_export_dependencies-extras.cmake
[1.376s] -- Up-to-date: /home/rosubuntu/eurobot_ws/install/eurobot_hardware/share/eurobot_hardware/cmake/eurobot_hardwareConfig.cmake
[1.377s] -- Up-to-date: /home/rosubuntu/eurobot_ws/install/eurobot_hardware/share/eurobot_hardware/cmake/eurobot_hardwareConfig-version.cmake
[1.378s] -- Up-to-date: /home/rosubuntu/eurobot_ws/install/eurobot_hardware/share/eurobot_hardware/package.xml
[1.393s] Invoked command in '/home/rosubuntu/eurobot_ws/build/eurobot_hardware' returned '0': CMAKE_PREFIX_PATH=${CMAKE_PREFIX_PATH}:/opt/ros/humble /usr/bin/cmake --install /home/rosubuntu/eurobot_ws/build/eurobot_hardware
