[1.074s] DEBUG:colcon:Command line arguments: ['/usr/bin/colcon', 'build']
[1.074s] DEBUG:colcon:Parsed command line arguments: Namespace(log_base=None, log_level=None, verb_name='build', build_base='build', install_base='install', merge_install=False, symlink_install=False, test_result_base=None, continue_on_error=False, executor='parallel', parallel_workers=8, event_handlers=None, ignore_user_meta=False, metas=['./colcon.meta'], base_paths=['.'], packages_ignore=None, packages_ignore_regex=None, paths=None, packages_up_to=None, packages_up_to_regex=None, packages_above=None, packages_above_and_dependencies=None, packages_above_depth=None, packages_select_by_dep=None, packages_skip_by_dep=None, packages_skip_up_to=None, packages_select_build_failed=False, packages_skip_build_finished=False, packages_select_test_failures=False, packages_skip_test_passed=False, packages_select=None, packages_skip=None, packages_select_regex=None, packages_skip_regex=None, packages_start=None, packages_end=None, allow_overriding=[], cmake_args=None, cmake_target=None, cmake_target_skip_unavailable=False, cmake_clean_cache=False, cmake_clean_first=False, cmake_force_configure=False, ament_cmake_args=None, catkin_cmake_args=None, catkin_skip_building_tests=False, verb_parser=<colcon_defaults.argument_parser.defaults.DefaultArgumentsDecorator object at 0x7f7cac1a4f10>, verb_extension=<colcon_core.verb.build.BuildVerb object at 0x7f7cac1a5360>, main=<bound method BuildVerb.main of <colcon_core.verb.build.BuildVerb object at 0x7f7cac1a5360>>)
[1.118s] Level 1:colcon.colcon_core.package_discovery:discover_packages(colcon_meta) check parameters
[1.118s] Level 1:colcon.colcon_core.package_discovery:discover_packages(recursive) check parameters
[1.118s] Level 1:colcon.colcon_core.package_discovery:discover_packages(ignore) check parameters
[1.118s] Level 1:colcon.colcon_core.package_discovery:discover_packages(path) check parameters
[1.118s] Level 1:colcon.colcon_core.package_discovery:discover_packages(colcon_meta) discover
[1.118s] Level 1:colcon.colcon_core.package_discovery:discover_packages(recursive) discover
[1.118s] INFO:colcon.colcon_core.package_discovery:Crawling recursively for packages in '/home/rosubuntu/eurobot_ws'
[1.118s] Level 1:colcon.colcon_core.package_identification:_identify(.) by extensions ['ignore', 'ignore_ament_install']
[1.119s] Level 1:colcon.colcon_core.package_identification:_identify(.) by extension 'ignore'
[1.119s] Level 1:colcon.colcon_core.package_identification:_identify(.) by extension 'ignore_ament_install'
[1.119s] Level 1:colcon.colcon_core.package_identification:_identify(.) by extensions ['colcon_pkg']
[1.119s] Level 1:colcon.colcon_core.package_identification:_identify(.) by extension 'colcon_pkg'
[1.119s] Level 1:colcon.colcon_core.package_identification:_identify(.) by extensions ['colcon_meta']
[1.119s] Level 1:colcon.colcon_core.package_identification:_identify(.) by extension 'colcon_meta'
[1.119s] Level 1:colcon.colcon_core.package_identification:_identify(.) by extensions ['ros']
[1.119s] Level 1:colcon.colcon_core.package_identification:_identify(.) by extension 'ros'
[1.127s] Level 1:colcon.colcon_core.package_identification:_identify(.) by extensions ['cmake', 'python']
[1.127s] Level 1:colcon.colcon_core.package_identification:_identify(.) by extension 'cmake'
[1.127s] Level 1:colcon.colcon_core.package_identification:_identify(.) by extension 'python'
[1.128s] Level 1:colcon.colcon_core.package_identification:_identify(.) by extensions ['python_setup_py']
[1.128s] Level 1:colcon.colcon_core.package_identification:_identify(.) by extension 'python_setup_py'
[1.128s] Level 1:colcon.colcon_core.package_identification:_identify(build) by extensions ['ignore', 'ignore_ament_install']
[1.128s] Level 1:colcon.colcon_core.package_identification:_identify(build) by extension 'ignore'
[1.128s] Level 1:colcon.colcon_core.package_identification:_identify(build) ignored
[1.128s] Level 1:colcon.colcon_core.package_identification:_identify(install) by extensions ['ignore', 'ignore_ament_install']
[1.128s] Level 1:colcon.colcon_core.package_identification:_identify(install) by extension 'ignore'
[1.128s] Level 1:colcon.colcon_core.package_identification:_identify(install) ignored
[1.128s] Level 1:colcon.colcon_core.package_identification:_identify(log) by extensions ['ignore', 'ignore_ament_install']
[1.128s] Level 1:colcon.colcon_core.package_identification:_identify(log) by extension 'ignore'
[1.128s] Level 1:colcon.colcon_core.package_identification:_identify(log) ignored
[1.128s] Level 1:colcon.colcon_core.package_identification:_identify(src) by extensions ['ignore', 'ignore_ament_install']
[1.128s] Level 1:colcon.colcon_core.package_identification:_identify(src) by extension 'ignore'
[1.128s] Level 1:colcon.colcon_core.package_identification:_identify(src) by extension 'ignore_ament_install'
[1.128s] Level 1:colcon.colcon_core.package_identification:_identify(src) by extensions ['colcon_pkg']
[1.128s] Level 1:colcon.colcon_core.package_identification:_identify(src) by extension 'colcon_pkg'
[1.128s] Level 1:colcon.colcon_core.package_identification:_identify(src) by extensions ['colcon_meta']
[1.128s] Level 1:colcon.colcon_core.package_identification:_identify(src) by extension 'colcon_meta'
[1.129s] Level 1:colcon.colcon_core.package_identification:_identify(src) by extensions ['ros']
[1.129s] Level 1:colcon.colcon_core.package_identification:_identify(src) by extension 'ros'
[1.129s] Level 1:colcon.colcon_core.package_identification:_identify(src) by extensions ['cmake', 'python']
[1.129s] Level 1:colcon.colcon_core.package_identification:_identify(src) by extension 'cmake'
[1.129s] Level 1:colcon.colcon_core.package_identification:_identify(src) by extension 'python'
[1.129s] Level 1:colcon.colcon_core.package_identification:_identify(src) by extensions ['python_setup_py']
[1.129s] Level 1:colcon.colcon_core.package_identification:_identify(src) by extension 'python_setup_py'
[1.129s] Level 1:colcon.colcon_core.package_identification:_identify(src/eurobot_control) by extensions ['ignore', 'ignore_ament_install']
[1.129s] Level 1:colcon.colcon_core.package_identification:_identify(src/eurobot_control) by extension 'ignore'
[1.129s] Level 1:colcon.colcon_core.package_identification:_identify(src/eurobot_control) by extension 'ignore_ament_install'
[1.129s] Level 1:colcon.colcon_core.package_identification:_identify(src/eurobot_control) by extensions ['colcon_pkg']
[1.129s] Level 1:colcon.colcon_core.package_identification:_identify(src/eurobot_control) by extension 'colcon_pkg'
[1.129s] Level 1:colcon.colcon_core.package_identification:_identify(src/eurobot_control) by extensions ['colcon_meta']
[1.129s] Level 1:colcon.colcon_core.package_identification:_identify(src/eurobot_control) by extension 'colcon_meta'
[1.129s] Level 1:colcon.colcon_core.package_identification:_identify(src/eurobot_control) by extensions ['ros']
[1.129s] Level 1:colcon.colcon_core.package_identification:_identify(src/eurobot_control) by extension 'ros'
[1.131s] DEBUG:colcon.colcon_core.package_identification:Package 'src/eurobot_control' with type 'ros.ament_cmake' and name 'eurobot_control'
[1.131s] Level 1:colcon.colcon_core.package_identification:_identify(src/eurobot_controller) by extensions ['ignore', 'ignore_ament_install']
[1.131s] Level 1:colcon.colcon_core.package_identification:_identify(src/eurobot_controller) by extension 'ignore'
[1.131s] Level 1:colcon.colcon_core.package_identification:_identify(src/eurobot_controller) by extension 'ignore_ament_install'
[1.131s] Level 1:colcon.colcon_core.package_identification:_identify(src/eurobot_controller) by extensions ['colcon_pkg']
[1.131s] Level 1:colcon.colcon_core.package_identification:_identify(src/eurobot_controller) by extension 'colcon_pkg'
[1.131s] Level 1:colcon.colcon_core.package_identification:_identify(src/eurobot_controller) by extensions ['colcon_meta']
[1.132s] Level 1:colcon.colcon_core.package_identification:_identify(src/eurobot_controller) by extension 'colcon_meta'
[1.132s] Level 1:colcon.colcon_core.package_identification:_identify(src/eurobot_controller) by extensions ['ros']
[1.132s] Level 1:colcon.colcon_core.package_identification:_identify(src/eurobot_controller) by extension 'ros'
[1.132s] DEBUG:colcon.colcon_core.package_identification:Package 'src/eurobot_controller' with type 'ros.ament_cmake' and name 'eurobot_controller'
[1.132s] Level 1:colcon.colcon_core.package_identification:_identify(src/eurobot_description) by extensions ['ignore', 'ignore_ament_install']
[1.132s] Level 1:colcon.colcon_core.package_identification:_identify(src/eurobot_description) by extension 'ignore'
[1.132s] Level 1:colcon.colcon_core.package_identification:_identify(src/eurobot_description) by extension 'ignore_ament_install'
[1.132s] Level 1:colcon.colcon_core.package_identification:_identify(src/eurobot_description) by extensions ['colcon_pkg']
[1.132s] Level 1:colcon.colcon_core.package_identification:_identify(src/eurobot_description) by extension 'colcon_pkg'
[1.132s] Level 1:colcon.colcon_core.package_identification:_identify(src/eurobot_description) by extensions ['colcon_meta']
[1.133s] Level 1:colcon.colcon_core.package_identification:_identify(src/eurobot_description) by extension 'colcon_meta'
[1.133s] Level 1:colcon.colcon_core.package_identification:_identify(src/eurobot_description) by extensions ['ros']
[1.133s] Level 1:colcon.colcon_core.package_identification:_identify(src/eurobot_description) by extension 'ros'
[1.133s] DEBUG:colcon.colcon_core.package_identification:Package 'src/eurobot_description' with type 'ros.ament_cmake' and name 'eurobot_description'
[1.133s] Level 1:colcon.colcon_core.package_identification:_identify(src/eurobot_hardware) by extensions ['ignore', 'ignore_ament_install']
[1.133s] Level 1:colcon.colcon_core.package_identification:_identify(src/eurobot_hardware) by extension 'ignore'
[1.133s] Level 1:colcon.colcon_core.package_identification:_identify(src/eurobot_hardware) by extension 'ignore_ament_install'
[1.133s] Level 1:colcon.colcon_core.package_identification:_identify(src/eurobot_hardware) by extensions ['colcon_pkg']
[1.133s] Level 1:colcon.colcon_core.package_identification:_identify(src/eurobot_hardware) by extension 'colcon_pkg'
[1.133s] Level 1:colcon.colcon_core.package_identification:_identify(src/eurobot_hardware) by extensions ['colcon_meta']
[1.133s] Level 1:colcon.colcon_core.package_identification:_identify(src/eurobot_hardware) by extension 'colcon_meta'
[1.133s] Level 1:colcon.colcon_core.package_identification:_identify(src/eurobot_hardware) by extensions ['ros']
[1.133s] Level 1:colcon.colcon_core.package_identification:_identify(src/eurobot_hardware) by extension 'ros'
[1.134s] DEBUG:colcon.colcon_core.package_identification:Package 'src/eurobot_hardware' with type 'ros.ament_cmake' and name 'eurobot_hardware'
[1.134s] Level 1:colcon.colcon_core.package_identification:_identify(src/eurobot_launch) by extensions ['ignore', 'ignore_ament_install']
[1.134s] Level 1:colcon.colcon_core.package_identification:_identify(src/eurobot_launch) by extension 'ignore'
[1.134s] Level 1:colcon.colcon_core.package_identification:_identify(src/eurobot_launch) by extension 'ignore_ament_install'
[1.134s] Level 1:colcon.colcon_core.package_identification:_identify(src/eurobot_launch) by extensions ['colcon_pkg']
[1.134s] Level 1:colcon.colcon_core.package_identification:_identify(src/eurobot_launch) by extension 'colcon_pkg'
[1.134s] Level 1:colcon.colcon_core.package_identification:_identify(src/eurobot_launch) by extensions ['colcon_meta']
[1.134s] Level 1:colcon.colcon_core.package_identification:_identify(src/eurobot_launch) by extension 'colcon_meta'
[1.134s] Level 1:colcon.colcon_core.package_identification:_identify(src/eurobot_launch) by extensions ['ros']
[1.134s] Level 1:colcon.colcon_core.package_identification:_identify(src/eurobot_launch) by extension 'ros'
[1.135s] DEBUG:colcon.colcon_core.package_identification:Package 'src/eurobot_launch' with type 'ros.ament_cmake' and name 'eurobot_launch'
[1.135s] Level 1:colcon.colcon_core.package_identification:_identify(src/eurobot_teleop) by extensions ['ignore', 'ignore_ament_install']
[1.135s] Level 1:colcon.colcon_core.package_identification:_identify(src/eurobot_teleop) by extension 'ignore'
[1.135s] Level 1:colcon.colcon_core.package_identification:_identify(src/eurobot_teleop) by extension 'ignore_ament_install'
[1.135s] Level 1:colcon.colcon_core.package_identification:_identify(src/eurobot_teleop) by extensions ['colcon_pkg']
[1.135s] Level 1:colcon.colcon_core.package_identification:_identify(src/eurobot_teleop) by extension 'colcon_pkg'
[1.135s] Level 1:colcon.colcon_core.package_identification:_identify(src/eurobot_teleop) by extensions ['colcon_meta']
[1.135s] Level 1:colcon.colcon_core.package_identification:_identify(src/eurobot_teleop) by extension 'colcon_meta'
[1.135s] Level 1:colcon.colcon_core.package_identification:_identify(src/eurobot_teleop) by extensions ['ros']
[1.135s] Level 1:colcon.colcon_core.package_identification:_identify(src/eurobot_teleop) by extension 'ros'
[1.136s] DEBUG:colcon.colcon_core.package_identification:Package 'src/eurobot_teleop' with type 'ros.ament_cmake' and name 'eurobot_teleop'
[1.136s] Level 1:colcon.colcon_core.package_identification:_identify(src/eurobot_world) by extensions ['ignore', 'ignore_ament_install']
[1.136s] Level 1:colcon.colcon_core.package_identification:_identify(src/eurobot_world) by extension 'ignore'
[1.136s] Level 1:colcon.colcon_core.package_identification:_identify(src/eurobot_world) by extension 'ignore_ament_install'
[1.136s] Level 1:colcon.colcon_core.package_identification:_identify(src/eurobot_world) by extensions ['colcon_pkg']
[1.136s] Level 1:colcon.colcon_core.package_identification:_identify(src/eurobot_world) by extension 'colcon_pkg'
[1.136s] Level 1:colcon.colcon_core.package_identification:_identify(src/eurobot_world) by extensions ['colcon_meta']
[1.136s] Level 1:colcon.colcon_core.package_identification:_identify(src/eurobot_world) by extension 'colcon_meta'
[1.136s] Level 1:colcon.colcon_core.package_identification:_identify(src/eurobot_world) by extensions ['ros']
[1.136s] Level 1:colcon.colcon_core.package_identification:_identify(src/eurobot_world) by extension 'ros'
[1.136s] Level 1:colcon.colcon_core.package_identification:_identify(src/eurobot_world) by extensions ['cmake', 'python']
[1.136s] Level 1:colcon.colcon_core.package_identification:_identify(src/eurobot_world) by extension 'cmake'
[1.136s] Level 1:colcon.colcon_core.package_identification:_identify(src/eurobot_world) by extension 'python'
[1.137s] Level 1:colcon.colcon_core.package_identification:_identify(src/eurobot_world) by extensions ['python_setup_py']
[1.137s] Level 1:colcon.colcon_core.package_identification:_identify(src/eurobot_world) by extension 'python_setup_py'
[1.137s] Level 1:colcon.colcon_core.package_identification:_identify(src/mon_pkg_robot) by extensions ['ignore', 'ignore_ament_install']
[1.137s] Level 1:colcon.colcon_core.package_identification:_identify(src/mon_pkg_robot) by extension 'ignore'
[1.137s] Level 1:colcon.colcon_core.package_identification:_identify(src/mon_pkg_robot) by extension 'ignore_ament_install'
[1.137s] Level 1:colcon.colcon_core.package_identification:_identify(src/mon_pkg_robot) by extensions ['colcon_pkg']
[1.137s] Level 1:colcon.colcon_core.package_identification:_identify(src/mon_pkg_robot) by extension 'colcon_pkg'
[1.137s] Level 1:colcon.colcon_core.package_identification:_identify(src/mon_pkg_robot) by extensions ['colcon_meta']
[1.137s] Level 1:colcon.colcon_core.package_identification:_identify(src/mon_pkg_robot) by extension 'colcon_meta'
[1.137s] Level 1:colcon.colcon_core.package_identification:_identify(src/mon_pkg_robot) by extensions ['ros']
[1.137s] Level 1:colcon.colcon_core.package_identification:_identify(src/mon_pkg_robot) by extension 'ros'
[1.137s] DEBUG:colcon.colcon_core.package_identification:Package 'src/mon_pkg_robot' with type 'ros.ament_cmake' and name 'mon_pkg_robot'
[1.137s] Level 1:colcon.colcon_core.package_discovery:discover_packages(recursive) using defaults
[1.137s] Level 1:colcon.colcon_core.package_discovery:discover_packages(ignore) discover
[1.137s] Level 1:colcon.colcon_core.package_discovery:discover_packages(ignore) using defaults
[1.137s] Level 1:colcon.colcon_core.package_discovery:discover_packages(path) discover
[1.137s] Level 1:colcon.colcon_core.package_discovery:discover_packages(path) using defaults
[1.228s] Level 1:colcon.colcon_core.package_discovery:discover_packages(prefix_path) check parameters
[1.229s] Level 1:colcon.colcon_core.package_discovery:discover_packages(prefix_path) discover
[1.260s] DEBUG:colcon.colcon_installed_package_information.package_discovery:Found 7 installed packages in /home/rosubuntu/eurobot_ws/install
[1.276s] DEBUG:colcon.colcon_installed_package_information.package_discovery:Found 394 installed packages in /opt/ros/humble
[1.285s] Level 1:colcon.colcon_core.package_discovery:discover_packages(prefix_path) using defaults
[1.391s] Level 5:colcon.colcon_core.verb:set package 'eurobot_control' build argument 'cmake_args' from command line to 'None'
[1.391s] Level 5:colcon.colcon_core.verb:set package 'eurobot_control' build argument 'cmake_target' from command line to 'None'
[1.391s] Level 5:colcon.colcon_core.verb:set package 'eurobot_control' build argument 'cmake_target_skip_unavailable' from command line to 'False'
[1.391s] Level 5:colcon.colcon_core.verb:set package 'eurobot_control' build argument 'cmake_clean_cache' from command line to 'False'
[1.391s] Level 5:colcon.colcon_core.verb:set package 'eurobot_control' build argument 'cmake_clean_first' from command line to 'False'
[1.391s] Level 5:colcon.colcon_core.verb:set package 'eurobot_control' build argument 'cmake_force_configure' from command line to 'False'
[1.391s] Level 5:colcon.colcon_core.verb:set package 'eurobot_control' build argument 'ament_cmake_args' from command line to 'None'
[1.391s] Level 5:colcon.colcon_core.verb:set package 'eurobot_control' build argument 'catkin_cmake_args' from command line to 'None'
[1.391s] Level 5:colcon.colcon_core.verb:set package 'eurobot_control' build argument 'catkin_skip_building_tests' from command line to 'False'
[1.391s] DEBUG:colcon.colcon_core.verb:Building package 'eurobot_control' with the following arguments: {'ament_cmake_args': None, 'build_base': '/home/rosubuntu/eurobot_ws/build/eurobot_control', 'catkin_cmake_args': None, 'catkin_skip_building_tests': False, 'cmake_args': None, 'cmake_clean_cache': False, 'cmake_clean_first': False, 'cmake_force_configure': False, 'cmake_target': None, 'cmake_target_skip_unavailable': False, 'install_base': '/home/rosubuntu/eurobot_ws/install/eurobot_control', 'merge_install': False, 'path': '/home/rosubuntu/eurobot_ws/src/eurobot_control', 'symlink_install': False, 'test_result_base': None}
[1.407s] Level 5:colcon.colcon_core.verb:set package 'eurobot_controller' build argument 'cmake_args' from command line to 'None'
[1.407s] Level 5:colcon.colcon_core.verb:set package 'eurobot_controller' build argument 'cmake_target' from command line to 'None'
[1.407s] Level 5:colcon.colcon_core.verb:set package 'eurobot_controller' build argument 'cmake_target_skip_unavailable' from command line to 'False'
[1.408s] Level 5:colcon.colcon_core.verb:set package 'eurobot_controller' build argument 'cmake_clean_cache' from command line to 'False'
[1.408s] Level 5:colcon.colcon_core.verb:set package 'eurobot_controller' build argument 'cmake_clean_first' from command line to 'False'
[1.408s] Level 5:colcon.colcon_core.verb:set package 'eurobot_controller' build argument 'cmake_force_configure' from command line to 'False'
[1.408s] Level 5:colcon.colcon_core.verb:set package 'eurobot_controller' build argument 'ament_cmake_args' from command line to 'None'
[1.408s] Level 5:colcon.colcon_core.verb:set package 'eurobot_controller' build argument 'catkin_cmake_args' from command line to 'None'
[1.408s] Level 5:colcon.colcon_core.verb:set package 'eurobot_controller' build argument 'catkin_skip_building_tests' from command line to 'False'
[1.408s] DEBUG:colcon.colcon_core.verb:Building package 'eurobot_controller' with the following arguments: {'ament_cmake_args': None, 'build_base': '/home/rosubuntu/eurobot_ws/build/eurobot_controller', 'catkin_cmake_args': None, 'catkin_skip_building_tests': False, 'cmake_args': None, 'cmake_clean_cache': False, 'cmake_clean_first': False, 'cmake_force_configure': False, 'cmake_target': None, 'cmake_target_skip_unavailable': False, 'install_base': '/home/rosubuntu/eurobot_ws/install/eurobot_controller', 'merge_install': False, 'path': '/home/rosubuntu/eurobot_ws/src/eurobot_controller', 'symlink_install': False, 'test_result_base': None}
[1.423s] Level 5:colcon.colcon_core.verb:set package 'eurobot_description' build argument 'cmake_args' from command line to 'None'
[1.423s] Level 5:colcon.colcon_core.verb:set package 'eurobot_description' build argument 'cmake_target' from command line to 'None'
[1.423s] Level 5:colcon.colcon_core.verb:set package 'eurobot_description' build argument 'cmake_target_skip_unavailable' from command line to 'False'
[1.423s] Level 5:colcon.colcon_core.verb:set package 'eurobot_description' build argument 'cmake_clean_cache' from command line to 'False'
[1.423s] Level 5:colcon.colcon_core.verb:set package 'eurobot_description' build argument 'cmake_clean_first' from command line to 'False'
[1.423s] Level 5:colcon.colcon_core.verb:set package 'eurobot_description' build argument 'cmake_force_configure' from command line to 'False'
[1.423s] Level 5:colcon.colcon_core.verb:set package 'eurobot_description' build argument 'ament_cmake_args' from command line to 'None'
[1.423s] Level 5:colcon.colcon_core.verb:set package 'eurobot_description' build argument 'catkin_cmake_args' from command line to 'None'
[1.423s] Level 5:colcon.colcon_core.verb:set package 'eurobot_description' build argument 'catkin_skip_building_tests' from command line to 'False'
[1.423s] DEBUG:colcon.colcon_core.verb:Building package 'eurobot_description' with the following arguments: {'ament_cmake_args': None, 'build_base': '/home/rosubuntu/eurobot_ws/build/eurobot_description', 'catkin_cmake_args': None, 'catkin_skip_building_tests': False, 'cmake_args': None, 'cmake_clean_cache': False, 'cmake_clean_first': False, 'cmake_force_configure': False, 'cmake_target': None, 'cmake_target_skip_unavailable': False, 'install_base': '/home/rosubuntu/eurobot_ws/install/eurobot_description', 'merge_install': False, 'path': '/home/rosubuntu/eurobot_ws/src/eurobot_description', 'symlink_install': False, 'test_result_base': None}
[1.439s] Level 5:colcon.colcon_core.verb:set package 'eurobot_hardware' build argument 'cmake_args' from command line to 'None'
[1.439s] Level 5:colcon.colcon_core.verb:set package 'eurobot_hardware' build argument 'cmake_target' from command line to 'None'
[1.439s] Level 5:colcon.colcon_core.verb:set package 'eurobot_hardware' build argument 'cmake_target_skip_unavailable' from command line to 'False'
[1.439s] Level 5:colcon.colcon_core.verb:set package 'eurobot_hardware' build argument 'cmake_clean_cache' from command line to 'False'
[1.439s] Level 5:colcon.colcon_core.verb:set package 'eurobot_hardware' build argument 'cmake_clean_first' from command line to 'False'
[1.439s] Level 5:colcon.colcon_core.verb:set package 'eurobot_hardware' build argument 'cmake_force_configure' from command line to 'False'
[1.439s] Level 5:colcon.colcon_core.verb:set package 'eurobot_hardware' build argument 'ament_cmake_args' from command line to 'None'
[1.439s] Level 5:colcon.colcon_core.verb:set package 'eurobot_hardware' build argument 'catkin_cmake_args' from command line to 'None'
[1.439s] Level 5:colcon.colcon_core.verb:set package 'eurobot_hardware' build argument 'catkin_skip_building_tests' from command line to 'False'
[1.439s] DEBUG:colcon.colcon_core.verb:Building package 'eurobot_hardware' with the following arguments: {'ament_cmake_args': None, 'build_base': '/home/rosubuntu/eurobot_ws/build/eurobot_hardware', 'catkin_cmake_args': None, 'catkin_skip_building_tests': False, 'cmake_args': None, 'cmake_clean_cache': False, 'cmake_clean_first': False, 'cmake_force_configure': False, 'cmake_target': None, 'cmake_target_skip_unavailable': False, 'install_base': '/home/rosubuntu/eurobot_ws/install/eurobot_hardware', 'merge_install': False, 'path': '/home/rosubuntu/eurobot_ws/src/eurobot_hardware', 'symlink_install': False, 'test_result_base': None}
[1.454s] Level 5:colcon.colcon_core.verb:set package 'eurobot_teleop' build argument 'cmake_args' from command line to 'None'
[1.454s] Level 5:colcon.colcon_core.verb:set package 'eurobot_teleop' build argument 'cmake_target' from command line to 'None'
[1.454s] Level 5:colcon.colcon_core.verb:set package 'eurobot_teleop' build argument 'cmake_target_skip_unavailable' from command line to 'False'
[1.454s] Level 5:colcon.colcon_core.verb:set package 'eurobot_teleop' build argument 'cmake_clean_cache' from command line to 'False'
[1.454s] Level 5:colcon.colcon_core.verb:set package 'eurobot_teleop' build argument 'cmake_clean_first' from command line to 'False'
[1.454s] Level 5:colcon.colcon_core.verb:set package 'eurobot_teleop' build argument 'cmake_force_configure' from command line to 'False'
[1.454s] Level 5:colcon.colcon_core.verb:set package 'eurobot_teleop' build argument 'ament_cmake_args' from command line to 'None'
[1.454s] Level 5:colcon.colcon_core.verb:set package 'eurobot_teleop' build argument 'catkin_cmake_args' from command line to 'None'
[1.454s] Level 5:colcon.colcon_core.verb:set package 'eurobot_teleop' build argument 'catkin_skip_building_tests' from command line to 'False'
[1.454s] DEBUG:colcon.colcon_core.verb:Building package 'eurobot_teleop' with the following arguments: {'ament_cmake_args': None, 'build_base': '/home/rosubuntu/eurobot_ws/build/eurobot_teleop', 'catkin_cmake_args': None, 'catkin_skip_building_tests': False, 'cmake_args': None, 'cmake_clean_cache': False, 'cmake_clean_first': False, 'cmake_force_configure': False, 'cmake_target': None, 'cmake_target_skip_unavailable': False, 'install_base': '/home/rosubuntu/eurobot_ws/install/eurobot_teleop', 'merge_install': False, 'path': '/home/rosubuntu/eurobot_ws/src/eurobot_teleop', 'symlink_install': False, 'test_result_base': None}
[1.470s] Level 5:colcon.colcon_core.verb:set package 'mon_pkg_robot' build argument 'cmake_args' from command line to 'None'
[1.470s] Level 5:colcon.colcon_core.verb:set package 'mon_pkg_robot' build argument 'cmake_target' from command line to 'None'
[1.470s] Level 5:colcon.colcon_core.verb:set package 'mon_pkg_robot' build argument 'cmake_target_skip_unavailable' from command line to 'False'
[1.470s] Level 5:colcon.colcon_core.verb:set package 'mon_pkg_robot' build argument 'cmake_clean_cache' from command line to 'False'
[1.470s] Level 5:colcon.colcon_core.verb:set package 'mon_pkg_robot' build argument 'cmake_clean_first' from command line to 'False'
[1.470s] Level 5:colcon.colcon_core.verb:set package 'mon_pkg_robot' build argument 'cmake_force_configure' from command line to 'False'
[1.470s] Level 5:colcon.colcon_core.verb:set package 'mon_pkg_robot' build argument 'ament_cmake_args' from command line to 'None'
[1.470s] Level 5:colcon.colcon_core.verb:set package 'mon_pkg_robot' build argument 'catkin_cmake_args' from command line to 'None'
[1.470s] Level 5:colcon.colcon_core.verb:set package 'mon_pkg_robot' build argument 'catkin_skip_building_tests' from command line to 'False'
[1.470s] DEBUG:colcon.colcon_core.verb:Building package 'mon_pkg_robot' with the following arguments: {'ament_cmake_args': None, 'build_base': '/home/rosubuntu/eurobot_ws/build/mon_pkg_robot', 'catkin_cmake_args': None, 'catkin_skip_building_tests': False, 'cmake_args': None, 'cmake_clean_cache': False, 'cmake_clean_first': False, 'cmake_force_configure': False, 'cmake_target': None, 'cmake_target_skip_unavailable': False, 'install_base': '/home/rosubuntu/eurobot_ws/install/mon_pkg_robot', 'merge_install': False, 'path': '/home/rosubuntu/eurobot_ws/src/mon_pkg_robot', 'symlink_install': False, 'test_result_base': None}
[1.485s] Level 5:colcon.colcon_core.verb:set package 'eurobot_launch' build argument 'cmake_args' from command line to 'None'
[1.485s] Level 5:colcon.colcon_core.verb:set package 'eurobot_launch' build argument 'cmake_target' from command line to 'None'
[1.485s] Level 5:colcon.colcon_core.verb:set package 'eurobot_launch' build argument 'cmake_target_skip_unavailable' from command line to 'False'
[1.485s] Level 5:colcon.colcon_core.verb:set package 'eurobot_launch' build argument 'cmake_clean_cache' from command line to 'False'
[1.485s] Level 5:colcon.colcon_core.verb:set package 'eurobot_launch' build argument 'cmake_clean_first' from command line to 'False'
[1.485s] Level 5:colcon.colcon_core.verb:set package 'eurobot_launch' build argument 'cmake_force_configure' from command line to 'False'
[1.485s] Level 5:colcon.colcon_core.verb:set package 'eurobot_launch' build argument 'ament_cmake_args' from command line to 'None'
[1.485s] Level 5:colcon.colcon_core.verb:set package 'eurobot_launch' build argument 'catkin_cmake_args' from command line to 'None'
[1.485s] Level 5:colcon.colcon_core.verb:set package 'eurobot_launch' build argument 'catkin_skip_building_tests' from command line to 'False'
[1.485s] DEBUG:colcon.colcon_core.verb:Building package 'eurobot_launch' with the following arguments: {'ament_cmake_args': None, 'build_base': '/home/rosubuntu/eurobot_ws/build/eurobot_launch', 'catkin_cmake_args': None, 'catkin_skip_building_tests': False, 'cmake_args': None, 'cmake_clean_cache': False, 'cmake_clean_first': False, 'cmake_force_configure': False, 'cmake_target': None, 'cmake_target_skip_unavailable': False, 'install_base': '/home/rosubuntu/eurobot_ws/install/eurobot_launch', 'merge_install': False, 'path': '/home/rosubuntu/eurobot_ws/src/eurobot_launch', 'symlink_install': False, 'test_result_base': None}
[1.500s] INFO:colcon.colcon_core.executor:Executing jobs using 'parallel' executor
[1.516s] DEBUG:colcon.colcon_parallel_executor.executor.parallel:run_until_complete
[1.516s] INFO:colcon.colcon_ros.task.ament_cmake.build:Building ROS package in '/home/rosubuntu/eurobot_ws/src/eurobot_description' with build type 'ament_cmake'
[1.516s] INFO:colcon.colcon_cmake.task.cmake.build:Building CMake package in '/home/rosubuntu/eurobot_ws/src/eurobot_description'
[1.533s] INFO:colcon.colcon_core.plugin_system:Skipping extension 'colcon_core.shell.bat': Not used on non-Windows systems
[1.533s] INFO:colcon.colcon_core.shell:Skip shell extension 'powershell' for command environment: Not usable outside of PowerShell
[1.533s] DEBUG:colcon.colcon_core.shell:Skip shell extension 'dsv' for command environment
[1.581s] INFO:colcon.colcon_ros.task.ament_cmake.build:Building ROS package in '/home/rosubuntu/eurobot_ws/src/eurobot_control' with build type 'ament_cmake'
[1.581s] INFO:colcon.colcon_cmake.task.cmake.build:Building CMake package in '/home/rosubuntu/eurobot_ws/src/eurobot_control'
[1.596s] INFO:colcon.colcon_core.shell:Skip shell extension 'powershell' for command environment: Not usable outside of PowerShell
[1.596s] DEBUG:colcon.colcon_core.shell:Skip shell extension 'dsv' for command environment
[1.645s] INFO:colcon.colcon_ros.task.ament_cmake.build:Building ROS package in '/home/rosubuntu/eurobot_ws/src/eurobot_controller' with build type 'ament_cmake'
[1.645s] INFO:colcon.colcon_cmake.task.cmake.build:Building CMake package in '/home/rosubuntu/eurobot_ws/src/eurobot_controller'
[1.660s] INFO:colcon.colcon_core.shell:Skip shell extension 'powershell' for command environment: Not usable outside of PowerShell
[1.660s] DEBUG:colcon.colcon_core.shell:Skip shell extension 'dsv' for command environment
[1.708s] INFO:colcon.colcon_ros.task.ament_cmake.build:Building ROS package in '/home/rosubuntu/eurobot_ws/src/eurobot_hardware' with build type 'ament_cmake'
[1.708s] INFO:colcon.colcon_cmake.task.cmake.build:Building CMake package in '/home/rosubuntu/eurobot_ws/src/eurobot_hardware'
[1.724s] INFO:colcon.colcon_core.shell:Skip shell extension 'powershell' for command environment: Not usable outside of PowerShell
[1.724s] DEBUG:colcon.colcon_core.shell:Skip shell extension 'dsv' for command environment
[1.772s] INFO:colcon.colcon_ros.task.ament_cmake.build:Building ROS package in '/home/rosubuntu/eurobot_ws/src/eurobot_teleop' with build type 'ament_cmake'
[1.772s] INFO:colcon.colcon_cmake.task.cmake.build:Building CMake package in '/home/rosubuntu/eurobot_ws/src/eurobot_teleop'
[1.787s] INFO:colcon.colcon_core.shell:Skip shell extension 'powershell' for command environment: Not usable outside of PowerShell
[1.787s] DEBUG:colcon.colcon_core.shell:Skip shell extension 'dsv' for command environment
[1.835s] INFO:colcon.colcon_ros.task.ament_cmake.build:Building ROS package in '/home/rosubuntu/eurobot_ws/src/mon_pkg_robot' with build type 'ament_cmake'
[1.835s] INFO:colcon.colcon_cmake.task.cmake.build:Building CMake package in '/home/rosubuntu/eurobot_ws/src/mon_pkg_robot'
[1.851s] INFO:colcon.colcon_core.shell:Skip shell extension 'powershell' for command environment: Not usable outside of PowerShell
[1.851s] DEBUG:colcon.colcon_core.shell:Skip shell extension 'dsv' for command environment
[1.903s] DEBUG:colcon.colcon_core.event_handler.log_command:Invoking command in '/home/rosubuntu/eurobot_ws/build/eurobot_description': CMAKE_PREFIX_PATH=${CMAKE_PREFIX_PATH}:/opt/ros/humble /usr/bin/cmake --build /home/rosubuntu/eurobot_ws/build/eurobot_description -- -j8 -l8
[1.905s] DEBUG:colcon.colcon_core.event_handler.log_command:Invoking command in '/home/rosubuntu/eurobot_ws/build/eurobot_control': CMAKE_PREFIX_PATH=${CMAKE_PREFIX_PATH}:/opt/ros/humble /usr/bin/cmake --build /home/rosubuntu/eurobot_ws/build/eurobot_control -- -j8 -l8
[1.907s] DEBUG:colcon.colcon_core.event_handler.log_command:Invoking command in '/home/rosubuntu/eurobot_ws/build/eurobot_controller': CMAKE_PREFIX_PATH=${CMAKE_PREFIX_PATH}:/opt/ros/humble /usr/bin/cmake --build /home/rosubuntu/eurobot_ws/build/eurobot_controller -- -j8 -l8
[1.910s] DEBUG:colcon.colcon_core.event_handler.log_command:Invoking command in '/home/rosubuntu/eurobot_ws/build/eurobot_hardware': CMAKE_PREFIX_PATH=${CMAKE_PREFIX_PATH}:/opt/ros/humble /usr/bin/cmake --build /home/rosubuntu/eurobot_ws/build/eurobot_hardware -- -j8 -l8
[1.912s] DEBUG:colcon.colcon_core.event_handler.log_command:Invoking command in '/home/rosubuntu/eurobot_ws/build/eurobot_teleop': CMAKE_PREFIX_PATH=${CMAKE_PREFIX_PATH}:/opt/ros/humble /usr/bin/cmake --build /home/rosubuntu/eurobot_ws/build/eurobot_teleop -- -j8 -l8
[1.916s] DEBUG:colcon.colcon_core.event_handler.log_command:Invoking command in '/home/rosubuntu/eurobot_ws/build/mon_pkg_robot': CMAKE_PREFIX_PATH=${CMAKE_PREFIX_PATH}:/opt/ros/humble /usr/bin/cmake --build /home/rosubuntu/eurobot_ws/build/mon_pkg_robot -- -j8 -l8
[1.956s] DEBUG:colcon.colcon_core.event_handler.log_command:Invoked command in '/home/rosubuntu/eurobot_ws/build/mon_pkg_robot' returned '0': CMAKE_PREFIX_PATH=${CMAKE_PREFIX_PATH}:/opt/ros/humble /usr/bin/cmake --build /home/rosubuntu/eurobot_ws/build/mon_pkg_robot -- -j8 -l8
[1.966s] DEBUG:colcon.colcon_core.event_handler.log_command:Invoked command in '/home/rosubuntu/eurobot_ws/build/eurobot_description' returned '0': CMAKE_PREFIX_PATH=${CMAKE_PREFIX_PATH}:/opt/ros/humble /usr/bin/cmake --build /home/rosubuntu/eurobot_ws/build/eurobot_description -- -j8 -l8
[1.988s] DEBUG:colcon.colcon_core.event_handler.log_command:Invoking command in '/home/rosubuntu/eurobot_ws/build/mon_pkg_robot': CMAKE_PREFIX_PATH=${CMAKE_PREFIX_PATH}:/opt/ros/humble /usr/bin/cmake --install /home/rosubuntu/eurobot_ws/build/mon_pkg_robot
[1.989s] DEBUG:colcon.colcon_core.event_handler.log_command:Invoked command in '/home/rosubuntu/eurobot_ws/build/eurobot_controller' returned '0': CMAKE_PREFIX_PATH=${CMAKE_PREFIX_PATH}:/opt/ros/humble /usr/bin/cmake --build /home/rosubuntu/eurobot_ws/build/eurobot_controller -- -j8 -l8
[1.991s] DEBUG:colcon.colcon_core.event_handler.log_command:Invoked command in '/home/rosubuntu/eurobot_ws/build/eurobot_control' returned '0': CMAKE_PREFIX_PATH=${CMAKE_PREFIX_PATH}:/opt/ros/humble /usr/bin/cmake --build /home/rosubuntu/eurobot_ws/build/eurobot_control -- -j8 -l8
[1.992s] DEBUG:colcon.colcon_core.event_handler.log_command:Invoking command in '/home/rosubuntu/eurobot_ws/build/eurobot_description': CMAKE_PREFIX_PATH=${CMAKE_PREFIX_PATH}:/opt/ros/humble /usr/bin/cmake --install /home/rosubuntu/eurobot_ws/build/eurobot_description
[1.994s] DEBUG:colcon.colcon_core.event_handler.log_command:Invoked command in '/home/rosubuntu/eurobot_ws/build/eurobot_hardware' returned '0': CMAKE_PREFIX_PATH=${CMAKE_PREFIX_PATH}:/opt/ros/humble /usr/bin/cmake --build /home/rosubuntu/eurobot_ws/build/eurobot_hardware -- -j8 -l8
[1.995s] DEBUG:colcon.colcon_core.event_handler.log_command:Invoked command in '/home/rosubuntu/eurobot_ws/build/eurobot_teleop' returned '0': CMAKE_PREFIX_PATH=${CMAKE_PREFIX_PATH}:/opt/ros/humble /usr/bin/cmake --build /home/rosubuntu/eurobot_ws/build/eurobot_teleop -- -j8 -l8
[2.000s] Level 1:colcon.colcon_core.environment:create_environment_scripts_only(mon_pkg_robot)
[2.004s] DEBUG:colcon.colcon_core.event_handler.log_command:Invoked command in '/home/rosubuntu/eurobot_ws/build/mon_pkg_robot' returned '0': CMAKE_PREFIX_PATH=${CMAKE_PREFIX_PATH}:/opt/ros/humble /usr/bin/cmake --install /home/rosubuntu/eurobot_ws/build/mon_pkg_robot
[2.038s] Level 1:colcon.colcon_core.environment:checking '/home/rosubuntu/eurobot_ws/install/mon_pkg_robot' for CMake module files
[2.038s] Level 1:colcon.colcon_core.environment:checking '/home/rosubuntu/eurobot_ws/install/mon_pkg_robot' for CMake config files
[2.039s] Level 1:colcon.colcon_core.shell:create_environment_hook('mon_pkg_robot', 'cmake_prefix_path')
[2.057s] INFO:colcon.colcon_core.shell:Creating environment hook '/home/rosubuntu/eurobot_ws/install/mon_pkg_robot/share/mon_pkg_robot/hook/cmake_prefix_path.ps1'
[2.057s] INFO:colcon.colcon_core.shell:Creating environment descriptor '/home/rosubuntu/eurobot_ws/install/mon_pkg_robot/share/mon_pkg_robot/hook/cmake_prefix_path.dsv'
[2.058s] INFO:colcon.colcon_core.shell:Creating environment hook '/home/rosubuntu/eurobot_ws/install/mon_pkg_robot/share/mon_pkg_robot/hook/cmake_prefix_path.sh'
[2.059s] Level 1:colcon.colcon_core.environment:checking '/home/rosubuntu/eurobot_ws/install/mon_pkg_robot/bin'
[2.059s] Level 1:colcon.colcon_core.environment:checking '/home/rosubuntu/eurobot_ws/install/mon_pkg_robot/lib/pkgconfig/mon_pkg_robot.pc'
[2.059s] Level 1:colcon.colcon_core.environment:checking '/home/rosubuntu/eurobot_ws/install/mon_pkg_robot/lib/python3.10/site-packages'
[2.059s] Level 1:colcon.colcon_core.environment:checking '/home/rosubuntu/eurobot_ws/install/mon_pkg_robot/bin'
[2.077s] INFO:colcon.colcon_core.shell:Creating package script '/home/rosubuntu/eurobot_ws/install/mon_pkg_robot/share/mon_pkg_robot/package.ps1'
[2.078s] INFO:colcon.colcon_core.shell:Creating package descriptor '/home/rosubuntu/eurobot_ws/install/mon_pkg_robot/share/mon_pkg_robot/package.dsv'
[2.078s] INFO:colcon.colcon_core.shell:Creating package script '/home/rosubuntu/eurobot_ws/install/mon_pkg_robot/share/mon_pkg_robot/package.sh'
[2.079s] INFO:colcon.colcon_core.shell:Creating package script '/home/rosubuntu/eurobot_ws/install/mon_pkg_robot/share/mon_pkg_robot/package.bash'
[2.079s] INFO:colcon.colcon_core.shell:Creating package script '/home/rosubuntu/eurobot_ws/install/mon_pkg_robot/share/mon_pkg_robot/package.zsh'
[2.080s] Level 1:colcon.colcon_core.environment:create_file_with_runtime_dependencies(/home/rosubuntu/eurobot_ws/install/mon_pkg_robot/share/colcon-core/packages/mon_pkg_robot)
[2.083s] DEBUG:colcon.colcon_core.event_handler.log_command:Invoking command in '/home/rosubuntu/eurobot_ws/build/eurobot_controller': CMAKE_PREFIX_PATH=${CMAKE_PREFIX_PATH}:/opt/ros/humble /usr/bin/cmake --install /home/rosubuntu/eurobot_ws/build/eurobot_controller
[2.084s] DEBUG:colcon.colcon_core.event_handler.log_command:Invoking command in '/home/rosubuntu/eurobot_ws/build/eurobot_control': CMAKE_PREFIX_PATH=${CMAKE_PREFIX_PATH}:/opt/ros/humble /usr/bin/cmake --install /home/rosubuntu/eurobot_ws/build/eurobot_control
[2.085s] DEBUG:colcon.colcon_core.event_handler.log_command:Invoking command in '/home/rosubuntu/eurobot_ws/build/eurobot_hardware': CMAKE_PREFIX_PATH=${CMAKE_PREFIX_PATH}:/opt/ros/humble /usr/bin/cmake --install /home/rosubuntu/eurobot_ws/build/eurobot_hardware
[2.087s] DEBUG:colcon.colcon_core.event_handler.log_command:Invoking command in '/home/rosubuntu/eurobot_ws/build/eurobot_teleop': CMAKE_PREFIX_PATH=${CMAKE_PREFIX_PATH}:/opt/ros/humble /usr/bin/cmake --install /home/rosubuntu/eurobot_ws/build/eurobot_teleop
[2.089s] Level 1:colcon.colcon_core.environment:create_environment_scripts_only(eurobot_description)
[2.090s] DEBUG:colcon.colcon_core.event_handler.log_command:Invoked command in '/home/rosubuntu/eurobot_ws/build/eurobot_description' returned '0': CMAKE_PREFIX_PATH=${CMAKE_PREFIX_PATH}:/opt/ros/humble /usr/bin/cmake --install /home/rosubuntu/eurobot_ws/build/eurobot_description
[2.120s] Level 1:colcon.colcon_core.environment:checking '/home/rosubuntu/eurobot_ws/install/eurobot_description' for CMake module files
[2.120s] Level 1:colcon.colcon_core.environment:checking '/home/rosubuntu/eurobot_ws/install/eurobot_description' for CMake config files
[2.121s] Level 1:colcon.colcon_core.shell:create_environment_hook('eurobot_description', 'cmake_prefix_path')
[2.138s] INFO:colcon.colcon_core.shell:Creating environment hook '/home/rosubuntu/eurobot_ws/install/eurobot_description/share/eurobot_description/hook/cmake_prefix_path.ps1'
[2.138s] INFO:colcon.colcon_core.shell:Creating environment descriptor '/home/rosubuntu/eurobot_ws/install/eurobot_description/share/eurobot_description/hook/cmake_prefix_path.dsv'
[2.139s] INFO:colcon.colcon_core.shell:Creating environment hook '/home/rosubuntu/eurobot_ws/install/eurobot_description/share/eurobot_description/hook/cmake_prefix_path.sh'
[2.139s] Level 1:colcon.colcon_core.environment:checking '/home/rosubuntu/eurobot_ws/install/eurobot_description/bin'
[2.139s] Level 1:colcon.colcon_core.environment:checking '/home/rosubuntu/eurobot_ws/install/eurobot_description/lib/pkgconfig/eurobot_description.pc'
[2.140s] Level 1:colcon.colcon_core.environment:checking '/home/rosubuntu/eurobot_ws/install/eurobot_description/lib/python3.10/site-packages'
[2.140s] Level 1:colcon.colcon_core.environment:checking '/home/rosubuntu/eurobot_ws/install/eurobot_description/bin'
[2.158s] INFO:colcon.colcon_core.shell:Creating package script '/home/rosubuntu/eurobot_ws/install/eurobot_description/share/eurobot_description/package.ps1'
[2.158s] INFO:colcon.colcon_core.shell:Creating package descriptor '/home/rosubuntu/eurobot_ws/install/eurobot_description/share/eurobot_description/package.dsv'
[2.158s] INFO:colcon.colcon_core.shell:Creating package script '/home/rosubuntu/eurobot_ws/install/eurobot_description/share/eurobot_description/package.sh'
[2.159s] INFO:colcon.colcon_core.shell:Creating package script '/home/rosubuntu/eurobot_ws/install/eurobot_description/share/eurobot_description/package.bash'
[2.159s] INFO:colcon.colcon_core.shell:Creating package script '/home/rosubuntu/eurobot_ws/install/eurobot_description/share/eurobot_description/package.zsh'
[2.159s] Level 1:colcon.colcon_core.environment:create_file_with_runtime_dependencies(/home/rosubuntu/eurobot_ws/install/eurobot_description/share/colcon-core/packages/eurobot_description)
[2.161s] Level 1:colcon.colcon_core.environment:create_environment_scripts_only(eurobot_controller)
[2.161s] DEBUG:colcon.colcon_core.event_handler.log_command:Invoked command in '/home/rosubuntu/eurobot_ws/build/eurobot_controller' returned '0': CMAKE_PREFIX_PATH=${CMAKE_PREFIX_PATH}:/opt/ros/humble /usr/bin/cmake --install /home/rosubuntu/eurobot_ws/build/eurobot_controller
[2.179s] Level 1:colcon.colcon_core.environment:checking '/home/rosubuntu/eurobot_ws/install/eurobot_controller' for CMake module files
[2.180s] Level 1:colcon.colcon_core.environment:checking '/home/rosubuntu/eurobot_ws/install/eurobot_controller' for CMake config files
[2.180s] Level 1:colcon.colcon_core.shell:create_environment_hook('eurobot_controller', 'cmake_prefix_path')
[2.198s] INFO:colcon.colcon_core.shell:Creating environment hook '/home/rosubuntu/eurobot_ws/install/eurobot_controller/share/eurobot_controller/hook/cmake_prefix_path.ps1'
[2.198s] INFO:colcon.colcon_core.shell:Creating environment descriptor '/home/rosubuntu/eurobot_ws/install/eurobot_controller/share/eurobot_controller/hook/cmake_prefix_path.dsv'
[2.199s] INFO:colcon.colcon_core.shell:Creating environment hook '/home/rosubuntu/eurobot_ws/install/eurobot_controller/share/eurobot_controller/hook/cmake_prefix_path.sh'
[2.199s] Level 1:colcon.colcon_core.environment:checking '/home/rosubuntu/eurobot_ws/install/eurobot_controller/lib'
[2.199s] Level 1:colcon.colcon_core.shell:create_environment_hook('eurobot_controller', 'ld_library_path_lib')
[2.217s] INFO:colcon.colcon_core.shell:Creating environment hook '/home/rosubuntu/eurobot_ws/install/eurobot_controller/share/eurobot_controller/hook/ld_library_path_lib.ps1'
[2.217s] INFO:colcon.colcon_core.shell:Creating environment descriptor '/home/rosubuntu/eurobot_ws/install/eurobot_controller/share/eurobot_controller/hook/ld_library_path_lib.dsv'
[2.217s] INFO:colcon.colcon_core.shell:Creating environment hook '/home/rosubuntu/eurobot_ws/install/eurobot_controller/share/eurobot_controller/hook/ld_library_path_lib.sh'
[2.218s] Level 1:colcon.colcon_core.environment:checking '/home/rosubuntu/eurobot_ws/install/eurobot_controller/bin'
[2.218s] Level 1:colcon.colcon_core.environment:checking '/home/rosubuntu/eurobot_ws/install/eurobot_controller/lib/pkgconfig/eurobot_controller.pc'
[2.218s] Level 1:colcon.colcon_core.environment:checking '/home/rosubuntu/eurobot_ws/install/eurobot_controller/lib/python3.10/site-packages'
[2.218s] Level 1:colcon.colcon_core.environment:checking '/home/rosubuntu/eurobot_ws/install/eurobot_controller/bin'
[2.236s] INFO:colcon.colcon_core.shell:Creating package script '/home/rosubuntu/eurobot_ws/install/eurobot_controller/share/eurobot_controller/package.ps1'
[2.236s] INFO:colcon.colcon_core.shell:Creating package descriptor '/home/rosubuntu/eurobot_ws/install/eurobot_controller/share/eurobot_controller/package.dsv'
[2.236s] INFO:colcon.colcon_core.shell:Creating package script '/home/rosubuntu/eurobot_ws/install/eurobot_controller/share/eurobot_controller/package.sh'
[2.237s] INFO:colcon.colcon_core.shell:Creating package script '/home/rosubuntu/eurobot_ws/install/eurobot_controller/share/eurobot_controller/package.bash'
[2.237s] INFO:colcon.colcon_core.shell:Creating package script '/home/rosubuntu/eurobot_ws/install/eurobot_controller/share/eurobot_controller/package.zsh'
[2.237s] Level 1:colcon.colcon_core.environment:create_file_with_runtime_dependencies(/home/rosubuntu/eurobot_ws/install/eurobot_controller/share/colcon-core/packages/eurobot_controller)
[2.238s] Level 1:colcon.colcon_core.environment:create_environment_scripts_only(eurobot_control)
[2.238s] DEBUG:colcon.colcon_core.event_handler.log_command:Invoked command in '/home/rosubuntu/eurobot_ws/build/eurobot_control' returned '0': CMAKE_PREFIX_PATH=${CMAKE_PREFIX_PATH}:/opt/ros/humble /usr/bin/cmake --install /home/rosubuntu/eurobot_ws/build/eurobot_control
[2.257s] Level 1:colcon.colcon_core.environment:checking '/home/rosubuntu/eurobot_ws/install/eurobot_control' for CMake module files
[2.257s] Level 1:colcon.colcon_core.environment:checking '/home/rosubuntu/eurobot_ws/install/eurobot_control' for CMake config files
[2.257s] Level 1:colcon.colcon_core.shell:create_environment_hook('eurobot_control', 'cmake_prefix_path')
[2.275s] INFO:colcon.colcon_core.shell:Creating environment hook '/home/rosubuntu/eurobot_ws/install/eurobot_control/share/eurobot_control/hook/cmake_prefix_path.ps1'
[2.275s] INFO:colcon.colcon_core.shell:Creating environment descriptor '/home/rosubuntu/eurobot_ws/install/eurobot_control/share/eurobot_control/hook/cmake_prefix_path.dsv'
[2.276s] INFO:colcon.colcon_core.shell:Creating environment hook '/home/rosubuntu/eurobot_ws/install/eurobot_control/share/eurobot_control/hook/cmake_prefix_path.sh'
[2.276s] Level 1:colcon.colcon_core.environment:checking '/home/rosubuntu/eurobot_ws/install/eurobot_control/lib'
[2.276s] Level 1:colcon.colcon_core.environment:checking '/home/rosubuntu/eurobot_ws/install/eurobot_control/bin'
[2.276s] Level 1:colcon.colcon_core.environment:checking '/home/rosubuntu/eurobot_ws/install/eurobot_control/lib/pkgconfig/eurobot_control.pc'
[2.276s] Level 1:colcon.colcon_core.environment:checking '/home/rosubuntu/eurobot_ws/install/eurobot_control/lib/python3.10/site-packages'
[2.277s] Level 1:colcon.colcon_core.environment:checking '/home/rosubuntu/eurobot_ws/install/eurobot_control/bin'
[2.294s] INFO:colcon.colcon_core.shell:Creating package script '/home/rosubuntu/eurobot_ws/install/eurobot_control/share/eurobot_control/package.ps1'
[2.295s] INFO:colcon.colcon_core.shell:Creating package descriptor '/home/rosubuntu/eurobot_ws/install/eurobot_control/share/eurobot_control/package.dsv'
[2.295s] INFO:colcon.colcon_core.shell:Creating package script '/home/rosubuntu/eurobot_ws/install/eurobot_control/share/eurobot_control/package.sh'
[2.295s] INFO:colcon.colcon_core.shell:Creating package script '/home/rosubuntu/eurobot_ws/install/eurobot_control/share/eurobot_control/package.bash'
[2.295s] INFO:colcon.colcon_core.shell:Creating package script '/home/rosubuntu/eurobot_ws/install/eurobot_control/share/eurobot_control/package.zsh'
[2.296s] Level 1:colcon.colcon_core.environment:create_file_with_runtime_dependencies(/home/rosubuntu/eurobot_ws/install/eurobot_control/share/colcon-core/packages/eurobot_control)
[2.296s] Level 1:colcon.colcon_core.environment:create_environment_scripts_only(eurobot_hardware)
[2.297s] DEBUG:colcon.colcon_core.event_handler.log_command:Invoked command in '/home/rosubuntu/eurobot_ws/build/eurobot_hardware' returned '0': CMAKE_PREFIX_PATH=${CMAKE_PREFIX_PATH}:/opt/ros/humble /usr/bin/cmake --install /home/rosubuntu/eurobot_ws/build/eurobot_hardware
[2.324s] Level 1:colcon.colcon_core.environment:checking '/home/rosubuntu/eurobot_ws/install/eurobot_hardware' for CMake module files
[2.325s] Level 1:colcon.colcon_core.environment:checking '/home/rosubuntu/eurobot_ws/install/eurobot_hardware' for CMake config files
[2.325s] Level 1:colcon.colcon_core.shell:create_environment_hook('eurobot_hardware', 'cmake_prefix_path')
[2.343s] INFO:colcon.colcon_core.shell:Creating environment hook '/home/rosubuntu/eurobot_ws/install/eurobot_hardware/share/eurobot_hardware/hook/cmake_prefix_path.ps1'
[2.344s] INFO:colcon.colcon_core.shell:Creating environment descriptor '/home/rosubuntu/eurobot_ws/install/eurobot_hardware/share/eurobot_hardware/hook/cmake_prefix_path.dsv'
[2.344s] INFO:colcon.colcon_core.shell:Creating environment hook '/home/rosubuntu/eurobot_ws/install/eurobot_hardware/share/eurobot_hardware/hook/cmake_prefix_path.sh'
[2.344s] Level 1:colcon.colcon_core.environment:checking '/home/rosubuntu/eurobot_ws/install/eurobot_hardware/lib'
[2.345s] Level 1:colcon.colcon_core.shell:create_environment_hook('eurobot_hardware', 'ld_library_path_lib')
[2.362s] INFO:colcon.colcon_core.shell:Creating environment hook '/home/rosubuntu/eurobot_ws/install/eurobot_hardware/share/eurobot_hardware/hook/ld_library_path_lib.ps1'
[2.362s] INFO:colcon.colcon_core.shell:Creating environment descriptor '/home/rosubuntu/eurobot_ws/install/eurobot_hardware/share/eurobot_hardware/hook/ld_library_path_lib.dsv'
[2.363s] INFO:colcon.colcon_core.shell:Creating environment hook '/home/rosubuntu/eurobot_ws/install/eurobot_hardware/share/eurobot_hardware/hook/ld_library_path_lib.sh'
[2.363s] Level 1:colcon.colcon_core.environment:checking '/home/rosubuntu/eurobot_ws/install/eurobot_hardware/bin'
[2.363s] Level 1:colcon.colcon_core.environment:checking '/home/rosubuntu/eurobot_ws/install/eurobot_hardware/lib/pkgconfig/eurobot_hardware.pc'
[2.363s] Level 1:colcon.colcon_core.environment:checking '/home/rosubuntu/eurobot_ws/install/eurobot_hardware/lib/python3.10/site-packages'
[2.363s] Level 1:colcon.colcon_core.environment:checking '/home/rosubuntu/eurobot_ws/install/eurobot_hardware/bin'
[2.381s] INFO:colcon.colcon_core.shell:Creating package script '/home/rosubuntu/eurobot_ws/install/eurobot_hardware/share/eurobot_hardware/package.ps1'
[2.381s] INFO:colcon.colcon_core.shell:Creating package descriptor '/home/rosubuntu/eurobot_ws/install/eurobot_hardware/share/eurobot_hardware/package.dsv'
[2.382s] INFO:colcon.colcon_core.shell:Creating package script '/home/rosubuntu/eurobot_ws/install/eurobot_hardware/share/eurobot_hardware/package.sh'
[2.382s] INFO:colcon.colcon_core.shell:Creating package script '/home/rosubuntu/eurobot_ws/install/eurobot_hardware/share/eurobot_hardware/package.bash'
[2.382s] INFO:colcon.colcon_core.shell:Creating package script '/home/rosubuntu/eurobot_ws/install/eurobot_hardware/share/eurobot_hardware/package.zsh'
[2.383s] Level 1:colcon.colcon_core.environment:create_file_with_runtime_dependencies(/home/rosubuntu/eurobot_ws/install/eurobot_hardware/share/colcon-core/packages/eurobot_hardware)
[2.383s] Level 1:colcon.colcon_core.environment:create_environment_scripts_only(eurobot_teleop)
[2.384s] DEBUG:colcon.colcon_core.event_handler.log_command:Invoked command in '/home/rosubuntu/eurobot_ws/build/eurobot_teleop' returned '0': CMAKE_PREFIX_PATH=${CMAKE_PREFIX_PATH}:/opt/ros/humble /usr/bin/cmake --install /home/rosubuntu/eurobot_ws/build/eurobot_teleop
[2.401s] Level 1:colcon.colcon_core.environment:checking '/home/rosubuntu/eurobot_ws/install/eurobot_teleop' for CMake module files
[2.402s] Level 1:colcon.colcon_core.environment:checking '/home/rosubuntu/eurobot_ws/install/eurobot_teleop' for CMake config files
[2.402s] Level 1:colcon.colcon_core.shell:create_environment_hook('eurobot_teleop', 'cmake_prefix_path')
[2.420s] INFO:colcon.colcon_core.shell:Creating environment hook '/home/rosubuntu/eurobot_ws/install/eurobot_teleop/share/eurobot_teleop/hook/cmake_prefix_path.ps1'
[2.420s] INFO:colcon.colcon_core.shell:Creating environment descriptor '/home/rosubuntu/eurobot_ws/install/eurobot_teleop/share/eurobot_teleop/hook/cmake_prefix_path.dsv'
[2.420s] INFO:colcon.colcon_core.shell:Creating environment hook '/home/rosubuntu/eurobot_ws/install/eurobot_teleop/share/eurobot_teleop/hook/cmake_prefix_path.sh'
[2.421s] Level 1:colcon.colcon_core.environment:checking '/home/rosubuntu/eurobot_ws/install/eurobot_teleop/lib'
[2.421s] Level 1:colcon.colcon_core.environment:checking '/home/rosubuntu/eurobot_ws/install/eurobot_teleop/bin'
[2.421s] Level 1:colcon.colcon_core.environment:checking '/home/rosubuntu/eurobot_ws/install/eurobot_teleop/lib/pkgconfig/eurobot_teleop.pc'
[2.421s] Level 1:colcon.colcon_core.environment:checking '/home/rosubuntu/eurobot_ws/install/eurobot_teleop/lib/python3.10/site-packages'
[2.421s] Level 1:colcon.colcon_core.environment:checking '/home/rosubuntu/eurobot_ws/install/eurobot_teleop/bin'
[2.439s] INFO:colcon.colcon_core.shell:Creating package script '/home/rosubuntu/eurobot_ws/install/eurobot_teleop/share/eurobot_teleop/package.ps1'
[2.440s] INFO:colcon.colcon_core.shell:Creating package descriptor '/home/rosubuntu/eurobot_ws/install/eurobot_teleop/share/eurobot_teleop/package.dsv'
[2.440s] INFO:colcon.colcon_core.shell:Creating package script '/home/rosubuntu/eurobot_ws/install/eurobot_teleop/share/eurobot_teleop/package.sh'
[2.440s] INFO:colcon.colcon_core.shell:Creating package script '/home/rosubuntu/eurobot_ws/install/eurobot_teleop/share/eurobot_teleop/package.bash'
[2.441s] INFO:colcon.colcon_core.shell:Creating package script '/home/rosubuntu/eurobot_ws/install/eurobot_teleop/share/eurobot_teleop/package.zsh'
[2.441s] Level 1:colcon.colcon_core.environment:create_file_with_runtime_dependencies(/home/rosubuntu/eurobot_ws/install/eurobot_teleop/share/colcon-core/packages/eurobot_teleop)
[2.460s] Level 1:colcon.colcon_core.environment:create_environment_scripts_only(mon_pkg_robot)
[2.478s] Level 1:colcon.colcon_core.environment:checking '/home/rosubuntu/eurobot_ws/install/mon_pkg_robot' for CMake module files
[2.479s] Level 1:colcon.colcon_core.environment:checking '/home/rosubuntu/eurobot_ws/install/mon_pkg_robot' for CMake config files
[2.479s] Level 1:colcon.colcon_core.shell:create_environment_hook('mon_pkg_robot', 'cmake_prefix_path')
[2.497s] INFO:colcon.colcon_core.shell:Creating environment hook '/home/rosubuntu/eurobot_ws/install/mon_pkg_robot/share/mon_pkg_robot/hook/cmake_prefix_path.ps1'
[2.497s] INFO:colcon.colcon_core.shell:Creating environment descriptor '/home/rosubuntu/eurobot_ws/install/mon_pkg_robot/share/mon_pkg_robot/hook/cmake_prefix_path.dsv'
[2.497s] INFO:colcon.colcon_core.shell:Creating environment hook '/home/rosubuntu/eurobot_ws/install/mon_pkg_robot/share/mon_pkg_robot/hook/cmake_prefix_path.sh'
[2.498s] Level 1:colcon.colcon_core.environment:checking '/home/rosubuntu/eurobot_ws/install/mon_pkg_robot/bin'
[2.498s] Level 1:colcon.colcon_core.environment:checking '/home/rosubuntu/eurobot_ws/install/mon_pkg_robot/lib/pkgconfig/mon_pkg_robot.pc'
[2.498s] Level 1:colcon.colcon_core.environment:checking '/home/rosubuntu/eurobot_ws/install/mon_pkg_robot/lib/python3.10/site-packages'
[2.498s] Level 1:colcon.colcon_core.environment:checking '/home/rosubuntu/eurobot_ws/install/mon_pkg_robot/bin'
[2.516s] INFO:colcon.colcon_core.shell:Creating package script '/home/rosubuntu/eurobot_ws/install/mon_pkg_robot/share/mon_pkg_robot/package.ps1'
[2.516s] INFO:colcon.colcon_core.shell:Creating package descriptor '/home/rosubuntu/eurobot_ws/install/mon_pkg_robot/share/mon_pkg_robot/package.dsv'
[2.517s] INFO:colcon.colcon_core.shell:Creating package script '/home/rosubuntu/eurobot_ws/install/mon_pkg_robot/share/mon_pkg_robot/package.sh'
[2.517s] INFO:colcon.colcon_core.shell:Creating package script '/home/rosubuntu/eurobot_ws/install/mon_pkg_robot/share/mon_pkg_robot/package.bash'
[2.517s] INFO:colcon.colcon_core.shell:Creating package script '/home/rosubuntu/eurobot_ws/install/mon_pkg_robot/share/mon_pkg_robot/package.zsh'
[2.518s] Level 1:colcon.colcon_core.environment:create_file_with_runtime_dependencies(/home/rosubuntu/eurobot_ws/install/mon_pkg_robot/share/colcon-core/packages/mon_pkg_robot)
[2.537s] Level 1:colcon.colcon_core.environment:create_environment_scripts_only(eurobot_description)
[2.555s] Level 1:colcon.colcon_core.environment:checking '/home/rosubuntu/eurobot_ws/install/eurobot_description' for CMake module files
[2.555s] Level 1:colcon.colcon_core.environment:checking '/home/rosubuntu/eurobot_ws/install/eurobot_description' for CMake config files
[2.555s] Level 1:colcon.colcon_core.shell:create_environment_hook('eurobot_description', 'cmake_prefix_path')
[2.573s] INFO:colcon.colcon_core.shell:Creating environment hook '/home/rosubuntu/eurobot_ws/install/eurobot_description/share/eurobot_description/hook/cmake_prefix_path.ps1'
[2.573s] INFO:colcon.colcon_core.shell:Creating environment descriptor '/home/rosubuntu/eurobot_ws/install/eurobot_description/share/eurobot_description/hook/cmake_prefix_path.dsv'
[2.574s] INFO:colcon.colcon_core.shell:Creating environment hook '/home/rosubuntu/eurobot_ws/install/eurobot_description/share/eurobot_description/hook/cmake_prefix_path.sh'
[2.574s] Level 1:colcon.colcon_core.environment:checking '/home/rosubuntu/eurobot_ws/install/eurobot_description/bin'
[2.574s] Level 1:colcon.colcon_core.environment:checking '/home/rosubuntu/eurobot_ws/install/eurobot_description/lib/pkgconfig/eurobot_description.pc'
[2.574s] Level 1:colcon.colcon_core.environment:checking '/home/rosubuntu/eurobot_ws/install/eurobot_description/lib/python3.10/site-packages'
[2.574s] Level 1:colcon.colcon_core.environment:checking '/home/rosubuntu/eurobot_ws/install/eurobot_description/bin'
[2.592s] INFO:colcon.colcon_core.shell:Creating package script '/home/rosubuntu/eurobot_ws/install/eurobot_description/share/eurobot_description/package.ps1'
[2.592s] INFO:colcon.colcon_core.shell:Creating package descriptor '/home/rosubuntu/eurobot_ws/install/eurobot_description/share/eurobot_description/package.dsv'
[2.592s] INFO:colcon.colcon_core.shell:Creating package script '/home/rosubuntu/eurobot_ws/install/eurobot_description/share/eurobot_description/package.sh'
[2.593s] INFO:colcon.colcon_core.shell:Creating package script '/home/rosubuntu/eurobot_ws/install/eurobot_description/share/eurobot_description/package.bash'
[2.593s] INFO:colcon.colcon_core.shell:Creating package script '/home/rosubuntu/eurobot_ws/install/eurobot_description/share/eurobot_description/package.zsh'
[2.593s] Level 1:colcon.colcon_core.environment:create_file_with_runtime_dependencies(/home/rosubuntu/eurobot_ws/install/eurobot_description/share/colcon-core/packages/eurobot_description)
[2.611s] Level 1:colcon.colcon_core.environment:create_environment_scripts_only(eurobot_controller)
[2.628s] Level 1:colcon.colcon_core.environment:checking '/home/rosubuntu/eurobot_ws/install/eurobot_controller' for CMake module files
[2.629s] Level 1:colcon.colcon_core.environment:checking '/home/rosubuntu/eurobot_ws/install/eurobot_controller' for CMake config files
[2.629s] Level 1:colcon.colcon_core.shell:create_environment_hook('eurobot_controller', 'cmake_prefix_path')
[2.646s] INFO:colcon.colcon_core.shell:Creating environment hook '/home/rosubuntu/eurobot_ws/install/eurobot_controller/share/eurobot_controller/hook/cmake_prefix_path.ps1'
[2.647s] INFO:colcon.colcon_core.shell:Creating environment descriptor '/home/rosubuntu/eurobot_ws/install/eurobot_controller/share/eurobot_controller/hook/cmake_prefix_path.dsv'
[2.647s] INFO:colcon.colcon_core.shell:Creating environment hook '/home/rosubuntu/eurobot_ws/install/eurobot_controller/share/eurobot_controller/hook/cmake_prefix_path.sh'
[2.647s] Level 1:colcon.colcon_core.environment:checking '/home/rosubuntu/eurobot_ws/install/eurobot_controller/lib'
[2.647s] Level 1:colcon.colcon_core.shell:create_environment_hook('eurobot_controller', 'ld_library_path_lib')
[2.666s] INFO:colcon.colcon_core.shell:Creating environment hook '/home/rosubuntu/eurobot_ws/install/eurobot_controller/share/eurobot_controller/hook/ld_library_path_lib.ps1'
[2.667s] INFO:colcon.colcon_core.shell:Creating environment descriptor '/home/rosubuntu/eurobot_ws/install/eurobot_controller/share/eurobot_controller/hook/ld_library_path_lib.dsv'
[2.667s] INFO:colcon.colcon_core.shell:Creating environment hook '/home/rosubuntu/eurobot_ws/install/eurobot_controller/share/eurobot_controller/hook/ld_library_path_lib.sh'
[2.667s] Level 1:colcon.colcon_core.environment:checking '/home/rosubuntu/eurobot_ws/install/eurobot_controller/bin'
[2.667s] Level 1:colcon.colcon_core.environment:checking '/home/rosubuntu/eurobot_ws/install/eurobot_controller/lib/pkgconfig/eurobot_controller.pc'
[2.668s] Level 1:colcon.colcon_core.environment:checking '/home/rosubuntu/eurobot_ws/install/eurobot_controller/lib/python3.10/site-packages'
[2.668s] Level 1:colcon.colcon_core.environment:checking '/home/rosubuntu/eurobot_ws/install/eurobot_controller/bin'
[2.686s] INFO:colcon.colcon_core.shell:Creating package script '/home/rosubuntu/eurobot_ws/install/eurobot_controller/share/eurobot_controller/package.ps1'
[2.686s] INFO:colcon.colcon_core.shell:Creating package descriptor '/home/rosubuntu/eurobot_ws/install/eurobot_controller/share/eurobot_controller/package.dsv'
[2.687s] INFO:colcon.colcon_core.shell:Creating package script '/home/rosubuntu/eurobot_ws/install/eurobot_controller/share/eurobot_controller/package.sh'
[2.687s] INFO:colcon.colcon_core.shell:Creating package script '/home/rosubuntu/eurobot_ws/install/eurobot_controller/share/eurobot_controller/package.bash'
[2.687s] INFO:colcon.colcon_core.shell:Creating package script '/home/rosubuntu/eurobot_ws/install/eurobot_controller/share/eurobot_controller/package.zsh'
[2.688s] Level 1:colcon.colcon_core.environment:create_file_with_runtime_dependencies(/home/rosubuntu/eurobot_ws/install/eurobot_controller/share/colcon-core/packages/eurobot_controller)
[2.706s] Level 1:colcon.colcon_core.environment:create_environment_scripts_only(eurobot_control)
[2.724s] Level 1:colcon.colcon_core.environment:checking '/home/rosubuntu/eurobot_ws/install/eurobot_control' for CMake module files
[2.724s] Level 1:colcon.colcon_core.environment:checking '/home/rosubuntu/eurobot_ws/install/eurobot_control' for CMake config files
[2.724s] Level 1:colcon.colcon_core.shell:create_environment_hook('eurobot_control', 'cmake_prefix_path')
[2.744s] INFO:colcon.colcon_core.shell:Creating environment hook '/home/rosubuntu/eurobot_ws/install/eurobot_control/share/eurobot_control/hook/cmake_prefix_path.ps1'
[2.745s] INFO:colcon.colcon_core.shell:Creating environment descriptor '/home/rosubuntu/eurobot_ws/install/eurobot_control/share/eurobot_control/hook/cmake_prefix_path.dsv'
[2.745s] INFO:colcon.colcon_core.shell:Creating environment hook '/home/rosubuntu/eurobot_ws/install/eurobot_control/share/eurobot_control/hook/cmake_prefix_path.sh'
[2.745s] Level 1:colcon.colcon_core.environment:checking '/home/rosubuntu/eurobot_ws/install/eurobot_control/lib'
[2.745s] Level 1:colcon.colcon_core.environment:checking '/home/rosubuntu/eurobot_ws/install/eurobot_control/bin'
[2.745s] Level 1:colcon.colcon_core.environment:checking '/home/rosubuntu/eurobot_ws/install/eurobot_control/lib/pkgconfig/eurobot_control.pc'
[2.746s] Level 1:colcon.colcon_core.environment:checking '/home/rosubuntu/eurobot_ws/install/eurobot_control/lib/python3.10/site-packages'
[2.746s] Level 1:colcon.colcon_core.environment:checking '/home/rosubuntu/eurobot_ws/install/eurobot_control/bin'
[2.764s] INFO:colcon.colcon_core.shell:Creating package script '/home/rosubuntu/eurobot_ws/install/eurobot_control/share/eurobot_control/package.ps1'
[2.764s] INFO:colcon.colcon_core.shell:Creating package descriptor '/home/rosubuntu/eurobot_ws/install/eurobot_control/share/eurobot_control/package.dsv'
[2.765s] INFO:colcon.colcon_core.shell:Creating package script '/home/rosubuntu/eurobot_ws/install/eurobot_control/share/eurobot_control/package.sh'
[2.765s] INFO:colcon.colcon_core.shell:Creating package script '/home/rosubuntu/eurobot_ws/install/eurobot_control/share/eurobot_control/package.bash'
[2.765s] INFO:colcon.colcon_core.shell:Creating package script '/home/rosubuntu/eurobot_ws/install/eurobot_control/share/eurobot_control/package.zsh'
[2.766s] Level 1:colcon.colcon_core.environment:create_file_with_runtime_dependencies(/home/rosubuntu/eurobot_ws/install/eurobot_control/share/colcon-core/packages/eurobot_control)
[2.792s] Level 1:colcon.colcon_core.environment:create_environment_scripts_only(eurobot_hardware)
[2.813s] Level 1:colcon.colcon_core.environment:checking '/home/rosubuntu/eurobot_ws/install/eurobot_hardware' for CMake module files
[2.814s] Level 1:colcon.colcon_core.environment:checking '/home/rosubuntu/eurobot_ws/install/eurobot_hardware' for CMake config files
[2.814s] Level 1:colcon.colcon_core.shell:create_environment_hook('eurobot_hardware', 'cmake_prefix_path')
[2.832s] INFO:colcon.colcon_core.shell:Creating environment hook '/home/rosubuntu/eurobot_ws/install/eurobot_hardware/share/eurobot_hardware/hook/cmake_prefix_path.ps1'
[2.833s] INFO:colcon.colcon_core.shell:Creating environment descriptor '/home/rosubuntu/eurobot_ws/install/eurobot_hardware/share/eurobot_hardware/hook/cmake_prefix_path.dsv'
[2.833s] INFO:colcon.colcon_core.shell:Creating environment hook '/home/rosubuntu/eurobot_ws/install/eurobot_hardware/share/eurobot_hardware/hook/cmake_prefix_path.sh'
[2.834s] Level 1:colcon.colcon_core.environment:checking '/home/rosubuntu/eurobot_ws/install/eurobot_hardware/lib'
[2.834s] Level 1:colcon.colcon_core.shell:create_environment_hook('eurobot_hardware', 'ld_library_path_lib')
[2.852s] INFO:colcon.colcon_core.shell:Creating environment hook '/home/rosubuntu/eurobot_ws/install/eurobot_hardware/share/eurobot_hardware/hook/ld_library_path_lib.ps1'
[2.852s] INFO:colcon.colcon_core.shell:Creating environment descriptor '/home/rosubuntu/eurobot_ws/install/eurobot_hardware/share/eurobot_hardware/hook/ld_library_path_lib.dsv'
[2.852s] INFO:colcon.colcon_core.shell:Creating environment hook '/home/rosubuntu/eurobot_ws/install/eurobot_hardware/share/eurobot_hardware/hook/ld_library_path_lib.sh'
[2.853s] Level 1:colcon.colcon_core.environment:checking '/home/rosubuntu/eurobot_ws/install/eurobot_hardware/bin'
[2.853s] Level 1:colcon.colcon_core.environment:checking '/home/rosubuntu/eurobot_ws/install/eurobot_hardware/lib/pkgconfig/eurobot_hardware.pc'
[2.853s] Level 1:colcon.colcon_core.environment:checking '/home/rosubuntu/eurobot_ws/install/eurobot_hardware/lib/python3.10/site-packages'
[2.853s] Level 1:colcon.colcon_core.environment:checking '/home/rosubuntu/eurobot_ws/install/eurobot_hardware/bin'
[2.872s] INFO:colcon.colcon_core.shell:Creating package script '/home/rosubuntu/eurobot_ws/install/eurobot_hardware/share/eurobot_hardware/package.ps1'
[2.872s] INFO:colcon.colcon_core.shell:Creating package descriptor '/home/rosubuntu/eurobot_ws/install/eurobot_hardware/share/eurobot_hardware/package.dsv'
[2.873s] INFO:colcon.colcon_core.shell:Creating package script '/home/rosubuntu/eurobot_ws/install/eurobot_hardware/share/eurobot_hardware/package.sh'
[2.873s] INFO:colcon.colcon_core.shell:Creating package script '/home/rosubuntu/eurobot_ws/install/eurobot_hardware/share/eurobot_hardware/package.bash'
[2.873s] INFO:colcon.colcon_core.shell:Creating package script '/home/rosubuntu/eurobot_ws/install/eurobot_hardware/share/eurobot_hardware/package.zsh'
[2.874s] Level 1:colcon.colcon_core.environment:create_file_with_runtime_dependencies(/home/rosubuntu/eurobot_ws/install/eurobot_hardware/share/colcon-core/packages/eurobot_hardware)
[2.893s] Level 1:colcon.colcon_core.environment:create_environment_scripts_only(eurobot_teleop)
[2.914s] Level 1:colcon.colcon_core.environment:checking '/home/rosubuntu/eurobot_ws/install/eurobot_teleop' for CMake module files
[2.914s] Level 1:colcon.colcon_core.environment:checking '/home/rosubuntu/eurobot_ws/install/eurobot_teleop' for CMake config files
[2.915s] Level 1:colcon.colcon_core.shell:create_environment_hook('eurobot_teleop', 'cmake_prefix_path')
[2.933s] INFO:colcon.colcon_core.shell:Creating environment hook '/home/rosubuntu/eurobot_ws/install/eurobot_teleop/share/eurobot_teleop/hook/cmake_prefix_path.ps1'
[2.934s] INFO:colcon.colcon_core.shell:Creating environment descriptor '/home/rosubuntu/eurobot_ws/install/eurobot_teleop/share/eurobot_teleop/hook/cmake_prefix_path.dsv'
[2.934s] INFO:colcon.colcon_core.shell:Creating environment hook '/home/rosubuntu/eurobot_ws/install/eurobot_teleop/share/eurobot_teleop/hook/cmake_prefix_path.sh'
[2.935s] Level 1:colcon.colcon_core.environment:checking '/home/rosubuntu/eurobot_ws/install/eurobot_teleop/lib'
[2.935s] Level 1:colcon.colcon_core.environment:checking '/home/rosubuntu/eurobot_ws/install/eurobot_teleop/bin'
[2.935s] Level 1:colcon.colcon_core.environment:checking '/home/rosubuntu/eurobot_ws/install/eurobot_teleop/lib/pkgconfig/eurobot_teleop.pc'
[2.936s] Level 1:colcon.colcon_core.environment:checking '/home/rosubuntu/eurobot_ws/install/eurobot_teleop/lib/python3.10/site-packages'
[2.936s] Level 1:colcon.colcon_core.environment:checking '/home/rosubuntu/eurobot_ws/install/eurobot_teleop/bin'
[2.957s] INFO:colcon.colcon_core.shell:Creating package script '/home/rosubuntu/eurobot_ws/install/eurobot_teleop/share/eurobot_teleop/package.ps1'
[2.958s] INFO:colcon.colcon_core.shell:Creating package descriptor '/home/rosubuntu/eurobot_ws/install/eurobot_teleop/share/eurobot_teleop/package.dsv'
[2.959s] INFO:colcon.colcon_core.shell:Creating package script '/home/rosubuntu/eurobot_ws/install/eurobot_teleop/share/eurobot_teleop/package.sh'
[2.959s] INFO:colcon.colcon_core.shell:Creating package script '/home/rosubuntu/eurobot_ws/install/eurobot_teleop/share/eurobot_teleop/package.bash'
[2.959s] INFO:colcon.colcon_core.shell:Creating package script '/home/rosubuntu/eurobot_ws/install/eurobot_teleop/share/eurobot_teleop/package.zsh'
[2.960s] Level 1:colcon.colcon_core.environment:create_file_with_runtime_dependencies(/home/rosubuntu/eurobot_ws/install/eurobot_teleop/share/colcon-core/packages/eurobot_teleop)
[2.960s] INFO:colcon.colcon_ros.task.ament_cmake.build:Building ROS package in '/home/rosubuntu/eurobot_ws/src/eurobot_launch' with build type 'ament_cmake'
[2.960s] INFO:colcon.colcon_cmake.task.cmake.build:Building CMake package in '/home/rosubuntu/eurobot_ws/src/eurobot_launch'
[2.990s] INFO:colcon.colcon_core.shell:Skip shell extension 'powershell' for command environment: Not usable outside of PowerShell
[2.990s] DEBUG:colcon.colcon_core.shell:Skip shell extension 'dsv' for command environment
[3.067s] DEBUG:colcon.colcon_core.event_handler.log_command:Invoking command in '/home/rosubuntu/eurobot_ws/build/eurobot_launch': CMAKE_PREFIX_PATH=/home/rosubuntu/eurobot_ws/install/eurobot_description:/home/rosubuntu/eurobot_ws/install/mon_pkg_robot:/home/rosubuntu/eurobot_ws/install/eurobot_teleop:/home/rosubuntu/eurobot_ws/install/eurobot_launch:/home/rosubuntu/eurobot_ws/install/eurobot_hardware:/home/rosubuntu/eurobot_ws/install/eurobot_controller:/home/rosubuntu/eurobot_ws/install/eurobot_control:/opt/ros/humble /usr/bin/cmake --build /home/rosubuntu/eurobot_ws/build/eurobot_launch -- -j8 -l8
[3.103s] DEBUG:colcon.colcon_core.event_handler.log_command:Invoked command in '/home/rosubuntu/eurobot_ws/build/eurobot_launch' returned '0': CMAKE_PREFIX_PATH=/home/rosubuntu/eurobot_ws/install/eurobot_description:/home/rosubuntu/eurobot_ws/install/mon_pkg_robot:/home/rosubuntu/eurobot_ws/install/eurobot_teleop:/home/rosubuntu/eurobot_ws/install/eurobot_launch:/home/rosubuntu/eurobot_ws/install/eurobot_hardware:/home/rosubuntu/eurobot_ws/install/eurobot_controller:/home/rosubuntu/eurobot_ws/install/eurobot_control:/opt/ros/humble /usr/bin/cmake --build /home/rosubuntu/eurobot_ws/build/eurobot_launch -- -j8 -l8
[3.129s] DEBUG:colcon.colcon_core.event_handler.log_command:Invoking command in '/home/rosubuntu/eurobot_ws/build/eurobot_launch': CMAKE_PREFIX_PATH=/home/rosubuntu/eurobot_ws/install/eurobot_description:/home/rosubuntu/eurobot_ws/install/mon_pkg_robot:/home/rosubuntu/eurobot_ws/install/eurobot_teleop:/home/rosubuntu/eurobot_ws/install/eurobot_launch:/home/rosubuntu/eurobot_ws/install/eurobot_hardware:/home/rosubuntu/eurobot_ws/install/eurobot_controller:/home/rosubuntu/eurobot_ws/install/eurobot_control:/opt/ros/humble /usr/bin/cmake --install /home/rosubuntu/eurobot_ws/build/eurobot_launch
[3.138s] Level 1:colcon.colcon_core.environment:create_environment_scripts_only(eurobot_launch)
[3.140s] DEBUG:colcon.colcon_core.event_handler.log_command:Invoked command in '/home/rosubuntu/eurobot_ws/build/eurobot_launch' returned '0': CMAKE_PREFIX_PATH=/home/rosubuntu/eurobot_ws/install/eurobot_description:/home/rosubuntu/eurobot_ws/install/mon_pkg_robot:/home/rosubuntu/eurobot_ws/install/eurobot_teleop:/home/rosubuntu/eurobot_ws/install/eurobot_launch:/home/rosubuntu/eurobot_ws/install/eurobot_hardware:/home/rosubuntu/eurobot_ws/install/eurobot_controller:/home/rosubuntu/eurobot_ws/install/eurobot_control:/opt/ros/humble /usr/bin/cmake --install /home/rosubuntu/eurobot_ws/build/eurobot_launch
[3.159s] Level 1:colcon.colcon_core.environment:checking '/home/rosubuntu/eurobot_ws/install/eurobot_launch' for CMake module files
[3.160s] Level 1:colcon.colcon_core.environment:checking '/home/rosubuntu/eurobot_ws/install/eurobot_launch' for CMake config files
[3.160s] Level 1:colcon.colcon_core.shell:create_environment_hook('eurobot_launch', 'cmake_prefix_path')
[3.184s] INFO:colcon.colcon_core.shell:Creating environment hook '/home/rosubuntu/eurobot_ws/install/eurobot_launch/share/eurobot_launch/hook/cmake_prefix_path.ps1'
[3.184s] INFO:colcon.colcon_core.shell:Creating environment descriptor '/home/rosubuntu/eurobot_ws/install/eurobot_launch/share/eurobot_launch/hook/cmake_prefix_path.dsv'
[3.185s] INFO:colcon.colcon_core.shell:Creating environment hook '/home/rosubuntu/eurobot_ws/install/eurobot_launch/share/eurobot_launch/hook/cmake_prefix_path.sh'
[3.185s] Level 1:colcon.colcon_core.environment:checking '/home/rosubuntu/eurobot_ws/install/eurobot_launch/bin'
[3.185s] Level 1:colcon.colcon_core.environment:checking '/home/rosubuntu/eurobot_ws/install/eurobot_launch/lib/pkgconfig/eurobot_launch.pc'
[3.186s] Level 1:colcon.colcon_core.environment:checking '/home/rosubuntu/eurobot_ws/install/eurobot_launch/lib/python3.10/site-packages'
[3.186s] Level 1:colcon.colcon_core.environment:checking '/home/rosubuntu/eurobot_ws/install/eurobot_launch/bin'
[3.206s] INFO:colcon.colcon_core.shell:Creating package script '/home/rosubuntu/eurobot_ws/install/eurobot_launch/share/eurobot_launch/package.ps1'
[3.207s] INFO:colcon.colcon_core.shell:Creating package descriptor '/home/rosubuntu/eurobot_ws/install/eurobot_launch/share/eurobot_launch/package.dsv'
[3.207s] INFO:colcon.colcon_core.shell:Creating package script '/home/rosubuntu/eurobot_ws/install/eurobot_launch/share/eurobot_launch/package.sh'
[3.208s] INFO:colcon.colcon_core.shell:Creating package script '/home/rosubuntu/eurobot_ws/install/eurobot_launch/share/eurobot_launch/package.bash'
[3.208s] INFO:colcon.colcon_core.shell:Creating package script '/home/rosubuntu/eurobot_ws/install/eurobot_launch/share/eurobot_launch/package.zsh'
[3.208s] Level 1:colcon.colcon_core.environment:create_file_with_runtime_dependencies(/home/rosubuntu/eurobot_ws/install/eurobot_launch/share/colcon-core/packages/eurobot_launch)
[3.252s] Level 1:colcon.colcon_core.environment:create_environment_scripts_only(eurobot_launch)
[3.279s] Level 1:colcon.colcon_core.environment:checking '/home/rosubuntu/eurobot_ws/install/eurobot_launch' for CMake module files
[3.280s] Level 1:colcon.colcon_core.environment:checking '/home/rosubuntu/eurobot_ws/install/eurobot_launch' for CMake config files
[3.280s] Level 1:colcon.colcon_core.shell:create_environment_hook('eurobot_launch', 'cmake_prefix_path')
[3.310s] INFO:colcon.colcon_core.shell:Creating environment hook '/home/rosubuntu/eurobot_ws/install/eurobot_launch/share/eurobot_launch/hook/cmake_prefix_path.ps1'
[3.310s] INFO:colcon.colcon_core.shell:Creating environment descriptor '/home/rosubuntu/eurobot_ws/install/eurobot_launch/share/eurobot_launch/hook/cmake_prefix_path.dsv'
[3.311s] INFO:colcon.colcon_core.shell:Creating environment hook '/home/rosubuntu/eurobot_ws/install/eurobot_launch/share/eurobot_launch/hook/cmake_prefix_path.sh'
[3.312s] Level 1:colcon.colcon_core.environment:checking '/home/rosubuntu/eurobot_ws/install/eurobot_launch/bin'
[3.312s] Level 1:colcon.colcon_core.environment:checking '/home/rosubuntu/eurobot_ws/install/eurobot_launch/lib/pkgconfig/eurobot_launch.pc'
[3.312s] Level 1:colcon.colcon_core.environment:checking '/home/rosubuntu/eurobot_ws/install/eurobot_launch/lib/python3.10/site-packages'
[3.312s] Level 1:colcon.colcon_core.environment:checking '/home/rosubuntu/eurobot_ws/install/eurobot_launch/bin'
[3.340s] INFO:colcon.colcon_core.shell:Creating package script '/home/rosubuntu/eurobot_ws/install/eurobot_launch/share/eurobot_launch/package.ps1'
[3.341s] INFO:colcon.colcon_core.shell:Creating package descriptor '/home/rosubuntu/eurobot_ws/install/eurobot_launch/share/eurobot_launch/package.dsv'
[3.342s] INFO:colcon.colcon_core.shell:Creating package script '/home/rosubuntu/eurobot_ws/install/eurobot_launch/share/eurobot_launch/package.sh'
[3.342s] INFO:colcon.colcon_core.shell:Creating package script '/home/rosubuntu/eurobot_ws/install/eurobot_launch/share/eurobot_launch/package.bash'
[3.343s] INFO:colcon.colcon_core.shell:Creating package script '/home/rosubuntu/eurobot_ws/install/eurobot_launch/share/eurobot_launch/package.zsh'
[3.343s] Level 1:colcon.colcon_core.environment:create_file_with_runtime_dependencies(/home/rosubuntu/eurobot_ws/install/eurobot_launch/share/colcon-core/packages/eurobot_launch)
[3.344s] DEBUG:colcon.colcon_parallel_executor.executor.parallel:closing loop
[3.344s] DEBUG:colcon.colcon_parallel_executor.executor.parallel:loop closed
[3.345s] DEBUG:colcon.colcon_parallel_executor.executor.parallel:run_until_complete finished with '0'
[3.346s] DEBUG:colcon.colcon_core.event_reactor:joining thread
[3.369s] INFO:colcon.colcon_core.plugin_system:Skipping extension 'colcon_notification.desktop_notification.terminal_notifier': Not used on non-Darwin systems
[3.369s] INFO:colcon.colcon_core.plugin_system:Skipping extension 'colcon_notification.desktop_notification.win32': Not used on non-Windows systems
[3.369s] INFO:colcon.colcon_notification.desktop_notification:Sending desktop notification using 'notify2'
[3.383s] DEBUG:colcon.colcon_core.event_reactor:joined thread
[3.407s] INFO:colcon.colcon_core.shell:Creating prefix script '/home/rosubuntu/eurobot_ws/install/local_setup.ps1'
[3.408s] INFO:colcon.colcon_core.shell:Creating prefix util module '/home/rosubuntu/eurobot_ws/install/_local_setup_util_ps1.py'
[3.409s] INFO:colcon.colcon_core.shell:Creating prefix chain script '/home/rosubuntu/eurobot_ws/install/setup.ps1'
[3.429s] INFO:colcon.colcon_core.shell:Creating prefix script '/home/rosubuntu/eurobot_ws/install/local_setup.sh'
[3.429s] INFO:colcon.colcon_core.shell:Creating prefix util module '/home/rosubuntu/eurobot_ws/install/_local_setup_util_sh.py'
[3.430s] INFO:colcon.colcon_core.shell:Creating prefix chain script '/home/rosubuntu/eurobot_ws/install/setup.sh'
[3.449s] INFO:colcon.colcon_core.shell:Creating prefix script '/home/rosubuntu/eurobot_ws/install/local_setup.bash'
[3.449s] INFO:colcon.colcon_core.shell:Creating prefix chain script '/home/rosubuntu/eurobot_ws/install/setup.bash'
[3.469s] INFO:colcon.colcon_core.shell:Creating prefix script '/home/rosubuntu/eurobot_ws/install/local_setup.zsh'
[3.469s] INFO:colcon.colcon_core.shell:Creating prefix chain script '/home/rosubuntu/eurobot_ws/install/setup.zsh'
