[0.091s] Invoking command in '/home/rosubuntu/eurobot_ws/build/eurobot_launch': AMENT_PREFIX_PATH=/home/rosubuntu/eurobot_ws/install/eurobot_description:${AMENT_PREFIX_PATH} CMAKE_PREFIX_PATH=/home/rosubuntu/eurobot_ws/install/eurobot_description:/opt/ros/humble /usr/bin/cmake /home/rosubuntu/eurobot_ws/src/eurobot_launch -DCMAKE_INSTALL_PREFIX=/home/rosubuntu/eurobot_ws/install/eurobot_launch
[0.155s] -- The C compiler identification is GNU 11.4.0
[0.223s] -- The CXX compiler identification is GNU 11.4.0
[0.233s] -- Detecting C compiler ABI info
[0.317s] -- Detecting C compiler ABI info - done
[0.326s] -- Check for working C compiler: /usr/bin/cc - skipped
[0.326s] -- Detecting C compile features
[0.327s] -- Detecting C compile features - done
[0.330s] -- Detecting CXX compiler ABI info
[0.401s] -- Detecting CXX compiler ABI info - done
[0.415s] -- Check for working CXX compiler: /usr/bin/c++ - skipped
[0.415s] -- Detecting CXX compile features
[0.416s] -- Detecting CXX compile features - done
[0.420s] -- Found ament_cmake: 1.3.6 (/opt/ros/humble/share/ament_cmake/cmake)
[0.634s] -- Found Python3: /usr/bin/python3.10 (found version "3.10.12") found components: Interpreter 
[0.872s] -- Configuring done
[0.890s] -- Generating done
[0.896s] -- Build files have been written to: /home/rosubuntu/eurobot_ws/build/eurobot_launch
[0.903s] Invoked command in '/home/rosubuntu/eurobot_ws/build/eurobot_launch' returned '0': AMENT_PREFIX_PATH=/home/rosubuntu/eurobot_ws/install/eurobot_description:${AMENT_PREFIX_PATH} CMAKE_PREFIX_PATH=/home/rosubuntu/eurobot_ws/install/eurobot_description:/opt/ros/humble /usr/bin/cmake /home/rosubuntu/eurobot_ws/src/eurobot_launch -DCMAKE_INSTALL_PREFIX=/home/rosubuntu/eurobot_ws/install/eurobot_launch
[0.903s] Invoking command in '/home/rosubuntu/eurobot_ws/build/eurobot_launch': AMENT_PREFIX_PATH=/home/rosubuntu/eurobot_ws/install/eurobot_description:${AMENT_PREFIX_PATH} CMAKE_PREFIX_PATH=/home/rosubuntu/eurobot_ws/install/eurobot_description:/opt/ros/humble /usr/bin/cmake --build /home/rosubuntu/eurobot_ws/build/eurobot_launch -- -j8 -l8
[0.942s] Invoked command in '/home/rosubuntu/eurobot_ws/build/eurobot_launch' returned '0': AMENT_PREFIX_PATH=/home/rosubuntu/eurobot_ws/install/eurobot_description:${AMENT_PREFIX_PATH} CMAKE_PREFIX_PATH=/home/rosubuntu/eurobot_ws/install/eurobot_description:/opt/ros/humble /usr/bin/cmake --build /home/rosubuntu/eurobot_ws/build/eurobot_launch -- -j8 -l8
[0.958s] Invoking command in '/home/rosubuntu/eurobot_ws/build/eurobot_launch': AMENT_PREFIX_PATH=/home/rosubuntu/eurobot_ws/install/eurobot_description:${AMENT_PREFIX_PATH} CMAKE_PREFIX_PATH=/home/rosubuntu/eurobot_ws/install/eurobot_description:/opt/ros/humble /usr/bin/cmake --install /home/rosubuntu/eurobot_ws/build/eurobot_launch
[0.965s] -- Install configuration: ""
[0.965s] -- Installing: /home/rosubuntu/eurobot_ws/install/eurobot_launch/share/eurobot_launch/launch
[0.965s] -- Installing: /home/rosubuntu/eurobot_ws/install/eurobot_launch/share/eurobot_launch/launch/eurobot_teleop.py
[0.965s] -- Installing: /home/rosubuntu/eurobot_ws/install/eurobot_launch/share/eurobot_launch/launch/rviz2.py
[0.966s] -- Installing: /home/rosubuntu/eurobot_ws/install/eurobot_launch/share/eurobot_launch/launch/eurobot_state_publisher.py
[0.966s] -- Installing: /home/rosubuntu/eurobot_ws/install/eurobot_launch/share/eurobot_launch/launch/eurobot_hardware.py
[0.966s] -- Installing: /home/rosubuntu/eurobot_ws/install/eurobot_launch/share/ament_index/resource_index/package_run_dependencies/eurobot_launch
[0.966s] -- Installing: /home/rosubuntu/eurobot_ws/install/eurobot_launch/share/ament_index/resource_index/parent_prefix_path/eurobot_launch
[0.966s] -- Installing: /home/rosubuntu/eurobot_ws/install/eurobot_launch/share/eurobot_launch/environment/ament_prefix_path.sh
[0.966s] -- Installing: /home/rosubuntu/eurobot_ws/install/eurobot_launch/share/eurobot_launch/environment/ament_prefix_path.dsv
[0.967s] -- Installing: /home/rosubuntu/eurobot_ws/install/eurobot_launch/share/eurobot_launch/environment/path.sh
[0.967s] -- Installing: /home/rosubuntu/eurobot_ws/install/eurobot_launch/share/eurobot_launch/environment/path.dsv
[0.967s] -- Installing: /home/rosubuntu/eurobot_ws/install/eurobot_launch/share/eurobot_launch/local_setup.bash
[0.967s] -- Installing: /home/rosubuntu/eurobot_ws/install/eurobot_launch/share/eurobot_launch/local_setup.sh
[0.967s] -- Installing: /home/rosubuntu/eurobot_ws/install/eurobot_launch/share/eurobot_launch/local_setup.zsh
[0.967s] -- Installing: /home/rosubuntu/eurobot_ws/install/eurobot_launch/share/eurobot_launch/local_setup.dsv
[0.968s] -- Installing: /home/rosubuntu/eurobot_ws/install/eurobot_launch/share/eurobot_launch/package.dsv
[0.968s] -- Installing: /home/rosubuntu/eurobot_ws/install/eurobot_launch/share/ament_index/resource_index/packages/eurobot_launch
[0.968s] -- Installing: /home/rosubuntu/eurobot_ws/install/eurobot_launch/share/eurobot_launch/cmake/eurobot_launchConfig.cmake
[0.968s] -- Installing: /home/rosubuntu/eurobot_ws/install/eurobot_launch/share/eurobot_launch/cmake/eurobot_launchConfig-version.cmake
[0.968s] -- Installing: /home/rosubuntu/eurobot_ws/install/eurobot_launch/share/eurobot_launch/package.xml
[0.971s] Invoked command in '/home/rosubuntu/eurobot_ws/build/eurobot_launch' returned '0': AMENT_PREFIX_PATH=/home/rosubuntu/eurobot_ws/install/eurobot_description:${AMENT_PREFIX_PATH} CMAKE_PREFIX_PATH=/home/rosubuntu/eurobot_ws/install/eurobot_description:/opt/ros/humble /usr/bin/cmake --install /home/rosubuntu/eurobot_ws/build/eurobot_launch
