[1.050s] DEBUG:colcon:Command line arguments: ['/usr/bin/colcon', 'build']
[1.050s] DEBUG:colcon:Parsed command line arguments: Namespace(log_base=None, log_level=None, verb_name='build', build_base='build', install_base='install', merge_install=False, symlink_install=False, test_result_base=None, continue_on_error=False, executor='parallel', parallel_workers=8, event_handlers=None, ignore_user_meta=False, metas=['./colcon.meta'], base_paths=['.'], packages_ignore=None, packages_ignore_regex=None, paths=None, packages_up_to=None, packages_up_to_regex=None, packages_above=None, packages_above_and_dependencies=None, packages_above_depth=None, packages_select_by_dep=None, packages_skip_by_dep=None, packages_skip_up_to=None, packages_select_build_failed=False, packages_skip_build_finished=False, packages_select_test_failures=False, packages_skip_test_passed=False, packages_select=None, packages_skip=None, packages_select_regex=None, packages_skip_regex=None, packages_start=None, packages_end=None, allow_overriding=[], cmake_args=None, cmake_target=None, cmake_target_skip_unavailable=False, cmake_clean_cache=False, cmake_clean_first=False, cmake_force_configure=False, ament_cmake_args=None, catkin_cmake_args=None, catkin_skip_building_tests=False, verb_parser=<colcon_defaults.argument_parser.defaults.DefaultArgumentsDecorator object at 0x7f797c6716c0>, verb_extension=<colcon_core.verb.build.BuildVerb object at 0x7f797c671f90>, main=<bound method BuildVerb.main of <colcon_core.verb.build.BuildVerb object at 0x7f797c671f90>>)
[1.094s] Level 1:colcon.colcon_core.package_discovery:discover_packages(colcon_meta) check parameters
[1.094s] Level 1:colcon.colcon_core.package_discovery:discover_packages(recursive) check parameters
[1.094s] Level 1:colcon.colcon_core.package_discovery:discover_packages(ignore) check parameters
[1.094s] Level 1:colcon.colcon_core.package_discovery:discover_packages(path) check parameters
[1.094s] Level 1:colcon.colcon_core.package_discovery:discover_packages(colcon_meta) discover
[1.094s] Level 1:colcon.colcon_core.package_discovery:discover_packages(recursive) discover
[1.094s] INFO:colcon.colcon_core.package_discovery:Crawling recursively for packages in '/home/rosubuntu/eurobot_ws'
[1.094s] Level 1:colcon.colcon_core.package_identification:_identify(.) by extensions ['ignore', 'ignore_ament_install']
[1.094s] Level 1:colcon.colcon_core.package_identification:_identify(.) by extension 'ignore'
[1.095s] Level 1:colcon.colcon_core.package_identification:_identify(.) by extension 'ignore_ament_install'
[1.095s] Level 1:colcon.colcon_core.package_identification:_identify(.) by extensions ['colcon_pkg']
[1.095s] Level 1:colcon.colcon_core.package_identification:_identify(.) by extension 'colcon_pkg'
[1.095s] Level 1:colcon.colcon_core.package_identification:_identify(.) by extensions ['colcon_meta']
[1.095s] Level 1:colcon.colcon_core.package_identification:_identify(.) by extension 'colcon_meta'
[1.095s] Level 1:colcon.colcon_core.package_identification:_identify(.) by extensions ['ros']
[1.095s] Level 1:colcon.colcon_core.package_identification:_identify(.) by extension 'ros'
[1.103s] Level 1:colcon.colcon_core.package_identification:_identify(.) by extensions ['cmake', 'python']
[1.103s] Level 1:colcon.colcon_core.package_identification:_identify(.) by extension 'cmake'
[1.103s] Level 1:colcon.colcon_core.package_identification:_identify(.) by extension 'python'
[1.103s] Level 1:colcon.colcon_core.package_identification:_identify(.) by extensions ['python_setup_py']
[1.103s] Level 1:colcon.colcon_core.package_identification:_identify(.) by extension 'python_setup_py'
[1.103s] Level 1:colcon.colcon_core.package_identification:_identify(build) by extensions ['ignore', 'ignore_ament_install']
[1.103s] Level 1:colcon.colcon_core.package_identification:_identify(build) by extension 'ignore'
[1.103s] Level 1:colcon.colcon_core.package_identification:_identify(build) ignored
[1.103s] Level 1:colcon.colcon_core.package_identification:_identify(install) by extensions ['ignore', 'ignore_ament_install']
[1.104s] Level 1:colcon.colcon_core.package_identification:_identify(install) by extension 'ignore'
[1.104s] Level 1:colcon.colcon_core.package_identification:_identify(install) ignored
[1.104s] Level 1:colcon.colcon_core.package_identification:_identify(log) by extensions ['ignore', 'ignore_ament_install']
[1.104s] Level 1:colcon.colcon_core.package_identification:_identify(log) by extension 'ignore'
[1.104s] Level 1:colcon.colcon_core.package_identification:_identify(log) ignored
[1.104s] Level 1:colcon.colcon_core.package_identification:_identify(src) by extensions ['ignore', 'ignore_ament_install']
[1.104s] Level 1:colcon.colcon_core.package_identification:_identify(src) by extension 'ignore'
[1.104s] Level 1:colcon.colcon_core.package_identification:_identify(src) by extension 'ignore_ament_install'
[1.104s] Level 1:colcon.colcon_core.package_identification:_identify(src) by extensions ['colcon_pkg']
[1.104s] Level 1:colcon.colcon_core.package_identification:_identify(src) by extension 'colcon_pkg'
[1.104s] Level 1:colcon.colcon_core.package_identification:_identify(src) by extensions ['colcon_meta']
[1.104s] Level 1:colcon.colcon_core.package_identification:_identify(src) by extension 'colcon_meta'
[1.104s] Level 1:colcon.colcon_core.package_identification:_identify(src) by extensions ['ros']
[1.104s] Level 1:colcon.colcon_core.package_identification:_identify(src) by extension 'ros'
[1.104s] Level 1:colcon.colcon_core.package_identification:_identify(src) by extensions ['cmake', 'python']
[1.104s] Level 1:colcon.colcon_core.package_identification:_identify(src) by extension 'cmake'
[1.104s] Level 1:colcon.colcon_core.package_identification:_identify(src) by extension 'python'
[1.104s] Level 1:colcon.colcon_core.package_identification:_identify(src) by extensions ['python_setup_py']
[1.104s] Level 1:colcon.colcon_core.package_identification:_identify(src) by extension 'python_setup_py'
[1.104s] Level 1:colcon.colcon_core.package_identification:_identify(src/eurobot_control) by extensions ['ignore', 'ignore_ament_install']
[1.104s] Level 1:colcon.colcon_core.package_identification:_identify(src/eurobot_control) by extension 'ignore'
[1.105s] Level 1:colcon.colcon_core.package_identification:_identify(src/eurobot_control) by extension 'ignore_ament_install'
[1.105s] Level 1:colcon.colcon_core.package_identification:_identify(src/eurobot_control) by extensions ['colcon_pkg']
[1.105s] Level 1:colcon.colcon_core.package_identification:_identify(src/eurobot_control) by extension 'colcon_pkg'
[1.105s] Level 1:colcon.colcon_core.package_identification:_identify(src/eurobot_control) by extensions ['colcon_meta']
[1.105s] Level 1:colcon.colcon_core.package_identification:_identify(src/eurobot_control) by extension 'colcon_meta'
[1.105s] Level 1:colcon.colcon_core.package_identification:_identify(src/eurobot_control) by extensions ['ros']
[1.105s] Level 1:colcon.colcon_core.package_identification:_identify(src/eurobot_control) by extension 'ros'
[1.107s] DEBUG:colcon.colcon_core.package_identification:Package 'src/eurobot_control' with type 'ros.ament_cmake' and name 'eurobot_control'
[1.107s] Level 1:colcon.colcon_core.package_identification:_identify(src/eurobot_controller) by extensions ['ignore', 'ignore_ament_install']
[1.107s] Level 1:colcon.colcon_core.package_identification:_identify(src/eurobot_controller) by extension 'ignore'
[1.107s] Level 1:colcon.colcon_core.package_identification:_identify(src/eurobot_controller) by extension 'ignore_ament_install'
[1.107s] Level 1:colcon.colcon_core.package_identification:_identify(src/eurobot_controller) by extensions ['colcon_pkg']
[1.107s] Level 1:colcon.colcon_core.package_identification:_identify(src/eurobot_controller) by extension 'colcon_pkg'
[1.107s] Level 1:colcon.colcon_core.package_identification:_identify(src/eurobot_controller) by extensions ['colcon_meta']
[1.107s] Level 1:colcon.colcon_core.package_identification:_identify(src/eurobot_controller) by extension 'colcon_meta'
[1.107s] Level 1:colcon.colcon_core.package_identification:_identify(src/eurobot_controller) by extensions ['ros']
[1.107s] Level 1:colcon.colcon_core.package_identification:_identify(src/eurobot_controller) by extension 'ros'
[1.108s] DEBUG:colcon.colcon_core.package_identification:Package 'src/eurobot_controller' with type 'ros.ament_cmake' and name 'eurobot_controller'
[1.108s] Level 1:colcon.colcon_core.package_identification:_identify(src/eurobot_description) by extensions ['ignore', 'ignore_ament_install']
[1.108s] Level 1:colcon.colcon_core.package_identification:_identify(src/eurobot_description) by extension 'ignore'
[1.108s] Level 1:colcon.colcon_core.package_identification:_identify(src/eurobot_description) by extension 'ignore_ament_install'
[1.108s] Level 1:colcon.colcon_core.package_identification:_identify(src/eurobot_description) by extensions ['colcon_pkg']
[1.108s] Level 1:colcon.colcon_core.package_identification:_identify(src/eurobot_description) by extension 'colcon_pkg'
[1.108s] Level 1:colcon.colcon_core.package_identification:_identify(src/eurobot_description) by extensions ['colcon_meta']
[1.108s] Level 1:colcon.colcon_core.package_identification:_identify(src/eurobot_description) by extension 'colcon_meta'
[1.108s] Level 1:colcon.colcon_core.package_identification:_identify(src/eurobot_description) by extensions ['ros']
[1.108s] Level 1:colcon.colcon_core.package_identification:_identify(src/eurobot_description) by extension 'ros'
[1.108s] DEBUG:colcon.colcon_core.package_identification:Package 'src/eurobot_description' with type 'ros.ament_cmake' and name 'eurobot_description'
[1.108s] Level 1:colcon.colcon_core.package_identification:_identify(src/eurobot_hardware) by extensions ['ignore', 'ignore_ament_install']
[1.109s] Level 1:colcon.colcon_core.package_identification:_identify(src/eurobot_hardware) by extension 'ignore'
[1.109s] Level 1:colcon.colcon_core.package_identification:_identify(src/eurobot_hardware) by extension 'ignore_ament_install'
[1.109s] Level 1:colcon.colcon_core.package_identification:_identify(src/eurobot_hardware) by extensions ['colcon_pkg']
[1.109s] Level 1:colcon.colcon_core.package_identification:_identify(src/eurobot_hardware) by extension 'colcon_pkg'
[1.109s] Level 1:colcon.colcon_core.package_identification:_identify(src/eurobot_hardware) by extensions ['colcon_meta']
[1.109s] Level 1:colcon.colcon_core.package_identification:_identify(src/eurobot_hardware) by extension 'colcon_meta'
[1.109s] Level 1:colcon.colcon_core.package_identification:_identify(src/eurobot_hardware) by extensions ['ros']
[1.109s] Level 1:colcon.colcon_core.package_identification:_identify(src/eurobot_hardware) by extension 'ros'
[1.109s] DEBUG:colcon.colcon_core.package_identification:Package 'src/eurobot_hardware' with type 'ros.ament_cmake' and name 'eurobot_hardware'
[1.109s] Level 1:colcon.colcon_core.package_identification:_identify(src/eurobot_launch) by extensions ['ignore', 'ignore_ament_install']
[1.109s] Level 1:colcon.colcon_core.package_identification:_identify(src/eurobot_launch) by extension 'ignore'
[1.109s] Level 1:colcon.colcon_core.package_identification:_identify(src/eurobot_launch) by extension 'ignore_ament_install'
[1.109s] Level 1:colcon.colcon_core.package_identification:_identify(src/eurobot_launch) by extensions ['colcon_pkg']
[1.110s] Level 1:colcon.colcon_core.package_identification:_identify(src/eurobot_launch) by extension 'colcon_pkg'
[1.110s] Level 1:colcon.colcon_core.package_identification:_identify(src/eurobot_launch) by extensions ['colcon_meta']
[1.110s] Level 1:colcon.colcon_core.package_identification:_identify(src/eurobot_launch) by extension 'colcon_meta'
[1.110s] Level 1:colcon.colcon_core.package_identification:_identify(src/eurobot_launch) by extensions ['ros']
[1.110s] Level 1:colcon.colcon_core.package_identification:_identify(src/eurobot_launch) by extension 'ros'
[1.110s] DEBUG:colcon.colcon_core.package_identification:Package 'src/eurobot_launch' with type 'ros.ament_cmake' and name 'eurobot_launch'
[1.110s] Level 1:colcon.colcon_core.package_identification:_identify(src/eurobot_teleop) by extensions ['ignore', 'ignore_ament_install']
[1.110s] Level 1:colcon.colcon_core.package_identification:_identify(src/eurobot_teleop) by extension 'ignore'
[1.110s] Level 1:colcon.colcon_core.package_identification:_identify(src/eurobot_teleop) by extension 'ignore_ament_install'
[1.110s] Level 1:colcon.colcon_core.package_identification:_identify(src/eurobot_teleop) by extensions ['colcon_pkg']
[1.110s] Level 1:colcon.colcon_core.package_identification:_identify(src/eurobot_teleop) by extension 'colcon_pkg'
[1.110s] Level 1:colcon.colcon_core.package_identification:_identify(src/eurobot_teleop) by extensions ['colcon_meta']
[1.110s] Level 1:colcon.colcon_core.package_identification:_identify(src/eurobot_teleop) by extension 'colcon_meta'
[1.110s] Level 1:colcon.colcon_core.package_identification:_identify(src/eurobot_teleop) by extensions ['ros']
[1.110s] Level 1:colcon.colcon_core.package_identification:_identify(src/eurobot_teleop) by extension 'ros'
[1.111s] DEBUG:colcon.colcon_core.package_identification:Package 'src/eurobot_teleop' with type 'ros.ament_cmake' and name 'eurobot_teleop'
[1.111s] Level 1:colcon.colcon_core.package_identification:_identify(src/eurobot_world) by extensions ['ignore', 'ignore_ament_install']
[1.111s] Level 1:colcon.colcon_core.package_identification:_identify(src/eurobot_world) by extension 'ignore'
[1.112s] Level 1:colcon.colcon_core.package_identification:_identify(src/eurobot_world) by extension 'ignore_ament_install'
[1.112s] Level 1:colcon.colcon_core.package_identification:_identify(src/eurobot_world) by extensions ['colcon_pkg']
[1.112s] Level 1:colcon.colcon_core.package_identification:_identify(src/eurobot_world) by extension 'colcon_pkg'
[1.112s] Level 1:colcon.colcon_core.package_identification:_identify(src/eurobot_world) by extensions ['colcon_meta']
[1.112s] Level 1:colcon.colcon_core.package_identification:_identify(src/eurobot_world) by extension 'colcon_meta'
[1.112s] Level 1:colcon.colcon_core.package_identification:_identify(src/eurobot_world) by extensions ['ros']
[1.112s] Level 1:colcon.colcon_core.package_identification:_identify(src/eurobot_world) by extension 'ros'
[1.112s] Level 1:colcon.colcon_core.package_identification:_identify(src/eurobot_world) by extensions ['cmake', 'python']
[1.112s] Level 1:colcon.colcon_core.package_identification:_identify(src/eurobot_world) by extension 'cmake'
[1.112s] Level 1:colcon.colcon_core.package_identification:_identify(src/eurobot_world) by extension 'python'
[1.112s] Level 1:colcon.colcon_core.package_identification:_identify(src/eurobot_world) by extensions ['python_setup_py']
[1.112s] Level 1:colcon.colcon_core.package_identification:_identify(src/eurobot_world) by extension 'python_setup_py'
[1.112s] Level 1:colcon.colcon_core.package_identification:_identify(src/mon_pkg_robot) by extensions ['ignore', 'ignore_ament_install']
[1.112s] Level 1:colcon.colcon_core.package_identification:_identify(src/mon_pkg_robot) by extension 'ignore'
[1.112s] Level 1:colcon.colcon_core.package_identification:_identify(src/mon_pkg_robot) by extension 'ignore_ament_install'
[1.112s] Level 1:colcon.colcon_core.package_identification:_identify(src/mon_pkg_robot) by extensions ['colcon_pkg']
[1.112s] Level 1:colcon.colcon_core.package_identification:_identify(src/mon_pkg_robot) by extension 'colcon_pkg'
[1.112s] Level 1:colcon.colcon_core.package_identification:_identify(src/mon_pkg_robot) by extensions ['colcon_meta']
[1.112s] Level 1:colcon.colcon_core.package_identification:_identify(src/mon_pkg_robot) by extension 'colcon_meta'
[1.112s] Level 1:colcon.colcon_core.package_identification:_identify(src/mon_pkg_robot) by extensions ['ros']
[1.112s] Level 1:colcon.colcon_core.package_identification:_identify(src/mon_pkg_robot) by extension 'ros'
[1.113s] DEBUG:colcon.colcon_core.package_identification:Package 'src/mon_pkg_robot' with type 'ros.ament_cmake' and name 'mon_pkg_robot'
[1.113s] Level 1:colcon.colcon_core.package_discovery:discover_packages(recursive) using defaults
[1.113s] Level 1:colcon.colcon_core.package_discovery:discover_packages(ignore) discover
[1.113s] Level 1:colcon.colcon_core.package_discovery:discover_packages(ignore) using defaults
[1.113s] Level 1:colcon.colcon_core.package_discovery:discover_packages(path) discover
[1.113s] Level 1:colcon.colcon_core.package_discovery:discover_packages(path) using defaults
[1.202s] Level 1:colcon.colcon_core.package_discovery:discover_packages(prefix_path) check parameters
[1.202s] Level 1:colcon.colcon_core.package_discovery:discover_packages(prefix_path) discover
[1.233s] DEBUG:colcon.colcon_installed_package_information.package_discovery:Found 7 installed packages in /home/rosubuntu/eurobot_ws/install
[1.249s] DEBUG:colcon.colcon_installed_package_information.package_discovery:Found 393 installed packages in /opt/ros/humble
[1.260s] Level 1:colcon.colcon_core.package_discovery:discover_packages(prefix_path) using defaults
[1.363s] Level 5:colcon.colcon_core.verb:set package 'eurobot_control' build argument 'cmake_args' from command line to 'None'
[1.363s] Level 5:colcon.colcon_core.verb:set package 'eurobot_control' build argument 'cmake_target' from command line to 'None'
[1.363s] Level 5:colcon.colcon_core.verb:set package 'eurobot_control' build argument 'cmake_target_skip_unavailable' from command line to 'False'
[1.363s] Level 5:colcon.colcon_core.verb:set package 'eurobot_control' build argument 'cmake_clean_cache' from command line to 'False'
[1.363s] Level 5:colcon.colcon_core.verb:set package 'eurobot_control' build argument 'cmake_clean_first' from command line to 'False'
[1.363s] Level 5:colcon.colcon_core.verb:set package 'eurobot_control' build argument 'cmake_force_configure' from command line to 'False'
[1.363s] Level 5:colcon.colcon_core.verb:set package 'eurobot_control' build argument 'ament_cmake_args' from command line to 'None'
[1.363s] Level 5:colcon.colcon_core.verb:set package 'eurobot_control' build argument 'catkin_cmake_args' from command line to 'None'
[1.363s] Level 5:colcon.colcon_core.verb:set package 'eurobot_control' build argument 'catkin_skip_building_tests' from command line to 'False'
[1.363s] DEBUG:colcon.colcon_core.verb:Building package 'eurobot_control' with the following arguments: {'ament_cmake_args': None, 'build_base': '/home/rosubuntu/eurobot_ws/build/eurobot_control', 'catkin_cmake_args': None, 'catkin_skip_building_tests': False, 'cmake_args': None, 'cmake_clean_cache': False, 'cmake_clean_first': False, 'cmake_force_configure': False, 'cmake_target': None, 'cmake_target_skip_unavailable': False, 'install_base': '/home/rosubuntu/eurobot_ws/install/eurobot_control', 'merge_install': False, 'path': '/home/rosubuntu/eurobot_ws/src/eurobot_control', 'symlink_install': False, 'test_result_base': None}
[1.378s] Level 5:colcon.colcon_core.verb:set package 'eurobot_controller' build argument 'cmake_args' from command line to 'None'
[1.378s] Level 5:colcon.colcon_core.verb:set package 'eurobot_controller' build argument 'cmake_target' from command line to 'None'
[1.378s] Level 5:colcon.colcon_core.verb:set package 'eurobot_controller' build argument 'cmake_target_skip_unavailable' from command line to 'False'
[1.378s] Level 5:colcon.colcon_core.verb:set package 'eurobot_controller' build argument 'cmake_clean_cache' from command line to 'False'
[1.378s] Level 5:colcon.colcon_core.verb:set package 'eurobot_controller' build argument 'cmake_clean_first' from command line to 'False'
[1.378s] Level 5:colcon.colcon_core.verb:set package 'eurobot_controller' build argument 'cmake_force_configure' from command line to 'False'
[1.378s] Level 5:colcon.colcon_core.verb:set package 'eurobot_controller' build argument 'ament_cmake_args' from command line to 'None'
[1.378s] Level 5:colcon.colcon_core.verb:set package 'eurobot_controller' build argument 'catkin_cmake_args' from command line to 'None'
[1.378s] Level 5:colcon.colcon_core.verb:set package 'eurobot_controller' build argument 'catkin_skip_building_tests' from command line to 'False'
[1.378s] DEBUG:colcon.colcon_core.verb:Building package 'eurobot_controller' with the following arguments: {'ament_cmake_args': None, 'build_base': '/home/rosubuntu/eurobot_ws/build/eurobot_controller', 'catkin_cmake_args': None, 'catkin_skip_building_tests': False, 'cmake_args': None, 'cmake_clean_cache': False, 'cmake_clean_first': False, 'cmake_force_configure': False, 'cmake_target': None, 'cmake_target_skip_unavailable': False, 'install_base': '/home/rosubuntu/eurobot_ws/install/eurobot_controller', 'merge_install': False, 'path': '/home/rosubuntu/eurobot_ws/src/eurobot_controller', 'symlink_install': False, 'test_result_base': None}
[1.393s] Level 5:colcon.colcon_core.verb:set package 'eurobot_description' build argument 'cmake_args' from command line to 'None'
[1.393s] Level 5:colcon.colcon_core.verb:set package 'eurobot_description' build argument 'cmake_target' from command line to 'None'
[1.394s] Level 5:colcon.colcon_core.verb:set package 'eurobot_description' build argument 'cmake_target_skip_unavailable' from command line to 'False'
[1.394s] Level 5:colcon.colcon_core.verb:set package 'eurobot_description' build argument 'cmake_clean_cache' from command line to 'False'
[1.394s] Level 5:colcon.colcon_core.verb:set package 'eurobot_description' build argument 'cmake_clean_first' from command line to 'False'
[1.394s] Level 5:colcon.colcon_core.verb:set package 'eurobot_description' build argument 'cmake_force_configure' from command line to 'False'
[1.394s] Level 5:colcon.colcon_core.verb:set package 'eurobot_description' build argument 'ament_cmake_args' from command line to 'None'
[1.394s] Level 5:colcon.colcon_core.verb:set package 'eurobot_description' build argument 'catkin_cmake_args' from command line to 'None'
[1.394s] Level 5:colcon.colcon_core.verb:set package 'eurobot_description' build argument 'catkin_skip_building_tests' from command line to 'False'
[1.394s] DEBUG:colcon.colcon_core.verb:Building package 'eurobot_description' with the following arguments: {'ament_cmake_args': None, 'build_base': '/home/rosubuntu/eurobot_ws/build/eurobot_description', 'catkin_cmake_args': None, 'catkin_skip_building_tests': False, 'cmake_args': None, 'cmake_clean_cache': False, 'cmake_clean_first': False, 'cmake_force_configure': False, 'cmake_target': None, 'cmake_target_skip_unavailable': False, 'install_base': '/home/rosubuntu/eurobot_ws/install/eurobot_description', 'merge_install': False, 'path': '/home/rosubuntu/eurobot_ws/src/eurobot_description', 'symlink_install': False, 'test_result_base': None}
[1.409s] Level 5:colcon.colcon_core.verb:set package 'eurobot_hardware' build argument 'cmake_args' from command line to 'None'
[1.409s] Level 5:colcon.colcon_core.verb:set package 'eurobot_hardware' build argument 'cmake_target' from command line to 'None'
[1.409s] Level 5:colcon.colcon_core.verb:set package 'eurobot_hardware' build argument 'cmake_target_skip_unavailable' from command line to 'False'
[1.409s] Level 5:colcon.colcon_core.verb:set package 'eurobot_hardware' build argument 'cmake_clean_cache' from command line to 'False'
[1.409s] Level 5:colcon.colcon_core.verb:set package 'eurobot_hardware' build argument 'cmake_clean_first' from command line to 'False'
[1.409s] Level 5:colcon.colcon_core.verb:set package 'eurobot_hardware' build argument 'cmake_force_configure' from command line to 'False'
[1.409s] Level 5:colcon.colcon_core.verb:set package 'eurobot_hardware' build argument 'ament_cmake_args' from command line to 'None'
[1.409s] Level 5:colcon.colcon_core.verb:set package 'eurobot_hardware' build argument 'catkin_cmake_args' from command line to 'None'
[1.409s] Level 5:colcon.colcon_core.verb:set package 'eurobot_hardware' build argument 'catkin_skip_building_tests' from command line to 'False'
[1.409s] DEBUG:colcon.colcon_core.verb:Building package 'eurobot_hardware' with the following arguments: {'ament_cmake_args': None, 'build_base': '/home/rosubuntu/eurobot_ws/build/eurobot_hardware', 'catkin_cmake_args': None, 'catkin_skip_building_tests': False, 'cmake_args': None, 'cmake_clean_cache': False, 'cmake_clean_first': False, 'cmake_force_configure': False, 'cmake_target': None, 'cmake_target_skip_unavailable': False, 'install_base': '/home/rosubuntu/eurobot_ws/install/eurobot_hardware', 'merge_install': False, 'path': '/home/rosubuntu/eurobot_ws/src/eurobot_hardware', 'symlink_install': False, 'test_result_base': None}
[1.424s] Level 5:colcon.colcon_core.verb:set package 'eurobot_teleop' build argument 'cmake_args' from command line to 'None'
[1.424s] Level 5:colcon.colcon_core.verb:set package 'eurobot_teleop' build argument 'cmake_target' from command line to 'None'
[1.424s] Level 5:colcon.colcon_core.verb:set package 'eurobot_teleop' build argument 'cmake_target_skip_unavailable' from command line to 'False'
[1.424s] Level 5:colcon.colcon_core.verb:set package 'eurobot_teleop' build argument 'cmake_clean_cache' from command line to 'False'
[1.424s] Level 5:colcon.colcon_core.verb:set package 'eurobot_teleop' build argument 'cmake_clean_first' from command line to 'False'
[1.424s] Level 5:colcon.colcon_core.verb:set package 'eurobot_teleop' build argument 'cmake_force_configure' from command line to 'False'
[1.424s] Level 5:colcon.colcon_core.verb:set package 'eurobot_teleop' build argument 'ament_cmake_args' from command line to 'None'
[1.424s] Level 5:colcon.colcon_core.verb:set package 'eurobot_teleop' build argument 'catkin_cmake_args' from command line to 'None'
[1.424s] Level 5:colcon.colcon_core.verb:set package 'eurobot_teleop' build argument 'catkin_skip_building_tests' from command line to 'False'
[1.424s] DEBUG:colcon.colcon_core.verb:Building package 'eurobot_teleop' with the following arguments: {'ament_cmake_args': None, 'build_base': '/home/rosubuntu/eurobot_ws/build/eurobot_teleop', 'catkin_cmake_args': None, 'catkin_skip_building_tests': False, 'cmake_args': None, 'cmake_clean_cache': False, 'cmake_clean_first': False, 'cmake_force_configure': False, 'cmake_target': None, 'cmake_target_skip_unavailable': False, 'install_base': '/home/rosubuntu/eurobot_ws/install/eurobot_teleop', 'merge_install': False, 'path': '/home/rosubuntu/eurobot_ws/src/eurobot_teleop', 'symlink_install': False, 'test_result_base': None}
[1.439s] Level 5:colcon.colcon_core.verb:set package 'mon_pkg_robot' build argument 'cmake_args' from command line to 'None'
[1.439s] Level 5:colcon.colcon_core.verb:set package 'mon_pkg_robot' build argument 'cmake_target' from command line to 'None'
[1.439s] Level 5:colcon.colcon_core.verb:set package 'mon_pkg_robot' build argument 'cmake_target_skip_unavailable' from command line to 'False'
[1.439s] Level 5:colcon.colcon_core.verb:set package 'mon_pkg_robot' build argument 'cmake_clean_cache' from command line to 'False'
[1.439s] Level 5:colcon.colcon_core.verb:set package 'mon_pkg_robot' build argument 'cmake_clean_first' from command line to 'False'
[1.439s] Level 5:colcon.colcon_core.verb:set package 'mon_pkg_robot' build argument 'cmake_force_configure' from command line to 'False'
[1.439s] Level 5:colcon.colcon_core.verb:set package 'mon_pkg_robot' build argument 'ament_cmake_args' from command line to 'None'
[1.439s] Level 5:colcon.colcon_core.verb:set package 'mon_pkg_robot' build argument 'catkin_cmake_args' from command line to 'None'
[1.440s] Level 5:colcon.colcon_core.verb:set package 'mon_pkg_robot' build argument 'catkin_skip_building_tests' from command line to 'False'
[1.440s] DEBUG:colcon.colcon_core.verb:Building package 'mon_pkg_robot' with the following arguments: {'ament_cmake_args': None, 'build_base': '/home/rosubuntu/eurobot_ws/build/mon_pkg_robot', 'catkin_cmake_args': None, 'catkin_skip_building_tests': False, 'cmake_args': None, 'cmake_clean_cache': False, 'cmake_clean_first': False, 'cmake_force_configure': False, 'cmake_target': None, 'cmake_target_skip_unavailable': False, 'install_base': '/home/rosubuntu/eurobot_ws/install/mon_pkg_robot', 'merge_install': False, 'path': '/home/rosubuntu/eurobot_ws/src/mon_pkg_robot', 'symlink_install': False, 'test_result_base': None}
[1.455s] Level 5:colcon.colcon_core.verb:set package 'eurobot_launch' build argument 'cmake_args' from command line to 'None'
[1.455s] Level 5:colcon.colcon_core.verb:set package 'eurobot_launch' build argument 'cmake_target' from command line to 'None'
[1.455s] Level 5:colcon.colcon_core.verb:set package 'eurobot_launch' build argument 'cmake_target_skip_unavailable' from command line to 'False'
[1.455s] Level 5:colcon.colcon_core.verb:set package 'eurobot_launch' build argument 'cmake_clean_cache' from command line to 'False'
[1.455s] Level 5:colcon.colcon_core.verb:set package 'eurobot_launch' build argument 'cmake_clean_first' from command line to 'False'
[1.455s] Level 5:colcon.colcon_core.verb:set package 'eurobot_launch' build argument 'cmake_force_configure' from command line to 'False'
[1.455s] Level 5:colcon.colcon_core.verb:set package 'eurobot_launch' build argument 'ament_cmake_args' from command line to 'None'
[1.455s] Level 5:colcon.colcon_core.verb:set package 'eurobot_launch' build argument 'catkin_cmake_args' from command line to 'None'
[1.455s] Level 5:colcon.colcon_core.verb:set package 'eurobot_launch' build argument 'catkin_skip_building_tests' from command line to 'False'
[1.455s] DEBUG:colcon.colcon_core.verb:Building package 'eurobot_launch' with the following arguments: {'ament_cmake_args': None, 'build_base': '/home/rosubuntu/eurobot_ws/build/eurobot_launch', 'catkin_cmake_args': None, 'catkin_skip_building_tests': False, 'cmake_args': None, 'cmake_clean_cache': False, 'cmake_clean_first': False, 'cmake_force_configure': False, 'cmake_target': None, 'cmake_target_skip_unavailable': False, 'install_base': '/home/rosubuntu/eurobot_ws/install/eurobot_launch', 'merge_install': False, 'path': '/home/rosubuntu/eurobot_ws/src/eurobot_launch', 'symlink_install': False, 'test_result_base': None}
[1.469s] INFO:colcon.colcon_core.executor:Executing jobs using 'parallel' executor
[1.485s] DEBUG:colcon.colcon_parallel_executor.executor.parallel:run_until_complete
[1.485s] INFO:colcon.colcon_ros.task.ament_cmake.build:Building ROS package in '/home/rosubuntu/eurobot_ws/src/eurobot_description' with build type 'ament_cmake'
[1.485s] INFO:colcon.colcon_cmake.task.cmake.build:Building CMake package in '/home/rosubuntu/eurobot_ws/src/eurobot_description'
[1.502s] INFO:colcon.colcon_core.plugin_system:Skipping extension 'colcon_core.shell.bat': Not used on non-Windows systems
[1.502s] INFO:colcon.colcon_core.shell:Skip shell extension 'powershell' for command environment: Not usable outside of PowerShell
[1.502s] DEBUG:colcon.colcon_core.shell:Skip shell extension 'dsv' for command environment
[1.551s] INFO:colcon.colcon_ros.task.ament_cmake.build:Building ROS package in '/home/rosubuntu/eurobot_ws/src/eurobot_control' with build type 'ament_cmake'
[1.551s] INFO:colcon.colcon_cmake.task.cmake.build:Building CMake package in '/home/rosubuntu/eurobot_ws/src/eurobot_control'
[1.567s] INFO:colcon.colcon_core.shell:Skip shell extension 'powershell' for command environment: Not usable outside of PowerShell
[1.567s] DEBUG:colcon.colcon_core.shell:Skip shell extension 'dsv' for command environment
[1.617s] INFO:colcon.colcon_ros.task.ament_cmake.build:Building ROS package in '/home/rosubuntu/eurobot_ws/src/eurobot_controller' with build type 'ament_cmake'
[1.618s] INFO:colcon.colcon_cmake.task.cmake.build:Building CMake package in '/home/rosubuntu/eurobot_ws/src/eurobot_controller'
[1.636s] INFO:colcon.colcon_core.shell:Skip shell extension 'powershell' for command environment: Not usable outside of PowerShell
[1.636s] DEBUG:colcon.colcon_core.shell:Skip shell extension 'dsv' for command environment
[1.692s] INFO:colcon.colcon_ros.task.ament_cmake.build:Building ROS package in '/home/rosubuntu/eurobot_ws/src/eurobot_hardware' with build type 'ament_cmake'
[1.692s] INFO:colcon.colcon_cmake.task.cmake.build:Building CMake package in '/home/rosubuntu/eurobot_ws/src/eurobot_hardware'
[1.710s] INFO:colcon.colcon_core.shell:Skip shell extension 'powershell' for command environment: Not usable outside of PowerShell
[1.710s] DEBUG:colcon.colcon_core.shell:Skip shell extension 'dsv' for command environment
[1.764s] INFO:colcon.colcon_ros.task.ament_cmake.build:Building ROS package in '/home/rosubuntu/eurobot_ws/src/eurobot_teleop' with build type 'ament_cmake'
[1.764s] INFO:colcon.colcon_cmake.task.cmake.build:Building CMake package in '/home/rosubuntu/eurobot_ws/src/eurobot_teleop'
[1.781s] INFO:colcon.colcon_core.shell:Skip shell extension 'powershell' for command environment: Not usable outside of PowerShell
[1.782s] DEBUG:colcon.colcon_core.shell:Skip shell extension 'dsv' for command environment
[1.837s] INFO:colcon.colcon_ros.task.ament_cmake.build:Building ROS package in '/home/rosubuntu/eurobot_ws/src/mon_pkg_robot' with build type 'ament_cmake'
[1.837s] INFO:colcon.colcon_cmake.task.cmake.build:Building CMake package in '/home/rosubuntu/eurobot_ws/src/mon_pkg_robot'
[1.866s] INFO:colcon.colcon_core.shell:Skip shell extension 'powershell' for command environment: Not usable outside of PowerShell
[1.867s] DEBUG:colcon.colcon_core.shell:Skip shell extension 'dsv' for command environment
[1.928s] DEBUG:colcon.colcon_core.event_handler.log_command:Invoking command in '/home/rosubuntu/eurobot_ws/build/eurobot_description': CMAKE_PREFIX_PATH=${CMAKE_PREFIX_PATH}:/opt/ros/humble /usr/bin/cmake --build /home/rosubuntu/eurobot_ws/build/eurobot_description -- -j8 -l8
[1.931s] DEBUG:colcon.colcon_core.event_handler.log_command:Invoking command in '/home/rosubuntu/eurobot_ws/build/eurobot_control': CMAKE_PREFIX_PATH=${CMAKE_PREFIX_PATH}:/opt/ros/humble /usr/bin/cmake --build /home/rosubuntu/eurobot_ws/build/eurobot_control -- -j8 -l8
[1.933s] DEBUG:colcon.colcon_core.event_handler.log_command:Invoking command in '/home/rosubuntu/eurobot_ws/build/eurobot_controller': CMAKE_PREFIX_PATH=${CMAKE_PREFIX_PATH}:/opt/ros/humble /usr/bin/cmake --build /home/rosubuntu/eurobot_ws/build/eurobot_controller -- -j8 -l8
[1.936s] DEBUG:colcon.colcon_core.event_handler.log_command:Invoking command in '/home/rosubuntu/eurobot_ws/build/eurobot_hardware': CMAKE_PREFIX_PATH=${CMAKE_PREFIX_PATH}:/opt/ros/humble /usr/bin/cmake --build /home/rosubuntu/eurobot_ws/build/eurobot_hardware -- -j8 -l8
[1.938s] DEBUG:colcon.colcon_core.event_handler.log_command:Invoking command in '/home/rosubuntu/eurobot_ws/build/eurobot_teleop': CMAKE_PREFIX_PATH=${CMAKE_PREFIX_PATH}:/opt/ros/humble /usr/bin/cmake --build /home/rosubuntu/eurobot_ws/build/eurobot_teleop -- -j8 -l8
[1.945s] DEBUG:colcon.colcon_core.event_handler.log_command:Invoking command in '/home/rosubuntu/eurobot_ws/build/mon_pkg_robot': CMAKE_PREFIX_PATH=${CMAKE_PREFIX_PATH}:/opt/ros/humble /usr/bin/cmake --build /home/rosubuntu/eurobot_ws/build/mon_pkg_robot -- -j8 -l8
[1.982s] DEBUG:colcon.colcon_core.event_handler.log_command:Invoked command in '/home/rosubuntu/eurobot_ws/build/mon_pkg_robot' returned '0': CMAKE_PREFIX_PATH=${CMAKE_PREFIX_PATH}:/opt/ros/humble /usr/bin/cmake --build /home/rosubuntu/eurobot_ws/build/mon_pkg_robot -- -j8 -l8
[1.991s] DEBUG:colcon.colcon_core.event_handler.log_command:Invoked command in '/home/rosubuntu/eurobot_ws/build/eurobot_controller' returned '0': CMAKE_PREFIX_PATH=${CMAKE_PREFIX_PATH}:/opt/ros/humble /usr/bin/cmake --build /home/rosubuntu/eurobot_ws/build/eurobot_controller -- -j8 -l8
[1.993s] DEBUG:colcon.colcon_core.event_handler.log_command:Invoked command in '/home/rosubuntu/eurobot_ws/build/eurobot_description' returned '0': CMAKE_PREFIX_PATH=${CMAKE_PREFIX_PATH}:/opt/ros/humble /usr/bin/cmake --build /home/rosubuntu/eurobot_ws/build/eurobot_description -- -j8 -l8
[2.014s] DEBUG:colcon.colcon_core.event_handler.log_command:Invoking command in '/home/rosubuntu/eurobot_ws/build/mon_pkg_robot': CMAKE_PREFIX_PATH=${CMAKE_PREFIX_PATH}:/opt/ros/humble /usr/bin/cmake --install /home/rosubuntu/eurobot_ws/build/mon_pkg_robot
[2.016s] DEBUG:colcon.colcon_core.event_handler.log_command:Invoked command in '/home/rosubuntu/eurobot_ws/build/eurobot_hardware' returned '0': CMAKE_PREFIX_PATH=${CMAKE_PREFIX_PATH}:/opt/ros/humble /usr/bin/cmake --build /home/rosubuntu/eurobot_ws/build/eurobot_hardware -- -j8 -l8
[2.018s] DEBUG:colcon.colcon_core.event_handler.log_command:Invoking command in '/home/rosubuntu/eurobot_ws/build/eurobot_description': CMAKE_PREFIX_PATH=${CMAKE_PREFIX_PATH}:/opt/ros/humble /usr/bin/cmake --install /home/rosubuntu/eurobot_ws/build/eurobot_description
[2.019s] DEBUG:colcon.colcon_core.event_handler.log_command:Invoked command in '/home/rosubuntu/eurobot_ws/build/eurobot_teleop' returned '0': CMAKE_PREFIX_PATH=${CMAKE_PREFIX_PATH}:/opt/ros/humble /usr/bin/cmake --build /home/rosubuntu/eurobot_ws/build/eurobot_teleop -- -j8 -l8
[2.020s] DEBUG:colcon.colcon_core.event_handler.log_command:Invoked command in '/home/rosubuntu/eurobot_ws/build/eurobot_control' returned '0': CMAKE_PREFIX_PATH=${CMAKE_PREFIX_PATH}:/opt/ros/humble /usr/bin/cmake --build /home/rosubuntu/eurobot_ws/build/eurobot_control -- -j8 -l8
[2.025s] Level 1:colcon.colcon_core.environment:create_environment_scripts_only(mon_pkg_robot)
[2.031s] DEBUG:colcon.colcon_core.event_handler.log_command:Invoking command in '/home/rosubuntu/eurobot_ws/build/eurobot_controller': CMAKE_PREFIX_PATH=${CMAKE_PREFIX_PATH}:/opt/ros/humble /usr/bin/cmake --install /home/rosubuntu/eurobot_ws/build/eurobot_controller
[2.031s] DEBUG:colcon.colcon_core.event_handler.log_command:Invoked command in '/home/rosubuntu/eurobot_ws/build/mon_pkg_robot' returned '0': CMAKE_PREFIX_PATH=${CMAKE_PREFIX_PATH}:/opt/ros/humble /usr/bin/cmake --install /home/rosubuntu/eurobot_ws/build/mon_pkg_robot
[2.060s] Level 1:colcon.colcon_core.environment:checking '/home/rosubuntu/eurobot_ws/install/mon_pkg_robot' for CMake module files
[2.061s] Level 1:colcon.colcon_core.environment:checking '/home/rosubuntu/eurobot_ws/install/mon_pkg_robot' for CMake config files
[2.061s] Level 1:colcon.colcon_core.shell:create_environment_hook('mon_pkg_robot', 'cmake_prefix_path')
[2.079s] INFO:colcon.colcon_core.shell:Creating environment hook '/home/rosubuntu/eurobot_ws/install/mon_pkg_robot/share/mon_pkg_robot/hook/cmake_prefix_path.ps1'
[2.079s] INFO:colcon.colcon_core.shell:Creating environment descriptor '/home/rosubuntu/eurobot_ws/install/mon_pkg_robot/share/mon_pkg_robot/hook/cmake_prefix_path.dsv'
[2.080s] INFO:colcon.colcon_core.shell:Creating environment hook '/home/rosubuntu/eurobot_ws/install/mon_pkg_robot/share/mon_pkg_robot/hook/cmake_prefix_path.sh'
[2.080s] Level 1:colcon.colcon_core.environment:checking '/home/rosubuntu/eurobot_ws/install/mon_pkg_robot/bin'
[2.080s] Level 1:colcon.colcon_core.environment:checking '/home/rosubuntu/eurobot_ws/install/mon_pkg_robot/lib/pkgconfig/mon_pkg_robot.pc'
[2.081s] Level 1:colcon.colcon_core.environment:checking '/home/rosubuntu/eurobot_ws/install/mon_pkg_robot/lib/python3.10/site-packages'
[2.081s] Level 1:colcon.colcon_core.environment:checking '/home/rosubuntu/eurobot_ws/install/mon_pkg_robot/bin'
[2.099s] INFO:colcon.colcon_core.shell:Creating package script '/home/rosubuntu/eurobot_ws/install/mon_pkg_robot/share/mon_pkg_robot/package.ps1'
[2.100s] INFO:colcon.colcon_core.shell:Creating package descriptor '/home/rosubuntu/eurobot_ws/install/mon_pkg_robot/share/mon_pkg_robot/package.dsv'
[2.100s] INFO:colcon.colcon_core.shell:Creating package script '/home/rosubuntu/eurobot_ws/install/mon_pkg_robot/share/mon_pkg_robot/package.sh'
[2.101s] INFO:colcon.colcon_core.shell:Creating package script '/home/rosubuntu/eurobot_ws/install/mon_pkg_robot/share/mon_pkg_robot/package.bash'
[2.102s] INFO:colcon.colcon_core.shell:Creating package script '/home/rosubuntu/eurobot_ws/install/mon_pkg_robot/share/mon_pkg_robot/package.zsh'
[2.102s] Level 1:colcon.colcon_core.environment:create_file_with_runtime_dependencies(/home/rosubuntu/eurobot_ws/install/mon_pkg_robot/share/colcon-core/packages/mon_pkg_robot)
[2.105s] DEBUG:colcon.colcon_core.event_handler.log_command:Invoking command in '/home/rosubuntu/eurobot_ws/build/eurobot_hardware': CMAKE_PREFIX_PATH=${CMAKE_PREFIX_PATH}:/opt/ros/humble /usr/bin/cmake --install /home/rosubuntu/eurobot_ws/build/eurobot_hardware
[2.106s] DEBUG:colcon.colcon_core.event_handler.log_command:Invoking command in '/home/rosubuntu/eurobot_ws/build/eurobot_teleop': CMAKE_PREFIX_PATH=${CMAKE_PREFIX_PATH}:/opt/ros/humble /usr/bin/cmake --install /home/rosubuntu/eurobot_ws/build/eurobot_teleop
[2.108s] DEBUG:colcon.colcon_core.event_handler.log_command:Invoking command in '/home/rosubuntu/eurobot_ws/build/eurobot_control': CMAKE_PREFIX_PATH=${CMAKE_PREFIX_PATH}:/opt/ros/humble /usr/bin/cmake --install /home/rosubuntu/eurobot_ws/build/eurobot_control
[2.109s] Level 1:colcon.colcon_core.environment:create_environment_scripts_only(eurobot_controller)
[2.110s] DEBUG:colcon.colcon_core.event_handler.log_command:Invoked command in '/home/rosubuntu/eurobot_ws/build/eurobot_controller' returned '0': CMAKE_PREFIX_PATH=${CMAKE_PREFIX_PATH}:/opt/ros/humble /usr/bin/cmake --install /home/rosubuntu/eurobot_ws/build/eurobot_controller
[2.139s] Level 1:colcon.colcon_core.environment:checking '/home/rosubuntu/eurobot_ws/install/eurobot_controller' for CMake module files
[2.139s] Level 1:colcon.colcon_core.environment:checking '/home/rosubuntu/eurobot_ws/install/eurobot_controller' for CMake config files
[2.140s] Level 1:colcon.colcon_core.shell:create_environment_hook('eurobot_controller', 'cmake_prefix_path')
[2.157s] INFO:colcon.colcon_core.shell:Creating environment hook '/home/rosubuntu/eurobot_ws/install/eurobot_controller/share/eurobot_controller/hook/cmake_prefix_path.ps1'
[2.157s] INFO:colcon.colcon_core.shell:Creating environment descriptor '/home/rosubuntu/eurobot_ws/install/eurobot_controller/share/eurobot_controller/hook/cmake_prefix_path.dsv'
[2.158s] INFO:colcon.colcon_core.shell:Creating environment hook '/home/rosubuntu/eurobot_ws/install/eurobot_controller/share/eurobot_controller/hook/cmake_prefix_path.sh'
[2.158s] Level 1:colcon.colcon_core.environment:checking '/home/rosubuntu/eurobot_ws/install/eurobot_controller/lib'
[2.158s] Level 1:colcon.colcon_core.shell:create_environment_hook('eurobot_controller', 'ld_library_path_lib')
[2.176s] INFO:colcon.colcon_core.shell:Creating environment hook '/home/rosubuntu/eurobot_ws/install/eurobot_controller/share/eurobot_controller/hook/ld_library_path_lib.ps1'
[2.176s] INFO:colcon.colcon_core.shell:Creating environment descriptor '/home/rosubuntu/eurobot_ws/install/eurobot_controller/share/eurobot_controller/hook/ld_library_path_lib.dsv'
[2.176s] INFO:colcon.colcon_core.shell:Creating environment hook '/home/rosubuntu/eurobot_ws/install/eurobot_controller/share/eurobot_controller/hook/ld_library_path_lib.sh'
[2.176s] Level 1:colcon.colcon_core.environment:checking '/home/rosubuntu/eurobot_ws/install/eurobot_controller/bin'
[2.176s] Level 1:colcon.colcon_core.environment:checking '/home/rosubuntu/eurobot_ws/install/eurobot_controller/lib/pkgconfig/eurobot_controller.pc'
[2.177s] Level 1:colcon.colcon_core.environment:checking '/home/rosubuntu/eurobot_ws/install/eurobot_controller/lib/python3.10/site-packages'
[2.177s] Level 1:colcon.colcon_core.environment:checking '/home/rosubuntu/eurobot_ws/install/eurobot_controller/bin'
[2.194s] INFO:colcon.colcon_core.shell:Creating package script '/home/rosubuntu/eurobot_ws/install/eurobot_controller/share/eurobot_controller/package.ps1'
[2.194s] INFO:colcon.colcon_core.shell:Creating package descriptor '/home/rosubuntu/eurobot_ws/install/eurobot_controller/share/eurobot_controller/package.dsv'
[2.195s] INFO:colcon.colcon_core.shell:Creating package script '/home/rosubuntu/eurobot_ws/install/eurobot_controller/share/eurobot_controller/package.sh'
[2.195s] INFO:colcon.colcon_core.shell:Creating package script '/home/rosubuntu/eurobot_ws/install/eurobot_controller/share/eurobot_controller/package.bash'
[2.195s] INFO:colcon.colcon_core.shell:Creating package script '/home/rosubuntu/eurobot_ws/install/eurobot_controller/share/eurobot_controller/package.zsh'
[2.196s] Level 1:colcon.colcon_core.environment:create_file_with_runtime_dependencies(/home/rosubuntu/eurobot_ws/install/eurobot_controller/share/colcon-core/packages/eurobot_controller)
[2.196s] Level 1:colcon.colcon_core.environment:create_environment_scripts_only(eurobot_description)
[2.197s] DEBUG:colcon.colcon_core.event_handler.log_command:Invoked command in '/home/rosubuntu/eurobot_ws/build/eurobot_description' returned '0': CMAKE_PREFIX_PATH=${CMAKE_PREFIX_PATH}:/opt/ros/humble /usr/bin/cmake --install /home/rosubuntu/eurobot_ws/build/eurobot_description
[2.216s] Level 1:colcon.colcon_core.environment:checking '/home/rosubuntu/eurobot_ws/install/eurobot_description' for CMake module files
[2.216s] Level 1:colcon.colcon_core.environment:checking '/home/rosubuntu/eurobot_ws/install/eurobot_description' for CMake config files
[2.216s] Level 1:colcon.colcon_core.shell:create_environment_hook('eurobot_description', 'cmake_prefix_path')
[2.234s] INFO:colcon.colcon_core.shell:Creating environment hook '/home/rosubuntu/eurobot_ws/install/eurobot_description/share/eurobot_description/hook/cmake_prefix_path.ps1'
[2.234s] INFO:colcon.colcon_core.shell:Creating environment descriptor '/home/rosubuntu/eurobot_ws/install/eurobot_description/share/eurobot_description/hook/cmake_prefix_path.dsv'
[2.235s] INFO:colcon.colcon_core.shell:Creating environment hook '/home/rosubuntu/eurobot_ws/install/eurobot_description/share/eurobot_description/hook/cmake_prefix_path.sh'
[2.235s] Level 1:colcon.colcon_core.environment:checking '/home/rosubuntu/eurobot_ws/install/eurobot_description/bin'
[2.235s] Level 1:colcon.colcon_core.environment:checking '/home/rosubuntu/eurobot_ws/install/eurobot_description/lib/pkgconfig/eurobot_description.pc'
[2.235s] Level 1:colcon.colcon_core.environment:checking '/home/rosubuntu/eurobot_ws/install/eurobot_description/lib/python3.10/site-packages'
[2.235s] Level 1:colcon.colcon_core.environment:checking '/home/rosubuntu/eurobot_ws/install/eurobot_description/bin'
[2.253s] INFO:colcon.colcon_core.shell:Creating package script '/home/rosubuntu/eurobot_ws/install/eurobot_description/share/eurobot_description/package.ps1'
[2.253s] INFO:colcon.colcon_core.shell:Creating package descriptor '/home/rosubuntu/eurobot_ws/install/eurobot_description/share/eurobot_description/package.dsv'
[2.253s] INFO:colcon.colcon_core.shell:Creating package script '/home/rosubuntu/eurobot_ws/install/eurobot_description/share/eurobot_description/package.sh'
[2.253s] INFO:colcon.colcon_core.shell:Creating package script '/home/rosubuntu/eurobot_ws/install/eurobot_description/share/eurobot_description/package.bash'
[2.254s] INFO:colcon.colcon_core.shell:Creating package script '/home/rosubuntu/eurobot_ws/install/eurobot_description/share/eurobot_description/package.zsh'
[2.254s] Level 1:colcon.colcon_core.environment:create_file_with_runtime_dependencies(/home/rosubuntu/eurobot_ws/install/eurobot_description/share/colcon-core/packages/eurobot_description)
[2.274s] Level 1:colcon.colcon_core.environment:create_environment_scripts_only(mon_pkg_robot)
[2.291s] Level 1:colcon.colcon_core.environment:checking '/home/rosubuntu/eurobot_ws/install/mon_pkg_robot' for CMake module files
[2.292s] Level 1:colcon.colcon_core.environment:checking '/home/rosubuntu/eurobot_ws/install/mon_pkg_robot' for CMake config files
[2.292s] Level 1:colcon.colcon_core.shell:create_environment_hook('mon_pkg_robot', 'cmake_prefix_path')
[2.308s] INFO:colcon.colcon_core.shell:Creating environment hook '/home/rosubuntu/eurobot_ws/install/mon_pkg_robot/share/mon_pkg_robot/hook/cmake_prefix_path.ps1'
[2.309s] INFO:colcon.colcon_core.shell:Creating environment descriptor '/home/rosubuntu/eurobot_ws/install/mon_pkg_robot/share/mon_pkg_robot/hook/cmake_prefix_path.dsv'
[2.309s] INFO:colcon.colcon_core.shell:Creating environment hook '/home/rosubuntu/eurobot_ws/install/mon_pkg_robot/share/mon_pkg_robot/hook/cmake_prefix_path.sh'
[2.309s] Level 1:colcon.colcon_core.environment:checking '/home/rosubuntu/eurobot_ws/install/mon_pkg_robot/bin'
[2.309s] Level 1:colcon.colcon_core.environment:checking '/home/rosubuntu/eurobot_ws/install/mon_pkg_robot/lib/pkgconfig/mon_pkg_robot.pc'
[2.310s] Level 1:colcon.colcon_core.environment:checking '/home/rosubuntu/eurobot_ws/install/mon_pkg_robot/lib/python3.10/site-packages'
[2.310s] Level 1:colcon.colcon_core.environment:checking '/home/rosubuntu/eurobot_ws/install/mon_pkg_robot/bin'
[2.337s] INFO:colcon.colcon_core.shell:Creating package script '/home/rosubuntu/eurobot_ws/install/mon_pkg_robot/share/mon_pkg_robot/package.ps1'
[2.337s] INFO:colcon.colcon_core.shell:Creating package descriptor '/home/rosubuntu/eurobot_ws/install/mon_pkg_robot/share/mon_pkg_robot/package.dsv'
[2.337s] INFO:colcon.colcon_core.shell:Creating package script '/home/rosubuntu/eurobot_ws/install/mon_pkg_robot/share/mon_pkg_robot/package.sh'
[2.338s] INFO:colcon.colcon_core.shell:Creating package script '/home/rosubuntu/eurobot_ws/install/mon_pkg_robot/share/mon_pkg_robot/package.bash'
[2.338s] INFO:colcon.colcon_core.shell:Creating package script '/home/rosubuntu/eurobot_ws/install/mon_pkg_robot/share/mon_pkg_robot/package.zsh'
[2.338s] Level 1:colcon.colcon_core.environment:create_file_with_runtime_dependencies(/home/rosubuntu/eurobot_ws/install/mon_pkg_robot/share/colcon-core/packages/mon_pkg_robot)
[2.339s] Level 1:colcon.colcon_core.environment:create_environment_scripts_only(eurobot_hardware)
[2.340s] DEBUG:colcon.colcon_core.event_handler.log_command:Invoked command in '/home/rosubuntu/eurobot_ws/build/eurobot_hardware' returned '0': CMAKE_PREFIX_PATH=${CMAKE_PREFIX_PATH}:/opt/ros/humble /usr/bin/cmake --install /home/rosubuntu/eurobot_ws/build/eurobot_hardware
[2.359s] Level 1:colcon.colcon_core.environment:checking '/home/rosubuntu/eurobot_ws/install/eurobot_hardware' for CMake module files
[2.359s] Level 1:colcon.colcon_core.environment:checking '/home/rosubuntu/eurobot_ws/install/eurobot_hardware' for CMake config files
[2.359s] Level 1:colcon.colcon_core.shell:create_environment_hook('eurobot_hardware', 'cmake_prefix_path')
[2.377s] INFO:colcon.colcon_core.shell:Creating environment hook '/home/rosubuntu/eurobot_ws/install/eurobot_hardware/share/eurobot_hardware/hook/cmake_prefix_path.ps1'
[2.378s] INFO:colcon.colcon_core.shell:Creating environment descriptor '/home/rosubuntu/eurobot_ws/install/eurobot_hardware/share/eurobot_hardware/hook/cmake_prefix_path.dsv'
[2.378s] INFO:colcon.colcon_core.shell:Creating environment hook '/home/rosubuntu/eurobot_ws/install/eurobot_hardware/share/eurobot_hardware/hook/cmake_prefix_path.sh'
[2.378s] Level 1:colcon.colcon_core.environment:checking '/home/rosubuntu/eurobot_ws/install/eurobot_hardware/lib'
[2.378s] Level 1:colcon.colcon_core.shell:create_environment_hook('eurobot_hardware', 'ld_library_path_lib')
[2.396s] INFO:colcon.colcon_core.shell:Creating environment hook '/home/rosubuntu/eurobot_ws/install/eurobot_hardware/share/eurobot_hardware/hook/ld_library_path_lib.ps1'
[2.396s] INFO:colcon.colcon_core.shell:Creating environment descriptor '/home/rosubuntu/eurobot_ws/install/eurobot_hardware/share/eurobot_hardware/hook/ld_library_path_lib.dsv'
[2.397s] INFO:colcon.colcon_core.shell:Creating environment hook '/home/rosubuntu/eurobot_ws/install/eurobot_hardware/share/eurobot_hardware/hook/ld_library_path_lib.sh'
[2.397s] Level 1:colcon.colcon_core.environment:checking '/home/rosubuntu/eurobot_ws/install/eurobot_hardware/bin'
[2.397s] Level 1:colcon.colcon_core.environment:checking '/home/rosubuntu/eurobot_ws/install/eurobot_hardware/lib/pkgconfig/eurobot_hardware.pc'
[2.397s] Level 1:colcon.colcon_core.environment:checking '/home/rosubuntu/eurobot_ws/install/eurobot_hardware/lib/python3.10/site-packages'
[2.397s] Level 1:colcon.colcon_core.environment:checking '/home/rosubuntu/eurobot_ws/install/eurobot_hardware/bin'
[2.418s] INFO:colcon.colcon_core.shell:Creating package script '/home/rosubuntu/eurobot_ws/install/eurobot_hardware/share/eurobot_hardware/package.ps1'
[2.418s] INFO:colcon.colcon_core.shell:Creating package descriptor '/home/rosubuntu/eurobot_ws/install/eurobot_hardware/share/eurobot_hardware/package.dsv'
[2.419s] INFO:colcon.colcon_core.shell:Creating package script '/home/rosubuntu/eurobot_ws/install/eurobot_hardware/share/eurobot_hardware/package.sh'
[2.419s] INFO:colcon.colcon_core.shell:Creating package script '/home/rosubuntu/eurobot_ws/install/eurobot_hardware/share/eurobot_hardware/package.bash'
[2.420s] INFO:colcon.colcon_core.shell:Creating package script '/home/rosubuntu/eurobot_ws/install/eurobot_hardware/share/eurobot_hardware/package.zsh'
[2.420s] Level 1:colcon.colcon_core.environment:create_file_with_runtime_dependencies(/home/rosubuntu/eurobot_ws/install/eurobot_hardware/share/colcon-core/packages/eurobot_hardware)
[2.449s] Level 1:colcon.colcon_core.environment:create_environment_scripts_only(eurobot_controller)
[2.466s] Level 1:colcon.colcon_core.environment:checking '/home/rosubuntu/eurobot_ws/install/eurobot_controller' for CMake module files
[2.467s] Level 1:colcon.colcon_core.environment:checking '/home/rosubuntu/eurobot_ws/install/eurobot_controller' for CMake config files
[2.467s] Level 1:colcon.colcon_core.shell:create_environment_hook('eurobot_controller', 'cmake_prefix_path')
[2.484s] INFO:colcon.colcon_core.shell:Creating environment hook '/home/rosubuntu/eurobot_ws/install/eurobot_controller/share/eurobot_controller/hook/cmake_prefix_path.ps1'
[2.485s] INFO:colcon.colcon_core.shell:Creating environment descriptor '/home/rosubuntu/eurobot_ws/install/eurobot_controller/share/eurobot_controller/hook/cmake_prefix_path.dsv'
[2.485s] INFO:colcon.colcon_core.shell:Creating environment hook '/home/rosubuntu/eurobot_ws/install/eurobot_controller/share/eurobot_controller/hook/cmake_prefix_path.sh'
[2.486s] Level 1:colcon.colcon_core.environment:checking '/home/rosubuntu/eurobot_ws/install/eurobot_controller/lib'
[2.486s] Level 1:colcon.colcon_core.shell:create_environment_hook('eurobot_controller', 'ld_library_path_lib')
[2.503s] INFO:colcon.colcon_core.shell:Creating environment hook '/home/rosubuntu/eurobot_ws/install/eurobot_controller/share/eurobot_controller/hook/ld_library_path_lib.ps1'
[2.504s] INFO:colcon.colcon_core.shell:Creating environment descriptor '/home/rosubuntu/eurobot_ws/install/eurobot_controller/share/eurobot_controller/hook/ld_library_path_lib.dsv'
[2.504s] INFO:colcon.colcon_core.shell:Creating environment hook '/home/rosubuntu/eurobot_ws/install/eurobot_controller/share/eurobot_controller/hook/ld_library_path_lib.sh'
[2.504s] Level 1:colcon.colcon_core.environment:checking '/home/rosubuntu/eurobot_ws/install/eurobot_controller/bin'
[2.504s] Level 1:colcon.colcon_core.environment:checking '/home/rosubuntu/eurobot_ws/install/eurobot_controller/lib/pkgconfig/eurobot_controller.pc'
[2.505s] Level 1:colcon.colcon_core.environment:checking '/home/rosubuntu/eurobot_ws/install/eurobot_controller/lib/python3.10/site-packages'
[2.505s] Level 1:colcon.colcon_core.environment:checking '/home/rosubuntu/eurobot_ws/install/eurobot_controller/bin'
[2.522s] INFO:colcon.colcon_core.shell:Creating package script '/home/rosubuntu/eurobot_ws/install/eurobot_controller/share/eurobot_controller/package.ps1'
[2.523s] INFO:colcon.colcon_core.shell:Creating package descriptor '/home/rosubuntu/eurobot_ws/install/eurobot_controller/share/eurobot_controller/package.dsv'
[2.523s] INFO:colcon.colcon_core.shell:Creating package script '/home/rosubuntu/eurobot_ws/install/eurobot_controller/share/eurobot_controller/package.sh'
[2.524s] INFO:colcon.colcon_core.shell:Creating package script '/home/rosubuntu/eurobot_ws/install/eurobot_controller/share/eurobot_controller/package.bash'
[2.524s] INFO:colcon.colcon_core.shell:Creating package script '/home/rosubuntu/eurobot_ws/install/eurobot_controller/share/eurobot_controller/package.zsh'
[2.524s] Level 1:colcon.colcon_core.environment:create_file_with_runtime_dependencies(/home/rosubuntu/eurobot_ws/install/eurobot_controller/share/colcon-core/packages/eurobot_controller)
[2.525s] Level 1:colcon.colcon_core.environment:create_environment_scripts_only(eurobot_teleop)
[2.526s] DEBUG:colcon.colcon_core.event_handler.log_command:Invoked command in '/home/rosubuntu/eurobot_ws/build/eurobot_teleop' returned '0': CMAKE_PREFIX_PATH=${CMAKE_PREFIX_PATH}:/opt/ros/humble /usr/bin/cmake --install /home/rosubuntu/eurobot_ws/build/eurobot_teleop
[2.542s] Level 1:colcon.colcon_core.environment:checking '/home/rosubuntu/eurobot_ws/install/eurobot_teleop' for CMake module files
[2.543s] Level 1:colcon.colcon_core.environment:checking '/home/rosubuntu/eurobot_ws/install/eurobot_teleop' for CMake config files
[2.543s] Level 1:colcon.colcon_core.shell:create_environment_hook('eurobot_teleop', 'cmake_prefix_path')
[2.560s] INFO:colcon.colcon_core.shell:Creating environment hook '/home/rosubuntu/eurobot_ws/install/eurobot_teleop/share/eurobot_teleop/hook/cmake_prefix_path.ps1'
[2.561s] INFO:colcon.colcon_core.shell:Creating environment descriptor '/home/rosubuntu/eurobot_ws/install/eurobot_teleop/share/eurobot_teleop/hook/cmake_prefix_path.dsv'
[2.561s] INFO:colcon.colcon_core.shell:Creating environment hook '/home/rosubuntu/eurobot_ws/install/eurobot_teleop/share/eurobot_teleop/hook/cmake_prefix_path.sh'
[2.562s] Level 1:colcon.colcon_core.environment:checking '/home/rosubuntu/eurobot_ws/install/eurobot_teleop/lib'
[2.562s] Level 1:colcon.colcon_core.environment:checking '/home/rosubuntu/eurobot_ws/install/eurobot_teleop/bin'
[2.562s] Level 1:colcon.colcon_core.environment:checking '/home/rosubuntu/eurobot_ws/install/eurobot_teleop/lib/pkgconfig/eurobot_teleop.pc'
[2.562s] Level 1:colcon.colcon_core.environment:checking '/home/rosubuntu/eurobot_ws/install/eurobot_teleop/lib/python3.10/site-packages'
[2.562s] Level 1:colcon.colcon_core.environment:checking '/home/rosubuntu/eurobot_ws/install/eurobot_teleop/bin'
[2.579s] INFO:colcon.colcon_core.shell:Creating package script '/home/rosubuntu/eurobot_ws/install/eurobot_teleop/share/eurobot_teleop/package.ps1'
[2.580s] INFO:colcon.colcon_core.shell:Creating package descriptor '/home/rosubuntu/eurobot_ws/install/eurobot_teleop/share/eurobot_teleop/package.dsv'
[2.580s] INFO:colcon.colcon_core.shell:Creating package script '/home/rosubuntu/eurobot_ws/install/eurobot_teleop/share/eurobot_teleop/package.sh'
[2.580s] INFO:colcon.colcon_core.shell:Creating package script '/home/rosubuntu/eurobot_ws/install/eurobot_teleop/share/eurobot_teleop/package.bash'
[2.581s] INFO:colcon.colcon_core.shell:Creating package script '/home/rosubuntu/eurobot_ws/install/eurobot_teleop/share/eurobot_teleop/package.zsh'
[2.581s] Level 1:colcon.colcon_core.environment:create_file_with_runtime_dependencies(/home/rosubuntu/eurobot_ws/install/eurobot_teleop/share/colcon-core/packages/eurobot_teleop)
[2.582s] Level 1:colcon.colcon_core.environment:create_environment_scripts_only(eurobot_control)
[2.582s] DEBUG:colcon.colcon_core.event_handler.log_command:Invoked command in '/home/rosubuntu/eurobot_ws/build/eurobot_control' returned '0': CMAKE_PREFIX_PATH=${CMAKE_PREFIX_PATH}:/opt/ros/humble /usr/bin/cmake --install /home/rosubuntu/eurobot_ws/build/eurobot_control
[2.601s] Level 1:colcon.colcon_core.environment:checking '/home/rosubuntu/eurobot_ws/install/eurobot_control' for CMake module files
[2.601s] Level 1:colcon.colcon_core.environment:checking '/home/rosubuntu/eurobot_ws/install/eurobot_control' for CMake config files
[2.602s] Level 1:colcon.colcon_core.shell:create_environment_hook('eurobot_control', 'cmake_prefix_path')
[2.620s] INFO:colcon.colcon_core.shell:Creating environment hook '/home/rosubuntu/eurobot_ws/install/eurobot_control/share/eurobot_control/hook/cmake_prefix_path.ps1'
[2.621s] INFO:colcon.colcon_core.shell:Creating environment descriptor '/home/rosubuntu/eurobot_ws/install/eurobot_control/share/eurobot_control/hook/cmake_prefix_path.dsv'
[2.621s] INFO:colcon.colcon_core.shell:Creating environment hook '/home/rosubuntu/eurobot_ws/install/eurobot_control/share/eurobot_control/hook/cmake_prefix_path.sh'
[2.621s] Level 1:colcon.colcon_core.environment:checking '/home/rosubuntu/eurobot_ws/install/eurobot_control/lib'
[2.622s] Level 1:colcon.colcon_core.environment:checking '/home/rosubuntu/eurobot_ws/install/eurobot_control/bin'
[2.622s] Level 1:colcon.colcon_core.environment:checking '/home/rosubuntu/eurobot_ws/install/eurobot_control/lib/pkgconfig/eurobot_control.pc'
[2.622s] Level 1:colcon.colcon_core.environment:checking '/home/rosubuntu/eurobot_ws/install/eurobot_control/lib/python3.10/site-packages'
[2.622s] Level 1:colcon.colcon_core.environment:checking '/home/rosubuntu/eurobot_ws/install/eurobot_control/bin'
[2.640s] INFO:colcon.colcon_core.shell:Creating package script '/home/rosubuntu/eurobot_ws/install/eurobot_control/share/eurobot_control/package.ps1'
[2.640s] INFO:colcon.colcon_core.shell:Creating package descriptor '/home/rosubuntu/eurobot_ws/install/eurobot_control/share/eurobot_control/package.dsv'
[2.640s] INFO:colcon.colcon_core.shell:Creating package script '/home/rosubuntu/eurobot_ws/install/eurobot_control/share/eurobot_control/package.sh'
[2.641s] INFO:colcon.colcon_core.shell:Creating package script '/home/rosubuntu/eurobot_ws/install/eurobot_control/share/eurobot_control/package.bash'
[2.641s] INFO:colcon.colcon_core.shell:Creating package script '/home/rosubuntu/eurobot_ws/install/eurobot_control/share/eurobot_control/package.zsh'
[2.641s] Level 1:colcon.colcon_core.environment:create_file_with_runtime_dependencies(/home/rosubuntu/eurobot_ws/install/eurobot_control/share/colcon-core/packages/eurobot_control)
[2.660s] Level 1:colcon.colcon_core.environment:create_environment_scripts_only(eurobot_description)
[2.679s] Level 1:colcon.colcon_core.environment:checking '/home/rosubuntu/eurobot_ws/install/eurobot_description' for CMake module files
[2.680s] Level 1:colcon.colcon_core.environment:checking '/home/rosubuntu/eurobot_ws/install/eurobot_description' for CMake config files
[2.680s] Level 1:colcon.colcon_core.shell:create_environment_hook('eurobot_description', 'cmake_prefix_path')
[2.699s] INFO:colcon.colcon_core.shell:Creating environment hook '/home/rosubuntu/eurobot_ws/install/eurobot_description/share/eurobot_description/hook/cmake_prefix_path.ps1'
[2.699s] INFO:colcon.colcon_core.shell:Creating environment descriptor '/home/rosubuntu/eurobot_ws/install/eurobot_description/share/eurobot_description/hook/cmake_prefix_path.dsv'
[2.700s] INFO:colcon.colcon_core.shell:Creating environment hook '/home/rosubuntu/eurobot_ws/install/eurobot_description/share/eurobot_description/hook/cmake_prefix_path.sh'
[2.700s] Level 1:colcon.colcon_core.environment:checking '/home/rosubuntu/eurobot_ws/install/eurobot_description/bin'
[2.700s] Level 1:colcon.colcon_core.environment:checking '/home/rosubuntu/eurobot_ws/install/eurobot_description/lib/pkgconfig/eurobot_description.pc'
[2.701s] Level 1:colcon.colcon_core.environment:checking '/home/rosubuntu/eurobot_ws/install/eurobot_description/lib/python3.10/site-packages'
[2.701s] Level 1:colcon.colcon_core.environment:checking '/home/rosubuntu/eurobot_ws/install/eurobot_description/bin'
[2.719s] INFO:colcon.colcon_core.shell:Creating package script '/home/rosubuntu/eurobot_ws/install/eurobot_description/share/eurobot_description/package.ps1'
[2.720s] INFO:colcon.colcon_core.shell:Creating package descriptor '/home/rosubuntu/eurobot_ws/install/eurobot_description/share/eurobot_description/package.dsv'
[2.720s] INFO:colcon.colcon_core.shell:Creating package script '/home/rosubuntu/eurobot_ws/install/eurobot_description/share/eurobot_description/package.sh'
[2.720s] INFO:colcon.colcon_core.shell:Creating package script '/home/rosubuntu/eurobot_ws/install/eurobot_description/share/eurobot_description/package.bash'
[2.721s] INFO:colcon.colcon_core.shell:Creating package script '/home/rosubuntu/eurobot_ws/install/eurobot_description/share/eurobot_description/package.zsh'
[2.721s] Level 1:colcon.colcon_core.environment:create_file_with_runtime_dependencies(/home/rosubuntu/eurobot_ws/install/eurobot_description/share/colcon-core/packages/eurobot_description)
[2.722s] INFO:colcon.colcon_ros.task.ament_cmake.build:Building ROS package in '/home/rosubuntu/eurobot_ws/src/eurobot_launch' with build type 'ament_cmake'
[2.722s] INFO:colcon.colcon_cmake.task.cmake.build:Building CMake package in '/home/rosubuntu/eurobot_ws/src/eurobot_launch'
[2.745s] INFO:colcon.colcon_core.shell:Skip shell extension 'powershell' for command environment: Not usable outside of PowerShell
[2.745s] DEBUG:colcon.colcon_core.shell:Skip shell extension 'dsv' for command environment
[2.837s] Level 1:colcon.colcon_core.environment:create_environment_scripts_only(eurobot_hardware)
[2.857s] Level 1:colcon.colcon_core.environment:checking '/home/rosubuntu/eurobot_ws/install/eurobot_hardware' for CMake module files
[2.857s] Level 1:colcon.colcon_core.environment:checking '/home/rosubuntu/eurobot_ws/install/eurobot_hardware' for CMake config files
[2.858s] Level 1:colcon.colcon_core.shell:create_environment_hook('eurobot_hardware', 'cmake_prefix_path')
[2.876s] INFO:colcon.colcon_core.shell:Creating environment hook '/home/rosubuntu/eurobot_ws/install/eurobot_hardware/share/eurobot_hardware/hook/cmake_prefix_path.ps1'
[2.876s] INFO:colcon.colcon_core.shell:Creating environment descriptor '/home/rosubuntu/eurobot_ws/install/eurobot_hardware/share/eurobot_hardware/hook/cmake_prefix_path.dsv'
[2.876s] INFO:colcon.colcon_core.shell:Creating environment hook '/home/rosubuntu/eurobot_ws/install/eurobot_hardware/share/eurobot_hardware/hook/cmake_prefix_path.sh'
[2.877s] Level 1:colcon.colcon_core.environment:checking '/home/rosubuntu/eurobot_ws/install/eurobot_hardware/lib'
[2.877s] Level 1:colcon.colcon_core.shell:create_environment_hook('eurobot_hardware', 'ld_library_path_lib')
[2.895s] INFO:colcon.colcon_core.shell:Creating environment hook '/home/rosubuntu/eurobot_ws/install/eurobot_hardware/share/eurobot_hardware/hook/ld_library_path_lib.ps1'
[2.895s] INFO:colcon.colcon_core.shell:Creating environment descriptor '/home/rosubuntu/eurobot_ws/install/eurobot_hardware/share/eurobot_hardware/hook/ld_library_path_lib.dsv'
[2.896s] INFO:colcon.colcon_core.shell:Creating environment hook '/home/rosubuntu/eurobot_ws/install/eurobot_hardware/share/eurobot_hardware/hook/ld_library_path_lib.sh'
[2.896s] Level 1:colcon.colcon_core.environment:checking '/home/rosubuntu/eurobot_ws/install/eurobot_hardware/bin'
[2.896s] Level 1:colcon.colcon_core.environment:checking '/home/rosubuntu/eurobot_ws/install/eurobot_hardware/lib/pkgconfig/eurobot_hardware.pc'
[2.896s] Level 1:colcon.colcon_core.environment:checking '/home/rosubuntu/eurobot_ws/install/eurobot_hardware/lib/python3.10/site-packages'
[2.897s] Level 1:colcon.colcon_core.environment:checking '/home/rosubuntu/eurobot_ws/install/eurobot_hardware/bin'
[2.915s] INFO:colcon.colcon_core.shell:Creating package script '/home/rosubuntu/eurobot_ws/install/eurobot_hardware/share/eurobot_hardware/package.ps1'
[2.916s] INFO:colcon.colcon_core.shell:Creating package descriptor '/home/rosubuntu/eurobot_ws/install/eurobot_hardware/share/eurobot_hardware/package.dsv'
[2.916s] INFO:colcon.colcon_core.shell:Creating package script '/home/rosubuntu/eurobot_ws/install/eurobot_hardware/share/eurobot_hardware/package.sh'
[2.917s] INFO:colcon.colcon_core.shell:Creating package script '/home/rosubuntu/eurobot_ws/install/eurobot_hardware/share/eurobot_hardware/package.bash'
[2.918s] INFO:colcon.colcon_core.shell:Creating package script '/home/rosubuntu/eurobot_ws/install/eurobot_hardware/share/eurobot_hardware/package.zsh'
[2.918s] Level 1:colcon.colcon_core.environment:create_file_with_runtime_dependencies(/home/rosubuntu/eurobot_ws/install/eurobot_hardware/share/colcon-core/packages/eurobot_hardware)
[2.940s] Level 1:colcon.colcon_core.environment:create_environment_scripts_only(eurobot_teleop)
[2.964s] Level 1:colcon.colcon_core.environment:checking '/home/rosubuntu/eurobot_ws/install/eurobot_teleop' for CMake module files
[2.964s] Level 1:colcon.colcon_core.environment:checking '/home/rosubuntu/eurobot_ws/install/eurobot_teleop' for CMake config files
[2.965s] Level 1:colcon.colcon_core.shell:create_environment_hook('eurobot_teleop', 'cmake_prefix_path')
[2.985s] INFO:colcon.colcon_core.shell:Creating environment hook '/home/rosubuntu/eurobot_ws/install/eurobot_teleop/share/eurobot_teleop/hook/cmake_prefix_path.ps1'
[2.986s] INFO:colcon.colcon_core.shell:Creating environment descriptor '/home/rosubuntu/eurobot_ws/install/eurobot_teleop/share/eurobot_teleop/hook/cmake_prefix_path.dsv'
[2.986s] INFO:colcon.colcon_core.shell:Creating environment hook '/home/rosubuntu/eurobot_ws/install/eurobot_teleop/share/eurobot_teleop/hook/cmake_prefix_path.sh'
[2.986s] Level 1:colcon.colcon_core.environment:checking '/home/rosubuntu/eurobot_ws/install/eurobot_teleop/lib'
[2.986s] Level 1:colcon.colcon_core.environment:checking '/home/rosubuntu/eurobot_ws/install/eurobot_teleop/bin'
[2.986s] Level 1:colcon.colcon_core.environment:checking '/home/rosubuntu/eurobot_ws/install/eurobot_teleop/lib/pkgconfig/eurobot_teleop.pc'
[2.987s] Level 1:colcon.colcon_core.environment:checking '/home/rosubuntu/eurobot_ws/install/eurobot_teleop/lib/python3.10/site-packages'
[2.987s] Level 1:colcon.colcon_core.environment:checking '/home/rosubuntu/eurobot_ws/install/eurobot_teleop/bin'
[3.005s] INFO:colcon.colcon_core.shell:Creating package script '/home/rosubuntu/eurobot_ws/install/eurobot_teleop/share/eurobot_teleop/package.ps1'
[3.006s] INFO:colcon.colcon_core.shell:Creating package descriptor '/home/rosubuntu/eurobot_ws/install/eurobot_teleop/share/eurobot_teleop/package.dsv'
[3.006s] INFO:colcon.colcon_core.shell:Creating package script '/home/rosubuntu/eurobot_ws/install/eurobot_teleop/share/eurobot_teleop/package.sh'
[3.007s] INFO:colcon.colcon_core.shell:Creating package script '/home/rosubuntu/eurobot_ws/install/eurobot_teleop/share/eurobot_teleop/package.bash'
[3.007s] INFO:colcon.colcon_core.shell:Creating package script '/home/rosubuntu/eurobot_ws/install/eurobot_teleop/share/eurobot_teleop/package.zsh'
[3.007s] Level 1:colcon.colcon_core.environment:create_file_with_runtime_dependencies(/home/rosubuntu/eurobot_ws/install/eurobot_teleop/share/colcon-core/packages/eurobot_teleop)
[3.027s] Level 1:colcon.colcon_core.environment:create_environment_scripts_only(eurobot_control)
[3.045s] Level 1:colcon.colcon_core.environment:checking '/home/rosubuntu/eurobot_ws/install/eurobot_control' for CMake module files
[3.046s] Level 1:colcon.colcon_core.environment:checking '/home/rosubuntu/eurobot_ws/install/eurobot_control' for CMake config files
[3.046s] Level 1:colcon.colcon_core.shell:create_environment_hook('eurobot_control', 'cmake_prefix_path')
[3.064s] INFO:colcon.colcon_core.shell:Creating environment hook '/home/rosubuntu/eurobot_ws/install/eurobot_control/share/eurobot_control/hook/cmake_prefix_path.ps1'
[3.065s] INFO:colcon.colcon_core.shell:Creating environment descriptor '/home/rosubuntu/eurobot_ws/install/eurobot_control/share/eurobot_control/hook/cmake_prefix_path.dsv'
[3.065s] INFO:colcon.colcon_core.shell:Creating environment hook '/home/rosubuntu/eurobot_ws/install/eurobot_control/share/eurobot_control/hook/cmake_prefix_path.sh'
[3.065s] Level 1:colcon.colcon_core.environment:checking '/home/rosubuntu/eurobot_ws/install/eurobot_control/lib'
[3.065s] Level 1:colcon.colcon_core.environment:checking '/home/rosubuntu/eurobot_ws/install/eurobot_control/bin'
[3.065s] Level 1:colcon.colcon_core.environment:checking '/home/rosubuntu/eurobot_ws/install/eurobot_control/lib/pkgconfig/eurobot_control.pc'
[3.066s] Level 1:colcon.colcon_core.environment:checking '/home/rosubuntu/eurobot_ws/install/eurobot_control/lib/python3.10/site-packages'
[3.066s] Level 1:colcon.colcon_core.environment:checking '/home/rosubuntu/eurobot_ws/install/eurobot_control/bin'
[3.084s] INFO:colcon.colcon_core.shell:Creating package script '/home/rosubuntu/eurobot_ws/install/eurobot_control/share/eurobot_control/package.ps1'
[3.085s] INFO:colcon.colcon_core.shell:Creating package descriptor '/home/rosubuntu/eurobot_ws/install/eurobot_control/share/eurobot_control/package.dsv'
[3.085s] INFO:colcon.colcon_core.shell:Creating package script '/home/rosubuntu/eurobot_ws/install/eurobot_control/share/eurobot_control/package.sh'
[3.086s] INFO:colcon.colcon_core.shell:Creating package script '/home/rosubuntu/eurobot_ws/install/eurobot_control/share/eurobot_control/package.bash'
[3.086s] INFO:colcon.colcon_core.shell:Creating package script '/home/rosubuntu/eurobot_ws/install/eurobot_control/share/eurobot_control/package.zsh'
[3.086s] Level 1:colcon.colcon_core.environment:create_file_with_runtime_dependencies(/home/rosubuntu/eurobot_ws/install/eurobot_control/share/colcon-core/packages/eurobot_control)
[3.090s] DEBUG:colcon.colcon_core.event_handler.log_command:Invoking command in '/home/rosubuntu/eurobot_ws/build/eurobot_launch': CMAKE_PREFIX_PATH=/home/rosubuntu/eurobot_ws/install/eurobot_description:/home/rosubuntu/eurobot_ws/install/mon_pkg_robot:/home/rosubuntu/eurobot_ws/install/eurobot_teleop:/home/rosubuntu/eurobot_ws/install/eurobot_launch:/home/rosubuntu/eurobot_ws/install/eurobot_hardware:/home/rosubuntu/eurobot_ws/install/eurobot_controller:/home/rosubuntu/eurobot_ws/install/eurobot_control:/opt/ros/humble /usr/bin/cmake --build /home/rosubuntu/eurobot_ws/build/eurobot_launch -- -j8 -l8
[3.125s] DEBUG:colcon.colcon_core.event_handler.log_command:Invoked command in '/home/rosubuntu/eurobot_ws/build/eurobot_launch' returned '0': CMAKE_PREFIX_PATH=/home/rosubuntu/eurobot_ws/install/eurobot_description:/home/rosubuntu/eurobot_ws/install/mon_pkg_robot:/home/rosubuntu/eurobot_ws/install/eurobot_teleop:/home/rosubuntu/eurobot_ws/install/eurobot_launch:/home/rosubuntu/eurobot_ws/install/eurobot_hardware:/home/rosubuntu/eurobot_ws/install/eurobot_controller:/home/rosubuntu/eurobot_ws/install/eurobot_control:/opt/ros/humble /usr/bin/cmake --build /home/rosubuntu/eurobot_ws/build/eurobot_launch -- -j8 -l8
[3.146s] DEBUG:colcon.colcon_core.event_handler.log_command:Invoking command in '/home/rosubuntu/eurobot_ws/build/eurobot_launch': CMAKE_PREFIX_PATH=/home/rosubuntu/eurobot_ws/install/eurobot_description:/home/rosubuntu/eurobot_ws/install/mon_pkg_robot:/home/rosubuntu/eurobot_ws/install/eurobot_teleop:/home/rosubuntu/eurobot_ws/install/eurobot_launch:/home/rosubuntu/eurobot_ws/install/eurobot_hardware:/home/rosubuntu/eurobot_ws/install/eurobot_controller:/home/rosubuntu/eurobot_ws/install/eurobot_control:/opt/ros/humble /usr/bin/cmake --install /home/rosubuntu/eurobot_ws/build/eurobot_launch
[3.155s] Level 1:colcon.colcon_core.environment:create_environment_scripts_only(eurobot_launch)
[3.157s] DEBUG:colcon.colcon_core.event_handler.log_command:Invoked command in '/home/rosubuntu/eurobot_ws/build/eurobot_launch' returned '0': CMAKE_PREFIX_PATH=/home/rosubuntu/eurobot_ws/install/eurobot_description:/home/rosubuntu/eurobot_ws/install/mon_pkg_robot:/home/rosubuntu/eurobot_ws/install/eurobot_teleop:/home/rosubuntu/eurobot_ws/install/eurobot_launch:/home/rosubuntu/eurobot_ws/install/eurobot_hardware:/home/rosubuntu/eurobot_ws/install/eurobot_controller:/home/rosubuntu/eurobot_ws/install/eurobot_control:/opt/ros/humble /usr/bin/cmake --install /home/rosubuntu/eurobot_ws/build/eurobot_launch
[3.180s] Level 1:colcon.colcon_core.environment:checking '/home/rosubuntu/eurobot_ws/install/eurobot_launch' for CMake module files
[3.180s] Level 1:colcon.colcon_core.environment:checking '/home/rosubuntu/eurobot_ws/install/eurobot_launch' for CMake config files
[3.180s] Level 1:colcon.colcon_core.shell:create_environment_hook('eurobot_launch', 'cmake_prefix_path')
[3.200s] INFO:colcon.colcon_core.shell:Creating environment hook '/home/rosubuntu/eurobot_ws/install/eurobot_launch/share/eurobot_launch/hook/cmake_prefix_path.ps1'
[3.201s] INFO:colcon.colcon_core.shell:Creating environment descriptor '/home/rosubuntu/eurobot_ws/install/eurobot_launch/share/eurobot_launch/hook/cmake_prefix_path.dsv'
[3.201s] INFO:colcon.colcon_core.shell:Creating environment hook '/home/rosubuntu/eurobot_ws/install/eurobot_launch/share/eurobot_launch/hook/cmake_prefix_path.sh'
[3.201s] Level 1:colcon.colcon_core.environment:checking '/home/rosubuntu/eurobot_ws/install/eurobot_launch/bin'
[3.201s] Level 1:colcon.colcon_core.environment:checking '/home/rosubuntu/eurobot_ws/install/eurobot_launch/lib/pkgconfig/eurobot_launch.pc'
[3.202s] Level 1:colcon.colcon_core.environment:checking '/home/rosubuntu/eurobot_ws/install/eurobot_launch/lib/python3.10/site-packages'
[3.202s] Level 1:colcon.colcon_core.environment:checking '/home/rosubuntu/eurobot_ws/install/eurobot_launch/bin'
[3.221s] INFO:colcon.colcon_core.shell:Creating package script '/home/rosubuntu/eurobot_ws/install/eurobot_launch/share/eurobot_launch/package.ps1'
[3.222s] INFO:colcon.colcon_core.shell:Creating package descriptor '/home/rosubuntu/eurobot_ws/install/eurobot_launch/share/eurobot_launch/package.dsv'
[3.222s] INFO:colcon.colcon_core.shell:Creating package script '/home/rosubuntu/eurobot_ws/install/eurobot_launch/share/eurobot_launch/package.sh'
[3.223s] INFO:colcon.colcon_core.shell:Creating package script '/home/rosubuntu/eurobot_ws/install/eurobot_launch/share/eurobot_launch/package.bash'
[3.223s] INFO:colcon.colcon_core.shell:Creating package script '/home/rosubuntu/eurobot_ws/install/eurobot_launch/share/eurobot_launch/package.zsh'
[3.223s] Level 1:colcon.colcon_core.environment:create_file_with_runtime_dependencies(/home/rosubuntu/eurobot_ws/install/eurobot_launch/share/colcon-core/packages/eurobot_launch)
[3.261s] Level 1:colcon.colcon_core.environment:create_environment_scripts_only(eurobot_launch)
[3.279s] Level 1:colcon.colcon_core.environment:checking '/home/rosubuntu/eurobot_ws/install/eurobot_launch' for CMake module files
[3.280s] Level 1:colcon.colcon_core.environment:checking '/home/rosubuntu/eurobot_ws/install/eurobot_launch' for CMake config files
[3.280s] Level 1:colcon.colcon_core.shell:create_environment_hook('eurobot_launch', 'cmake_prefix_path')
[3.302s] INFO:colcon.colcon_core.shell:Creating environment hook '/home/rosubuntu/eurobot_ws/install/eurobot_launch/share/eurobot_launch/hook/cmake_prefix_path.ps1'
[3.303s] INFO:colcon.colcon_core.shell:Creating environment descriptor '/home/rosubuntu/eurobot_ws/install/eurobot_launch/share/eurobot_launch/hook/cmake_prefix_path.dsv'
[3.303s] INFO:colcon.colcon_core.shell:Creating environment hook '/home/rosubuntu/eurobot_ws/install/eurobot_launch/share/eurobot_launch/hook/cmake_prefix_path.sh'
[3.304s] Level 1:colcon.colcon_core.environment:checking '/home/rosubuntu/eurobot_ws/install/eurobot_launch/bin'
[3.304s] Level 1:colcon.colcon_core.environment:checking '/home/rosubuntu/eurobot_ws/install/eurobot_launch/lib/pkgconfig/eurobot_launch.pc'
[3.304s] Level 1:colcon.colcon_core.environment:checking '/home/rosubuntu/eurobot_ws/install/eurobot_launch/lib/python3.10/site-packages'
[3.304s] Level 1:colcon.colcon_core.environment:checking '/home/rosubuntu/eurobot_ws/install/eurobot_launch/bin'
[3.325s] INFO:colcon.colcon_core.shell:Creating package script '/home/rosubuntu/eurobot_ws/install/eurobot_launch/share/eurobot_launch/package.ps1'
[3.326s] INFO:colcon.colcon_core.shell:Creating package descriptor '/home/rosubuntu/eurobot_ws/install/eurobot_launch/share/eurobot_launch/package.dsv'
[3.326s] INFO:colcon.colcon_core.shell:Creating package script '/home/rosubuntu/eurobot_ws/install/eurobot_launch/share/eurobot_launch/package.sh'
[3.326s] INFO:colcon.colcon_core.shell:Creating package script '/home/rosubuntu/eurobot_ws/install/eurobot_launch/share/eurobot_launch/package.bash'
[3.327s] INFO:colcon.colcon_core.shell:Creating package script '/home/rosubuntu/eurobot_ws/install/eurobot_launch/share/eurobot_launch/package.zsh'
[3.327s] Level 1:colcon.colcon_core.environment:create_file_with_runtime_dependencies(/home/rosubuntu/eurobot_ws/install/eurobot_launch/share/colcon-core/packages/eurobot_launch)
[3.327s] DEBUG:colcon.colcon_parallel_executor.executor.parallel:closing loop
[3.328s] DEBUG:colcon.colcon_parallel_executor.executor.parallel:loop closed
[3.328s] DEBUG:colcon.colcon_parallel_executor.executor.parallel:run_until_complete finished with '0'
[3.328s] DEBUG:colcon.colcon_core.event_reactor:joining thread
[3.354s] INFO:colcon.colcon_core.plugin_system:Skipping extension 'colcon_notification.desktop_notification.terminal_notifier': Not used on non-Darwin systems
[3.354s] INFO:colcon.colcon_core.plugin_system:Skipping extension 'colcon_notification.desktop_notification.win32': Not used on non-Windows systems
[3.354s] INFO:colcon.colcon_notification.desktop_notification:Sending desktop notification using 'notify2'
[3.364s] DEBUG:colcon.colcon_core.event_reactor:joined thread
[3.383s] INFO:colcon.colcon_core.shell:Creating prefix script '/home/rosubuntu/eurobot_ws/install/local_setup.ps1'
[3.384s] INFO:colcon.colcon_core.shell:Creating prefix util module '/home/rosubuntu/eurobot_ws/install/_local_setup_util_ps1.py'
[3.385s] INFO:colcon.colcon_core.shell:Creating prefix chain script '/home/rosubuntu/eurobot_ws/install/setup.ps1'
[3.405s] INFO:colcon.colcon_core.shell:Creating prefix script '/home/rosubuntu/eurobot_ws/install/local_setup.sh'
[3.406s] INFO:colcon.colcon_core.shell:Creating prefix util module '/home/rosubuntu/eurobot_ws/install/_local_setup_util_sh.py'
[3.406s] INFO:colcon.colcon_core.shell:Creating prefix chain script '/home/rosubuntu/eurobot_ws/install/setup.sh'
[3.425s] INFO:colcon.colcon_core.shell:Creating prefix script '/home/rosubuntu/eurobot_ws/install/local_setup.bash'
[3.425s] INFO:colcon.colcon_core.shell:Creating prefix chain script '/home/rosubuntu/eurobot_ws/install/setup.bash'
[3.448s] INFO:colcon.colcon_core.shell:Creating prefix script '/home/rosubuntu/eurobot_ws/install/local_setup.zsh'
[3.448s] INFO:colcon.colcon_core.shell:Creating prefix chain script '/home/rosubuntu/eurobot_ws/install/setup.zsh'
