[0.105s] Invoking command in '/home/rosubuntu/eurobot_ws/build/rtf_lds_driver': CMAKE_PREFIX_PATH=${CMAKE_PREFIX_PATH}:/opt/ros/humble /usr/bin/cmake --build /home/rosubuntu/eurobot_ws/build/rtf_lds_driver -- -j8 -l8
[0.159s] [35m[1mConsolidate compiler generated dependencies of target hlds_laser_publisher[0m
[0.196s] [100%] Built target hlds_laser_publisher
[0.475s] Invoked command in '/home/rosubuntu/eurobot_ws/build/rtf_lds_driver' returned '0': CMAKE_PREFIX_PATH=${CMAKE_PREFIX_PATH}:/opt/ros/humble /usr/bin/cmake --build /home/rosubuntu/eurobot_ws/build/rtf_lds_driver -- -j8 -l8
[0.935s] Invoking command in '/home/rosubuntu/eurobot_ws/build/rtf_lds_driver': CMAKE_PREFIX_PATH=${CMAKE_PREFIX_PATH}:/opt/ros/humble /usr/bin/cmake --install /home/rosubuntu/eurobot_ws/build/rtf_lds_driver
[1.018s] -- Install configuration: ""
[1.018s] -- Up-to-date: /home/rosubuntu/eurobot_ws/install/rtf_lds_driver/share/rtf_lds_driver/launch
[1.018s] -- Up-to-date: /home/rosubuntu/eurobot_ws/install/rtf_lds_driver/share/rtf_lds_driver/launch/hlds_laser.launch.py
[1.018s] -- Up-to-date: /home/rosubuntu/eurobot_ws/install/rtf_lds_driver/share/rtf_lds_driver/launch/view_hlds_laser.launch.py
[1.018s] -- Up-to-date: /home/rosubuntu/eurobot_ws/install/rtf_lds_driver/share/rtf_lds_driver/rviz
[1.019s] -- Up-to-date: /home/rosubuntu/eurobot_ws/install/rtf_lds_driver/share/rtf_lds_driver/rviz/hlds_laser.rviz
[1.019s] -- Up-to-date: /home/rosubuntu/eurobot_ws/install/rtf_lds_driver/lib/rtf_lds_driver/hlds_laser_publisher
[1.019s] -- Up-to-date: /home/rosubuntu/eurobot_ws/install/rtf_lds_driver/share/ament_index/resource_index/package_run_dependencies/rtf_lds_driver
[1.019s] -- Up-to-date: /home/rosubuntu/eurobot_ws/install/rtf_lds_driver/share/ament_index/resource_index/parent_prefix_path/rtf_lds_driver
[1.019s] -- Up-to-date: /home/rosubuntu/eurobot_ws/install/rtf_lds_driver/share/rtf_lds_driver/environment/ament_prefix_path.sh
[1.019s] -- Up-to-date: /home/rosubuntu/eurobot_ws/install/rtf_lds_driver/share/rtf_lds_driver/environment/ament_prefix_path.dsv
[1.019s] -- Up-to-date: /home/rosubuntu/eurobot_ws/install/rtf_lds_driver/share/rtf_lds_driver/environment/path.sh
[1.019s] -- Up-to-date: /home/rosubuntu/eurobot_ws/install/rtf_lds_driver/share/rtf_lds_driver/environment/path.dsv
[1.020s] -- Up-to-date: /home/rosubuntu/eurobot_ws/install/rtf_lds_driver/share/rtf_lds_driver/local_setup.bash
[1.020s] -- Up-to-date: /home/rosubuntu/eurobot_ws/install/rtf_lds_driver/share/rtf_lds_driver/local_setup.sh
[1.020s] -- Up-to-date: /home/rosubuntu/eurobot_ws/install/rtf_lds_driver/share/rtf_lds_driver/local_setup.zsh
[1.020s] -- Up-to-date: /home/rosubuntu/eurobot_ws/install/rtf_lds_driver/share/rtf_lds_driver/local_setup.dsv
[1.020s] -- Installing: /home/rosubuntu/eurobot_ws/install/rtf_lds_driver/share/rtf_lds_driver/package.dsv
[1.020s] -- Up-to-date: /home/rosubuntu/eurobot_ws/install/rtf_lds_driver/share/ament_index/resource_index/packages/rtf_lds_driver
[1.020s] -- Up-to-date: /home/rosubuntu/eurobot_ws/install/rtf_lds_driver/share/rtf_lds_driver/cmake/ament_cmake_export_dependencies-extras.cmake
[1.021s] -- Up-to-date: /home/rosubuntu/eurobot_ws/install/rtf_lds_driver/share/rtf_lds_driver/cmake/ament_cmake_export_include_directories-extras.cmake
[1.021s] -- Up-to-date: /home/rosubuntu/eurobot_ws/install/rtf_lds_driver/share/rtf_lds_driver/cmake/rtf_lds_driverConfig.cmake
[1.021s] -- Up-to-date: /home/rosubuntu/eurobot_ws/install/rtf_lds_driver/share/rtf_lds_driver/cmake/rtf_lds_driverConfig-version.cmake
[1.021s] -- Up-to-date: /home/rosubuntu/eurobot_ws/install/rtf_lds_driver/share/rtf_lds_driver/package.xml
[1.262s] Invoked command in '/home/rosubuntu/eurobot_ws/build/rtf_lds_driver' returned '0': CMAKE_PREFIX_PATH=${CMAKE_PREFIX_PATH}:/opt/ros/humble /usr/bin/cmake --install /home/rosubuntu/eurobot_ws/build/rtf_lds_driver
