[0.387s] Invoking command in '/home/rosubuntu/eurobot_ws/build/eurobot_description': CMAKE_PREFIX_PATH=${CMAKE_PREFIX_PATH}:/opt/ros/humble /usr/bin/cmake --build /home/rosubuntu/eurobot_ws/build/eurobot_description -- -j8 -l8
[0.436s] [100%] Built target eurobot_description__xacro_auto_generate
[0.449s] Invoked command in '/home/rosubuntu/eurobot_ws/build/eurobot_description' returned '0': CMAKE_PREFIX_PATH=${CMAKE_PREFIX_PATH}:/opt/ros/humble /usr/bin/cmake --build /home/rosubuntu/eurobot_ws/build/eurobot_description -- -j8 -l8
[0.476s] Invoking command in '/home/rosubuntu/eurobot_ws/build/eurobot_description': CMAKE_PREFIX_PATH=${CMAKE_PREFIX_PATH}:/opt/ros/humble /usr/bin/cmake --install /home/rosubuntu/eurobot_ws/build/eurobot_description
[0.488s] -- Install configuration: ""
[0.488s] -- Up-to-date: /home/rosubuntu/eurobot_ws/install/eurobot_description/share/eurobot_description/urdf/mon_robot.urdf
[0.489s] -- Up-to-date: /home/rosubuntu/eurobot_ws/install/eurobot_description/share/eurobot_description/urdf
[0.489s] -- Up-to-date: /home/rosubuntu/eurobot_ws/install/eurobot_description/share/eurobot_description/urdf/tiges.xacro
[0.490s] -- Up-to-date: /home/rosubuntu/eurobot_ws/install/eurobot_description/share/eurobot_description/urdf/outils.xacro
[0.490s] -- Up-to-date: /home/rosubuntu/eurobot_ws/install/eurobot_description/share/eurobot_description/urdf/materials.xacro
[0.490s] -- Up-to-date: /home/rosubuntu/eurobot_ws/install/eurobot_description/share/eurobot_description/urdf/base_robot.xacro
[0.490s] -- Up-to-date: /home/rosubuntu/eurobot_ws/install/eurobot_description/share/eurobot_description/urdf/mon_robot.urdf.xacro
[0.491s] -- Up-to-date: /home/rosubuntu/eurobot_ws/install/eurobot_description/share/eurobot_description/urdf/LiDAR.xacro
[0.491s] -- Up-to-date: /home/rosubuntu/eurobot_ws/install/eurobot_description/share/eurobot_description/urdf/camera.xacro
[0.491s] -- Up-to-date: /home/rosubuntu/eurobot_ws/install/eurobot_description/share/eurobot_description/urdf/mon_robot.urdf
[0.491s] -- Up-to-date: /home/rosubuntu/eurobot_ws/install/eurobot_description/share/eurobot_description/urdf/roue_mecanum.xacro
[0.491s] -- Up-to-date: /home/rosubuntu/eurobot_ws/install/eurobot_description/share/eurobot_description/rviz
[0.492s] -- Up-to-date: /home/rosubuntu/eurobot_ws/install/eurobot_description/share/eurobot_description/rviz/model.rviz
[0.492s] -- Up-to-date: /home/rosubuntu/eurobot_ws/install/eurobot_description/share/eurobot_description/config
[0.492s] -- Up-to-date: /home/rosubuntu/eurobot_ws/install/eurobot_description/share/eurobot_description/config/controller_config.yaml
[0.492s] -- Up-to-date: /home/rosubuntu/eurobot_ws/install/eurobot_description/share/eurobot_description/gazebo
[0.492s] -- Up-to-date: /home/rosubuntu/eurobot_ws/install/eurobot_description/share/eurobot_description/gazebo/gazebo_control.xacro
[0.492s] -- Up-to-date: /home/rosubuntu/eurobot_ws/install/eurobot_description/share/eurobot_description/gazebo/robot.urdf.xacro
[0.493s] -- Up-to-date: /home/rosubuntu/eurobot_ws/install/eurobot_description/share/ament_index/resource_index/package_run_dependencies/eurobot_description
[0.493s] -- Up-to-date: /home/rosubuntu/eurobot_ws/install/eurobot_description/share/ament_index/resource_index/parent_prefix_path/eurobot_description
[0.493s] -- Up-to-date: /home/rosubuntu/eurobot_ws/install/eurobot_description/share/eurobot_description/environment/ament_prefix_path.sh
[0.493s] -- Up-to-date: /home/rosubuntu/eurobot_ws/install/eurobot_description/share/eurobot_description/environment/ament_prefix_path.dsv
[0.493s] -- Up-to-date: /home/rosubuntu/eurobot_ws/install/eurobot_description/share/eurobot_description/environment/path.sh
[0.494s] -- Up-to-date: /home/rosubuntu/eurobot_ws/install/eurobot_description/share/eurobot_description/environment/path.dsv
[0.494s] -- Up-to-date: /home/rosubuntu/eurobot_ws/install/eurobot_description/share/eurobot_description/local_setup.bash
[0.494s] -- Up-to-date: /home/rosubuntu/eurobot_ws/install/eurobot_description/share/eurobot_description/local_setup.sh
[0.494s] -- Up-to-date: /home/rosubuntu/eurobot_ws/install/eurobot_description/share/eurobot_description/local_setup.zsh
[0.495s] -- Up-to-date: /home/rosubuntu/eurobot_ws/install/eurobot_description/share/eurobot_description/local_setup.dsv
[0.495s] -- Installing: /home/rosubuntu/eurobot_ws/install/eurobot_description/share/eurobot_description/package.dsv
[0.495s] -- Up-to-date: /home/rosubuntu/eurobot_ws/install/eurobot_description/share/ament_index/resource_index/packages/eurobot_description
[0.495s] -- Up-to-date: /home/rosubuntu/eurobot_ws/install/eurobot_description/share/eurobot_description/cmake/eurobot_descriptionConfig.cmake
[0.496s] -- Up-to-date: /home/rosubuntu/eurobot_ws/install/eurobot_description/share/eurobot_description/cmake/eurobot_descriptionConfig-version.cmake
[0.496s] -- Up-to-date: /home/rosubuntu/eurobot_ws/install/eurobot_description/share/eurobot_description/package.xml
[0.573s] Invoked command in '/home/rosubuntu/eurobot_ws/build/eurobot_description' returned '0': CMAKE_PREFIX_PATH=${CMAKE_PREFIX_PATH}:/opt/ros/humble /usr/bin/cmake --install /home/rosubuntu/eurobot_ws/build/eurobot_description
