[0.104s] Invoking command in '/home/rosubuntu/eurobot_ws/build/eurobot_teleop': CMAKE_PREFIX_PATH=/opt/ros/humble /usr/bin/cmake /home/rosubuntu/eurobot_ws/src/eurobot_teleop -DCMAKE_INSTALL_PREFIX=/home/rosubuntu/eurobot_ws/install/eurobot_teleop
[0.158s] -- The C compiler identification is GNU 11.4.0
[0.232s] -- The CXX compiler identification is GNU 11.4.0
[0.241s] -- Detecting C compiler ABI info
[0.318s] -- Detecting C compiler ABI info - done
[0.331s] -- Check for working C compiler: /usr/bin/cc - skipped
[0.331s] -- Detecting C compile features
[0.332s] -- Detecting C compile features - done
[0.336s] -- Detecting CXX compiler ABI info
[0.436s] -- Detecting CXX compiler ABI info - done
[0.449s] -- Check for working CXX compiler: /usr/bin/c++ - skipped
[0.450s] -- Detecting CXX compile features
[0.450s] -- Detecting CXX compile features - done
[0.454s] -- Found ament_cmake: 1.3.6 (/opt/ros/humble/share/ament_cmake/cmake)
[0.689s] -- Found Python3: /usr/bin/python3.10 (found version "3.10.12") found components: Interpreter 
[0.806s] -- Found rclcpp: 16.0.7 (/opt/ros/humble/share/rclcpp/cmake)
[0.860s] -- Found rosidl_generator_c: 3.1.5 (/opt/ros/humble/share/rosidl_generator_c/cmake)
[0.867s] -- Found rosidl_adapter: 3.1.5 (/opt/ros/humble/share/rosidl_adapter/cmake)
[0.880s] -- Found rosidl_generator_cpp: 3.1.5 (/opt/ros/humble/share/rosidl_generator_cpp/cmake)
[0.901s] -- Using all available rosidl_typesupport_c: rosidl_typesupport_fastrtps_c;rosidl_typesupport_introspection_c
[0.932s] -- Using all available rosidl_typesupport_cpp: rosidl_typesupport_fastrtps_cpp;rosidl_typesupport_introspection_cpp
[1.019s] -- Found rmw_implementation_cmake: 6.1.1 (/opt/ros/humble/share/rmw_implementation_cmake/cmake)
[1.023s] -- Found rmw_fastrtps_cpp: 6.2.5 (/opt/ros/humble/share/rmw_fastrtps_cpp/cmake)
[1.133s] -- Found OpenSSL: /usr/lib/x86_64-linux-gnu/libcrypto.so (found version "3.0.2")  
[1.173s] -- Found FastRTPS: /opt/ros/humble/include  
[1.240s] -- Using RMW implementation 'rmw_fastrtps_cpp' as default
[1.254s] -- Looking for pthread.h
[1.321s] -- Looking for pthread.h - found
[1.321s] -- Performing Test CMAKE_HAVE_LIBC_PTHREAD
[1.387s] -- Performing Test CMAKE_HAVE_LIBC_PTHREAD - Success
[1.388s] -- Found Threads: TRUE  
[1.562s] -- Found sensor_msgs: 4.2.3 (/opt/ros/humble/share/sensor_msgs/cmake)
[1.773s] -- Configuring done
[1.786s] -- Generating done
[1.788s] -- Build files have been written to: /home/rosubuntu/eurobot_ws/build/eurobot_teleop
[1.801s] Invoked command in '/home/rosubuntu/eurobot_ws/build/eurobot_teleop' returned '0': CMAKE_PREFIX_PATH=/opt/ros/humble /usr/bin/cmake /home/rosubuntu/eurobot_ws/src/eurobot_teleop -DCMAKE_INSTALL_PREFIX=/home/rosubuntu/eurobot_ws/install/eurobot_teleop
[1.803s] Invoking command in '/home/rosubuntu/eurobot_ws/build/eurobot_teleop': CMAKE_PREFIX_PATH=/opt/ros/humble /usr/bin/cmake --build /home/rosubuntu/eurobot_ws/build/eurobot_teleop -- -j8 -l8
[1.855s] [ 75%] [32mBuilding CXX object CMakeFiles/eurobot_teleop.dir/src/eurobot_joystick.cpp.o[0m
[1.855s] [ 75%] [32mBuilding CXX object CMakeFiles/eurobot_teleop.dir/src/eurobot_teleop.cpp.o[0m
[1.855s] [ 75%] [32mBuilding CXX object CMakeFiles/eurobot_teleop.dir/src/node_main.cpp.o[0m
[12.493s] [100%] [32m[1mLinking CXX executable eurobot_teleop[0m
[12.922s] [100%] Built target eurobot_teleop
[12.931s] Invoked command in '/home/rosubuntu/eurobot_ws/build/eurobot_teleop' returned '0': CMAKE_PREFIX_PATH=/opt/ros/humble /usr/bin/cmake --build /home/rosubuntu/eurobot_ws/build/eurobot_teleop -- -j8 -l8
[12.953s] Invoking command in '/home/rosubuntu/eurobot_ws/build/eurobot_teleop': CMAKE_PREFIX_PATH=/opt/ros/humble /usr/bin/cmake --install /home/rosubuntu/eurobot_ws/build/eurobot_teleop
[12.959s] -- Install configuration: ""
[12.960s] -- Installing: /home/rosubuntu/eurobot_ws/install/eurobot_teleop/share/eurobot_teleop/config
[12.960s] -- Installing: /home/rosubuntu/eurobot_ws/install/eurobot_teleop/share/eurobot_teleop/config/teleop_config.yaml
[12.960s] -- Installing: /home/rosubuntu/eurobot_ws/install/eurobot_teleop/lib/eurobot_teleop/eurobot_teleop
[12.963s] -- Set runtime path of "/home/rosubuntu/eurobot_ws/install/eurobot_teleop/lib/eurobot_teleop/eurobot_teleop" to ""
[12.963s] -- Installing: /home/rosubuntu/eurobot_ws/install/eurobot_teleop/share/ament_index/resource_index/package_run_dependencies/eurobot_teleop
[12.963s] -- Installing: /home/rosubuntu/eurobot_ws/install/eurobot_teleop/share/ament_index/resource_index/parent_prefix_path/eurobot_teleop
[12.963s] -- Installing: /home/rosubuntu/eurobot_ws/install/eurobot_teleop/share/eurobot_teleop/environment/ament_prefix_path.sh
[12.963s] -- Installing: /home/rosubuntu/eurobot_ws/install/eurobot_teleop/share/eurobot_teleop/environment/ament_prefix_path.dsv
[12.963s] -- Installing: /home/rosubuntu/eurobot_ws/install/eurobot_teleop/share/eurobot_teleop/environment/path.sh
[12.963s] -- Installing: /home/rosubuntu/eurobot_ws/install/eurobot_teleop/share/eurobot_teleop/environment/path.dsv
[12.964s] -- Installing: /home/rosubuntu/eurobot_ws/install/eurobot_teleop/share/eurobot_teleop/local_setup.bash
[12.964s] -- Installing: /home/rosubuntu/eurobot_ws/install/eurobot_teleop/share/eurobot_teleop/local_setup.sh
[12.964s] -- Installing: /home/rosubuntu/eurobot_ws/install/eurobot_teleop/share/eurobot_teleop/local_setup.zsh
[12.964s] -- Installing: /home/rosubuntu/eurobot_ws/install/eurobot_teleop/share/eurobot_teleop/local_setup.dsv
[12.964s] -- Installing: /home/rosubuntu/eurobot_ws/install/eurobot_teleop/share/eurobot_teleop/package.dsv
[12.964s] -- Installing: /home/rosubuntu/eurobot_ws/install/eurobot_teleop/share/ament_index/resource_index/packages/eurobot_teleop
[12.964s] -- Installing: /home/rosubuntu/eurobot_ws/install/eurobot_teleop/share/eurobot_teleop/cmake/eurobot_teleopConfig.cmake
[12.964s] -- Installing: /home/rosubuntu/eurobot_ws/install/eurobot_teleop/share/eurobot_teleop/cmake/eurobot_teleopConfig-version.cmake
[12.964s] -- Installing: /home/rosubuntu/eurobot_ws/install/eurobot_teleop/share/eurobot_teleop/package.xml
[12.966s] Invoked command in '/home/rosubuntu/eurobot_ws/build/eurobot_teleop' returned '0': CMAKE_PREFIX_PATH=/opt/ros/humble /usr/bin/cmake --install /home/rosubuntu/eurobot_ws/build/eurobot_teleop
