[0.818s] Invoking command in '/home/rosubuntu/eurobot_ws/build/eurobot_hardware': CMAKE_PREFIX_PATH=${CMAKE_PREFIX_PATH}:/opt/ros/humble /usr/bin/cmake --build /home/rosubuntu/eurobot_ws/build/eurobot_hardware -- -j8 -l8
[1.067s] [100%] Built target eurobot_hardware
[1.146s] Invoked command in '/home/rosubuntu/eurobot_ws/build/eurobot_hardware' returned '0': CMAKE_PREFIX_PATH=${CMAKE_PREFIX_PATH}:/opt/ros/humble /usr/bin/cmake --build /home/rosubuntu/eurobot_ws/build/eurobot_hardware -- -j8 -l8
[1.977s] Invoking command in '/home/rosubuntu/eurobot_ws/build/eurobot_hardware': CMAKE_PREFIX_PATH=${CMAKE_PREFIX_PATH}:/opt/ros/humble /usr/bin/cmake --install /home/rosubuntu/eurobot_ws/build/eurobot_hardware
[2.756s] -- Install configuration: ""
[2.756s] -- Up-to-date: /home/rosubuntu/eurobot_ws/install/eurobot_hardware/share/eurobot_hardware/eurobot_hardware.xml
[2.756s] -- Up-to-date: /home/rosubuntu/eurobot_ws/install/eurobot_hardware/lib/libeurobot_hardware.so
[2.758s] -- Up-to-date: /home/rosubuntu/eurobot_ws/install/eurobot_hardware/include/include
[2.762s] -- Up-to-date: /home/rosubuntu/eurobot_ws/install/eurobot_hardware/include/include/eurobot_hardware
[2.762s] -- Up-to-date: /home/rosubuntu/eurobot_ws/install/eurobot_hardware/include/include/eurobot_hardware/eurobot_serial_port.hpp
[2.762s] -- Up-to-date: /home/rosubuntu/eurobot_ws/install/eurobot_hardware/include/include/eurobot_hardware/eurobot_hardware_compiler.h
[2.763s] -- Up-to-date: /home/rosubuntu/eurobot_ws/install/eurobot_hardware/include/include/eurobot_hardware/eurobot_hardware.hpp
[2.763s] -- Up-to-date: /home/rosubuntu/eurobot_ws/install/eurobot_hardware/share/eurobot_hardware/environment/library_path.sh
[2.764s] -- Up-to-date: /home/rosubuntu/eurobot_ws/install/eurobot_hardware/share/eurobot_hardware/environment/library_path.dsv
[2.764s] -- Up-to-date: /home/rosubuntu/eurobot_ws/install/eurobot_hardware/share/ament_index/resource_index/package_run_dependencies/eurobot_hardware
[2.764s] -- Up-to-date: /home/rosubuntu/eurobot_ws/install/eurobot_hardware/share/ament_index/resource_index/parent_prefix_path/eurobot_hardware
[2.764s] -- Up-to-date: /home/rosubuntu/eurobot_ws/install/eurobot_hardware/share/eurobot_hardware/environment/ament_prefix_path.sh
[2.764s] -- Up-to-date: /home/rosubuntu/eurobot_ws/install/eurobot_hardware/share/eurobot_hardware/environment/ament_prefix_path.dsv
[2.765s] -- Up-to-date: /home/rosubuntu/eurobot_ws/install/eurobot_hardware/share/eurobot_hardware/environment/path.sh
[2.765s] -- Up-to-date: /home/rosubuntu/eurobot_ws/install/eurobot_hardware/share/eurobot_hardware/environment/path.dsv
[2.765s] -- Up-to-date: /home/rosubuntu/eurobot_ws/install/eurobot_hardware/share/eurobot_hardware/local_setup.bash
[2.765s] -- Up-to-date: /home/rosubuntu/eurobot_ws/install/eurobot_hardware/share/eurobot_hardware/local_setup.sh
[2.765s] -- Up-to-date: /home/rosubuntu/eurobot_ws/install/eurobot_hardware/share/eurobot_hardware/local_setup.zsh
[2.765s] -- Up-to-date: /home/rosubuntu/eurobot_ws/install/eurobot_hardware/share/eurobot_hardware/local_setup.dsv
[2.766s] -- Installing: /home/rosubuntu/eurobot_ws/install/eurobot_hardware/share/eurobot_hardware/package.dsv
[2.766s] -- Up-to-date: /home/rosubuntu/eurobot_ws/install/eurobot_hardware/share/ament_index/resource_index/packages/eurobot_hardware
[2.767s] -- Up-to-date: /home/rosubuntu/eurobot_ws/install/eurobot_hardware/share/ament_index/resource_index/hardware_interface__pluginlib__plugin/eurobot_hardware
[2.768s] -- Up-to-date: /home/rosubuntu/eurobot_ws/install/eurobot_hardware/share/eurobot_hardware/cmake/ament_cmake_export_include_directories-extras.cmake
[2.768s] -- Up-to-date: /home/rosubuntu/eurobot_ws/install/eurobot_hardware/share/eurobot_hardware/cmake/ament_cmake_export_libraries-extras.cmake
[2.768s] -- Up-to-date: /home/rosubuntu/eurobot_ws/install/eurobot_hardware/share/eurobot_hardware/cmake/ament_cmake_export_dependencies-extras.cmake
[2.780s] -- Up-to-date: /home/rosubuntu/eurobot_ws/install/eurobot_hardware/share/eurobot_hardware/cmake/eurobot_hardwareConfig.cmake
[2.783s] -- Up-to-date: /home/rosubuntu/eurobot_ws/install/eurobot_hardware/share/eurobot_hardware/cmake/eurobot_hardwareConfig-version.cmake
[2.784s] -- Up-to-date: /home/rosubuntu/eurobot_ws/install/eurobot_hardware/share/eurobot_hardware/package.xml
[3.317s] Invoked command in '/home/rosubuntu/eurobot_ws/build/eurobot_hardware' returned '0': CMAKE_PREFIX_PATH=${CMAKE_PREFIX_PATH}:/opt/ros/humble /usr/bin/cmake --install /home/rosubuntu/eurobot_ws/build/eurobot_hardware
